"../../../Engine/Content/ArtTools/RenderToTexture/Enums/RenderToTexture_Enum.uasset" 0
"../../../Engine/Content/ArtTools/RenderToTexture/Enums/RenderToTexture_Flipbook_Enum.uasset" 1
"../../../Engine/Content/ArtTools/RenderToTexture/Enums/RenderToTexture_Imposter_Enum.uasset" 2
"../../../Engine/Content/EditorBlueprintResources/StandardMacros.uasset" 3
"../../../Engine/Content/ArtTools/RenderToTexture/Enums/EIntTypes.uasset" 4
"../../../Engine/Content/ArtTools/RenderToTexture/Macros/RenderToTextureFunctionLibrary.uasset" 5
"../../../Engine/Content/ArtTools/RenderToTexture/Enums/EFloatTypes.uasset" 6
"../../../Engine/Content/ArtTools/RenderToTexture/Macros/RenderToTextureMacros.uasset" 7
"../../../Engine/Content/Functions/Engine_MaterialFunctions01/Opacity/CameraDepthFade.uasset" 8
"../../../Engine/Content/EngineMaterials/T_Default_Material_Grid_M.uasset" 9
"../../../Engine/Content/EngineMaterials/T_Default_Material_Grid_N.uasset" 10
"../../../Engine/Content/EngineMaterials/WorldGridMaterial.uasset" 11
"../../../Engine/Content/ArtTools/RenderToTexture/Meshes/S_1_Unit_Plane.uasset" 12
"../../../Engine/Content/EngineMaterials/DefaultMaterial.uasset" 13
"../../../Engine/Content/BasicShapes/Cone.uasset" 14
"../../../Engine/Content/BasicShapes/Cube.uasset" 15
"../../../Engine/Content/BasicShapes/Cylinder.uasset" 16
"../../../Engine/Content/BasicShapes/Plane.uasset" 17
"../../../Engine/Content/BasicShapes/Sphere.uasset" 18
"../../../Engine/Content/EngineMaterials/DefaultPhysicalMaterial.uasset" 19
"../../../Engine/Content/BufferVisualization/AmbientOcclusion.uasset" 20
"../../../Engine/Content/BufferVisualization/BaseColor.uasset" 21
"../../../Engine/Content/BufferVisualization/CustomDepth.uasset" 22
"../../../Engine/Content/Functions/Engine_MaterialFunctions02/Utility/VectorLength.uasset" 23
"../../../Engine/Content/BufferVisualization/CustomDepthWorldUnits.uasset" 24
"../../../Engine/Content/Functions/Engine_MaterialFunctions02/Utility/BreakOutFloat2Components.uasset" 25
"../../../Engine/Content/Functions/Engine_MaterialFunctions01/Texturing/ScaleUVsByCenter.uasset" 26
"../../../Engine/Content/Functions/Engine_MaterialFunctions02/ScreenResolution.uasset" 27
"../../../Engine/Content/Functions/Engine_MaterialFunctions02/Texturing/ScreenAlignedUVs.uasset" 28
"../../../Engine/Content/Functions/Engine_MaterialFunctions02/Utility/MakeFloat2.uasset" 29
"../../../Engine/Content/Functions/Engine_MaterialFunctions02/Utility/MakeFloat3.uasset" 30
"../../../Engine/Content/EngineMaterials/MiniFont.uasset" 31
"../../../Engine/Content/BufferVisualization/CustomStencil.uasset" 32
"../../../Engine/Content/BufferVisualization/FinalImage.uasset" 33
"../../../Engine/Content/BufferVisualization/LightingModel.uasset" 34
"../../../Engine/Content/BufferVisualization/MaterialAO.uasset" 35
"../../../Engine/Content/BufferVisualization/Metallic.uasset" 36
"../../../Engine/Content/BufferVisualization/Opacity.uasset" 37
"../../../Engine/Content/BufferVisualization/PostTonemapHDRColor.uasset" 38
"../../../Engine/Content/BufferVisualization/PreTonemapHDRColor.uasset" 39
"../../../Engine/Content/BufferVisualization/Roughness.uasset" 40
"../../../Engine/Content/BufferVisualization/SceneColor.uasset" 41
"../../../Engine/Content/BufferVisualization/SceneDepth.uasset" 42
"../../../Engine/Content/BufferVisualization/SceneDepthWorldUnits.uasset" 43
"../../../Engine/Content/BufferVisualization/SeparateTranslucencyA.uasset" 44
"../../../Engine/Content/BufferVisualization/SeparateTranslucencyRGB.uasset" 45
"../../../Engine/Content/BufferVisualization/Specular.uasset" 46
"../../../Engine/Content/BufferVisualization/SubsurfaceColor.uasset" 47
"../../../Engine/Content/BufferVisualization/Velocity.uasset" 48
"../../../Engine/Content/BufferVisualization/WorldNormal.uasset" 49
"../../../Engine/Content/EditorBlueprintResources/ActorMacros.uasset" 50
"../../../Engine/Content/EditorLandscapeResources/DataLayer.uasset" 51
"../../../Engine/Content/EditorLandscapeResources/DefaultAlphaTexture.uasset" 52
"../../../Engine/Content/EditorLandscapeResources/LandscapeGizmoHeight_Mat.uasset" 53
"../../../Engine/Content/EditorLandscapeResources/LandscapeGizmo_Mat.uasset" 54
"../../../Engine/Content/EditorLandscapeResources/LandscapeGizmo_Mat_Copied.uasset" 55
"../../../Engine/Content/EditorLandscapeResources/SplineEditorMeshMat.uasset" 56
"../../../Engine/Content/EditorLandscapeResources/SplineEditorMesh.uasset" 57
"../../../Engine/Content/EditorMaterials/Cross.uasset" 58
"../../../Engine/Content/EditorMaterials/Cross_Mat.uasset" 59
"../../../Engine/Content/EditorMaterials/GizmoMaterial.uasset" 60
"../../../Engine/Content/Functions/Engine_MaterialFunctions02/ExampleContent/Textures/flipbook.uasset" 61
"../../../Engine/Content/Functions/Engine_MaterialFunctions02/Texturing/FlipBook.uasset" 62
"../../../Engine/Content/Functions/Engine_MaterialFunctions02/Utility/Sign.uasset" 63
"../../../Engine/Content/Functions/Engine_MaterialFunctions02/Utility/Round.uasset" 64
"../../../Engine/Content/EditorResources/T_EditorHelp.uasset" 65
"../../../Engine/Content/EditorMaterials/HelpActorMaterial.uasset" 66
"../../../Engine/Content/EditorMaterials/CompositeARGBLayer.uasset" 67
"../../../Engine/Content/EditorMaterials/TilingAALineIntegral.uasset" 68
"../../../Engine/Content/EditorMaterials/TilingAALineBoxFiltered.uasset" 69
"../../../Engine/Content/Functions/Engine_MaterialFunctions03/Procedurals/ComputeFilterWidth.uasset" 70
"../../../Engine/Content/EditorMaterials/TilingAADots.uasset" 71
"../../../Engine/Content/EngineMaterials/BlendFunc_DefBase.uasset" 72
"../../../Engine/Content/EngineMaterials/BlendFunc_DefBlend.uasset" 73
"../../../Engine/Content/Functions/Engine_MaterialFunctions03/Blends/Blend_Screen.uasset" 74
"../../../Engine/Content/EditorMaterials/TilingAAGrid.uasset" 75
"../../../Engine/Content/EditorMaterials/LevelGridMaterial.uasset" 76
"../../../Engine/Content/EditorMaterials/MakeCompositeARGBLayer.uasset" 77
"../../../Engine/Content/EditorResources/LevelGrid1DStripes.uasset" 78
"../../../Engine/Content/EditorMaterials/TextureGridCascaded1D.uasset" 79
"../../../Engine/Content/EditorMaterials/TextureGridCascaded2D.uasset" 80
"../../../Engine/Content/EditorMaterials/LevelGridMaterial2.uasset" 81
"../../../Engine/Content/EditorMaterials/MAT_Groups_Toggle.uasset" 82
"../../../Engine/Content/EditorMaterials/MAT_Groups_Visibility.uasset" 83
"../../../Engine/Content/EditorMaterials/AntialiasedGridFloor.uasset" 84
"../../../Engine/Content/EditorResources/TilePatine_D.uasset" 85
"../../../Engine/Content/EditorResources/TilePatine_N.uasset" 86
"../../../Engine/Content/EngineMaterials/Grid.uasset" 87
"../../../Engine/Content/EditorMaterials/PersonaFloorMat.uasset" 88
"../../../Engine/Content/EditorMaterials/PhAT_BoneSelectedMaterial.uasset" 89
"../../../Engine/Content/EditorMaterials/PhAT_ElemSelectedMaterial.uasset" 90
"../../../Engine/Content/EditorMaterials/PhAT_NoCollisionMaterial.uasset" 91
"../../../Engine/Content/EditorMaterials/PhAT_UnselectedMaterial.uasset" 92
"../../../Engine/Content/EditorMaterials/PreviewShadowIndicator.uasset" 93
"../../../Engine/Content/EditorMaterials/PreviewShadowIndicatorMaterial.uasset" 94
"../../../Engine/Content/EditorMaterials/TargetIcon.uasset" 95
"../../../Engine/Content/EditorMaterials/Tick.uasset" 96
"../../../Engine/Content/EditorMaterials/Tick_Mat.uasset" 97
"../../../Engine/Content/EditorMaterials/WidgetGridVertexColorMaterial.uasset" 98
"../../../Engine/Content/EditorMaterials/WidgetGridVertexColorMaterial_Ma.uasset" 99
"../../../Engine/Content/EditorMaterials/WidgetMaterial.uasset" 100
"../../../Engine/Content/EditorMaterials/WidgetMaterial_Current.uasset" 101
"../../../Engine/Content/EditorMaterials/WidgetMaterial_X.uasset" 102
"../../../Engine/Content/EditorMaterials/WidgetMaterial_Y.uasset" 103
"../../../Engine/Content/EditorMaterials/WidgetMaterial_Z.uasset" 104
"../../../Engine/Content/EditorMaterials/WidgetVertexColorMaterial.uasset" 105
"../../../Engine/Content/EditorMaterials/MatineeGroups/MAT_ColorTrack.uasset" 106
"../../../Engine/Content/EditorMaterials/MatineeGroups/MAT_Groups_Anim.uasset" 107
"../../../Engine/Content/EditorMaterials/MatineeGroups/MAT_Groups_AudioMaster.uasset" 108
"../../../Engine/Content/EditorMaterials/MatineeGroups/MAT_Groups_Director.uasset" 109
"../../../Engine/Content/EditorMaterials/MatineeGroups/MAT_Groups_Event.uasset" 110
"../../../Engine/Content/EditorMaterials/MatineeGroups/MAT_Groups_Fade.uasset" 111
"../../../Engine/Content/EditorMaterials/MatineeGroups/MAT_Groups_Float.uasset" 112
"../../../Engine/Content/EditorMaterials/MatineeGroups/MAT_Groups_Move.uasset" 113
"../../../Engine/Content/EditorMaterials/MatineeGroups/MAT_Groups_Slomo.uasset" 114
"../../../Engine/Content/EditorMaterials/MatineeGroups/MAT_Groups_Sound.uasset" 115
"../../../Engine/Content/EditorMaterials/MatineeGroups/MAT_Groups_Vector.uasset" 116
"../../../Engine/Content/EditorMaterials/ParticleSystems/PSysThumbnail_NoImage.uasset" 117
"../../../Engine/Content/EditorMaterials/ParticleSystems/PSysThumbnail_OOD.uasset" 118
"../../../Engine/Content/EditorMaterials/Thumbnails/FloorPlaneMaterial.uasset" 119
"../../../Engine/Content/EditorMeshes/EditorCube.uasset" 120
"../../../Engine/Content/EditorMeshes/EditorCylinder.uasset" 121
"../../../Engine/Content/EditorMeshes/EditorPlane.uasset" 122
"../../../Engine/Content/EditorMaterials/Thumbnails/SkySphereMaterial.uasset" 123
"../../../Engine/Content/EditorMeshes/EditorSkySphere.uasset" 124
"../../../Engine/Content/EditorMeshes/EditorSphere.uasset" 125
"../../../Engine/Content/EditorResources/MatineeCam_D.uasset" 126
"../../../Engine/Content/EditorMaterials/MatineeCam_mat.uasset" 127
"../../../Engine/Content/EditorMeshes/MatineeCam_SM.uasset" 128
"../../../Engine/Content/Functions/Engine_MaterialFunctions01/Shading/ConvertFromDiffSpec.uasset" 129
"../../../Engine/Content/EditorMaterials/GridMaterial.uasset" 130
"../../../Engine/Content/EditorMeshes/PhAT_FloorBox.uasset" 131
"../../../Engine/Content/EditorMeshes/PlanarReflectionPlane.uasset" 132
"../../../Engine/Content/EditorMaterials/Camera/CineMat.uasset" 133
"../../../Engine/Content/EditorMaterials/Camera/MI_CineMat_CameraBody.uasset" 134
"../../../Engine/Content/EngineDebugMaterials/M_SimpleOpaque.uasset" 135
"../../../Engine/Content/EditorMaterials/Camera/MI_CineMat_CamViewFinder.uasset" 136
"../../../Engine/Content/EditorMeshes/Camera/SM_CineCam.uasset" 137
"../../../Engine/Content/EditorMaterials/Camera/MI_CineMat_Rig.uasset" 138
"../../../Engine/Content/EditorMeshes/Camera/SM_CraneRig_Arm.uasset" 139
"../../../Engine/Content/EditorMeshes/Camera/SM_CraneRig_Base.uasset" 140
"../../../Engine/Content/EditorMeshes/Camera/SM_CraneRig_Body.uasset" 141
"../../../Engine/Content/EditorMeshes/Camera/SM_CraneRig_Mount.uasset" 142
"../../../Engine/Content/EditorMeshes/Camera/SM_RailRig_Mount.uasset" 143
"../../../Engine/Content/EditorMeshes/Camera/SM_RailRig_Track.uasset" 144
"../../../Engine/Content/EditorMeshes/ColorCalibrator/M_ChromeBall.uasset" 145
"../../../Engine/Content/EditorResources/Bad.uasset" 146
"../../../Engine/Content/EditorResources/BSPVertex.uasset" 147
"../../../Engine/Content/EditorResources/EmptyActor.uasset" 148
"../../../Engine/Content/EditorResources/MatInstActSprite.uasset" 149
"../../../Engine/Content/EditorResources/SceneManager.uasset" 150
"../../../Engine/Content/EditorResources/SmallFont.uasset" 151
"../../../Engine/Content/EditorResources/S_Actor.uasset" 152
"../../../Engine/Content/EditorResources/S_DecalActorIcon.uasset" 153
"../../../Engine/Content/EditorResources/S_Emitter.uasset" 154
"../../../Engine/Content/EditorResources/S_ExpoHeightFog.uasset" 155
"../../../Engine/Content/EditorResources/S_FTest.uasset" 156
"../../../Engine/Content/EditorResources/S_KBSJoint.uasset" 157
"../../../Engine/Content/EditorResources/S_KHinge.uasset" 158
"../../../Engine/Content/EditorResources/S_KPrismatic.uasset" 159
"../../../Engine/Content/EditorResources/S_LevelSequence.uasset" 160
"../../../Engine/Content/EditorResources/S_NavP.uasset" 161
"../../../Engine/Content/EditorResources/S_Note.uasset" 162
"../../../Engine/Content/EditorResources/S_Player.uasset" 163
"../../../Engine/Content/EditorResources/S_PortalActorIcon2.uasset" 164
"../../../Engine/Content/EditorResources/S_RadForce.uasset" 165
"../../../Engine/Content/EditorResources/S_ReflActorIcon.uasset" 166
"../../../Engine/Content/EditorResources/S_Solver.uasset" 167
"../../../Engine/Content/EditorResources/S_Terrain.uasset" 168
"../../../Engine/Content/EditorResources/S_TextRenderActorIcon.uasset" 169
"../../../Engine/Content/EditorResources/S_Thruster.uasset" 170
"../../../Engine/Content/EditorResources/S_Trigger.uasset" 171
"../../../Engine/Content/EditorResources/S_VectorFieldVol.uasset" 172
"../../../Engine/Content/EditorResources/S_WindDirectional.uasset" 173
"../../../Engine/Content/EditorResources/AI/S_NavLink.uasset" 174
"../../../Engine/Content/EditorResources/LightIcons/SkyLight.uasset" 175
"../../../Engine/Content/EditorResources/LightIcons/S_LightDirectional.uasset" 176
"../../../Engine/Content/EditorResources/LightIcons/S_LightDirectionalMove.uasset" 177
"../../../Engine/Content/EditorResources/LightIcons/S_LightError.uasset" 178
"../../../Engine/Content/EditorResources/LightIcons/S_LightPoint.uasset" 179
"../../../Engine/Content/EditorResources/LightIcons/S_LightPointMove.uasset" 180
"../../../Engine/Content/EditorResources/LightIcons/S_LightSpot.uasset" 181
"../../../Engine/Content/EditorResources/LightIcons/S_LightSpotMove.uasset" 182
"../../../Engine/Content/EditorResources/SequenceRecorder/Countdown.uasset" 183
"../../../Engine/Content/EditorResources/SequenceRecorder/RecordingIndicator.uasset" 184
"../../../Engine/Content/EditorResources/Spline/T_Loft_Spline.uasset" 185
"../../../Engine/Content/EditorSounds/Notifications/CompileFailed.uasset" 186
"../../../Engine/Content/EditorSounds/Notifications/CompileFailed_Cue.uasset" 187
"../../../Engine/Content/EditorSounds/Notifications/CompileSuccess.uasset" 188
"../../../Engine/Content/EditorSounds/Notifications/CompileStart_Cue.uasset" 189
"../../../Engine/Content/EditorSounds/Notifications/CompileSuccess_Cue.uasset" 190
"../../../Engine/Content/EngineDamageTypes/DmgTypeBP_Environmental.uasset" 191
"../../../Engine/Content/EngineDebugMaterials/HeatmapGradient.uasset" 192
"../../../Engine/Content/EngineDebugMaterials/BoneWeightMaterial.uasset" 193
"../../../Engine/Content/EngineDebugMaterials/ClothMaterial.uasset" 194
"../../../Engine/Content/EngineDebugMaterials/ClothMaterial_WF.uasset" 195
"../../../Engine/Content/EngineDebugMaterials/DebugEditorMaterial.uasset" 196
"../../../Engine/Content/EngineDebugMaterials/DebugMeshMaterial.uasset" 197
"../../../Engine/Content/EngineDebugMaterials/GeomMaterial.uasset" 198
"../../../Engine/Content/EngineDebugMaterials/LevelColorationLitMaterial.uasset" 199
"../../../Engine/Content/EngineDebugMaterials/LevelColorationUnlitMaterial.uasset" 200
"../../../Engine/Content/EngineMaterials/DefaultWhiteGrid.uasset" 201
"../../../Engine/Content/EngineDebugMaterials/MAT_LevelColorationLitLightmapUV.uasset" 202
"../../../Engine/Content/EngineDebugMaterials/M_SimpleTranslucent.uasset" 203
"../../../Engine/Content/Functions/Engine_MaterialFunctions02/Utility/CameraDirectionVector.uasset" 204
"../../../Engine/Content/EngineDebugMaterials/VolumeToRender.uasset" 205
"../../../Engine/Content/EngineDebugMaterials/M_VolumeRenderSphereTracePP.uasset" 206
"../../../Engine/Content/EngineDebugMaterials/ShadedLevelColorationLitMaterial.uasset" 207
"../../../Engine/Content/EngineDebugMaterials/ShadedLevelColorationUnlitMateri.uasset" 208
"../../../Engine/Content/EngineDebugMaterials/VertexColorMaterial.uasset" 209
"../../../Engine/Content/EngineDebugMaterials/VertexColorViewMode_AlphaAsColor.uasset" 210
"../../../Engine/Content/EngineDebugMaterials/VertexColorViewMode_BlueOnly.uasset" 211
"../../../Engine/Content/EngineDebugMaterials/VertexColorViewMode_ColorOnly.uasset" 212
"../../../Engine/Content/EngineDebugMaterials/VertexColorViewMode_GreenOnly.uasset" 213
"../../../Engine/Content/EngineDebugMaterials/VertexColorViewMode_RedOnly.uasset" 214
"../../../Engine/Content/EngineDebugMaterials/WireframeMaterial.uasset" 215
"../../../Engine/Content/EngineFonts/Faces/RobotoBold.uasset" 216
"../../../Engine/Content/EngineFonts/Faces/RobotoBoldItalic.uasset" 217
"../../../Engine/Content/EngineFonts/Faces/RobotoItalic.uasset" 218
"../../../Engine/Content/EngineFonts/Faces/RobotoLight.uasset" 219
"../../../Engine/Content/EngineFonts/Faces/RobotoRegular.uasset" 220
"../../../Engine/Content/EngineFonts/Roboto.uasset" 221
"../../../Engine/Content/EngineFonts/Faces/RobotoTiny.uasset" 222
"../../../Engine/Content/EngineFonts/RobotoTiny.uasset" 223
"../../../Engine/Content/EngineFonts/SmallFont.uasset" 224
"../../../Engine/Content/EngineFonts/TinyFont.uasset" 225
"../../../Engine/Content/EngineMaterials/BaseFlattenDiffuseMap.uasset" 226
"../../../Engine/Content/EngineMaterials/BaseFlattenEmissiveMap.uasset" 227
"../../../Engine/Content/EngineMaterials/BaseFlattenGrayscaleMap.uasset" 228
"../../../Engine/Content/EngineMaterials/BaseFlattenNormalMap.uasset" 229
"../../../Engine/Content/EngineMaterials/BaseFlattenMaterial.uasset" 230
"../../../Engine/Content/EngineResources/WhiteSquareTexture.uasset" 231
"../../../Engine/Content/EngineMaterials/BlinkingCaret.uasset" 232
"../../../Engine/Content/EngineMaterials/BlueNoise.uasset" 233
"../../../Engine/Content/EngineMaterials/DefaultBloomKernel.uasset" 234
"../../../Engine/Content/EngineMaterials/DefaultBokeh.uasset" 235
"../../../Engine/Content/EngineMaterials/DefaultDiffuse.uasset" 236
"../../../Engine/Content/EngineMaterials/DefaultDeferredDecalMaterial.uasset" 237
"../../../Engine/Content/EngineMaterials/DefaultLightFunctionMaterial.uasset" 238
"../../../Engine/Content/EngineMaterials/DefaultNormal.uasset" 239
"../../../Engine/Content/EngineMaterials/DefaultPostProcessMaterial.uasset" 240
"../../../Engine/Content/EngineFonts/RobotoDistanceField.uasset" 241
"../../../Engine/Content/EngineMaterials/DefaultTextMaterialOpaque.uasset" 242
"../../../Engine/Content/EngineMaterials/DefaultVirtualTextureMaterial.uasset" 243
"../../../Engine/Content/EngineMaterials/EditorBrushMaterial.uasset" 244
"../../../Engine/Content/EngineMaterials/DefaultWhiteGrid_Low.uasset" 245
"../../../Engine/Content/EngineMaterials/EmissiveMeshMaterial.uasset" 246
"../../../Engine/Content/EngineMaterials/Good64x64TilingNoiseHighFreq.uasset" 247
"../../../Engine/Content/EngineMaterials/Grid_N.uasset" 248
"../../../Engine/Content/EngineMaterials/HighResolutionScreenshotMaskFunction.uasset" 249
"../../../Engine/Content/EngineMaterials/HighResScreenshot.uasset" 250
"../../../Engine/Content/EngineMaterials/HighResScreenshotCaptureRegion.uasset" 251
"../../../Engine/Content/EngineMaterials/HighResScreenshotMask.uasset" 252
"../../../Engine/Content/EngineMaterials/LandscapeHolePhysicalMaterial.uasset" 253
"../../../Engine/Content/EngineMaterials/InvalidLightmapSettings.uasset" 254
"../../../Engine/Content/EngineMaterials/M_InvalidLightmapSettings.uasset" 255
"../../../Engine/Content/EngineMaterials/PaperDiffuse.uasset" 256
"../../../Engine/Content/EngineMaterials/PaperNormal.uasset" 257
"../../../Engine/Content/Functions/Engine_MaterialFunctions02/WorldPositionOffset/CameraOffset.uasset" 258
"../../../Engine/Content/EngineMaterials/PhAT_JointLimitMaterial.uasset" 259
"../../../Engine/Content/EngineMaterials/PhysMat_Rubber.uasset" 260
"../../../Engine/Content/EngineMaterials/PreintegratedSkinBRDF.uasset" 261
"../../../Engine/Content/EngineMaterials/RemoveSurfaceMaterial.uasset" 262
"../../../Engine/Content/EngineMaterials/WeightMapPlaceholderTexture.uasset" 263
"../../../Engine/Content/EngineMaterials/Widget3DPassThrough.uasset" 264
"../../../Engine/Content/EngineMaterials/Widget3DPassThrough_Masked.uasset" 265
"../../../Engine/Content/EngineMaterials/Widget3DPassThrough_Opaque.uasset" 266
"../../../Engine/Content/EngineMaterials/Widget3DPassThrough_Masked_OneSided.uasset" 267
"../../../Engine/Content/EngineMaterials/Widget3DPassThrough_Opaque_OneSided.uasset" 268
"../../../Engine/Content/EngineMaterials/Widget3DPassThrough_Translucent.uasset" 269
"../../../Engine/Content/EngineMaterials/Widget3DPassThrough_Translucent_OneSided.uasset" 270
"../../../Engine/Content/EngineMeshes/Cylinder.uasset" 271
"../../../Engine/Content/EngineMeshes/Sphere.uasset" 272
"../../../Engine/Content/EngineResources/DefaultTexture.uasset" 273
"../../../Engine/Content/EngineResources/DefaultTextureCube.uasset" 274
"../../../Engine/Content/EngineResources/DefaultVolumeTexture2D.uasset" 275
"../../../Engine/Content/EngineResources/DefaultVolumeTexture.uasset" 276
"../../../Engine/Content/EngineResources/GradientTexture0.uasset" 277
"../../../Engine/Content/EngineResources/StreamingPauseIcon.uasset" 278
"../../../Engine/Content/EngineResources/M_StreamingPause.uasset" 279
"../../../Engine/Content/EngineSounds/Master.uasset" 280
"../../../Engine/Content/Functions/Engine_MaterialFunctions01/Shading/PowerToRoughness.uasset" 281
"../../../Engine/Content/Maps/Templates/Thumbnails/Default.uasset" 282
"../../../Engine/Content/Maps/Templates/Thumbnails/VR-Basic.uasset" 283
"../../../Engine/Content/MapTemplates/Sky/DaylightAmbientCubemap.uasset" 284
"../../../Engine/Content/MobileResources/T_MobileControls_texture.uasset" 285
"../../../Engine/Content/MobileResources/T_MobileMenu2.uasset" 286
"../../../Engine/Content/MobileResources/HUD/AnalogHat.uasset" 287
"../../../Engine/Content/MobileResources/HUD/VirtualJoystick_Background.uasset" 288
"../../../Engine/Content/MobileResources/HUD/VirtualJoystick_Thumb.uasset" 289
"../../../Engine/Content/MobileResources/HUD/DefaultVirtualJoysticks.uasset" 290
"../../../Engine/Content/MobileResources/HUD/LeftVirtualJoystickOnly.uasset" 291
"../../../Engine/Content/MobileResources/HUD/MobileHUDButton1_off.uasset" 292
"../../../Engine/Content/MobileResources/HUD/MobileHUDButton1_on.uasset" 293
"../../../Engine/Content/MobileResources/HUD/MobileHUDButton2_off.uasset" 294
"../../../Engine/Content/MobileResources/HUD/MobileHUDButton2_on.uasset" 295
"../../../Engine/Content/MobileResources/HUD/MobileHUDButton3.uasset" 296
"../../../Engine/Content/MobileResources/HUD/MobileHUDButtonFire.uasset" 297
"../../../Engine/Content/MobileResources/HUD/MobileHUDDirectionPad.uasset" 298
"../../../Engine/Content/MobileResources/HUD/MobileHUDDirectionPad2.uasset" 299
"../../../Engine/Content/MobileResources/HUD/MobileHUDDirectionPad3.uasset" 300
"../../../Engine/Content/MobileResources/HUD/MobileHUDDirectionStick.uasset" 301
"../../../Engine/Content/MobileResources/HUD/T_Castle_ThumbstickInner.uasset" 302
"../../../Engine/Content/MobileResources/HUD/T_Castle_ThumbstickOutter.uasset" 303
"../../../Engine/Content/Tutorial/ContentIntroCurve.uasset" 304
"../../../Engine/Content/Tutorial/Basics/LevelEditorAttract.uasset" 305
"../../../Engine/Content/Tutorial/Basics/TutorialAssets/icon_tab_Levels_40x.uasset" 306
"../../../Engine/Content/Tutorial/Basics/LevelEditorOverview.uasset" 307
"../../../Engine/Content/Tutorial/BlueprintTutorials/TutorialAssets/Blueprint_64x.uasset" 308
"../../../Engine/Content/Tutorial/BlueprintTutorials/BlueprintEditorTutorial.uasset" 309
"../../../Engine/Content/Tutorial/BlueprintTutorials/TutorialAssets/BlueprintMacroLibrary_64x.uasset" 310
"../../../Engine/Content/Tutorial/BlueprintTutorials/BlueprintMacroLibrariesEditorOverview.uasset" 311
"../../../Engine/Content/Tutorial/BlueprintTutorials/TutorialAssets/Tutorial_BP_MacroLib.uasset" 312
"../../../Engine/Content/VREditor/LaserPointer/VR_LaserPower_01.uasset" 313
"../../../Engine/Content/VREditor/TransformGizmo/TransformGizmoMaterial.uasset" 314
"../../../Engine/Content/VREditor/TransformGizmo/TranslucentTransformGizmoMaterial.uasset" 315
"../../../Engine/Content/VREditor/TransformGizmo/BoundingBoxCorner.uasset" 316
"../../../Engine/Content/VREditor/TransformGizmo/BoundingBoxEdge.uasset" 317
"../../../Engine/Content/VREditor/TransformGizmo/PlaneTranslationHandle.uasset" 318
"../../../Engine/Content/VREditor/TransformGizmo/Main.uasset" 319
"../../../Engine/Content/VREditor/TransformGizmo/Xray.uasset" 320
"../../../Engine/Content/VREditor/TransformGizmo/SM_Sequencer_Key.uasset" 321
"../../../Engine/Content/VREditor/TransformGizmo/SM_Sequencer_Node.uasset" 322
"../../../../GitHub/EasyQuest/RPGGame 4.23/Content/EasyQuest/LevelingSystem/LevelingComponent.uasset" 323
"../../../../GitHub/EasyQuest/RPGGame 4.23/Content/EasyQuest/ThirdPersonBP/Blueprints/Player/Eve_PlayerModel/Eve_by_J__Gonzales_Skeleton.uasset" 324
"../../../../GitHub/EasyQuest/RPGGame 4.23/Content/EasyQuest/ThirdPersonBP/Blueprints/MageCharacter/Eve_by_J__Gonzales_Skeleton.uasset" 325
"../../../../GitHub/EasyQuest/RPGGame 4.23/Content/ThirdPersonBP/Blueprints/MageCharacter/Eve_by_J__Gonzales_Skeleton.uasset" 326
"../../../../GitHub/EasyQuest/RPGGame 4.23/Content/ThirdPersonBP/Blueprints/Eve_by_J__Gonzales_Skeleton.uasset" 327
"../../../../GitHub/EasyQuest/RPGGame 4.23/Content/Animations/standing_1H_cast_spell_01.uasset" 328
"../../../../GitHub/EasyQuest/RPGGame 4.23/Content/Animations/Standing_1H_Magic_Attack_01.uasset" 329
"../../../../GitHub/EasyQuest/RPGGame 4.23/Content/Animations/standing_idle.uasset" 330
"../../../../GitHub/EasyQuest/RPGGame 4.23/Content/Animations/Standing_Run_Back_inPlace.uasset" 331
"../../../../GitHub/EasyQuest/RPGGame 4.23/Content/Animations/Standing_Run_Forward_inPlace.uasset" 332
"../../../../GitHub/EasyQuest/RPGGame 4.23/Content/Animations/Standing_Run_Left_inPlace.uasset" 333
"../../../../GitHub/EasyQuest/RPGGame 4.23/Content/Animations/Standing_Run_Right_inPlace.uasset" 334
"../../../../GitHub/EasyQuest/RPGGame 4.23/Content/Animations/Standing_Walk_Back_inPlace.uasset" 335
"../../../../GitHub/EasyQuest/RPGGame 4.23/Content/Animations/Standing_Walk_Forward_inPlace.uasset" 336
"../../../../GitHub/EasyQuest/RPGGame 4.23/Content/Animations/Standing_Walk_Left_inPlace.uasset" 337
"../../../../GitHub/EasyQuest/RPGGame 4.23/Content/Animations/Standing_Walk_Right_inPlace.uasset" 338
"../../../../GitHub/EasyQuest/RPGGame 4.23/Content/EasyQuest/ThirdPersonBP/Blueprints/Player/Eve_PlayerModel/Eve_BS.uasset" 339
"../../../../GitHub/EasyQuest/RPGGame 4.23/Content/EasyQuest/ThirdPersonBP/Blueprints/Player/Eve_PlayerModel/EVEBP.uasset" 340
"../../../../GitHub/EasyQuest/RPGGame 4.23/Content/EasyQuest/QuestSystem/InteractInterface.uasset" 341
"../../../../GitHub/EasyQuest/RPGGame 4.23/Content/EasyQuest/QuestSystem/Objectives/ObjectiveTypes.uasset" 342
"../../../../GitHub/EasyQuest/RPGGame 4.23/Content/EasyQuest/QuestSystem/Objectives/ObjectiveData.uasset" 343
"../../../../GitHub/EasyQuest/RPGGame 4.23/Content/EasyQuest/QuestSystem/Quest_UI/SingleObjective_UI.uasset" 344
"../../../../GitHub/EasyQuest/RPGGame 4.23/Content/EasyQuest/QuestSystem/Quest_UI/Objectives_UI.uasset" 345
"../../../../GitHub/EasyQuest/RPGGame 4.23/Content/EasyQuest/QuestSystem/Quest_UI/XPBar_UI.uasset" 346
"../../../../GitHub/EasyQuest/RPGGame 4.23/Content/EasyQuest/ThirdPersonBP/Blueprints/HudAssests/ActionBarEmpty.uasset" 347
"../../../../GitHub/EasyQuest/RPGGame 4.23/Content/EasyQuest/ThirdPersonBP/Blueprints/HudAssests/Health_Fill.uasset" 348
"../../../../GitHub/EasyQuest/RPGGame 4.23/Content/EasyQuest/ThirdPersonBP/Blueprints/HudAssests/Health_NoFill.uasset" 349
"../../../../GitHub/EasyQuest/RPGGame 4.23/Content/EasyQuest/ThirdPersonBP/Blueprints/HudAssests/Icon1Fill.uasset" 350
"../../../../GitHub/EasyQuest/RPGGame 4.23/Content/EasyQuest/ThirdPersonBP/Blueprints/HudAssests/Icon1NoFill.uasset" 351
"../../../../GitHub/EasyQuest/RPGGame 4.23/Content/EasyQuest/ThirdPersonBP/Blueprints/HudAssests/Icon2Fill.uasset" 352
"../../../../GitHub/EasyQuest/RPGGame 4.23/Content/EasyQuest/ThirdPersonBP/Blueprints/HudAssests/Icon2NoFill.uasset" 353
"../../../../GitHub/EasyQuest/RPGGame 4.23/Content/EasyQuest/ThirdPersonBP/Blueprints/HudAssests/Mana_Fill.uasset" 354
"../../../../GitHub/EasyQuest/RPGGame 4.23/Content/EasyQuest/ThirdPersonBP/Blueprints/HudAssests/Mana_NoFill.uasset" 355
"../../../../GitHub/EasyQuest/RPGGame 4.23/Content/EasyQuest/QuestSystem/Quest_UI/RPGHUD.uasset" 356
"../../../../GitHub/EasyQuest/RPGGame 4.23/Content/ThirdPersonBP/ThirdPersonGameMode2.uasset" 357
"../../../../GitHub/EasyQuest/RPGGame 4.23/Content/Assests/border.uasset" 358
"../../../../GitHub/EasyQuest/RPGGame 4.23/Content/Assests/Slate_Active.uasset" 359
"../../../../GitHub/EasyQuest/RPGGame 4.23/Content/Assests/Slate_InActive.uasset" 360
"../../../../GitHub/EasyQuest/RPGGame 4.23/Content/EasyQuest/QuestSystem/Quest_UI/QuestLogEntry_UI.uasset" 361
"../../../../GitHub/EasyQuest/RPGGame 4.23/Content/EasyQuest/QuestSystem/Quest_UI/QuestObjectiveItem_UI.uasset" 362
"../../../../GitHub/EasyQuest/RPGGame 4.23/Content/EasyQuest/QuestSystem/Quest_UI/QuestLog_UI.uasset" 363
"../../../../GitHub/EasyQuest/RPGGame 4.23/Content/EasyQuest/QuestSystem/Quest_UI/Quest_UI.uasset" 364
"../../../../GitHub/EasyQuest/RPGGame 4.23/Content/EasyQuest/ThirdPersonBP/Blueprints/ThirdPersonGameMode.uasset" 365
"../../../../GitHub/EasyQuest/RPGGame 4.23/Content/EasyQuest/QuestSystem/Quest_UI/QuestTurnIn_UI.uasset" 366
"../../../../GitHub/EasyQuest/RPGGame 4.23/Content/EasyQuest/ThirdPersonBP/Blueprints/QuestMacros.uasset" 367
"../../../../GitHub/EasyQuest/RPGGame 4.23/Content/Assests/herb.uasset" 368
"../../../../GitHub/EasyQuest/RPGGame 4.23/Content/StarterContent/Textures/T_Bush_D.uasset" 369
"../../../../GitHub/EasyQuest/RPGGame 4.23/Content/StarterContent/Textures/T_Bush_N.uasset" 370
"../../../../GitHub/EasyQuest/RPGGame 4.23/Content/StarterContent/Props/Materials/M_Bush.uasset" 371
"../../../../GitHub/EasyQuest/RPGGame 4.23/Content/StarterContent/Props/SM_Bush.uasset" 372
"../../../../GitHub/EasyQuest/RPGGame 4.23/Content/EasyQuest/InventorySystem/Item/Item_Herb.uasset" 373
"../../../Engine/Content/EngineResources/Black.uasset" 374
"../../../../GitHub/EasyQuest/RPGGame 4.23/Content/InfinityBladeEffects/Effects/Masters/M_Add_Sprite_SubUV_Master.uasset" 375
"../../../../GitHub/EasyQuest/RPGGame 4.23/Content/InfinityBladeEffects/Effects/FX_Textures/Fire/T_Fire_subUV_6X6.uasset" 376
"../../../../GitHub/EasyQuest/RPGGame 4.23/Content/InfinityBladeEffects/Effects/FX_Materials/Fire/M_Fire_01_Add_6X6_INST.uasset" 377
"../../../../GitHub/EasyQuest/RPGGame 4.23/Content/InfinityBladeEffects/Effects/FX_Textures/Spark/T_Sparks_04_SubUV_1_4.uasset" 378
"../../../../GitHub/EasyQuest/RPGGame 4.23/Content/InfinityBladeEffects/Effects/FX_Materials/Spark/M_Spark_04_SubUV_1_4_INST.uasset" 379
"../../../../GitHub/EasyQuest/RPGGame 4.23/Content/InfinityBladeEffects/Effects/FX_Ambient/UI_MainMenu/ProjectileEffect.uasset" 380
"../../../../GitHub/EasyQuest/RPGGame 4.23/Content/EasyQuest/ThirdPersonBP/Blueprints/Player/Eve_PlayerModel/MagicProjectile.uasset" 381
"../../../../GitHub/EasyQuest/RPGGame 4.23/Content/EasyQuest/InventorySystem/InventoryUI/HUD.uasset" 382
"../../../../GitHub/EasyQuest/RPGGame 4.23/Content/EasyQuest/QuestSystem/Quest_UI/InteractMessage_UI.uasset" 383
"../../../../GitHub/EasyQuest/RPGGame 4.23/Content/EasyQuest/ThirdPersonBP/Blueprints/NoManaPopup.uasset" 384
"../../../../GitHub/EasyQuest/RPGGame 4.23/Content/EasyQuest/ThirdPersonBP/Blueprints/Player/Eve_PlayerModel/SpacePirate_diffuse.uasset" 385
"../../../../GitHub/EasyQuest/RPGGame 4.23/Content/EasyQuest/ThirdPersonBP/Blueprints/Player/Eve_PlayerModel/SpacePirate_normal.uasset" 386
"../../../../GitHub/EasyQuest/RPGGame 4.23/Content/EasyQuest/ThirdPersonBP/Blueprints/Player/Eve_PlayerModel/SpacePirate_specular.uasset" 387
"../../../../GitHub/EasyQuest/RPGGame 4.23/Content/EasyQuest/ThirdPersonBP/Blueprints/Player/Eve_PlayerModel/SpacePirate_M.uasset" 388
"../../../../GitHub/EasyQuest/RPGGame 4.23/Content/EasyQuest/ThirdPersonBP/Blueprints/Player/Eve_PlayerModel/Eve_by_J__Gonzales_PhysicsAsset.uasset" 389
"../../../../GitHub/EasyQuest/RPGGame 4.23/Content/EasyQuest/ThirdPersonBP/Blueprints/Player/Eve_PlayerModel/Eve_by_J__Gonzales.uasset" 390
"../../../../GitHub/EasyQuest/RPGGame 4.23/Content/InfinityBladeEffects/Effects/Masters/M_Add_Sprite_Pan_Emis_Mask_Master.uasset" 391
"../../../../GitHub/EasyQuest/RPGGame 4.23/Content/InfinityBladeEffects/Effects/FX_Textures/Glyph/T_Resurrection_Phoenix.uasset" 392
"../../../../GitHub/EasyQuest/RPGGame 4.23/Content/InfinityBladeEffects/Effects/FX_Textures/Noise/T_Tile_Noise_Tendril_01.uasset" 393
"../../../../GitHub/EasyQuest/RPGGame 4.23/Content/InfinityBladeEffects/Effects/FX_Materials/Glyph/M_Resurrection_Phoenix_INST.uasset" 394
"../../../../GitHub/EasyQuest/RPGGame 4.23/Content/InfinityBladeEffects/Effects/Masters/M_Add_Sprite_Master_DepthFade.uasset" 395
"../../../../GitHub/EasyQuest/RPGGame 4.23/Content/InfinityBladeEffects/Effects/FX_Textures/Gradient/T_starFlare_01.uasset" 396
"../../../../GitHub/EasyQuest/RPGGame 4.23/Content/InfinityBladeEffects/Effects/FX_Materials/Gradient/M_Flare_01_INST.uasset" 397
"../../../../GitHub/EasyQuest/RPGGame 4.23/Content/InfinityBladeEffects/Effects/FX_Textures/Gradient/FX_Glow_12alpha.uasset" 398
"../../../../GitHub/EasyQuest/RPGGame 4.23/Content/InfinityBladeEffects/Effects/FX_Materials/Gradient/M_Flare_09_Inst.uasset" 399
"../../../../GitHub/EasyQuest/RPGGame 4.23/Content/InfinityBladeEffects/Effects/Masters/M_Add_Sprite_Master.uasset" 400
"../../../../GitHub/EasyQuest/RPGGame 4.23/Content/InfinityBladeEffects/Effects/FX_Textures/Gradient/T_LightCone.uasset" 401
"../../../../GitHub/EasyQuest/RPGGame 4.23/Content/InfinityBladeEffects/Effects/FX_Materials/Gradient/M_Flare_Vertical_02_Inst.uasset" 402
"../../../../GitHub/EasyQuest/RPGGame 4.23/Content/InfinityBladeEffects/Effects/FX_Textures/Gradient/T_Targeting_01.uasset" 403
"../../../../GitHub/EasyQuest/RPGGame 4.23/Content/InfinityBladeEffects/Effects/FX_Materials/Misc/M_Targeting_Enemy.uasset" 404
"../../../../GitHub/EasyQuest/RPGGame 4.23/Content/InfinityBladeEffects/Effects/FX_Materials/Noise/M_Shockwave_01_INST.uasset" 405
"../../../../GitHub/EasyQuest/RPGGame 4.23/Content/InfinityBladeEffects/Effects/FX_Meshes/Skills/SM_Shockwave_01.uasset" 406
"../../../../GitHub/EasyQuest/RPGGame 4.23/Content/InfinityBladeEffects/Effects/FX_Cines/Ausar/P_Ausar_Resurrection.uasset" 407
"../../../../GitHub/EasyQuest/RPGGame 4.23/Content/EasyQuest/ThirdPersonBP/Blueprints/Player/Player.uasset" 408
"../../../../GitHub/EasyQuest/RPGGame 4.23/Content/EasyQuest/ThirdPersonBP/Blueprints/MageCharacter/MagicCharacter.uasset" 409
"../../../../GitHub/EasyQuest/RPGGame 4.23/Content/ThirdPersonBP/Blueprints/MageCharacter/MagicCharacter.uasset" 410
"../../../../GitHub/EasyQuest/RPGGame 4.23/Content/EasyQuest/QuestSystem/LocationMarker.uasset" 411
"../../../../GitHub/EasyQuest/RPGGame 4.23/Content/EasyQuest/Mannequin/Character/Mesh/UE4_Mannequin_Skeleton.uasset" 412
"../../../../GitHub/EasyQuest/RPGGame 4.23/Content/EasyQuest/Mannequin/Animations/ThirdPerson_Jump.uasset" 413
"../../../../GitHub/EasyQuest/RPGGame 4.23/Content/EasyQuest/Mannequin/Animations/ThirdPersonJump_Loop.uasset" 414
"../../../../GitHub/EasyQuest/RPGGame 4.23/Content/EasyQuest/Mannequin/Animations/ThirdPersonJump_Start.uasset" 415
"../../../../GitHub/EasyQuest/RPGGame 4.23/Content/EasyQuest/Mannequin/Animations/ThirdPersonIdle.uasset" 416
"../../../../GitHub/EasyQuest/RPGGame 4.23/Content/EasyQuest/Mannequin/Animations/ThirdPersonRun.uasset" 417
"../../../../GitHub/EasyQuest/RPGGame 4.23/Content/EasyQuest/Mannequin/Animations/ThirdPersonWalk.uasset" 418
"../../../../GitHub/EasyQuest/RPGGame 4.23/Content/EasyQuest/Mannequin/Animations/ThirdPerson_IdleRun_2D.uasset" 419
"../../../../GitHub/EasyQuest/RPGGame 4.23/Content/EasyQuest/Mannequin/Animations/ThirdPerson_AnimBP.uasset" 420
"../../../../GitHub/EasyQuest/RPGGame 4.23/Content/InfinityBladeEffects/Effects/FX_Textures/Env/T_Pickup_GoldBag_D.uasset" 421
"../../../../GitHub/EasyQuest/RPGGame 4.23/Content/InfinityBladeEffects/Effects/FX_Textures/Env/T_Pickup_GoldBag_N.uasset" 422
"../../../../GitHub/EasyQuest/RPGGame 4.23/Content/InfinityBladeEffects/Effects/FX_Materials/M_GoldBag.uasset" 423
"../../../../GitHub/EasyQuest/RPGGame 4.23/Content/InfinityBladeEffects/Effects/FX_Meshes/SM_Gold_Bag_Pickup.uasset" 424
"../../../../GitHub/EasyQuest/RPGGame 4.23/Content/InfinityBladeEffects/Effects/FX_Textures/Gradient/T_SoftFallOff.uasset" 425
"../../../../GitHub/EasyQuest/RPGGame 4.23/Content/InfinityBladeEffects/Effects/FX_Materials/Gradient/M_Flare_03_INST.uasset" 426
"../../../../GitHub/EasyQuest/RPGGame 4.23/Content/InfinityBladeEffects/Effects/FX_Textures/Gradient/T_GlowNoise_Circular_02.uasset" 427
"../../../../GitHub/EasyQuest/RPGGame 4.23/Content/InfinityBladeEffects/Effects/FX_Materials/Gradient/M_Flare_Noise_01_Inst.uasset" 428
"../../../../GitHub/EasyQuest/RPGGame 4.23/Content/InfinityBladeEffects/Effects/FX_Treasure/Gold_Bag/P_DeadMans_Loot.uasset" 429
"../../../../GitHub/EasyQuest/RPGGame 4.23/Content/InfinityBladeEffects/Effects/FX_Textures/Gradient/T_starFlare_02.uasset" 430
"../../../../GitHub/EasyQuest/RPGGame 4.23/Content/InfinityBladeEffects/Effects/FX_Materials/Gradient/M_Flare_02_INST.uasset" 431
"../../../../GitHub/EasyQuest/RPGGame 4.23/Content/InfinityBladeEffects/Effects/FX_Treasure/Loot/P_Loot_Pickup.uasset" 432
"../../../../GitHub/EasyQuest/RPGGame 4.23/Content/EasyQuest/ThirdPersonBP/Blueprints/LootPickup.uasset" 433
"../../../Engine/Content/Functions/Engine_MaterialFunctions02/Utility/BlendAngleCorrectedNormals.uasset" 434
"../../../Engine/Content/Functions/MaterialLayerFunctions/MatLayerBlend_NormalBlend.uasset" 435
"../../../Engine/Content/Functions/MaterialLayerFunctions/MatLayerBlend_Simple.uasset" 436
"../../../../GitHub/EasyQuest/RPGGame 4.23/Content/EasyQuest/Mannequin/Character/Materials/MaterialLayers/T_ML_Rubber_Blue_01_D.uasset" 437
"../../../../GitHub/EasyQuest/RPGGame 4.23/Content/EasyQuest/Mannequin/Character/Materials/MaterialLayers/T_ML_Rubber_Blue_01_N.uasset" 438
"../../../../GitHub/EasyQuest/RPGGame 4.23/Content/EasyQuest/Mannequin/Character/Materials/MaterialLayers/ML_GlossyBlack_Latex_UE4.uasset" 439
"../../../../GitHub/EasyQuest/RPGGame 4.23/Content/EasyQuest/Mannequin/Character/Materials/MaterialLayers/ML_Plastic_Shiny_Beige.uasset" 440
"../../../../GitHub/EasyQuest/RPGGame 4.23/Content/EasyQuest/Mannequin/Character/Textures/UE4_LOGO_CARD.uasset" 441
"../../../../GitHub/EasyQuest/RPGGame 4.23/Content/EasyQuest/Mannequin/Character/Materials/MaterialLayers/ML_Plastic_Shiny_Beige_LOGO.uasset" 442
"../../../../GitHub/EasyQuest/RPGGame 4.23/Content/EasyQuest/Mannequin/Character/Materials/MaterialLayers/T_ML_Aluminum01.uasset" 443
"../../../../GitHub/EasyQuest/RPGGame 4.23/Content/EasyQuest/Mannequin/Character/Materials/MaterialLayers/T_ML_Aluminum01_N.uasset" 444
"../../../../GitHub/EasyQuest/RPGGame 4.23/Content/EasyQuest/Mannequin/Character/Materials/MaterialLayers/ML_SoftMetal_UE4.uasset" 445
"../../../../GitHub/EasyQuest/RPGGame 4.23/Content/EasyQuest/Mannequin/Character/Textures/UE4_Mannequin__normals.uasset" 446
"../../../../GitHub/EasyQuest/RPGGame 4.23/Content/EasyQuest/Mannequin/Character/Textures/UE4_Mannequin_MAT_MASKA.uasset" 447
"../../../../GitHub/EasyQuest/RPGGame 4.23/Content/EasyQuest/Mannequin/Character/Materials/M_UE4Man_Enemy.uasset" 448
"../../../../GitHub/EasyQuest/RPGGame 4.23/Content/EasyQuest/Mannequin/Character/Materials/M_UE4Man_Body.uasset" 449
"../../../../GitHub/EasyQuest/RPGGame 4.23/Content/EasyQuest/Mannequin/Character/Textures/UE4Man_Logo_N.uasset" 450
"../../../../GitHub/EasyQuest/RPGGame 4.23/Content/EasyQuest/Mannequin/Character/Materials/M_UE4Man_ChestLogo.uasset" 451
"../../../../GitHub/EasyQuest/RPGGame 4.23/Content/EasyQuest/Mannequin/Character/Mesh/SK_Mannequin_PhysicsAsset.uasset" 452
"../../../../GitHub/EasyQuest/RPGGame 4.23/Content/EasyQuest/Mannequin/Character/Mesh/SK_Mannequin.uasset" 453
"../../../../GitHub/EasyQuest/RPGGame 4.23/Content/StarterContent/Textures/T_Burst_M.uasset" 454
"../../../../GitHub/EasyQuest/RPGGame 4.23/Content/StarterContent/Particles/Materials/M_Burst.uasset" 455
"../../../../GitHub/EasyQuest/RPGGame 4.23/Content/StarterContent/Textures/T_Explosion_SubUV.uasset" 456
"../../../../GitHub/EasyQuest/RPGGame 4.23/Content/StarterContent/Particles/Materials/M_explosion_subUV.uasset" 457
"../../../../GitHub/EasyQuest/RPGGame 4.23/Content/StarterContent/Particles/Materials/m_flare_01.uasset" 458
"../../../Engine/Content/Functions/Engine_MaterialFunctions01/Gradient/RadialGradient.uasset" 459
"../../../../GitHub/EasyQuest/RPGGame 4.23/Content/StarterContent/Particles/Materials/M_radial_ramp.uasset" 460
"../../../../GitHub/EasyQuest/RPGGame 4.23/Content/StarterContent/Textures/T_Smoke_SubUV.uasset" 461
"../../../../GitHub/EasyQuest/RPGGame 4.23/Content/StarterContent/Textures/T_Smoke_Tiled_D.uasset" 462
"../../../../GitHub/EasyQuest/RPGGame 4.23/Content/StarterContent/Particles/Materials/M_smoke_subUV.uasset" 463
"../../../../GitHub/EasyQuest/RPGGame 4.23/Content/StarterContent/Particles/P_Explosion.uasset" 464
"../../../../GitHub/EasyQuest/RPGGame 4.23/Content/EasyQuest/ThirdPersonBP/Blueprints/Enemy.uasset" 465
"../../../../GitHub/EasyQuest/RPGGame 4.23/Content/EasyQuest/QuestSystem/Quests/Quest.uasset" 466
"../../../../GitHub/EasyQuest/RPGGame 4.23/Content/EasyQuest/QuestSystem/QuestLog.uasset" 467
"../../../../GitHub/EasyQuest/RPGGame 4.23/Content/QuestSystem/QuestLog.uasset" 468
"../../../../GitHub/EasyQuest/RPGGame 4.23/Content/QuestSystem/Quests/Quest.uasset" 469
"../../../../GitHub/EasyQuest/RPGGame 4.23/Content/QuestSystem/InteractInterface.uasset" 470
"../../../../GitHub/EasyQuest/RPGGame 4.23/Content/EasyQuest/InventorySystem/ItemStructure.uasset" 471
"../../../../GitHub/EasyQuest/RPGGame 4.23/Content/EasyQuest/InventorySystem/SlotStructure.uasset" 472
"../../../../GitHub/EasyQuest/RPGGame 4.23/Content/QuestSystem/Objectives/ObjectiveData.uasset" 473
"../../../../GitHub/EasyQuest/RPGGame 4.23/Content/QuestSystem/Objectives/ObjectiveTypes.uasset" 474
"../../../../GitHub/EasyQuest/RPGGame 4.23/Content/EasyQuest/InventorySystem/Item/Item.uasset" 475
"../../../../GitHub/EasyQuest/RPGGame 4.23/Content/EasyQuest/InventorySystem/InventoryUI/InventorySlot.uasset" 476
"../../../../GitHub/EasyQuest/RPGGame 4.23/Content/EasyQuest/InventorySystem/InventoryUI/InventoryWindow.uasset" 477
"../../../../GitHub/EasyQuest/RPGGame 4.23/Content/EasyQuest/InventorySystem/InventoryComponent.uasset" 478
"../../../../GitHub/EasyQuest/RPGGame 4.23/Content/EasyQuest/InventorySystem/Containers/Container.uasset" 479
"../../../Engine/Content/Animation/DefaultAnimCurveCompressionSettings.uasset" 480
"../../Plugins/2D/Paper2D/Content/PlaceholderTextures/DummySpriteTexture.uasset" 481
"../../Plugins/2D/Paper2D/Content/DummySprite.uasset" 482
"../../Plugins/2D/Paper2D/Content/DefaultPaperTerrainMaterial.uasset" 483
"../../Plugins/2D/Paper2D/Content/DefaultSpriteMaterial.uasset" 484
"../../Plugins/2D/Paper2D/Content/MaskedUnlitSpriteMaterial.uasset" 485
"../../Plugins/2D/Paper2D/Content/OpaqueUnlitSpriteMaterial.uasset" 486
"../../Plugins/Enterprise/DatasmithContent/Content/Blueprints/FBXImporter/ArrayOfActor.uasset" 487
"../../Plugins/Enterprise/DatasmithContent/Content/Blueprints/FBXImporter/ArrayOfSwitch.uasset" 488
"../../Plugins/Enterprise/DatasmithContent/Content/Blueprints/FBXImporter/BP_SceneNode.uasset" 489
"../../Plugins/Enterprise/DatasmithContent/Content/Blueprints/FBXImporter/BP_Switch.uasset" 490
"../../Plugins/Enterprise/DatasmithContent/Content/Blueprints/FBXImporter/BP_SceneRoot.uasset" 491
"../../Plugins/Enterprise/DatasmithContent/Content/Blueprints/FBXImporter/FBXImporterUtils.uasset" 492
"../../Plugins/Enterprise/DatasmithContent/Content/Blueprints/FBXImporter/Animation/DeltaGenAnimationTrackType.uasset" 493
"../../Plugins/Enterprise/DatasmithContent/Content/Blueprints/FBXImporter/Animation/VREDAnimationTrackComponent.uasset" 494
"../../Plugins/Enterprise/DatasmithContent/Content/Blueprints/FBXImporter/Animation/VREDAnimationTrackType.uasset" 495
"../../Plugins/Enterprise/DatasmithContent/Content/Blueprints/FBXImporter/Animation/VREDAnimCurveComponent.uasset" 496
"../../Plugins/Enterprise/DatasmithContent/Content/Blueprints/FBXImporter/Animation/VREDAnimCurveType.uasset" 497
"../../Plugins/Enterprise/DatasmithContent/Content/Blueprints/FBXImporter/Variants/VariantSwitchType.uasset" 498
"../../Plugins/Enterprise/DatasmithContent/Content/Blueprints/FBXImporter/Variants/VREDVariantSwitchType.uasset" 499
"../../Plugins/Enterprise/DatasmithContent/Content/Blueprints/FBXImporter/Variants/VREDVariantType.uasset" 500
"../../Plugins/Runtime/Oculus/OculusVR/Content/OculusMR_RenderTarget.uasset" 501
"../../../Engine/Content/Functions/Engine_MaterialFunctions02/Utility/BreakOutFloat4Components.uasset" 502
"../../Plugins/Runtime/Oculus/OculusVR/Content/Materials/OculusMR_ChromaKey.uasset" 503
"../../Plugins/Runtime/Oculus/OculusVR/Content/Materials/OculusMR_ChromaKey_Lit.uasset" 504
"../../Plugins/Runtime/Oculus/OculusVR/Content/Materials/OculusMR_OpaqueColoredMaterial.uasset" 505
"../../Plugins/Runtime/Oculus/OculusVR/Content/Materials/OculusMR_WhiteMaterial.uasset" 506
"../../../Engine/Content/Maps/Entry_BuiltData.uasset" 507
"../../../Engine/Content/Maps/Entry.umap" 508
"../../../../GitHub/EasyQuest/RPGGame 4.23/Content/EasyQuest/ThirdPersonBP/Blueprints/SimpleNpc.uasset" 509
"../../../Engine/Content/EngineSky/C_Sky_Cloud_Color.uasset" 510
"../../../Engine/Content/EngineSky/C_Sky_Horizon_Color.uasset" 511
"../../../Engine/Content/EngineSky/C_Sky_Zenith_Color.uasset" 512
"../../../Engine/Content/EngineSky/T_Sky_Blue.uasset" 513
"../../../Engine/Content/EngineSky/T_Sky_Clouds_M.uasset" 514
"../../../Engine/Content/EngineSky/T_Sky_Stars.uasset" 515
"../../../Engine/Content/EngineSky/M_Sky_Panning_Clouds2.uasset" 516
"../../../Engine/Content/EngineSky/SM_SkySphere.uasset" 517
"../../../Engine/Content/EngineSky/BP_Sky_Sphere.uasset" 518
"../../../../GitHub/EasyQuest/RPGGame 4.23/Content/EasyQuest/QuestSystem/Quests/Quest_001.uasset" 519
"../../../../GitHub/EasyQuest/RPGGame 4.23/Content/EasyQuest/QuestSystem/Quests/Quest_002.uasset" 520
"../../../../GitHub/EasyQuest/RPGGame 4.23/Content/EasyQuest/QuestSystem/Quests/Quest_KillAnNPC.uasset" 521
"../../../../GitHub/EasyQuest/RPGGame 4.23/Content/InfinityBladeEffects/Effects/FX_Textures/Tile/T_Black_32.uasset" 522
"../../../../GitHub/EasyQuest/RPGGame 4.23/Content/InfinityBladeEffects/Effects/Masters/M_Trans_Sprite_Master.uasset" 523
"../../../../GitHub/EasyQuest/RPGGame 4.23/Content/InfinityBladeEffects/Effects/FX_Textures/Glyph/T_HealHeart_02.uasset" 524
"../../../../GitHub/EasyQuest/RPGGame 4.23/Content/InfinityBladeEffects/Effects/FX_Materials/Glyph/M_Heart_01_INST.uasset" 525
"../../../../GitHub/EasyQuest/RPGGame 4.23/Content/InfinityBladeEffects/Effects/FX_Textures/Gradient/T_Flare_Streaks_02.uasset" 526
"../../../../GitHub/EasyQuest/RPGGame 4.23/Content/InfinityBladeEffects/Effects/FX_Materials/Gradient/M_Flare_Streak_01_INST.uasset" 527
"../../../../GitHub/EasyQuest/RPGGame 4.23/Content/InfinityBladeEffects/Effects/FX_Meshes/Skills/SM_BlastWave.uasset" 528
"../../../../GitHub/EasyQuest/RPGGame 4.23/Content/InfinityBladeEffects/Effects/FX_Ability/Heal/P_Heal_Aura.uasset" 529
"../../../../GitHub/EasyQuest/RPGGame 4.23/Content/InfinityBladeEffects/Effects/FX_Textures/Gradient/T_BlastWave.uasset" 530
"../../../../GitHub/EasyQuest/RPGGame 4.23/Content/InfinityBladeEffects/Effects/FX_Materials/M_Shockwave_01_ADD_INST.uasset" 531
"../../../../GitHub/EasyQuest/RPGGame 4.23/Content/InfinityBladeEffects/Effects/Masters/M_Add_Sprite_2Sided_Master.uasset" 532
"../../../../GitHub/EasyQuest/RPGGame 4.23/Content/InfinityBladeEffects/Effects/FX_Textures/Gradient/T_SwipeTrail.uasset" 533
"../../../../GitHub/EasyQuest/RPGGame 4.23/Content/InfinityBladeEffects/Effects/FX_Materials/Trails/M_Swipe_Mesh_Add_2Sided_01_INST.uasset" 534
"../../../../GitHub/EasyQuest/RPGGame 4.23/Content/InfinityBladeEffects/Effects/FX_Meshes/Skills/SM_Spiral_Swirl_01.uasset" 535
"../../../../GitHub/EasyQuest/RPGGame 4.23/Content/InfinityBladeEffects/Effects/FX_Ability/Heal/P_Heal_Potion.uasset" 536
"../../../../GitHub/EasyQuest/RPGGame 4.23/Content/EasyQuest/ThirdPersonBP/Blueprints/HealthPickup.uasset" 537
"../../../../GitHub/EasyQuest/RPGGame 4.23/Content/EasyQuest/ThirdPersonBP/Maps/MapAlpha_BuiltData.uasset" 538
"../../../../GitHub/EasyQuest/RPGGame 4.23/Content/Geometry/Meshes/CubeMaterial.uasset" 539
"../../../../GitHub/EasyQuest/RPGGame 4.23/Content/Geometry/Meshes/1M_Cube.uasset" 540
"../../../../GitHub/EasyQuest/RPGGame 4.23/Content/Geometry/Meshes/1M_Cube_Chamfer.uasset" 541
"../../../../GitHub/EasyQuest/RPGGame 4.23/Content/Geometry/Meshes/TemplateFloor.uasset" 542
"../../../../GitHub/EasyQuest/RPGGame 4.23/Content/ThirdPerson/Meshes/RampMaterial.uasset" 543
"../../../../GitHub/EasyQuest/RPGGame 4.23/Content/ThirdPerson/Meshes/Bump_StaticMesh.uasset" 544
"../../../../GitHub/EasyQuest/RPGGame 4.23/Content/ThirdPerson/Meshes/LeftArm_StaticMesh.uasset" 545
"../../../../GitHub/EasyQuest/RPGGame 4.23/Content/ThirdPerson/Meshes/Linear_Stair_StaticMesh.uasset" 546
"../../../../GitHub/EasyQuest/RPGGame 4.23/Content/ThirdPerson/Meshes/Ramp_StaticMesh.uasset" 547
"../../../../GitHub/EasyQuest/RPGGame 4.23/Content/ThirdPerson/Meshes/RightArm_StaticMesh.uasset" 548
"../../../../GitHub/EasyQuest/RPGGame 4.23/Content/EasyQuest/ThirdPersonBP/Maps/MapAlpha.umap" 549
