Log file open, 10/18/19 16:53:18
LogWindows: Failed to load 'aqProf.dll' (GetLastError=126)
LogWindows: File 'aqProf.dll' does not exist
LogWindows: Failed to load 'VtuneApi.dll' (GetLastError=126)
LogWindows: File 'VtuneApi.dll' does not exist
LogWindows: Failed to load 'VtuneApi32e.dll' (GetLastError=126)
LogWindows: File 'VtuneApi32e.dll' does not exist
LogConsoleResponse: Display: Failed to find resolution value strings in scalability ini. Falling back to default.
LogInit: Display: Running engine for game: RPGGame
LogPlatformFile: Not using cached read wrapper
LogTaskGraph: Started task graph with 5 named threads and 47 total threads with 3 sets of task threads.
LogStats: Stats thread started at 2.217112
LogD3D11RHI: Loaded GFSDK_Aftermath_Lib.x64.dll
LogICUInternationalization: ICU TimeZone Detection - Raw Offset: +10:00, Platform Override: ''
LogPluginManager: Mounting plugin Paper2D
LogPluginManager: Mounting plugin AISupport
LogPluginManager: Mounting plugin LightPropagationVolume
LogPluginManager: Mounting plugin ActorLayerUtilities
LogPluginManager: Mounting plugin AnimationSharing
LogPluginManager: Mounting plugin CLionSourceCodeAccess
LogPluginManager: Mounting plugin CodeLiteSourceCodeAccess
LogPluginManager: Mounting plugin GitSourceControl
LogPluginManager: Mounting plugin KDevelopSourceCodeAccess
LogPluginManager: Mounting plugin NullSourceCodeAccess
LogPluginManager: Mounting plugin PerforceSourceControl
LogPluginManager: Mounting plugin SubversionSourceControl
LogPluginManager: Mounting plugin UObjectPlugin
LogPluginManager: Mounting plugin VisualStudioCodeSourceCodeAccess
LogPluginManager: Mounting plugin VisualStudioSourceCodeAccess
LogPluginManager: Mounting plugin XCodeSourceCodeAccess
LogPluginManager: Mounting plugin AssetManagerEditor
LogPluginManager: Mounting plugin CryptoKeys
LogPluginManager: Mounting plugin CurveEditorTools
LogPluginManager: Mounting plugin DataValidation
LogPluginManager: Mounting plugin FacialAnimation
LogPluginManager: Mounting plugin GameplayTagsEditor
LogPluginManager: Mounting plugin MacGraphicsSwitching
LogPluginManager: Mounting plugin MaterialAnalyzer
LogPluginManager: Mounting plugin MobileLauncherProfileWizard
LogPluginManager: Mounting plugin PluginBrowser
LogPluginManager: Mounting plugin SpeedTreeImporter
LogPluginManager: Mounting plugin DatasmithContent
LogPluginManager: Mounting plugin VariantManagerContent
LogPluginManager: Mounting plugin AlembicImporter
LogPluginManager: Mounting plugin AutomationUtils
LogPluginManager: Mounting plugin BackChannel
LogPluginManager: Mounting plugin CharacterAI
LogPluginManager: Mounting plugin GeometryCache
LogPluginManager: Mounting plugin HTML5Networking
LogPluginManager: Mounting plugin PlatformCrypto
LogPluginManager: Mounting plugin ProxyLODPlugin
LogPluginManager: Mounting plugin SkeletalReduction
LogPluginManager: Mounting plugin MagicLeap
LogPluginManager: Mounting plugin MagicLeapMedia
LogPluginManager: Mounting plugin AndroidMedia
LogPluginManager: Mounting plugin AvfMedia
LogPluginManager: Mounting plugin ImgMedia
LogPluginManager: Mounting plugin MediaCompositing
LogPluginManager: Mounting plugin MediaPlayerEditor
LogPluginManager: Mounting plugin WebMMedia
LogPluginManager: Mounting plugin WmfMedia
LogPluginManager: Mounting plugin TcpMessaging
LogPluginManager: Mounting plugin UdpMessaging
LogPluginManager: Mounting plugin ActorSequence
LogPluginManager: Mounting plugin LevelSequenceEditor
LogPluginManager: Mounting plugin MatineeToLevelSequence
LogPluginManager: Mounting plugin NetcodeUnitTest
LogPluginManager: Mounting plugin NUTUnrealEngine4
LogPluginManager: Mounting plugin OnlineSubsystemGooglePlay
LogPluginManager: Mounting plugin OnlineSubsystemIOS
LogPluginManager: Mounting plugin OnlineSubsystem
LogPluginManager: Mounting plugin OnlineSubsystemNull
LogPluginManager: Mounting plugin OnlineSubsystemUtils
LogPluginManager: Mounting plugin LauncherChunkInstaller
LogPluginManager: Mounting plugin AndroidDeviceProfileSelector
LogPluginManager: Mounting plugin AndroidMoviePlayer
LogPluginManager: Mounting plugin AndroidPermission
LogPluginManager: Mounting plugin AppleImageUtils
LogPluginManager: Mounting plugin AppleMoviePlayer
LogPluginManager: Mounting plugin ArchVisCharacter
LogPluginManager: Mounting plugin AudioCapture
LogPluginManager: Mounting plugin CableComponent
LogPluginManager: Mounting plugin CustomMeshComponent
LogPluginManager: Mounting plugin EditableMesh
LogPluginManager: Mounting plugin ExampleDeviceProfileSelector
LogPluginManager: Mounting plugin GoogleCloudMessaging
LogPluginManager: Mounting plugin IOSDeviceProfileSelector
LogPluginManager: Mounting plugin LinuxDeviceProfileSelector
LogPluginManager: Mounting plugin LocationServicesBPLibrary
LogPluginManager: Mounting plugin MobilePatchingUtils
LogPluginManager: Mounting plugin OculusVR
LogPluginManager: Mounting plugin PhysXVehicles
LogPluginManager: Mounting plugin ProceduralMeshComponent
LogPluginManager: Mounting plugin RuntimePhysXCooking
LogPluginManager: Mounting plugin SignificanceManager
LogPluginManager: Mounting plugin SteamVR
LogPluginManager: Mounting plugin WebMMoviePlayer
LogPluginManager: Mounting plugin WindowsMoviePlayer
LogPluginManager: Mounting plugin ScreenshotTools
LogInit: Using libcurl 7.55.1-DEV
LogInit:  - built for x86_64-pc-win32
LogInit:  - supports SSL with OpenSSL/1.1.1
LogInit:  - supports HTTP deflate (compression) using libz 1.2.8
LogInit:  - other features:
LogInit:      CURL_VERSION_SSL
LogInit:      CURL_VERSION_LIBZ
LogInit:      CURL_VERSION_IPV6
LogInit:      CURL_VERSION_ASYNCHDNS
LogInit:      CURL_VERSION_LARGEFILE
LogInit:      CURL_VERSION_IDN
LogInit:  CurlRequestOptions (configurable via config and command line):
LogInit:  - bVerifyPeer = true  - Libcurl will verify peer certificate
LogInit:  - bUseHttpProxy = false  - Libcurl will NOT use HTTP proxy
LogInit:  - bDontReuseConnections = false  - Libcurl will reuse connections
LogInit:  - MaxHostConnections = 16  - Libcurl will limit the number of connections to a host
LogInit:  - LocalHostAddr = Default
LogInit:  - BufferSize = 65536
LogOnline: OSS: Creating online subsystem instance for: NULL
LogInit: WinSock: version 1.1 (2.2), MaxSocks=32767, MaxUdp=65467
LogInit: Build: ++UE4+Release-4.23-CL-8386587
LogInit: Engine Version: 4.23.0-8386587+++UE4+Release-4.23
LogInit: Compatible Engine Version: 4.23.0-8386587+++UE4+Release-4.23
LogInit: Net CL: 8386587
LogInit: OS: Windows 10 (Release 1903) (), CPU: AMD Ryzen 7 2700X Eight-Core Processor         , GPU: NVIDIA GeForce GTX 1070
LogInit: Compiled (64-bit): Aug 31 2019 02:04:44
LogInit: Compiled with Visual C++: 19.16.27030.01
LogInit: Build Configuration: Development
LogInit: Branch Name: ++UE4+Release-4.23
LogInit: Command Line: 
LogInit: Base Directory: D:/UE_4.23/Engine/Binaries/Win64/
LogInit: Installed Engine Build: 1
LogDevObjectVersion: Number of dev versions registered: 23
LogDevObjectVersion:   Dev-Blueprints (B0D832E4-1F89-4F0D-ACCF-7EB736FD4AA2): 10
LogDevObjectVersion:   Dev-Build (E1C64328-A22C-4D53-A36C-8E866417BD8C): 0
LogDevObjectVersion:   Dev-Core (375EC13C-06E4-48FB-B500-84F0262A717E): 3
LogDevObjectVersion:   Dev-Editor (E4B068ED-F494-42E9-A231-DA0B2E46BB41): 34
LogDevObjectVersion:   Dev-Framework (CFFC743F-43B0-4480-9391-14DF171D2073): 35
LogDevObjectVersion:   Dev-Mobile (B02B49B5-BB20-44E9-A304-32B752E40360): 2
LogDevObjectVersion:   Dev-Networking (A4E4105C-59A1-49B5-A7C5-40C4547EDFEE): 0
LogDevObjectVersion:   Dev-Online (39C831C9-5AE6-47DC-9A44-9C173E1C8E7C): 0
LogDevObjectVersion:   Dev-Physics (78F01B33-EBEA-4F98-B9B4-84EACCB95AA2): 0
LogDevObjectVersion:   Dev-Platform (6631380F-2D4D-43E0-8009-CF276956A95A): 0
LogDevObjectVersion:   Dev-Rendering (12F88B9F-8875-4AFC-A67C-D90C383ABD29): 31
LogDevObjectVersion:   Dev-Sequencer (7B5AE74C-D270-4C10-A958-57980B212A5A): 11
LogDevObjectVersion:   Dev-VR (D7296918-1DD6-4BDD-9DE2-64A83CC13884): 2
LogDevObjectVersion:   Dev-LoadTimes (C2A15278-BFE7-4AFE-6C17-90FF531DF755): 1
LogDevObjectVersion:   Private-Geometry (6EACA3D4-40EC-4CC1-B786-8BED09428FC5): 3
LogDevObjectVersion:   Dev-AnimPhys (29E575DD-E0A3-4627-9D10-D276232CDCEA): 17
LogDevObjectVersion:   Dev-Anim (AF43A65D-7FD3-4947-9873-3E8ED9C1BB05): 2
LogDevObjectVersion:   Dev-ReflectionCapture (6B266CEC-1EC7-4B8F-A30B-E4D90942FC07): 1
LogDevObjectVersion:   Dev-Automation (0DF73D61-A23F-47EA-B727-89E90C41499A): 1
LogDevObjectVersion:   FortniteMain (601D1886-AC64-4F84-AA16-D3DE0DEAC7D6): 27
LogDevObjectVersion:   Dev-Enterprise (9DFFBCD6-494F-0158-E221-12823C92A888): 6
LogDevObjectVersion:   Dev-Niagara (F2AED0AC-9AFE-416F-8664-AA7FFA26D6FC): 1
LogDevObjectVersion:   Dev-Destruction (174F1F0B-B4C6-45A5-B13F-2EE8D0FB917D): 9
LogInit: Presizing for max 16777216 objects, including 0 objects not considered by GC, pre-allocating 0 bytes for permanent pool.
LogInit: Object subsystem initialized
LogConfig: Setting CVar [[con.DebugEarlyDefault:1]]
LogConfig: Setting CVar [[r.setres:1280x720]]
[2019.10.18-05.53.20:021][  0]LogConfig: Setting CVar [[r.VSync:0]]
[2019.10.18-05.53.20:021][  0]LogConfig: Setting CVar [[r.RHICmdBypass:0]]
[2019.10.18-05.53.20:021][  0]LogConfig: Applying CVar settings from Section [/Script/Engine.RendererSettings] File [C:/Users/zacka/Desktop/EasyQuest/RPGGame 4.23/Saved/Config/Windows/Engine.ini]
[2019.10.18-05.53.20:021][  0]LogConfig: Setting CVar [[r.GPUCrashDebugging:0]]
[2019.10.18-05.53.20:021][  0]LogConfig: Applying CVar settings from Section [/Script/Engine.RendererOverrideSettings] File [C:/Users/zacka/Desktop/EasyQuest/RPGGame 4.23/Saved/Config/Windows/Engine.ini]
[2019.10.18-05.53.20:021][  0]LogConfig: Applying CVar settings from Section [/Script/Engine.StreamingSettings] File [C:/Users/zacka/Desktop/EasyQuest/RPGGame 4.23/Saved/Config/Windows/Engine.ini]
[2019.10.18-05.53.20:021][  0]LogConfig: Setting CVar [[s.MinBulkDataSizeForAsyncLoading:131072]]
[2019.10.18-05.53.20:021][  0]LogConfig: Setting CVar [[s.AsyncLoadingThreadEnabled:0]]
[2019.10.18-05.53.20:021][  0]LogConfig: Setting CVar [[s.EventDrivenLoaderEnabled:1]]
[2019.10.18-05.53.20:021][  0]LogConfig: Setting CVar [[s.WarnIfTimeLimitExceeded:0]]
[2019.10.18-05.53.20:021][  0]LogConfig: Setting CVar [[s.TimeLimitExceededMultiplier:1.5]]
[2019.10.18-05.53.20:021][  0]LogConfig: Setting CVar [[s.TimeLimitExceededMinTime:0.005]]
[2019.10.18-05.53.20:021][  0]LogConfig: Setting CVar [[s.UseBackgroundLevelStreaming:1]]
[2019.10.18-05.53.20:021][  0]LogConfig: Setting CVar [[s.PriorityAsyncLoadingExtraTime:15.0]]
[2019.10.18-05.53.20:021][  0]LogConfig: Setting CVar [[s.LevelStreamingActorsUpdateTimeLimit:5.0]]
[2019.10.18-05.53.20:021][  0]LogConfig: Setting CVar [[s.PriorityLevelStreamingActorsUpdateExtraTime:5.0]]
[2019.10.18-05.53.20:021][  0]LogConfig: Setting CVar [[s.LevelStreamingComponentsRegistrationGranularity:10]]
[2019.10.18-05.53.20:021][  0]LogConfig: Setting CVar [[s.UnregisterComponentsTimeLimit:1.0]]
[2019.10.18-05.53.20:021][  0]LogConfig: Setting CVar [[s.LevelStreamingComponentsUnregistrationGranularity:5]]
[2019.10.18-05.53.20:021][  0]LogConfig: Applying CVar settings from Section [/Script/Engine.GarbageCollectionSettings] File [C:/Users/zacka/Desktop/EasyQuest/RPGGame 4.23/Saved/Config/Windows/Engine.ini]
[2019.10.18-05.53.20:021][  0]LogConfig: Setting CVar [[gc.MaxObjectsNotConsideredByGC:1]]
[2019.10.18-05.53.20:021][  0]LogConfig: Setting CVar [[gc.SizeOfPermanentObjectPool:0]]
[2019.10.18-05.53.20:021][  0]LogConfig: Setting CVar [[gc.FlushStreamingOnGC:0]]
[2019.10.18-05.53.20:021][  0]LogConfig: Setting CVar [[gc.NumRetriesBeforeForcingGC:10]]
[2019.10.18-05.53.20:021][  0]LogConfig: Setting CVar [[gc.AllowParallelGC:1]]
[2019.10.18-05.53.20:021][  0]LogConfig: Setting CVar [[gc.TimeBetweenPurgingPendingKillObjects:61.1]]
[2019.10.18-05.53.20:021][  0]LogConfig: Setting CVar [[gc.MaxObjectsInEditor:16777216]]
[2019.10.18-05.53.20:021][  0]LogConfig: Setting CVar [[gc.IncrementalBeginDestroyEnabled:1]]
[2019.10.18-05.53.20:021][  0]LogConfig: Setting CVar [[gc.CreateGCClusters:1]]
[2019.10.18-05.53.20:021][  0]LogConfig: Setting CVar [[gc.MinGCClusterSize:5]]
[2019.10.18-05.53.20:022][  0]LogConfig: Setting CVar [[gc.ActorClusteringEnabled:0]]
[2019.10.18-05.53.20:022][  0]LogConfig: Setting CVar [[gc.BlueprintClusteringEnabled:0]]
[2019.10.18-05.53.20:022][  0]LogConfig: Setting CVar [[gc.UseDisregardForGCOnDedicatedServers:0]]
[2019.10.18-05.53.20:022][  0]LogConfig: Applying CVar settings from Section [/Script/Engine.NetworkSettings] File [C:/Users/zacka/Desktop/EasyQuest/RPGGame 4.23/Saved/Config/Windows/Engine.ini]
[2019.10.18-05.53.20:022][  0]LogConfig: Applying CVar settings from Section [/Script/UnrealEd.CookerSettings] File [C:/Users/zacka/Desktop/EasyQuest/RPGGame 4.23/Saved/Config/Windows/Engine.ini]
[2019.10.18-05.53.20:071][  0]LogConfig: Applying CVar settings from Section [ViewDistanceQuality@3] File [C:/Users/zacka/Desktop/EasyQuest/RPGGame 4.23/Saved/Config/Windows/Scalability.ini]
[2019.10.18-05.53.20:071][  0]LogConfig: Setting CVar [[r.SkeletalMeshLODBias:0]]
[2019.10.18-05.53.20:071][  0]LogConfig: Setting CVar [[r.ViewDistanceScale:1.0]]
[2019.10.18-05.53.20:071][  0]LogConfig: Applying CVar settings from Section [AntiAliasingQuality@3] File [C:/Users/zacka/Desktop/EasyQuest/RPGGame 4.23/Saved/Config/Windows/Scalability.ini]
[2019.10.18-05.53.20:071][  0]LogConfig: Setting CVar [[r.PostProcessAAQuality:4]]
[2019.10.18-05.53.20:071][  0]LogConfig: Applying CVar settings from Section [ShadowQuality@3] File [C:/Users/zacka/Desktop/EasyQuest/RPGGame 4.23/Saved/Config/Windows/Scalability.ini]
[2019.10.18-05.53.20:071][  0]LogConfig: Setting CVar [[r.LightFunctionQuality:1]]
[2019.10.18-05.53.20:071][  0]LogConfig: Setting CVar [[r.ShadowQuality:5]]
[2019.10.18-05.53.20:071][  0]LogConfig: Setting CVar [[r.Shadow.CSM.MaxCascades:10]]
[2019.10.18-05.53.20:071][  0]LogConfig: Setting CVar [[r.Shadow.MaxResolution:2048]]
[2019.10.18-05.53.20:071][  0]LogConfig: Setting CVar [[r.Shadow.MaxCSMResolution:2048]]
[2019.10.18-05.53.20:071][  0]LogConfig: Setting CVar [[r.Shadow.RadiusThreshold:0.01]]
[2019.10.18-05.53.20:071][  0]LogConfig: Setting CVar [[r.Shadow.DistanceScale:1.0]]
[2019.10.18-05.53.20:071][  0]LogConfig: Setting CVar [[r.Shadow.CSM.TransitionScale:1.0]]
[2019.10.18-05.53.20:071][  0]LogConfig: Setting CVar [[r.Shadow.PreShadowResolutionFactor:1.0]]
[2019.10.18-05.53.20:071][  0]LogConfig: Setting CVar [[r.DistanceFieldShadowing:1]]
[2019.10.18-05.53.20:072][  0]LogConfig: Setting CVar [[r.DistanceFieldAO:1]]
[2019.10.18-05.53.20:072][  0]LogConfig: Setting CVar [[r.AOQuality:2]]
[2019.10.18-05.53.20:072][  0]LogConfig: Setting CVar [[r.VolumetricFog:1]]
[2019.10.18-05.53.20:072][  0]LogConfig: Setting CVar [[r.VolumetricFog.GridPixelSize:8]]
[2019.10.18-05.53.20:072][  0]LogConfig: Setting CVar [[r.VolumetricFog.GridSizeZ:128]]
[2019.10.18-05.53.20:072][  0]LogConfig: Setting CVar [[r.VolumetricFog.HistoryMissSupersampleCount:4]]
[2019.10.18-05.53.20:072][  0]LogConfig: Setting CVar [[r.LightMaxDrawDistanceScale:1]]
[2019.10.18-05.53.20:072][  0]LogConfig: Setting CVar [[r.CapsuleShadows:1]]
[2019.10.18-05.53.20:072][  0]LogConfig: Applying CVar settings from Section [PostProcessQuality@3] File [C:/Users/zacka/Desktop/EasyQuest/RPGGame 4.23/Saved/Config/Windows/Scalability.ini]
[2019.10.18-05.53.20:072][  0]LogConfig: Setting CVar [[r.MotionBlurQuality:4]]
[2019.10.18-05.53.20:072][  0]LogConfig: Setting CVar [[r.AmbientOcclusionMipLevelFactor:0.4]]
[2019.10.18-05.53.20:072][  0]LogConfig: Setting CVar [[r.AmbientOcclusionMaxQuality:100]]
[2019.10.18-05.53.20:072][  0]LogConfig: Setting CVar [[r.AmbientOcclusionLevels:-1]]
[2019.10.18-05.53.20:072][  0]LogConfig: Setting CVar [[r.AmbientOcclusionRadiusScale:1.0]]
[2019.10.18-05.53.20:072][  0]LogConfig: Setting CVar [[r.DepthOfFieldQuality:2]]
[2019.10.18-05.53.20:072][  0]LogConfig: Setting CVar [[r.RenderTargetPoolMin:400]]
[2019.10.18-05.53.20:072][  0]LogConfig: Setting CVar [[r.LensFlareQuality:2]]
[2019.10.18-05.53.20:072][  0]LogConfig: Setting CVar [[r.SceneColorFringeQuality:1]]
[2019.10.18-05.53.20:072][  0]LogConfig: Setting CVar [[r.EyeAdaptationQuality:2]]
[2019.10.18-05.53.20:072][  0]LogConfig: Setting CVar [[r.BloomQuality:5]]
[2019.10.18-05.53.20:072][  0]LogConfig: Setting CVar [[r.FastBlurThreshold:100]]
[2019.10.18-05.53.20:072][  0]LogConfig: Setting CVar [[r.Upscale.Quality:3]]
[2019.10.18-05.53.20:072][  0]LogConfig: Setting CVar [[r.Tonemapper.GrainQuantization:1]]
[2019.10.18-05.53.20:072][  0]LogConfig: Setting CVar [[r.LightShaftQuality:1]]
[2019.10.18-05.53.20:072][  0]LogConfig: Setting CVar [[r.Filter.SizeScale:1]]
[2019.10.18-05.53.20:072][  0]LogConfig: Setting CVar [[r.Tonemapper.Quality:5]]
[2019.10.18-05.53.20:072][  0]LogConfig: Setting CVar [[r.DOF.Gather.AccumulatorQuality:1        ; higher gathering accumulator quality]]
[2019.10.18-05.53.20:072][  0]LogConfig: Setting CVar [[r.DOF.Gather.PostfilterMethod:1          ; Median3x3 postfilering method]]
[2019.10.18-05.53.20:072][  0]LogConfig: Setting CVar [[r.DOF.Gather.EnableBokehSettings:0       ; no bokeh simulation when gathering]]
[2019.10.18-05.53.20:072][  0]LogConfig: Setting CVar [[r.DOF.Gather.RingCount:4                 ; medium number of samples when gathering]]
[2019.10.18-05.53.20:072][  0]LogConfig: Setting CVar [[r.DOF.Scatter.ForegroundCompositing:1    ; additive foreground scattering]]
[2019.10.18-05.53.20:072][  0]LogConfig: Setting CVar [[r.DOF.Scatter.BackgroundCompositing:2    ; additive background scattering]]
[2019.10.18-05.53.20:072][  0]LogConfig: Setting CVar [[r.DOF.Scatter.EnableBokehSettings:1      ; bokeh simulation when scattering]]
[2019.10.18-05.53.20:072][  0]LogConfig: Setting CVar [[r.DOF.Scatter.MaxSpriteRatio:0.1         ; only a maximum of 10% of scattered bokeh]]
[2019.10.18-05.53.20:072][  0]LogConfig: Setting CVar [[r.DOF.Recombine.Quality:1                ; cheap slight out of focus]]
[2019.10.18-05.53.20:072][  0]LogConfig: Setting CVar [[r.DOF.Recombine.EnableBokehSettings:0    ; no bokeh simulation on slight out of focus]]
[2019.10.18-05.53.20:072][  0]LogConfig: Setting CVar [[r.DOF.TemporalAAQuality:1                ; more stable temporal accumulation]]
[2019.10.18-05.53.20:072][  0]LogConfig: Setting CVar [[r.DOF.Kernel.MaxForegroundRadius:0.025]]
[2019.10.18-05.53.20:072][  0]LogConfig: Setting CVar [[r.DOF.Kernel.MaxBackgroundRadius:0.025]]
[2019.10.18-05.53.20:072][  0]LogConfig: Applying CVar settings from Section [TextureQuality@3] File [C:/Users/zacka/Desktop/EasyQuest/RPGGame 4.23/Saved/Config/Windows/Scalability.ini]
[2019.10.18-05.53.20:072][  0]LogConfig: Setting CVar [[r.Streaming.MipBias:0]]
[2019.10.18-05.53.20:072][  0]LogConfig: Setting CVar [[r.Streaming.AmortizeCPUToGPUCopy:0]]
[2019.10.18-05.53.20:072][  0]LogConfig: Setting CVar [[r.Streaming.MaxNumTexturesToStreamPerFrame:0]]
[2019.10.18-05.53.20:072][  0]LogConfig: Setting CVar [[r.Streaming.Boost:1]]
[2019.10.18-05.53.20:072][  0]LogConfig: Setting CVar [[r.MaxAnisotropy:8]]
[2019.10.18-05.53.20:072][  0]LogConfig: Setting CVar [[r.Streaming.LimitPoolSizeToVRAM:0]]
[2019.10.18-05.53.20:072][  0]LogConfig: Setting CVar [[r.Streaming.PoolSize:1000]]
[2019.10.18-05.53.20:072][  0]LogConfig: Setting CVar [[r.Streaming.MaxEffectiveScreenSize:0]]
[2019.10.18-05.53.20:072][  0]LogConfig: Applying CVar settings from Section [EffectsQuality@3] File [C:/Users/zacka/Desktop/EasyQuest/RPGGame 4.23/Saved/Config/Windows/Scalability.ini]
[2019.10.18-05.53.20:072][  0]LogConfig: Setting CVar [[r.TranslucencyLightingVolumeDim:64]]
[2019.10.18-05.53.20:072][  0]LogConfig: Setting CVar [[r.RefractionQuality:2]]
[2019.10.18-05.53.20:072][  0]LogConfig: Setting CVar [[r.SSR.Quality:3]]
[2019.10.18-05.53.20:072][  0]LogConfig: Setting CVar [[r.SceneColorFormat:4]]
[2019.10.18-05.53.20:072][  0]LogConfig: Setting CVar [[r.DetailMode:2]]
[2019.10.18-05.53.20:072][  0]LogConfig: Setting CVar [[r.TranslucencyVolumeBlur:1]]
[2019.10.18-05.53.20:072][  0]LogConfig: Setting CVar [[r.MaterialQualityLevel:1 ; High quality]]
[2019.10.18-05.53.20:072][  0]LogConfig: Setting CVar [[r.SSS.Scale:1]]
[2019.10.18-05.53.20:072][  0]LogConfig: Setting CVar [[r.SSS.SampleSet:2]]
[2019.10.18-05.53.20:072][  0]LogConfig: Setting CVar [[r.SSS.Quality:1]]
[2019.10.18-05.53.20:072][  0]LogConfig: Setting CVar [[r.SSS.HalfRes:1]]
[2019.10.18-05.53.20:072][  0]LogConfig: Setting CVar [[r.EmitterSpawnRateScale:1.0]]
[2019.10.18-05.53.20:072][  0]LogConfig: Setting CVar [[r.ParticleLightQuality:2]]
[2019.10.18-05.53.20:072][  0]LogConfig: Applying CVar settings from Section [FoliageQuality@3] File [C:/Users/zacka/Desktop/EasyQuest/RPGGame 4.23/Saved/Config/Windows/Scalability.ini]
[2019.10.18-05.53.20:072][  0]LogConfig: Setting CVar [[foliage.DensityScale:1.0]]
[2019.10.18-05.53.20:072][  0]LogConfig: Setting CVar [[grass.DensityScale:1.0]]
[2019.10.18-05.53.20:081][  0]LogInit: Selected Device Profile: [Windows]
[2019.10.18-05.53.20:086][  0]LogInit: Applying CVar settings loaded from the selected device profile: [Windows]
[2019.10.18-05.53.20:098][  0]LogHAL: Display: Platform has ~ 16 GB [17108226048 / 17179869184 / 16], which maps to Larger [LargestMinGB=32, LargerMinGB=12, DefaultMinGB=8, SmallerMinGB=6, SmallestMinGB=0)
[2019.10.18-05.53.20:098][  0]LogInit: Going up to parent DeviceProfile []
[2019.10.18-05.53.20:098][  0]LogConfig: Applying CVar settings from Section [ViewDistanceQuality@3] File [C:/Users/zacka/Desktop/EasyQuest/RPGGame 4.23/Saved/Config/Windows/Scalability.ini]
[2019.10.18-05.53.20:098][  0]LogConfig: Setting CVar [[r.SkeletalMeshLODBias:0]]
[2019.10.18-05.53.20:098][  0]LogConfig: Setting CVar [[r.ViewDistanceScale:1.0]]
[2019.10.18-05.53.20:098][  0]LogConfig: Applying CVar settings from Section [AntiAliasingQuality@3] File [C:/Users/zacka/Desktop/EasyQuest/RPGGame 4.23/Saved/Config/Windows/Scalability.ini]
[2019.10.18-05.53.20:098][  0]LogConfig: Setting CVar [[r.PostProcessAAQuality:4]]
[2019.10.18-05.53.20:098][  0]LogConfig: Applying CVar settings from Section [ShadowQuality@3] File [C:/Users/zacka/Desktop/EasyQuest/RPGGame 4.23/Saved/Config/Windows/Scalability.ini]
[2019.10.18-05.53.20:098][  0]LogConfig: Setting CVar [[r.LightFunctionQuality:1]]
[2019.10.18-05.53.20:098][  0]LogConfig: Setting CVar [[r.ShadowQuality:5]]
[2019.10.18-05.53.20:098][  0]LogConfig: Setting CVar [[r.Shadow.CSM.MaxCascades:10]]
[2019.10.18-05.53.20:098][  0]LogConfig: Setting CVar [[r.Shadow.MaxResolution:2048]]
[2019.10.18-05.53.20:098][  0]LogConfig: Setting CVar [[r.Shadow.MaxCSMResolution:2048]]
[2019.10.18-05.53.20:098][  0]LogConfig: Setting CVar [[r.Shadow.RadiusThreshold:0.01]]
[2019.10.18-05.53.20:098][  0]LogConfig: Setting CVar [[r.Shadow.DistanceScale:1.0]]
[2019.10.18-05.53.20:098][  0]LogConfig: Setting CVar [[r.Shadow.CSM.TransitionScale:1.0]]
[2019.10.18-05.53.20:098][  0]LogConfig: Setting CVar [[r.Shadow.PreShadowResolutionFactor:1.0]]
[2019.10.18-05.53.20:098][  0]LogConfig: Setting CVar [[r.DistanceFieldShadowing:1]]
[2019.10.18-05.53.20:098][  0]LogConfig: Setting CVar [[r.DistanceFieldAO:1]]
[2019.10.18-05.53.20:098][  0]LogConfig: Setting CVar [[r.AOQuality:2]]
[2019.10.18-05.53.20:098][  0]LogConfig: Setting CVar [[r.VolumetricFog:1]]
[2019.10.18-05.53.20:098][  0]LogConfig: Setting CVar [[r.VolumetricFog.GridPixelSize:8]]
[2019.10.18-05.53.20:098][  0]LogConfig: Setting CVar [[r.VolumetricFog.GridSizeZ:128]]
[2019.10.18-05.53.20:098][  0]LogConfig: Setting CVar [[r.VolumetricFog.HistoryMissSupersampleCount:4]]
[2019.10.18-05.53.20:098][  0]LogConfig: Setting CVar [[r.LightMaxDrawDistanceScale:1]]
[2019.10.18-05.53.20:098][  0]LogConfig: Setting CVar [[r.CapsuleShadows:1]]
[2019.10.18-05.53.20:098][  0]LogConfig: Applying CVar settings from Section [PostProcessQuality@3] File [C:/Users/zacka/Desktop/EasyQuest/RPGGame 4.23/Saved/Config/Windows/Scalability.ini]
[2019.10.18-05.53.20:098][  0]LogConfig: Setting CVar [[r.MotionBlurQuality:4]]
[2019.10.18-05.53.20:098][  0]LogConfig: Setting CVar [[r.AmbientOcclusionMipLevelFactor:0.4]]
[2019.10.18-05.53.20:098][  0]LogConfig: Setting CVar [[r.AmbientOcclusionMaxQuality:100]]
[2019.10.18-05.53.20:098][  0]LogConfig: Setting CVar [[r.AmbientOcclusionLevels:-1]]
[2019.10.18-05.53.20:098][  0]LogConfig: Setting CVar [[r.AmbientOcclusionRadiusScale:1.0]]
[2019.10.18-05.53.20:098][  0]LogConfig: Setting CVar [[r.DepthOfFieldQuality:2]]
[2019.10.18-05.53.20:098][  0]LogConfig: Setting CVar [[r.RenderTargetPoolMin:400]]
[2019.10.18-05.53.20:098][  0]LogConfig: Setting CVar [[r.LensFlareQuality:2]]
[2019.10.18-05.53.20:098][  0]LogConfig: Setting CVar [[r.SceneColorFringeQuality:1]]
[2019.10.18-05.53.20:098][  0]LogConfig: Setting CVar [[r.EyeAdaptationQuality:2]]
[2019.10.18-05.53.20:098][  0]LogConfig: Setting CVar [[r.BloomQuality:5]]
[2019.10.18-05.53.20:098][  0]LogConfig: Setting CVar [[r.FastBlurThreshold:100]]
[2019.10.18-05.53.20:098][  0]LogConfig: Setting CVar [[r.Upscale.Quality:3]]
[2019.10.18-05.53.20:098][  0]LogConfig: Setting CVar [[r.Tonemapper.GrainQuantization:1]]
[2019.10.18-05.53.20:099][  0]LogConfig: Setting CVar [[r.LightShaftQuality:1]]
[2019.10.18-05.53.20:099][  0]LogConfig: Setting CVar [[r.Filter.SizeScale:1]]
[2019.10.18-05.53.20:099][  0]LogConfig: Setting CVar [[r.Tonemapper.Quality:5]]
[2019.10.18-05.53.20:099][  0]LogConfig: Setting CVar [[r.DOF.Gather.AccumulatorQuality:1        ; higher gathering accumulator quality]]
[2019.10.18-05.53.20:099][  0]LogConfig: Setting CVar [[r.DOF.Gather.PostfilterMethod:1          ; Median3x3 postfilering method]]
[2019.10.18-05.53.20:099][  0]LogConfig: Setting CVar [[r.DOF.Gather.EnableBokehSettings:0       ; no bokeh simulation when gathering]]
[2019.10.18-05.53.20:099][  0]LogConfig: Setting CVar [[r.DOF.Gather.RingCount:4                 ; medium number of samples when gathering]]
[2019.10.18-05.53.20:099][  0]LogConfig: Setting CVar [[r.DOF.Scatter.ForegroundCompositing:1    ; additive foreground scattering]]
[2019.10.18-05.53.20:099][  0]LogConfig: Setting CVar [[r.DOF.Scatter.BackgroundCompositing:2    ; additive background scattering]]
[2019.10.18-05.53.20:099][  0]LogConfig: Setting CVar [[r.DOF.Scatter.EnableBokehSettings:1      ; bokeh simulation when scattering]]
[2019.10.18-05.53.20:099][  0]LogConfig: Setting CVar [[r.DOF.Scatter.MaxSpriteRatio:0.1         ; only a maximum of 10% of scattered bokeh]]
[2019.10.18-05.53.20:099][  0]LogConfig: Setting CVar [[r.DOF.Recombine.Quality:1                ; cheap slight out of focus]]
[2019.10.18-05.53.20:099][  0]LogConfig: Setting CVar [[r.DOF.Recombine.EnableBokehSettings:0    ; no bokeh simulation on slight out of focus]]
[2019.10.18-05.53.20:099][  0]LogConfig: Setting CVar [[r.DOF.TemporalAAQuality:1                ; more stable temporal accumulation]]
[2019.10.18-05.53.20:099][  0]LogConfig: Setting CVar [[r.DOF.Kernel.MaxForegroundRadius:0.025]]
[2019.10.18-05.53.20:099][  0]LogConfig: Setting CVar [[r.DOF.Kernel.MaxBackgroundRadius:0.025]]
[2019.10.18-05.53.20:099][  0]LogConfig: Applying CVar settings from Section [TextureQuality@3] File [C:/Users/zacka/Desktop/EasyQuest/RPGGame 4.23/Saved/Config/Windows/Scalability.ini]
[2019.10.18-05.53.20:099][  0]LogConfig: Setting CVar [[r.Streaming.MipBias:0]]
[2019.10.18-05.53.20:099][  0]LogConfig: Setting CVar [[r.Streaming.AmortizeCPUToGPUCopy:0]]
[2019.10.18-05.53.20:099][  0]LogConfig: Setting CVar [[r.Streaming.MaxNumTexturesToStreamPerFrame:0]]
[2019.10.18-05.53.20:099][  0]LogConfig: Setting CVar [[r.Streaming.Boost:1]]
[2019.10.18-05.53.20:099][  0]LogConfig: Setting CVar [[r.MaxAnisotropy:8]]
[2019.10.18-05.53.20:099][  0]LogConfig: Setting CVar [[r.Streaming.LimitPoolSizeToVRAM:0]]
[2019.10.18-05.53.20:099][  0]LogConfig: Setting CVar [[r.Streaming.PoolSize:1000]]
[2019.10.18-05.53.20:099][  0]LogConfig: Setting CVar [[r.Streaming.MaxEffectiveScreenSize:0]]
[2019.10.18-05.53.20:099][  0]LogConfig: Applying CVar settings from Section [EffectsQuality@3] File [C:/Users/zacka/Desktop/EasyQuest/RPGGame 4.23/Saved/Config/Windows/Scalability.ini]
[2019.10.18-05.53.20:099][  0]LogConfig: Setting CVar [[r.TranslucencyLightingVolumeDim:64]]
[2019.10.18-05.53.20:099][  0]LogConfig: Setting CVar [[r.RefractionQuality:2]]
[2019.10.18-05.53.20:099][  0]LogConfig: Setting CVar [[r.SSR.Quality:3]]
[2019.10.18-05.53.20:099][  0]LogConfig: Setting CVar [[r.SceneColorFormat:4]]
[2019.10.18-05.53.20:099][  0]LogConfig: Setting CVar [[r.DetailMode:2]]
[2019.10.18-05.53.20:099][  0]LogConfig: Setting CVar [[r.TranslucencyVolumeBlur:1]]
[2019.10.18-05.53.20:099][  0]LogConfig: Setting CVar [[r.MaterialQualityLevel:1 ; High quality]]
[2019.10.18-05.53.20:099][  0]LogConfig: Setting CVar [[r.SSS.Scale:1]]
[2019.10.18-05.53.20:099][  0]LogConfig: Setting CVar [[r.SSS.SampleSet:2]]
[2019.10.18-05.53.20:099][  0]LogConfig: Setting CVar [[r.SSS.Quality:1]]
[2019.10.18-05.53.20:099][  0]LogConfig: Setting CVar [[r.SSS.HalfRes:1]]
[2019.10.18-05.53.20:099][  0]LogConfig: Setting CVar [[r.EmitterSpawnRateScale:1.0]]
[2019.10.18-05.53.20:099][  0]LogConfig: Setting CVar [[r.ParticleLightQuality:2]]
[2019.10.18-05.53.20:099][  0]LogConfig: Applying CVar settings from Section [FoliageQuality@3] File [C:/Users/zacka/Desktop/EasyQuest/RPGGame 4.23/Saved/Config/Windows/Scalability.ini]
[2019.10.18-05.53.20:099][  0]LogConfig: Setting CVar [[foliage.DensityScale:1.0]]
[2019.10.18-05.53.20:099][  0]LogConfig: Setting CVar [[grass.DensityScale:1.0]]
[2019.10.18-05.53.20:099][  0]LogConfig: Applying CVar settings from Section [Startup] File [../../../Engine/Config/ConsoleVariables.ini]
[2019.10.18-05.53.20:100][  0]LogConfig: Setting CVar [[net.UseAdaptiveNetUpdateFrequency:0]]
[2019.10.18-05.53.20:100][  0]LogConfig: Setting CVar [[p.chaos.AllowCreatePhysxBodies:1]]
[2019.10.18-05.53.20:100][  0]LogConfig: Applying CVar settings from Section [ConsoleVariables] File [C:/Users/zacka/Desktop/EasyQuest/RPGGame 4.23/Saved/Config/Windows/Engine.ini]
[2019.10.18-05.53.20:116][  0]LogInit: Computer: DESKTOP-96N3U1H
[2019.10.18-05.53.20:116][  0]LogInit: User: zacka
[2019.10.18-05.53.20:116][  0]LogInit: CPU Page size=4096, Cores=8
[2019.10.18-05.53.20:116][  0]LogInit: High frequency timer resolution =10.000000 MHz
[2019.10.18-05.53.20:116][  0]LogMemory: Memory total: Physical=15.9GB (16GB approx)
[2019.10.18-05.53.20:116][  0]LogMemory: Platform Memory Stats for Windows
[2019.10.18-05.53.20:116][  0]LogMemory: Process Physical Memory: 102.71 MB used, 102.71 MB peak
[2019.10.18-05.53.20:116][  0]LogMemory: Process Virtual Memory: 100.86 MB used, 100.86 MB peak
[2019.10.18-05.53.20:116][  0]LogMemory: Physical Memory: 8367.14 MB used,  7948.53 MB free, 16315.68 MB total
[2019.10.18-05.53.20:116][  0]LogMemory: Virtual Memory: 4687.20 MB used,  134213040.00 MB free, 134217728.00 MB total
[2019.10.18-05.53.20:124][  0]LogWindows: WindowsPlatformFeatures enabled
[2019.10.18-05.53.20:571][  0]LogInit: Using OS detected language (en-US).
[2019.10.18-05.53.20:571][  0]LogInit: Using OS detected locale (en-AU).
[2019.10.18-05.53.20:596][  0]LogTextLocalizationManager: No specific localization for 'en-US' exists, so the 'en' localization will be used.
[2019.10.18-05.53.21:013][  0]LogInit: Setting process to per monitor DPI aware
[2019.10.18-05.53.21:331][  0]LogSlate: New Slate User Created.  User Index 0, Is Virtual User: 0
[2019.10.18-05.53.21:331][  0]LogSlate: Slate User Registered.  User Index 0, Is Virtual User: 0
[2019.10.18-05.53.21:943][  0]LogHMD: Failed to initialize OpenVR with code 110
[2019.10.18-05.53.21:943][  0]LogD3D11RHI: D3D11 adapters:
[2019.10.18-05.53.22:025][  0]LogD3D11RHI:    0. 'NVIDIA GeForce GTX 1070' (Feature Level 11_0)
[2019.10.18-05.53.22:025][  0]LogD3D11RHI:       8088/0/8157 MB DedicatedVideo/DedicatedSystem/SharedSystem, Outputs:3, VendorId:0x10de
[2019.10.18-05.53.22:038][  0]LogD3D11RHI:    1. 'Microsoft Basic Render Driver' (Feature Level 11_0)
[2019.10.18-05.53.22:038][  0]LogD3D11RHI:       0/0/8157 MB DedicatedVideo/DedicatedSystem/SharedSystem, Outputs:0, VendorId:0x1414
[2019.10.18-05.53.22:038][  0]LogD3D11RHI: Chosen D3D11 Adapter: 0
[2019.10.18-05.53.22:063][  0]LogD3D11RHI: Creating new Direct3DDevice
[2019.10.18-05.53.22:063][  0]LogD3D11RHI:     GPU DeviceId: 0x1b81 (for the marketing name, search the web for "GPU Device Id")
[2019.10.18-05.53.22:063][  0]LogWindows: EnumDisplayDevices:
[2019.10.18-05.53.22:064][  0]LogWindows:    0. 'NVIDIA GeForce GTX 1070' (P:1 D:1)
[2019.10.18-05.53.22:064][  0]LogWindows:    1. 'NVIDIA GeForce GTX 1070' (P:0 D:1)
[2019.10.18-05.53.22:064][  0]LogWindows:    2. 'NVIDIA GeForce GTX 1070' (P:0 D:1)
[2019.10.18-05.53.22:065][  0]LogWindows:    3. 'NVIDIA GeForce GTX 1070' (P:0 D:0)
[2019.10.18-05.53.22:065][  0]LogWindows: DebugString: FoundDriverCount:4 
[2019.10.18-05.53.22:065][  0]LogD3D11RHI:     Adapter Name: NVIDIA GeForce GTX 1070
[2019.10.18-05.53.22:065][  0]LogD3D11RHI:   Driver Version: 418.91 (internal:25.21.14.1891, unified:418.91)
[2019.10.18-05.53.22:065][  0]LogD3D11RHI:      Driver Date: 2-6-2019
[2019.10.18-05.53.22:065][  0]LogRHI: Texture pool is 5661 MB (70% of 8088 MB)
[2019.10.18-05.53.22:111][  0]LogD3D11RHI: Async texture creation enabled
[2019.10.18-05.53.22:273][  0]LogD3D11RHI: GPU Timing Frequency: 1000.000000 (Debug: 2 1)
[2019.10.18-05.53.23:132][  0]LogTemp: Display: Module 'AllDesktopTargetPlatform' loaded TargetPlatform 'AllDesktop'
[2019.10.18-05.53.23:181][  0]LogTemp: Display: Module 'MacClientTargetPlatform' loaded TargetPlatform 'MacClient'
[2019.10.18-05.53.23:197][  0]LogTemp: Display: Module 'MacNoEditorTargetPlatform' loaded TargetPlatform 'MacNoEditor'
[2019.10.18-05.53.23:210][  0]LogTemp: Display: Module 'MacServerTargetPlatform' loaded TargetPlatform 'MacServer'
[2019.10.18-05.53.23:244][  0]LogTemp: Display: Module 'MacTargetPlatform' loaded TargetPlatform 'Mac'
[2019.10.18-05.53.23:276][  0]LogTemp: Display: Module 'WindowsClientTargetPlatform' loaded TargetPlatform 'WindowsClient'
[2019.10.18-05.53.23:295][  0]LogTemp: Display: Module 'WindowsNoEditorTargetPlatform' loaded TargetPlatform 'WindowsNoEditor'
[2019.10.18-05.53.23:323][  0]LogTemp: Display: Module 'WindowsServerTargetPlatform' loaded TargetPlatform 'WindowsServer'
[2019.10.18-05.53.23:338][  0]LogTemp: Display: Module 'WindowsTargetPlatform' loaded TargetPlatform 'Windows'
[2019.10.18-05.53.23:392][  0]LogTemp: Display: Module 'AndroidTargetPlatform' loaded TargetPlatform 'Android'
[2019.10.18-05.53.23:392][  0]LogTemp: Display: Module 'AndroidTargetPlatform' loaded TargetPlatform 'Android_ASTC'
[2019.10.18-05.53.23:392][  0]LogTemp: Display: Module 'AndroidTargetPlatform' loaded TargetPlatform 'Android_ATC'
[2019.10.18-05.53.23:392][  0]LogTemp: Display: Module 'AndroidTargetPlatform' loaded TargetPlatform 'Android_DXT'
[2019.10.18-05.53.23:392][  0]LogTemp: Display: Module 'AndroidTargetPlatform' loaded TargetPlatform 'Android_ETC1'
[2019.10.18-05.53.23:393][  0]LogTemp: Display: Module 'AndroidTargetPlatform' loaded TargetPlatform 'Android_ETC1a'
[2019.10.18-05.53.23:393][  0]LogTemp: Display: Module 'AndroidTargetPlatform' loaded TargetPlatform 'Android_ETC2'
[2019.10.18-05.53.23:393][  0]LogTemp: Display: Module 'AndroidTargetPlatform' loaded TargetPlatform 'Android_PVRTC'
[2019.10.18-05.53.23:393][  0]LogTemp: Display: Module 'AndroidTargetPlatform' loaded TargetPlatform 'AndroidClient'
[2019.10.18-05.53.23:393][  0]LogTemp: Display: Module 'AndroidTargetPlatform' loaded TargetPlatform 'Android_ASTCClient'
[2019.10.18-05.53.23:393][  0]LogTemp: Display: Module 'AndroidTargetPlatform' loaded TargetPlatform 'Android_ATCClient'
[2019.10.18-05.53.23:393][  0]LogTemp: Display: Module 'AndroidTargetPlatform' loaded TargetPlatform 'Android_DXTClient'
[2019.10.18-05.53.23:393][  0]LogTemp: Display: Module 'AndroidTargetPlatform' loaded TargetPlatform 'Android_ETC1Client'
[2019.10.18-05.53.23:393][  0]LogTemp: Display: Module 'AndroidTargetPlatform' loaded TargetPlatform 'Android_ETC1aClient'
[2019.10.18-05.53.23:393][  0]LogTemp: Display: Module 'AndroidTargetPlatform' loaded TargetPlatform 'Android_ETC2Client'
[2019.10.18-05.53.23:393][  0]LogTemp: Display: Module 'AndroidTargetPlatform' loaded TargetPlatform 'Android_PVRTCClient'
[2019.10.18-05.53.23:393][  0]LogTemp: Display: Module 'AndroidTargetPlatform' loaded TargetPlatform 'Android_Multi'
[2019.10.18-05.53.23:393][  0]LogTemp: Display: Module 'AndroidTargetPlatform' loaded TargetPlatform 'Android_MultiClient'
[2019.10.18-05.53.23:407][  0]LogTemp: Display: Module 'HTML5TargetPlatform' loaded TargetPlatform 'HTML5'
[2019.10.18-05.53.23:510][  0]LogTemp: Display: Module 'IOSTargetPlatform' loaded TargetPlatform 'IOSClient'
[2019.10.18-05.53.23:510][  0]LogTemp: Display: Module 'IOSTargetPlatform' loaded TargetPlatform 'IOS'
[2019.10.18-05.53.23:528][  0]LogTemp: Display: Module 'TVOSTargetPlatform' loaded TargetPlatform 'TVOSClient'
[2019.10.18-05.53.23:528][  0]LogTemp: Display: Module 'TVOSTargetPlatform' loaded TargetPlatform 'TVOS'
[2019.10.18-05.53.23:553][  0]LogTemp: Display: Module 'LinuxClientTargetPlatform' loaded TargetPlatform 'LinuxClient'
[2019.10.18-05.53.23:564][  0]LogTemp: Display: Module 'LinuxNoEditorTargetPlatform' loaded TargetPlatform 'LinuxNoEditor'
[2019.10.18-05.53.23:575][  0]LogTemp: Display: Module 'LinuxServerTargetPlatform' loaded TargetPlatform 'LinuxServer'
[2019.10.18-05.53.23:587][  0]LogTemp: Display: Module 'LinuxTargetPlatform' loaded TargetPlatform 'Linux'
[2019.10.18-05.53.23:620][  0]LogTemp: Display: Module 'LuminTargetPlatform' loaded TargetPlatform 'Lumin'
[2019.10.18-05.53.23:620][  0]LogTemp: Display: Module 'LuminTargetPlatform' loaded TargetPlatform 'LuminClient'
[2019.10.18-05.53.23:620][  0]LogTargetPlatformManager: Display: Building Assets For Windows
[2019.10.18-05.53.23:757][  0]LogAudioDebug: Display: Lib vorbis DLL was dynamically loaded.
[2019.10.18-05.53.24:167][  0]LogShaderCompilers: Guid format shader working directory is 0 characters bigger than the processId version (C:/Users/zacka/Desktop/EasyQuest/RPGGame 4.23/Intermediate/Shaders/WorkingDirectory/22412/).
[2019.10.18-05.53.24:167][  0]LogShaderCompilers: Cleaned the shader compiler working directory 'C:/Users/zacka/AppData/Local/Temp/UnrealShaderWorkingDir/6E74AB184712AB902D6B25B4CDC5F7D9/'.
[2019.10.18-05.53.24:169][  0]LogXGEController: Cleaning working directory: C:/Users/zacka/AppData/Local/Temp/UnrealXGEWorkingDir/
[2019.10.18-05.53.24:170][  0]LogXGEController: Cannot use XGE Controller as Incredibuild is not installed on this machine.
[2019.10.18-05.53.24:170][  0]LogShaderCompilers: Cannot use XGE Shader Compiler as Incredibuild is not installed on this machine.
[2019.10.18-05.53.24:170][  0]LogShaderCompilers: Display: Using Local Shader Compiler.
[2019.10.18-05.53.25:409][  0]LogDerivedDataCache: Display: Max Cache Size: 512 MB
[2019.10.18-05.53.25:474][  0]LogDerivedDataCache: Loaded boot cache 0.06s 73MB C:/Users/zacka/AppData/Local/UnrealEngine/4.23/DerivedDataCache/Boot.ddc.
[2019.10.18-05.53.25:474][  0]LogDerivedDataCache: Display: Loaded Boot cache: C:/Users/zacka/AppData/Local/UnrealEngine/4.23/DerivedDataCache/Boot.ddc
[2019.10.18-05.53.25:474][  0]LogDerivedDataCache: FDerivedDataBackendGraph:  Pak pak cache file C:/Users/zacka/Desktop/EasyQuest/RPGGame 4.23/DerivedDataCache/DDC.ddp not found, will not use a pak cache.
[2019.10.18-05.53.25:474][  0]LogDerivedDataCache: Unable to find inner node Pak for hierarchical cache Hierarchy.
[2019.10.18-05.53.25:474][  0]LogDerivedDataCache: FDerivedDataBackendGraph:  CompressedPak pak cache file C:/Users/zacka/Desktop/EasyQuest/RPGGame 4.23/DerivedDataCache/Compressed.ddp not found, will not use a pak cache.
[2019.10.18-05.53.25:474][  0]LogDerivedDataCache: Unable to find inner node CompressedPak for hierarchical cache Hierarchy.
[2019.10.18-05.53.25:521][  0]LogDerivedDataCache: Display: Pak cache opened for reading ../../../Engine/DerivedDataCache/Compressed.ddp.
[2019.10.18-05.53.25:521][  0]LogDerivedDataCache: FDerivedDataBackendGraph:  EnterprisePak pak cache file ../../../Enterprise/DerivedDataCache/Compressed.ddp not found, will not use a pak cache.
[2019.10.18-05.53.25:521][  0]LogDerivedDataCache: Unable to find inner node EnterprisePak for hierarchical cache Hierarchy.
[2019.10.18-05.53.25:523][  0]LogDerivedDataCache: Using Local data cache path C:/Users/zacka/AppData/Local/UnrealEngine/Common/DerivedDataCache: Writable
[2019.10.18-05.53.25:523][  0]LogDerivedDataCache: Shared data cache path not found in *engine.ini, will not use an Shared cache.
[2019.10.18-05.53.25:523][  0]LogDerivedDataCache: Unable to find inner node Shared for hierarchical cache Hierarchy.
[2019.10.18-05.53.25:552][  0]LogMaterial: Verifying Global Shaders for PCD3D_SM5
[2019.10.18-05.53.25:589][  0]LogSlate: Using FreeType 2.6.0
[2019.10.18-05.53.25:650][  0]LogSlate: SlateFontServices - WITH_FREETYPE: 1, WITH_HARFBUZZ: 1
[2019.10.18-05.53.26:206][  0]LogAssetRegistry: FAssetRegistry took 0.0122 seconds to start up
[2019.10.18-05.53.28:920][  0]LogInit: Selected Device Profile: [Windows]
[2019.10.18-05.53.29:998][  0]LogMeshReduction: Using QuadricMeshReduction for automatic static mesh reduction
[2019.10.18-05.53.29:998][  0]LogMeshReduction: Using SimplygonMeshReduction for automatic skeletal mesh reduction
[2019.10.18-05.53.29:998][  0]LogMeshReduction: Using ProxyLODMeshReduction for automatic mesh merging
[2019.10.18-05.53.29:998][  0]LogMeshReduction: No distributed automatic mesh merging module available
[2019.10.18-05.53.29:998][  0]LogMeshMerging: No distributed automatic mesh merging module available
[2019.10.18-05.53.30:286][  0]LogNetVersion: RPGGame 1.0.0, NetCL: 8386587, EngineNetVer: 11, GameNetVer: 0 (Checksum: 3579892519)
[2019.10.18-05.53.32:851][  0]LogPackageLocalizationCache: Processed 12 localized package path(s) for 1 prioritized culture(s) in 0.061372 seconds
[2019.10.18-05.53.32:860][  0]LogUObjectArray: 43444 objects as part of root set at end of initial load.
[2019.10.18-05.53.32:860][  0]LogUObjectAllocator: 7548648 out of 0 bytes used by permanent object pool.
[2019.10.18-05.53.32:860][  0]LogUObjectArray: CloseDisregardForGC: 0/0 objects in disregard for GC pool
[2019.10.18-05.53.38:770][  0]LogTcpMessaging: Initializing TcpMessaging bridge
[2019.10.18-05.53.38:790][  0]LogUdpMessaging: Initializing bridge on interface 0.0.0.0:0 to multicast group 230.0.0.1:6666.
[2019.10.18-05.53.39:256][  0]SourceControl: Source control is disabled
[2019.10.18-05.53.39:262][  0]LogWindows: Warning: CreateProc failed: The system cannot find the file specified. (0x00000002)
[2019.10.18-05.53.39:262][  0]LogWindows: Warning: URL: C:/Program Files/Git/bin/git.exe version
[2019.10.18-05.53.39:263][  0]LogWindows: Warning: CreateProc failed: The system cannot find the file specified. (0x00000002)
[2019.10.18-05.53.39:263][  0]LogWindows: Warning: URL: C:/Program Files (x86)/Git/bin/git.exe version
[2019.10.18-05.53.39:263][  0]LogWindows: Warning: CreateProc failed: The system cannot find the file specified. (0x00000002)
[2019.10.18-05.53.39:263][  0]LogWindows: Warning: URL: C:\Users\zacka\AppData\Local/Programs/Git/cmd/git.exe version
[2019.10.18-05.53.39:263][  0]LogWindows: Warning: CreateProc failed: The system cannot find the file specified. (0x00000002)
[2019.10.18-05.53.39:263][  0]LogWindows: Warning: URL: C:/Program Files (x86)/SmartGit/git/bin/git.exe version
[2019.10.18-05.53.39:263][  0]LogWindows: Warning: CreateProc failed: The system cannot find the file specified. (0x00000002)
[2019.10.18-05.53.39:263][  0]LogWindows: Warning: URL: C:/Program Files (x86)/SmartGit/bin/git.exe version
[2019.10.18-05.53.40:972][  0]LogAndroidPermission: UAndroidPermissionCallbackProxy::GetInstance
[2019.10.18-05.53.41:606][  0]LogOcInput: OculusInput pre-init called
[2019.10.18-05.53.41:663][  0]LogWindows: Failed to load 'OVRPlugin.dll' (GetLastError=126)
[2019.10.18-05.53.41:663][  0]LogWindows: File 'OVRPlugin.dll' does not exist
[2019.10.18-05.53.42:491][  0]LogEngine: Initializing Engine...
[2019.10.18-05.53.42:513][  0]LogHMD: Failed to initialize OpenVR with code 110
[2019.10.18-05.53.42:535][  0]LogStats: UGameplayTagsManager::InitializeManager -  0.015 s
[2019.10.18-05.53.43:093][  0]LogInit: Initializing FReadOnlyCVARCache
[2019.10.18-05.53.43:284][  0]LogAIModule: Creating AISystem for world Untitled
[2019.10.18-05.53.43:455][  0]LogInit: XAudio2 using 'Speakers (2- RIG 800HX)' : 2 channels at 48 kHz using 24 bits per sample (channel mask 0x3)
[2019.10.18-05.53.43:476][  0]LogInit: FAudioDevice initialized.
[2019.10.18-05.53.43:476][  0]LogNetVersion: Set ProjectVersion to 1.0.0.0. Version Checksum will be recalculated on next use.
[2019.10.18-05.53.43:529][  0]LogDerivedDataCache: Saved boot cache 0.05s 73MB C:/Users/zacka/AppData/Local/UnrealEngine/4.23/DerivedDataCache/Boot.ddc.
[2019.10.18-05.53.43:532][  0]LogInit: Texture streaming: Enabled
[2019.10.18-05.53.43:657][  0]LogEngineSessionManager: EngineSessionManager initialized
[2019.10.18-05.53.43:658][  0]LogEngineSessionManager: EngineSessionManager sent abnormal shutdown report. Type=AbnormalShutdown, SessionId={4A312F87-4D4A-8F98-FD41-2EBD382C2145}
[2019.10.18-05.53.43:865][  0]LogInit: Transaction tracking system initialized
[2019.10.18-05.53.44:273][  0]BlueprintLog: New page: Editor Load
[2019.10.18-05.53.45:117][  0]LocalizationService: Localization service is disabled
[2019.10.18-05.53.47:082][  0]LogCook: Display: Max memory allowance for cook 16384mb min free memory 0mb
[2019.10.18-05.53.47:082][  0]LogCook: Display: Mobile HDR setting 1
[2019.10.18-05.53.47:486][  0]LogFileCache: Scanning file cache for directory 'C:/Users/zacka/Desktop/EasyQuest/RPGGame 4.23/Content/' took 0.06s
[2019.10.18-05.53.49:680][  0]LogSlate: Took 0.022025 seconds to synchronously load lazily loaded font '../../../Engine/Content/Slate/Fonts/Roboto-Regular.ttf' (155K)
[2019.10.18-06.39.42:076][  0]LogD3D11RHI: Timed out while waiting for GPU to catch up. (500 ms)
[2019.10.18-06.41.39:923][  0]LogSlate: Window 'Restore Packages' being destroyed
[2019.10.18-06.41.39:931][  0]LogWindowsTextInputMethodSystem: Display: IME system now deactivated.
[2019.10.18-06.41.39:977][  0]LogWindowsTextInputMethodSystem: Display: IME system now deactivated.
[2019.10.18-06.41.40:243][  0]LogWindowsTextInputMethodSystem: Display: IME system now deactivated.
[2019.10.18-06.41.40:306][  0]LogWindowsTextInputMethodSystem: Display: IME system now deactivated.
[2019.10.18-06.41.40:339][  0]Cmd: MAP LOAD FILE="C:/Users/zacka/Desktop/EasyQuest/RPGGame 4.23/Content/ThirdPersonBP/Maps/ThirdPersonExampleMap.umap" TEMPLATE=0 SHOWPROGRESS=1 FEATURELEVEL=3
[2019.10.18-06.41.40:340][  0]LightingResults: New page: Lighting Build
[2019.10.18-06.41.40:512][  0]LogWorld: UWorld::CleanupWorld for Untitled, bSessionEnded=true, bCleanupResources=true
[2019.10.18-06.41.40:556][  0]MapCheck: New page: Map Check
[2019.10.18-06.41.40:556][  0]LightingResults: New page: Lighting Build
[2019.10.18-06.41.40:973][  0]LogUObjectHash: Compacting FUObjectHashTables data took   1.70ms
[2019.10.18-06.41.41:335][  0]LogProperty: Error: UStructProperty::Serialize Loading: Property 'StructProperty /Game/QuestSystem/Quest_UI/SingleObjective_UI.SingleObjective_UI_C:Objective'. Unknown structure.
[2019.10.18-06.41.41:335][  0]LogClass: Warning: Property Objective of Objective has a struct type mismatch (tag STRUCT_REINST_ObjectiveData_0 != prop FallbackStruct) in package:  C:/Users/zacka/Desktop/EasyQuest/RPGGame 4.23/Content/QuestSystem/Quest_UI/SingleObjective_UI.uasset. If that struct got renamed, add an entry to ActiveStructRedirects.
[2019.10.18-06.41.41:338][  0]LogProperty: Error: UStructProperty::Serialize Loading: Property 'StructProperty /Game/QuestSystem/Quest_UI/Objectives_UI.Objectives_UI_C:ExecuteUbergraph_Objectives_UI.CallFunc_Array_Get_Item'. Unknown structure.
[2019.10.18-06.41.41:338][  0]LogProperty: Error: UStructProperty::Serialize Loading: Property 'StructProperty /Game/QuestSystem/Quest_UI/Objectives_UI.Objectives_UI_C:Objectives.Objectives'. Unknown structure.
[2019.10.18-06.41.41:346][  0]LogProperty: Error: UStructProperty::Serialize Loading: Property 'StructProperty /Game/QuestSystem/Quest_UI/Quest_UI.Quest_UI_C:ExecuteUbergraph_Quest_UI.CallFunc_Array_Get_Item'. Unknown structure.
[2019.10.18-06.41.41:358][  0]LogProperty: Error: UStructProperty::Serialize Loading: Property 'StructProperty /Game/QuestSystem/Quest_UI/QuestLog_UI.QuestLog_UI_C:ExecuteUbergraph_QuestLog_UI.CallFunc_Array_Get_Item_1'. Unknown structure.
[2019.10.18-06.41.42:078][  0]LogClass: Warning: Property Objectives of Objectives has a struct type mismatch (tag FallbackStruct != prop ObjectiveData) in package:  FObjectReader. If that struct got renamed, add an entry to ActiveStructRedirects.
[2019.10.18-06.41.42:079][  0]LogClass: Warning: Property Objective of Objective has a struct type mismatch (tag FallbackStruct != prop ObjectiveData) in package:  FObjectReader. If that struct got renamed, add an entry to ActiveStructRedirects.
[2019.10.18-06.41.42:668][  0]LogPackageName: Warning: Asset path "FX_Meshes.UI.SM_SelectionMesh_01" is in short form, which is unsupported and -- even if valid -- resolving it will be really slow.
[2019.10.18-06.41.42:668][  0]LogPackageName: Warning: Please consider resaving package in order to speed-up loading.
[2019.10.18-06.41.42:961][  0]LogPackageName: SearchForPackageOnDisk took   0.293s, but failed to resolve FX_Meshes.
[2019.10.18-06.41.42:961][  0]LogPackageName: Warning: Asset path "FX_Meshes.UI.SM_SelectionMesh_01" could not be resolved.
[2019.10.18-06.41.43:730][  0]LogAIModule: Creating AISystem for world ThirdPersonExampleMap
[2019.10.18-06.41.44:411][  0]LogEditorServer: Finished looking for orphan Actors (0.000 secs)
[2019.10.18-06.41.44:600][  0]LogUObjectHash: Compacting FUObjectHashTables data took   2.38ms
[2019.10.18-06.41.44:601][  0]Cmd: MAP CHECKDEP NOCLEARLOG
[2019.10.18-06.41.44:607][  0]MapCheck: Map check complete: 0 Error(s), 0 Warning(s), took 5.91ms to complete.
[2019.10.18-06.41.44:607][  0]LogFileHelpers: Loading map 'ThirdPersonExampleMap' took 4.277
[2019.10.18-06.41.46:310][  0]LogSlate: Updating window title bar state: overlay mode, drag disabled, window buttons hidden, title bar hidden
[2019.10.18-06.41.46:318][  0]LogSlate: Updating window title bar state: overlay mode, drag disabled, window buttons hidden, title bar hidden
[2019.10.18-06.41.46:326][  0]LogSlate: Updating window title bar state: overlay mode, drag disabled, window buttons hidden, title bar hidden
[2019.10.18-06.41.46:334][  0]LogSlate: Updating window title bar state: overlay mode, drag disabled, window buttons hidden, title bar hidden
[2019.10.18-06.41.46:434][  0]LogCollectionManager: Loaded 0 collections in 0.002247 seconds
[2019.10.18-06.41.46:526][  0]LogFileCache: Scanning file cache for directory 'C:/Users/zacka/Desktop/EasyQuest/RPGGame 4.23/Saved/Collections/' took 0.00s
[2019.10.18-06.41.46:526][  0]LogFileCache: Scanning file cache for directory 'C:/Users/zacka/Desktop/EasyQuest/RPGGame 4.23/Content/Developers/zacka/Collections/' took 0.00s
[2019.10.18-06.41.46:526][  0]LogFileCache: Scanning file cache for directory 'C:/Users/zacka/Desktop/EasyQuest/RPGGame 4.23/Content/Collections/' took 0.00s
[2019.10.18-06.41.46:526][  0]LogCollectionManager: Rebuilt the GUID cache for 0 collections in 0.000002 seconds
[2019.10.18-06.41.46:537][  0]LogContentBrowser: Native class hierarchy populated in 0.0098 seconds. Added 2863 classes and 680 folders.
[2019.10.18-06.41.46:703][  0]LogContentBrowser: Native class hierarchy updated for 'WidgetCarousel' in 0.0003 seconds. Added 0 classes and 0 folders.
[2019.10.18-06.41.47:567][  0]LogContentBrowser: Native class hierarchy updated for 'AddContentDialog' in 0.0002 seconds. Added 0 classes and 0 folders.
[2019.10.18-06.41.47:683][  0]LogContentBrowser: Native class hierarchy updated for 'SceneOutliner' in 0.0003 seconds. Added 1 classes and 2 folders.
[2019.10.18-06.41.48:170][  0]LogSlate: Took 0.027989 seconds to synchronously load lazily loaded font '../../../Engine/Content/Slate/Fonts/Roboto-Bold.ttf' (160K)
[2019.10.18-06.41.48:237][  0]LogSlate: Took 0.014495 seconds to synchronously load lazily loaded font '../../../Engine/Content/Editor/Slate/Fonts/FontAwesome.ttf' (139K)
[2019.10.18-06.41.48:747][  0]LogRenderer: Reallocating scene render targets to support 2532x1020 Format 10 NumSamples 1 (Frame:1).
[2019.10.18-06.41.49:254][  0]LogContentBrowser: Native class hierarchy updated for 'HierarchicalLODOutliner' in 0.0003 seconds. Added 0 classes and 0 folders.
[2019.10.18-06.41.49:254][  0]LogLoad: (Engine Initialization) Total time: 2920.75 seconds
[2019.10.18-06.41.49:254][  0]LogLoad: (Engine Initialization) Total Blueprint compile time: 0.00 seconds
[2019.10.18-06.41.49:755][  0]LogContentStreaming: Texture pool size now 1000 MB
[2019.10.18-06.41.50:512][  4]LogSlate: Took 0.008780 seconds to synchronously load lazily loaded font '../../../Engine/Content/Slate/Fonts/Roboto-Light.ttf' (167K)
[2019.10.18-06.41.51:265][ 15]LogAssetRegistry: Asset discovery search completed in 2905.0600 seconds
[2019.10.18-06.41.51:291][ 15]LogCollectionManager: Rebuilt the object cache for 0 collections in 0.011020 seconds (found 0 objects)
[2019.10.18-06.41.51:291][ 15]LogCollectionManager: Fixed up redirectors for 0 collections in 0.011100 seconds (updated 0 objects)
[2019.10.18-07.10.31:799][197]LogSlate: FSceneViewport::OnFocusLost() reason 0
[2019.10.18-07.10.42:451][205]LogSlate: Took 0.008334 seconds to synchronously load lazily loaded font '../../../Engine/Content/Slate/Fonts/Roboto-BoldCondensed.ttf' (158K)
[2019.10.18-07.10.45:080][450]LogSlate: Window 'Add C++ Class' being destroyed
[2019.10.18-07.11.43:298][517]LogSlate: Window 'Pick Parent Class' being destroyed
[2019.10.18-07.12.12:441][955]LogAssetEditorManager: Opening Asset editor for UserDefinedStruct /Game/InventorySystem/ItemStructure.ItemStructure
[2019.10.18-07.12.49:468][255]LogUObjectHash: Compacting FUObjectHashTables data took   2.12ms
[2019.10.18-07.12.49:468][255]LogFileHelpers: Editor autosave (incl. sublevels) for '/Game/ThirdPersonBP/Maps/ThirdPersonExampleMap' took 0.054
[2019.10.18-07.12.49:477][255]OBJ SavePackage: Generating thumbnails for [0] asset(s) in package [/Game/InventorySystem/InventoryComponent] ([1] browsable assets)...
[2019.10.18-07.12.49:477][255]OBJ SavePackage: Finished generating thumbnails for package [/Game/InventorySystem/InventoryComponent]
[2019.10.18-07.12.49:584][255]LogSavePackage: Moving 'C:/Users/zacka/Desktop/EasyQuest/RPGGame 4.23/Saved/InventoryComponent_Auto1AADDDDF84AF04C8D9D2AF0AA4E82D1CF.tmp' to 'C:/Users/zacka/Desktop/EasyQuest/RPGGame 4.23/Saved/Autosaves/Game/InventorySystem/InventoryComponent_Auto1.uasset'
[2019.10.18-07.12.49:606][255]OBJ SavePackage: Generating thumbnails for [0] asset(s) in package [/Game/InventorySystem/ItemStructure] ([1] browsable assets)...
[2019.10.18-07.12.49:606][255]OBJ SavePackage: Finished generating thumbnails for package [/Game/InventorySystem/ItemStructure]
[2019.10.18-07.12.49:612][255]LogSavePackage: Moving 'C:/Users/zacka/Desktop/EasyQuest/RPGGame 4.23/Saved/ItemStructure_Auto15EFDB94D47227C7ECE2A39BB7CB0052A.tmp' to 'C:/Users/zacka/Desktop/EasyQuest/RPGGame 4.23/Saved/Autosaves/Game/InventorySystem/ItemStructure_Auto1.uasset'
[2019.10.18-07.12.49:614][255]LogFileHelpers: Auto-saving content packages took 0.144
[2019.10.18-07.15.50:357][321]LogSlate: Took 0.012824 seconds to synchronously load lazily loaded font '../../../Engine/Content/Slate/Fonts/Roboto-BoldCondensedItalic.ttf' (160K)
[2019.10.18-07.19.00:715][488]Cmd: OBJ SAVEPACKAGE PACKAGE="/Game/InventorySystem/ItemStructure" FILE="C:/Users/zacka/Desktop/EasyQuest/RPGGame 4.23/Content/InventorySystem/ItemStructure.uasset" SILENT=true
[2019.10.18-07.19.00:721][488]LogSavePackage: Moving 'C:/Users/zacka/Desktop/EasyQuest/RPGGame 4.23/Saved/ItemStructure5703F98047CF4B4EBE0258AB20ABC6B2.tmp' to 'C:/Users/zacka/Desktop/EasyQuest/RPGGame 4.23/Content/InventorySystem/ItemStructure.uasset'
[2019.10.18-07.19.13:114][779]LogSlate: Window 'Pick Parent Class' being destroyed
[2019.10.18-07.20.05:992][434]Cmd: OBJ SAVEPACKAGE PACKAGE="/Game/InventorySystem/ItemStructure" FILE="C:/Users/zacka/Desktop/EasyQuest/RPGGame 4.23/Content/InventorySystem/ItemStructure.uasset" SILENT=true
[2019.10.18-07.20.06:016][434]LogSavePackage: Moving 'C:/Users/zacka/Desktop/EasyQuest/RPGGame 4.23/Saved/ItemStructureB4C5FCBD4F171E42A5D8319FC0DCC791.tmp' to 'C:/Users/zacka/Desktop/EasyQuest/RPGGame 4.23/Content/InventorySystem/ItemStructure.uasset'
[2019.10.18-07.20.06:200][443]Cmd: OBJ SAVEPACKAGE PACKAGE="/Game/InventorySystem/ItemStructure" FILE="C:/Users/zacka/Desktop/EasyQuest/RPGGame 4.23/Content/InventorySystem/ItemStructure.uasset" SILENT=true
[2019.10.18-07.20.06:217][443]LogSavePackage: Moving 'C:/Users/zacka/Desktop/EasyQuest/RPGGame 4.23/Saved/ItemStructure6C1BC86A41BFD9BC35191E82D743C43E.tmp' to 'C:/Users/zacka/Desktop/EasyQuest/RPGGame 4.23/Content/InventorySystem/ItemStructure.uasset'
[2019.10.18-07.20.11:356][  8]LogSlate: Window 'ItemStructure' being destroyed
[2019.10.18-07.20.11:363][  8]LogSlate: Window 'ItemStructure' being destroyed
[2019.10.18-07.20.25:827][597]LogMetaData: Removing '/Game/InventorySystem/Item/Item.Item:UserConstructionScript.K2Node_FunctionEntry_0' ref from Metadata '/Game/InventorySystem/Item.PackageMetaData'
[2019.10.18-07.20.25:827][597]LogMetaData: Removing '/Game/InventorySystem/Item/Item.SKEL_Item_C:DefaultSceneRoot' ref from Metadata '/Game/InventorySystem/Item.PackageMetaData'
[2019.10.18-07.20.25:827][597]LogMetaData: Removing '/Game/InventorySystem/Item/Item.SKEL_Item_C:UserConstructionScript' ref from Metadata '/Game/InventorySystem/Item.PackageMetaData'
[2019.10.18-07.20.25:827][597]LogMetaData: Removing '/Game/InventorySystem/Item/Item.SKEL_Item_C' ref from Metadata '/Game/InventorySystem/Item.PackageMetaData'
[2019.10.18-07.20.25:827][597]LogMetaData: Removing '/Game/InventorySystem/Item/Item.Item_C:DefaultSceneRoot' ref from Metadata '/Game/InventorySystem/Item.PackageMetaData'
[2019.10.18-07.20.25:827][597]LogMetaData: Removing '/Game/InventorySystem/Item/Item.Item_C' ref from Metadata '/Game/InventorySystem/Item.PackageMetaData'
[2019.10.18-07.20.25:827][597]LogMetaData: Removing '/Game/InventorySystem/Item/Item.Item:EventGraph.K2Node_Event_0' ref from Metadata '/Game/InventorySystem/Item.PackageMetaData'
[2019.10.18-07.20.25:827][597]LogMetaData: Removing '/Game/InventorySystem/Item/Item.Item:EventGraph.K2Node_Event_1' ref from Metadata '/Game/InventorySystem/Item.PackageMetaData'
[2019.10.18-07.20.25:827][597]LogMetaData: Removing '/Game/InventorySystem/Item/Item.Item:EventGraph.K2Node_Event_2' ref from Metadata '/Game/InventorySystem/Item.PackageMetaData'
[2019.10.18-07.20.25:866][597]Cmd: OBJ SAVEPACKAGE PACKAGE="/Game/InventorySystem/Item/Item" FILE="C:/Users/zacka/Desktop/EasyQuest/RPGGame 4.23/Content/InventorySystem/Item/Item.uasset" SILENT=true
[2019.10.18-07.20.25:882][597]LogSavePackage: Moving 'C:/Users/zacka/Desktop/EasyQuest/RPGGame 4.23/Saved/ItemC461E30A413C327C486EA08AB0896CCF.tmp' to 'C:/Users/zacka/Desktop/EasyQuest/RPGGame 4.23/Content/InventorySystem/Item/Item.uasset'
[2019.10.18-07.20.26:362][597]LogUObjectHash: Compacting FUObjectHashTables data took   2.33ms
[2019.10.18-07.20.26:400][597]LogUObjectHash: Compacting FUObjectHashTables data took   1.88ms
[2019.10.18-07.20.26:432][597]LogUObjectHash: Compacting FUObjectHashTables data took   0.81ms
[2019.10.18-07.20.26:538][597]Cmd: OBJ SAVEPACKAGE PACKAGE="/Game/InventorySystem/ItemStructure" FILE="C:/Users/zacka/Desktop/EasyQuest/RPGGame 4.23/Content/InventorySystem/ItemStructure.uasset" SILENT=true
[2019.10.18-07.20.26:555][597]LogSavePackage: Moving 'C:/Users/zacka/Desktop/EasyQuest/RPGGame 4.23/Saved/ItemStructure9DAD0A514FDE37D06BA375B9AA53FA66.tmp' to 'C:/Users/zacka/Desktop/EasyQuest/RPGGame 4.23/Content/InventorySystem/ItemStructure.uasset'
[2019.10.18-07.20.29:921][984]LogAssetEditorManager: Opening Asset editor for Blueprint /Game/InventorySystem/Item/Item.Item
[2019.10.18-07.20.30:460][984]LogContentBrowser: Native class hierarchy updated for 'BlueprintGraph' in 0.0006 seconds. Added 121 classes and 0 folders.
[2019.10.18-07.20.32:092][984]LogRenderer: Reallocating scene render targets to support 2532x1232 Format 10 NumSamples 1 (Frame:1).
[2019.10.18-07.20.49:273][783]BlueprintLog: New page: Compile Item
[2019.10.18-07.20.49:768][783]LogUObjectHash: Compacting FUObjectHashTables data took   3.81ms
[2019.10.18-07.21.12:711][133]LogAssetEditorManager: Opening Asset editor for Blueprint /Game/InventorySystem/InventoryComponent.InventoryComponent
[2019.10.18-07.22.37:276][ 98]LogAssetEditorManager: Opening Asset editor for UserDefinedStruct /Game/InventorySystem/SlotStructure.SlotStructure
[2019.10.18-07.23.04:072][272]Cmd: OBJ SAVEPACKAGE PACKAGE="/Game/InventorySystem/SlotStructure" FILE="C:/Users/zacka/Desktop/EasyQuest/RPGGame 4.23/Content/InventorySystem/SlotStructure.uasset" SILENT=true
[2019.10.18-07.23.04:075][272]LogSavePackage: Moving 'C:/Users/zacka/Desktop/EasyQuest/RPGGame 4.23/Saved/SlotStructureFBCDF8474FA9FA9DF299E9A6FCACB548.tmp' to 'C:/Users/zacka/Desktop/EasyQuest/RPGGame 4.23/Content/InventorySystem/SlotStructure.uasset'
[2019.10.18-07.24.08:350][377]LogUObjectHash: Compacting FUObjectHashTables data took   3.68ms
[2019.10.18-07.24.08:350][377]LogFileHelpers: Editor autosave (incl. sublevels) for '/Game/ThirdPersonBP/Maps/ThirdPersonExampleMap' took 0.043
[2019.10.18-07.24.08:351][377]OBJ SavePackage: Generating thumbnails for [0] asset(s) in package [/Game/InventorySystem/InventoryComponent] ([1] browsable assets)...
[2019.10.18-07.24.08:351][377]OBJ SavePackage: Finished generating thumbnails for package [/Game/InventorySystem/InventoryComponent]
[2019.10.18-07.24.08:357][377]LogSavePackage: Moving 'C:/Users/zacka/Desktop/EasyQuest/RPGGame 4.23/Saved/InventoryComponent_Auto21715F44449415319E11DC7ACA96A721F.tmp' to 'C:/Users/zacka/Desktop/EasyQuest/RPGGame 4.23/Saved/Autosaves/Game/InventorySystem/InventoryComponent_Auto2.uasset'
[2019.10.18-07.24.08:359][377]OBJ SavePackage: Generating thumbnails for [0] asset(s) in package [/Game/InventorySystem/Item/Item] ([1] browsable assets)...
[2019.10.18-07.24.08:359][377]OBJ SavePackage: Finished generating thumbnails for package [/Game/InventorySystem/Item/Item]
[2019.10.18-07.24.08:359][377]Cmd: OBJ SAVEPACKAGE PACKAGE="/Game/InventorySystem/Item/Item" FILE="C:/Users/zacka/Desktop/EasyQuest/RPGGame 4.23/Saved/Autosaves/Game/InventorySystem/Item/Item_Auto2.uasset" SILENT=false AUTOSAVING=true
[2019.10.18-07.24.08:885][377]LogSavePackage: Moving 'C:/Users/zacka/Desktop/EasyQuest/RPGGame 4.23/Saved/Item_Auto2E2791C6A4FE4C126EA24F988EC3AD01F.tmp' to 'C:/Users/zacka/Desktop/EasyQuest/RPGGame 4.23/Saved/Autosaves/Game/InventorySystem/Item/Item_Auto2.uasset'
[2019.10.18-07.24.08:887][377]LogFileHelpers: Auto-saving content packages took 0.536
[2019.10.18-07.24.55:284][518]BlueprintLog: New page: Compile InventoryComponent
[2019.10.18-07.24.55:328][518]LogUObjectHash: Compacting FUObjectHashTables data took   3.24ms
[2019.10.18-07.24.57:479][698]LogSlate: Took 0.012313 seconds to synchronously load lazily loaded font '../../../Engine/Content/Slate/Fonts/Roboto-Italic.ttf' (157K)
[2019.10.18-07.25.17:820][734]LogAssetEditorManager: Opening Asset editor for AnimBlueprint /Game/ThirdPersonBP/Blueprints/MageCharacter/EVEBP.EVEBP
[2019.10.18-07.25.17:900][734]LogContentBrowser: Native class hierarchy updated for 'SkeletonEditor' in 0.0003 seconds. Added 1 classes and 2 folders.
[2019.10.18-07.25.18:333][734]LogActorComponent: RegisterComponentWithWorld: (/Engine/Transient.World_12:PersistentLevel.AnimationEditorPreviewActor_0.DebugSkelMeshComponent_0) Already registered. Aborting.
[2019.10.18-07.25.18:353][734]LogContentBrowser: Native class hierarchy updated for 'PinnedCommandList' in 0.0002 seconds. Added 1 classes and 0 folders.
[2019.10.18-07.25.18:762][734]LogSkeletalMesh: USkeletalMeshComponent::InitArticulated : Bodies already created (/Engine/Transient.World_12:PersistentLevel.AnimationEditorPreviewActor_0.DebugSkelMeshComponent_0) - call TermArticulated first.
[2019.10.18-07.25.49:282][ 90]LogAssetEditorManager: Opening Asset editor for Skeleton /Game/ThirdPersonBP/Blueprints/MageCharacter/Eve_by_J__Gonzales_Skeleton.Eve_by_J__Gonzales_Skeleton
[2019.10.18-07.25.49:293][ 90]LogActorComponent: RegisterComponentWithWorld: (/Engine/Transient.World_14:PersistentLevel.AnimationEditorPreviewActor_0.DebugSkelMeshComponent_0) Already registered. Aborting.
[2019.10.18-07.25.49:724][ 90]LogSkeletalMesh: USkeletalMeshComponent::InitArticulated : Bodies already created (/Engine/Transient.World_14:PersistentLevel.AnimationEditorPreviewActor_0.DebugSkelMeshComponent_0) - call TermArticulated first.
[2019.10.18-07.25.49:933][ 90]LogRenderer: Reallocating scene render targets to support 2532x1536 Format 10 NumSamples 1 (Frame:1).
[2019.10.18-07.25.52:149][253]LogAssetEditorManager: Opening Asset editor for SkeletalMesh /Game/ThirdPersonBP/Blueprints/MageCharacter/Eve_by_J__Gonzales.Eve_by_J__Gonzales
[2019.10.18-07.25.52:164][253]LogActorComponent: RegisterComponentWithWorld: (/Engine/Transient.World_15:PersistentLevel.AnimationEditorPreviewActor_0.DebugSkelMeshComponent_0) Already registered. Aborting.
[2019.10.18-07.25.52:197][253]LogSkeletalMesh: USkeletalMeshComponent::InitArticulated : Bodies already created (/Engine/Transient.World_15:PersistentLevel.AnimationEditorPreviewActor_0.DebugSkelMeshComponent_0) - call TermArticulated first.
[2019.10.18-07.25.53:837][364]LogAssetEditorManager: Opening Asset editor for PhysicsAsset /Game/ThirdPersonBP/Blueprints/MageCharacter/Eve_by_J__Gonzales_PhysicsAsset.Eve_by_J__Gonzales_PhysicsAsset
[2019.10.18-07.25.53:926][364]LogContentBrowser: Native class hierarchy updated for 'PhysicsAssetEditor' in 0.0003 seconds. Added 7 classes and 3 folders.
[2019.10.18-07.25.53:972][364]LogActorComponent: RegisterComponentWithWorld: (/Engine/Transient.World_16:PersistentLevel.AnimationEditorPreviewActor_0.PhysicsAssetEditorSkeletalMeshComponent_0) Already registered. Aborting.
[2019.10.18-07.26.02:117][ 25]LogAssetEditorManager: Opening Asset editor for Blueprint /Game/ThirdPersonBP/Blueprints/MageCharacter/MagicCharacter.MagicCharacter
[2019.10.18-07.28.03:015][876]LogAssetEditorManager: Opening Asset editor for Blueprint /Game/InventorySystem/Item/Item_Herb.Item_Herb
[2019.10.18-07.28.31:922][277]LogWorld: UWorld::CleanupWorld for World_18, bSessionEnded=true, bCleanupResources=true
[2019.10.18-07.29.18:942][332]BlueprintLog: New page: Compile Item
[2019.10.18-07.29.19:751][332]LogUObjectHash: Compacting FUObjectHashTables data took   7.55ms
[2019.10.18-07.29.24:816][852]LogUObjectHash: Compacting FUObjectHashTables data took   5.68ms
[2019.10.18-07.29.26:094][852]LogSlate: Window 'Delete Assets' being destroyed
[2019.10.18-07.29.26:219][852]LogUObjectHash: Compacting FUObjectHashTables data took   3.93ms
[2019.10.18-07.29.35:263][850]LogAssetEditorManager: Opening Asset editor for Blueprint /Game/InventorySystem/Item/Item_Herb.Item_Herb
[2019.10.18-07.30.28:385][586]LogSlate: FSceneViewport::OnFocusLost() reason 0
[2019.10.18-07.31.31:964][ 40]BlueprintLog: New page: Compile Item
[2019.10.18-07.31.32:309][ 40]LogUObjectHash: Compacting FUObjectHashTables data took   7.68ms
[2019.10.18-07.31.32:326][ 40]BlueprintLog: New page: Compile Item
[2019.10.18-07.31.32:636][ 40]LogUObjectHash: Compacting FUObjectHashTables data took   4.88ms
[2019.10.18-07.31.37:589][469]LogWorld: UWorld::CleanupWorld for World_22, bSessionEnded=true, bCleanupResources=true
[2019.10.18-07.31.44:296][  3]LogUObjectHash: Compacting FUObjectHashTables data took   4.86ms
[2019.10.18-07.31.45:645][  3]LogSlate: Window 'Delete Assets' being destroyed
[2019.10.18-07.31.45:651][  3]LogUObjectGlobals: Force Deleting 1 Package(s):
	Asset Name: /Game/InventorySystem/Item/Item_Herb.Item_Herb
[2019.10.18-07.31.47:311][  3]LogUObjectHash: Compacting FUObjectHashTables data took   4.17ms
[2019.10.18-07.31.47:685][  3]LogUObjectHash: Compacting FUObjectHashTables data took   3.72ms
[2019.10.18-07.31.58:958][999]LogAssetEditorManager: Opening Asset editor for Blueprint /Game/InventorySystem/Item/Item_Herb.Item_Herb
[2019.10.18-07.33.43:199][702]LogSlate: FSceneViewport::OnFocusLost() reason 5
[2019.10.18-07.33.43:291][702]Cmd: OBJ SAVEPACKAGE PACKAGE="/Game/InventorySystem/Item/Item_Herb" FILE="C:/Users/zacka/Desktop/EasyQuest/RPGGame 4.23/Content/InventorySystem/Item/Item_Herb.uasset" SILENT=true
[2019.10.18-07.33.43:301][702]LogSavePackage: Moving 'C:/Users/zacka/Desktop/EasyQuest/RPGGame 4.23/Saved/Item_Herb2B0EDC074E781A7082E598B212C12422.tmp' to 'C:/Users/zacka/Desktop/EasyQuest/RPGGame 4.23/Content/InventorySystem/Item/Item_Herb.uasset'
[2019.10.18-07.33.48:335][153]LogSlate: FSceneViewport::OnFocusLost() reason 5
[2019.10.18-07.33.48:440][153]Cmd: OBJ SAVEPACKAGE PACKAGE="/Game/InventorySystem/Item/Item_Herb" FILE="C:/Users/zacka/Desktop/EasyQuest/RPGGame 4.23/Content/InventorySystem/Item/Item_Herb.uasset" SILENT=true
[2019.10.18-07.33.48:461][153]LogSavePackage: Moving 'C:/Users/zacka/Desktop/EasyQuest/RPGGame 4.23/Saved/Item_Herb36D6000D4E5C9AE60A2BF38948697289.tmp' to 'C:/Users/zacka/Desktop/EasyQuest/RPGGame 4.23/Content/InventorySystem/Item/Item_Herb.uasset'
[2019.10.18-07.34.03:826][551]LogSlate: FSceneViewport::OnFocusLost() reason 5
[2019.10.18-07.34.03:917][551]Cmd: OBJ SAVEPACKAGE PACKAGE="/Game/InventorySystem/Item/Item_Herb" FILE="C:/Users/zacka/Desktop/EasyQuest/RPGGame 4.23/Content/InventorySystem/Item/Item_Herb.uasset" SILENT=true
[2019.10.18-07.34.03:937][551]LogSavePackage: Moving 'C:/Users/zacka/Desktop/EasyQuest/RPGGame 4.23/Saved/Item_HerbBAADCD1541E36DD2CA1078B13677E808.tmp' to 'C:/Users/zacka/Desktop/EasyQuest/RPGGame 4.23/Content/InventorySystem/Item/Item_Herb.uasset'
[2019.10.18-07.34.07:860][889]LogSlate: FSceneViewport::OnFocusLost() reason 0
[2019.10.18-07.34.35:005][234]LogUObjectHash: Compacting FUObjectHashTables data took   4.60ms
[2019.10.18-07.34.35:768][234]LogSavePackage: Moving 'C:/Users/zacka/Desktop/EasyQuest/RPGGame 4.23/Saved/ThirdPersonExampleMap_Auto382DD26744B3B718E4B4E2EA22B201581.tmp' to 'C:/Users/zacka/Desktop/EasyQuest/RPGGame 4.23/Saved/Autosaves/Game/ThirdPersonBP/Maps/ThirdPersonExampleMap_Auto3.umap'
[2019.10.18-07.34.35:772][234]LogFileHelpers: Editor autosave (incl. sublevels) for '/Game/ThirdPersonBP/Maps/ThirdPersonExampleMap' took 0.816
[2019.10.18-07.34.35:772][234]LogFileHelpers: Editor autosave (incl. sublevels) for all levels took 0.816
[2019.10.18-07.34.35:774][234]OBJ SavePackage: Generating thumbnails for [1] asset(s) in package [/Game/ThirdPersonBP/Blueprints/MageCharacter/MagicCharacter] ([1] browsable assets)...
[2019.10.18-07.34.35:806][234]OBJ SavePackage:     Rendered thumbnail for [Blueprint /Game/ThirdPersonBP/Blueprints/MageCharacter/MagicCharacter.MagicCharacter]
[2019.10.18-07.34.35:806][234]OBJ SavePackage: Finished generating thumbnails for package [/Game/ThirdPersonBP/Blueprints/MageCharacter/MagicCharacter]
[2019.10.18-07.34.35:976][234]LogSavePackage: Moving 'C:/Users/zacka/Desktop/EasyQuest/RPGGame 4.23/Saved/MagicCharacter_Auto3707A5D4740BB9607AD21CF8DFBF5C99E.tmp' to 'C:/Users/zacka/Desktop/EasyQuest/RPGGame 4.23/Saved/Autosaves/Game/ThirdPersonBP/Blueprints/MageCharacter/MagicCharacter_Auto3.uasset'
[2019.10.18-07.34.35:979][234]OBJ SavePackage: Generating thumbnails for [0] asset(s) in package [/Game/InventorySystem/Item/Item] ([1] browsable assets)...
[2019.10.18-07.34.35:979][234]OBJ SavePackage: Finished generating thumbnails for package [/Game/InventorySystem/Item/Item]
[2019.10.18-07.34.35:979][234]Cmd: OBJ SAVEPACKAGE PACKAGE="/Game/InventorySystem/Item/Item" FILE="C:/Users/zacka/Desktop/EasyQuest/RPGGame 4.23/Saved/Autosaves/Game/InventorySystem/Item/Item_Auto3.uasset" SILENT=false AUTOSAVING=true
[2019.10.18-07.34.35:999][234]LogSavePackage: Moving 'C:/Users/zacka/Desktop/EasyQuest/RPGGame 4.23/Saved/Item_Auto330BB1F4B4AE3D87B493237AC8715C039.tmp' to 'C:/Users/zacka/Desktop/EasyQuest/RPGGame 4.23/Saved/Autosaves/Game/InventorySystem/Item/Item_Auto3.uasset'
[2019.10.18-07.34.36:001][234]LogFileHelpers: Auto-saving content packages took 0.227
[2019.10.18-07.35.20:556][133]LogSlate: FSceneViewport::OnFocusLost() reason 0
[2019.10.18-07.36.11:644][762]LogSlate: FSceneViewport::OnFocusLost() reason 0
[2019.10.18-07.36.11:689][767]BlueprintLog: New page: Compile Item_Herb
[2019.10.18-07.36.12:069][767]LogUObjectHash: Compacting FUObjectHashTables data took   5.22ms
[2019.10.18-07.36.12:075][767]BlueprintLog: New page: Compile Item_Herb
[2019.10.18-07.36.12:385][767]LogUObjectHash: Compacting FUObjectHashTables data took   5.73ms
[2019.10.18-07.36.12:390][767]BlueprintLog: New page: Compile Item_Herb
[2019.10.18-07.36.12:704][767]LogUObjectHash: Compacting FUObjectHashTables data took   5.53ms
[2019.10.18-07.36.35:642][970]BlueprintLog: New page: Compile Item
[2019.10.18-07.36.35:957][970]LogUObjectHash: Compacting FUObjectHashTables data took   5.76ms
[2019.10.18-07.36.35:969][970]BlueprintLog: New page: Compile Item
[2019.10.18-07.36.36:298][970]LogUObjectHash: Compacting FUObjectHashTables data took   6.48ms
[2019.10.18-07.36.36:308][970]BlueprintLog: New page: Compile Item
[2019.10.18-07.36.36:622][970]LogUObjectHash: Compacting FUObjectHashTables data took   5.94ms
[2019.10.18-07.36.41:862][528]LogUObjectHash: Compacting FUObjectHashTables data took   5.74ms
[2019.10.18-07.36.42:269][528]LogUObjectHash: Compacting FUObjectHashTables data took   1.15ms
[2019.10.18-07.36.42:578][528]LogSavePackage: Moving 'C:/Users/zacka/Desktop/EasyQuest/RPGGame 4.23/Saved/ThirdPersonExampleMap885E46E04E323C583224328998251E41.tmp' to 'C:/Users/zacka/Desktop/EasyQuest/RPGGame 4.23/Content/ThirdPersonBP/Maps/ThirdPersonExampleMap.umap'
[2019.10.18-07.36.42:601][528]LogFileHelpers: Saving map 'ThirdPersonExampleMap' took 0.376
[2019.10.18-07.36.42:729][528]LogSavePackage: Moving 'C:/Users/zacka/Desktop/EasyQuest/RPGGame 4.23/Saved/MagicCharacter44FBAABD4A97ABDCC170738E9EE38F60.tmp' to 'C:/Users/zacka/Desktop/EasyQuest/RPGGame 4.23/Content/ThirdPersonBP/Blueprints/MageCharacter/MagicCharacter.uasset'
[2019.10.18-07.36.42:736][528]Cmd: OBJ SAVEPACKAGE PACKAGE="/Game/InventorySystem/InventoryComponent" FILE="C:/Users/zacka/Desktop/EasyQuest/RPGGame 4.23/Content/InventorySystem/InventoryComponent.uasset" SILENT=true
[2019.10.18-07.36.42:741][528]LogSavePackage: Moving 'C:/Users/zacka/Desktop/EasyQuest/RPGGame 4.23/Saved/InventoryComponent3662CD8A4442BA29DCA32DABAB2BF040.tmp' to 'C:/Users/zacka/Desktop/EasyQuest/RPGGame 4.23/Content/InventorySystem/InventoryComponent.uasset'
[2019.10.18-07.36.42:923][528]Cmd: OBJ SAVEPACKAGE PACKAGE="/Game/InventorySystem/Item/Item" FILE="C:/Users/zacka/Desktop/EasyQuest/RPGGame 4.23/Content/InventorySystem/Item/Item.uasset" SILENT=true
[2019.10.18-07.36.42:943][528]LogSavePackage: Moving 'C:/Users/zacka/Desktop/EasyQuest/RPGGame 4.23/Saved/ItemFF84F9F2484DD90F90181F9EAFE1CAF0.tmp' to 'C:/Users/zacka/Desktop/EasyQuest/RPGGame 4.23/Content/InventorySystem/Item/Item.uasset'
[2019.10.18-07.36.42:950][528]Cmd: OBJ SAVEPACKAGE PACKAGE="/Game/InventorySystem/Item/Item_Herb" FILE="C:/Users/zacka/Desktop/EasyQuest/RPGGame 4.23/Content/InventorySystem/Item/Item_Herb.uasset" SILENT=true
[2019.10.18-07.36.42:970][528]LogSavePackage: Moving 'C:/Users/zacka/Desktop/EasyQuest/RPGGame 4.23/Saved/Item_HerbB8C9BC0F4F423F416A60A9B2319AA564.tmp' to 'C:/Users/zacka/Desktop/EasyQuest/RPGGame 4.23/Content/InventorySystem/Item/Item_Herb.uasset'
[2019.10.18-07.36.49:794][228]LogSlate: FSceneViewport::OnFocusLost() reason 0
[2019.10.18-07.36.52:434][494]LogSlate: FSceneViewport::OnFocusLost() reason 0
[2019.10.18-07.36.52:484][500]LogTemp: Repeating last play command: Selected Viewport
[2019.10.18-07.36.52:524][500]LogBlueprintUserMessages: Early PlayInEditor Detection: Level '/Game/ThirdPersonBP/Maps/ThirdPersonExampleMap.ThirdPersonExampleMap:PersistentLevel' has LevelScriptBlueprint '/Game/ThirdPersonBP/Maps/ThirdPersonExampleMap.ThirdPersonExampleMap:PersistentLevel.ThirdPersonExampleMap' with GeneratedClass '/Game/ThirdPersonBP/Maps/ThirdPersonExampleMap.ThirdPersonExampleMap_C' with ClassGeneratedBy '/Game/ThirdPersonBP/Maps/ThirdPersonExampleMap.ThirdPersonExampleMap:PersistentLevel.ThirdPersonExampleMap'
[2019.10.18-07.36.52:549][500]BlueprintLog: New page: Pre-Play auto-recompile
[2019.10.18-07.36.52:570][500]LogPlayLevel: [PlayLevel] Compiling MagicCharacter before play...
[2019.10.18-07.36.52:989][500]LogUObjectHash: Compacting FUObjectHashTables data took   7.39ms
[2019.10.18-07.36.52:990][500]LogPlayLevel: PlayLevel: Blueprint regeneration took 440 ms (1 blueprints)
[2019.10.18-07.36.53:008][500]PIE: New page: PIE session: ThirdPersonExampleMap (19 Oct 2019 5:36:53 am)
[2019.10.18-07.36.53:073][500]LogOnline: OSS: Creating online subsystem instance for: NULL
[2019.10.18-07.36.53:089][500]LogPlayLevel: Creating play world package: /Game/ThirdPersonBP/Maps/UEDPIE_0_ThirdPersonExampleMap
[2019.10.18-07.36.53:118][500]LogPlayLevel: PIE: StaticDuplicateObject took: (0.029070s)
[2019.10.18-07.36.53:119][500]LogAIModule: Creating AISystem for world ThirdPersonExampleMap
[2019.10.18-07.36.53:126][500]LogPlayLevel: PIE: World Init took: (0.007804s)
[2019.10.18-07.36.53:126][500]LogPlayLevel: PIE: Created PIE world by copying editor world from /Game/ThirdPersonBP/Maps/ThirdPersonExampleMap.ThirdPersonExampleMap to /Game/ThirdPersonBP/Maps/UEDPIE_0_ThirdPersonExampleMap.ThirdPersonExampleMap (0.037267s)
[2019.10.18-07.36.53:170][500]LogUObjectHash: Compacting FUObjectHashTables data took   4.71ms
[2019.10.18-07.36.53:251][500]LogInit: XAudio2 using 'Speakers (2- RIG 800HX)' : 2 channels at 48 kHz using 24 bits per sample (channel mask 0x3)
[2019.10.18-07.36.53:266][500]LogInit: FAudioDevice initialized.
[2019.10.18-07.36.53:337][500]LogLoad: Game class is 'ThirdPersonGameMode_C'
[2019.10.18-07.36.53:340][500]LogWorld: Bringing World /Game/ThirdPersonBP/Maps/UEDPIE_0_ThirdPersonExampleMap.ThirdPersonExampleMap up for play (max tick rate 0) at 2019.10.18-18.36.53
[2019.10.18-07.36.53:476][500]LogWorld: Bringing up level for play took: 0.138626
[2019.10.18-07.36.53:498][500]LogOnline: OSS: Creating online subsystem instance for: :Context_25
[2019.10.18-07.36.53:544][500]LogContentBrowser: Native class hierarchy updated for 'MovieSceneCapture' in 0.0004 seconds. Added 20 classes and 0 folders.
[2019.10.18-07.36.53:612][500]PIE: Play in editor start time for /Game/ThirdPersonBP/Maps/UEDPIE_0_ThirdPersonExampleMap 1.741
[2019.10.18-07.36.53:613][500]LogBlueprintUserMessages: Late PlayInEditor Detection: Level '/Game/ThirdPersonBP/Maps/ThirdPersonExampleMap.ThirdPersonExampleMap:PersistentLevel' has LevelScriptBlueprint '/Game/ThirdPersonBP/Maps/ThirdPersonExampleMap.ThirdPersonExampleMap:PersistentLevel.ThirdPersonExampleMap' with GeneratedClass '/Game/ThirdPersonBP/Maps/ThirdPersonExampleMap.ThirdPersonExampleMap_C' with ClassGeneratedBy '/Game/ThirdPersonBP/Maps/ThirdPersonExampleMap.ThirdPersonExampleMap:PersistentLevel.ThirdPersonExampleMap'
[2019.10.18-07.37.09:092][292]LogBlueprintUserMessages: Early EndPlayMap Detection: Level '/Game/ThirdPersonBP/Maps/ThirdPersonExampleMap.ThirdPersonExampleMap:PersistentLevel' has LevelScriptBlueprint '/Game/ThirdPersonBP/Maps/ThirdPersonExampleMap.ThirdPersonExampleMap:PersistentLevel.ThirdPersonExampleMap' with GeneratedClass '/Game/ThirdPersonBP/Maps/ThirdPersonExampleMap.ThirdPersonExampleMap_C' with ClassGeneratedBy '/Game/ThirdPersonBP/Maps/ThirdPersonExampleMap.ThirdPersonExampleMap:PersistentLevel.ThirdPersonExampleMap'
[2019.10.18-07.37.09:097][292]LogSlate: Updating window title bar state: overlay mode, drag disabled, window buttons hidden, title bar hidden
[2019.10.18-07.37.09:097][292]LogWorld: BeginTearingDown for /Game/ThirdPersonBP/Maps/UEDPIE_0_ThirdPersonExampleMap
[2019.10.18-07.37.09:098][292]LogWorld: UWorld::CleanupWorld for ThirdPersonExampleMap, bSessionEnded=true, bCleanupResources=true
[2019.10.18-07.37.09:132][292]LogPlayLevel: Display: Shutting down PIE online subsystems
[2019.10.18-07.37.09:132][292]LogBlueprintUserMessages: Late EndPlayMap Detection: Level '/Game/ThirdPersonBP/Maps/ThirdPersonExampleMap.ThirdPersonExampleMap:PersistentLevel' has LevelScriptBlueprint '/Game/ThirdPersonBP/Maps/ThirdPersonExampleMap.ThirdPersonExampleMap:PersistentLevel.ThirdPersonExampleMap' with GeneratedClass '/Game/ThirdPersonBP/Maps/ThirdPersonExampleMap.ThirdPersonExampleMap_C' with ClassGeneratedBy '/Game/ThirdPersonBP/Maps/ThirdPersonExampleMap.ThirdPersonExampleMap:PersistentLevel.ThirdPersonExampleMap'
[2019.10.18-07.37.09:237][292]LogSlate: Updating window title bar state: overlay mode, drag disabled, window buttons hidden, title bar hidden
[2019.10.18-07.37.09:304][292]LogUObjectHash: Compacting FUObjectHashTables data took   6.15ms
[2019.10.18-07.37.09:336][293]LogPlayLevel: Display: Destroying online subsystem :Context_25
[2019.10.18-07.38.03:661][677]LogSlate: FSceneViewport::OnFocusLost() reason 0
[2019.10.18-07.38.23:220][789]LogAssetEditorManager: Opening Asset editor for Blueprint /Game/QuestSystem/InteractInterface.InteractInterface
[2019.10.18-07.39.46:610][997]LogSlate: Prevented a slow task dialog from being summoned while a context menu was open
[2019.10.18-07.41.25:753][957]BlueprintLog: New page: Compile Item
[2019.10.18-07.41.26:134][957]LogUObjectHash: Compacting FUObjectHashTables data took   6.68ms
[2019.10.18-07.41.43:078][416]BlueprintLog: New page: Compile Item
[2019.10.18-07.41.43:456][416]LogUObjectHash: Compacting FUObjectHashTables data took   6.49ms
[2019.10.18-07.41.44:242][493]LogTemp: Repeating last play command: Selected Viewport
[2019.10.18-07.41.44:269][493]LogBlueprintUserMessages: Early PlayInEditor Detection: Level '/Game/ThirdPersonBP/Maps/ThirdPersonExampleMap.ThirdPersonExampleMap:PersistentLevel' has LevelScriptBlueprint '/Game/ThirdPersonBP/Maps/ThirdPersonExampleMap.ThirdPersonExampleMap:PersistentLevel.ThirdPersonExampleMap' with GeneratedClass '/Game/ThirdPersonBP/Maps/ThirdPersonExampleMap.ThirdPersonExampleMap_C' with ClassGeneratedBy '/Game/ThirdPersonBP/Maps/ThirdPersonExampleMap.ThirdPersonExampleMap:PersistentLevel.ThirdPersonExampleMap'
[2019.10.18-07.41.44:269][493]LogPlayLevel: PlayLevel: No blueprints needed recompiling
[2019.10.18-07.41.44:269][493]PIE: New page: PIE session: ThirdPersonExampleMap (19 Oct 2019 5:41:44 am)
[2019.10.18-07.41.44:269][493]LogPlayLevel: Creating play world package: /Game/ThirdPersonBP/Maps/UEDPIE_0_ThirdPersonExampleMap
[2019.10.18-07.41.44:278][493]LogPlayLevel: PIE: StaticDuplicateObject took: (0.008283s)
[2019.10.18-07.41.44:279][493]LogAIModule: Creating AISystem for world ThirdPersonExampleMap
[2019.10.18-07.41.44:279][493]LogPlayLevel: PIE: World Init took: (0.000971s)
[2019.10.18-07.41.44:279][493]LogPlayLevel: PIE: Created PIE world by copying editor world from /Game/ThirdPersonBP/Maps/ThirdPersonExampleMap.ThirdPersonExampleMap to /Game/ThirdPersonBP/Maps/UEDPIE_0_ThirdPersonExampleMap.ThirdPersonExampleMap (0.009389s)
[2019.10.18-07.41.44:366][493]LogUObjectHash: Compacting FUObjectHashTables data took   5.90ms
[2019.10.18-07.41.44:405][493]LogInit: XAudio2 using 'Speakers (2- RIG 800HX)' : 2 channels at 48 kHz using 24 bits per sample (channel mask 0x3)
[2019.10.18-07.41.44:418][493]LogInit: FAudioDevice initialized.
[2019.10.18-07.41.44:427][493]LogLoad: Game class is 'ThirdPersonGameMode_C'
[2019.10.18-07.41.44:430][493]LogWorld: Bringing World /Game/ThirdPersonBP/Maps/UEDPIE_0_ThirdPersonExampleMap.ThirdPersonExampleMap up for play (max tick rate 0) at 2019.10.18-18.41.44
[2019.10.18-07.41.44:431][493]LogWorld: Bringing up level for play took: 0.003004
[2019.10.18-07.41.44:431][493]LogOnline: OSS: Creating online subsystem instance for: :Context_27
[2019.10.18-07.41.44:436][493]PIE: Play in editor start time for /Game/ThirdPersonBP/Maps/UEDPIE_0_ThirdPersonExampleMap 0.564
[2019.10.18-07.41.44:437][493]LogBlueprintUserMessages: Late PlayInEditor Detection: Level '/Game/ThirdPersonBP/Maps/ThirdPersonExampleMap.ThirdPersonExampleMap:PersistentLevel' has LevelScriptBlueprint '/Game/ThirdPersonBP/Maps/ThirdPersonExampleMap.ThirdPersonExampleMap:PersistentLevel.ThirdPersonExampleMap' with GeneratedClass '/Game/ThirdPersonBP/Maps/ThirdPersonExampleMap.ThirdPersonExampleMap_C' with ClassGeneratedBy '/Game/ThirdPersonBP/Maps/ThirdPersonExampleMap.ThirdPersonExampleMap:PersistentLevel.ThirdPersonExampleMap'
[2019.10.18-07.41.57:079][914]LogPlayerController: Error: InputMode:UIOnly - Attempting to focus Non-Focusable widget SObjectWidget [Widget.cpp(723)]!
[2019.10.18-07.42.01:626][459]LogBlueprintUserMessages: Early EndPlayMap Detection: Level '/Game/ThirdPersonBP/Maps/ThirdPersonExampleMap.ThirdPersonExampleMap:PersistentLevel' has LevelScriptBlueprint '/Game/ThirdPersonBP/Maps/ThirdPersonExampleMap.ThirdPersonExampleMap:PersistentLevel.ThirdPersonExampleMap' with GeneratedClass '/Game/ThirdPersonBP/Maps/ThirdPersonExampleMap.ThirdPersonExampleMap_C' with ClassGeneratedBy '/Game/ThirdPersonBP/Maps/ThirdPersonExampleMap.ThirdPersonExampleMap:PersistentLevel.ThirdPersonExampleMap'
[2019.10.18-07.42.01:626][459]LogSlate: Updating window title bar state: overlay mode, drag disabled, window buttons hidden, title bar hidden
[2019.10.18-07.42.01:626][459]LogWorld: BeginTearingDown for /Game/ThirdPersonBP/Maps/UEDPIE_0_ThirdPersonExampleMap
[2019.10.18-07.42.01:626][459]LogWorld: UWorld::CleanupWorld for ThirdPersonExampleMap, bSessionEnded=true, bCleanupResources=true
[2019.10.18-07.42.01:639][459]LogPlayLevel: Display: Shutting down PIE online subsystems
[2019.10.18-07.42.01:639][459]LogBlueprintUserMessages: Late EndPlayMap Detection: Level '/Game/ThirdPersonBP/Maps/ThirdPersonExampleMap.ThirdPersonExampleMap:PersistentLevel' has LevelScriptBlueprint '/Game/ThirdPersonBP/Maps/ThirdPersonExampleMap.ThirdPersonExampleMap:PersistentLevel.ThirdPersonExampleMap' with GeneratedClass '/Game/ThirdPersonBP/Maps/ThirdPersonExampleMap.ThirdPersonExampleMap_C' with ClassGeneratedBy '/Game/ThirdPersonBP/Maps/ThirdPersonExampleMap.ThirdPersonExampleMap:PersistentLevel.ThirdPersonExampleMap'
[2019.10.18-07.42.01:693][459]LogSlate: Updating window title bar state: overlay mode, drag disabled, window buttons hidden, title bar hidden
[2019.10.18-07.42.01:698][459]LogUObjectHash: Compacting FUObjectHashTables data took   4.45ms
[2019.10.18-07.42.01:757][461]LogPlayLevel: Display: Destroying online subsystem :Context_27
[2019.10.18-07.42.32:167][110]LogSlate: FSceneViewport::OnFocusLost() reason 0
[2019.10.18-07.47.16:346][225]LogUObjectHash: Compacting FUObjectHashTables data took   4.18ms
[2019.10.18-07.47.17:252][225]LogSavePackage: Moving 'C:/Users/zacka/Desktop/EasyQuest/RPGGame 4.23/Saved/ThirdPersonExampleMap_Auto4A1760E2247C5240610A146B6A1BBB6BA.tmp' to 'C:/Users/zacka/Desktop/EasyQuest/RPGGame 4.23/Saved/Autosaves/Game/ThirdPersonBP/Maps/ThirdPersonExampleMap_Auto4.umap'
[2019.10.18-07.47.17:256][225]LogFileHelpers: Editor autosave (incl. sublevels) for '/Game/ThirdPersonBP/Maps/ThirdPersonExampleMap' took 0.965
[2019.10.18-07.47.17:256][225]LogFileHelpers: Editor autosave (incl. sublevels) for all levels took 0.965
[2019.10.18-07.47.17:258][225]OBJ SavePackage: Generating thumbnails for [0] asset(s) in package [/Game/InventorySystem/Item/Item] ([1] browsable assets)...
[2019.10.18-07.47.17:258][225]OBJ SavePackage: Finished generating thumbnails for package [/Game/InventorySystem/Item/Item]
[2019.10.18-07.47.17:258][225]Cmd: OBJ SAVEPACKAGE PACKAGE="/Game/InventorySystem/Item/Item" FILE="C:/Users/zacka/Desktop/EasyQuest/RPGGame 4.23/Saved/Autosaves/Game/InventorySystem/Item/Item_Auto4.uasset" SILENT=false AUTOSAVING=true
[2019.10.18-07.47.17:294][225]LogSavePackage: Moving 'C:/Users/zacka/Desktop/EasyQuest/RPGGame 4.23/Saved/Item_Auto4BFC7DAEA40E976DA0CB85A8FDBEBE7BE.tmp' to 'C:/Users/zacka/Desktop/EasyQuest/RPGGame 4.23/Saved/Autosaves/Game/InventorySystem/Item/Item_Auto4.uasset'
[2019.10.18-07.47.17:296][225]LogFileHelpers: Auto-saving content packages took 0.039
[2019.10.18-07.56.40:884][633]LogUObjectHash: Compacting FUObjectHashTables data took   5.47ms
[2019.10.18-07.56.40:885][633]LogMetaData: Removing '/Game/InventorySystem/InventoryUI/HUD.SKEL_HUD_C' ref from Metadata '/Game/InventorySystem/InventoryUI/NewWidgetBlueprint.PackageMetaData'
[2019.10.18-07.56.40:885][633]LogMetaData: Removing '/Game/InventorySystem/InventoryUI/HUD.HUD_C' ref from Metadata '/Game/InventorySystem/InventoryUI/NewWidgetBlueprint.PackageMetaData'
[2019.10.18-07.56.40:885][633]LogMetaData: Removing '/Game/InventorySystem/InventoryUI/HUD.HUD:EventGraph.K2Node_Event_0' ref from Metadata '/Game/InventorySystem/InventoryUI/NewWidgetBlueprint.PackageMetaData'
[2019.10.18-07.56.40:885][633]LogMetaData: Removing '/Game/InventorySystem/InventoryUI/HUD.HUD:EventGraph.K2Node_Event_1' ref from Metadata '/Game/InventorySystem/InventoryUI/NewWidgetBlueprint.PackageMetaData'
[2019.10.18-07.56.40:885][633]LogMetaData: Removing '/Game/InventorySystem/InventoryUI/HUD.HUD:EventGraph.K2Node_Event_2' ref from Metadata '/Game/InventorySystem/InventoryUI/NewWidgetBlueprint.PackageMetaData'
[2019.10.18-07.56.40:912][633]Cmd: OBJ SAVEPACKAGE PACKAGE="/Game/InventorySystem/InventoryUI/HUD" FILE="C:/Users/zacka/Desktop/EasyQuest/RPGGame 4.23/Content/InventorySystem/InventoryUI/HUD.uasset" SILENT=true
[2019.10.18-07.56.40:918][633]LogSavePackage: Moving 'C:/Users/zacka/Desktop/EasyQuest/RPGGame 4.23/Saved/HUDD9C3A601496A2058E7D1A29F7AEDF61E.tmp' to 'C:/Users/zacka/Desktop/EasyQuest/RPGGame 4.23/Content/InventorySystem/InventoryUI/HUD.uasset'
[2019.10.18-07.56.41:527][633]LogUObjectHash: Compacting FUObjectHashTables data took   5.02ms
[2019.10.18-07.56.41:585][633]LogUObjectHash: Compacting FUObjectHashTables data took   4.12ms
[2019.10.18-07.56.41:638][633]LogUObjectHash: Compacting FUObjectHashTables data took   1.25ms
[2019.10.18-07.56.49:937][438]LogUObjectHash: Compacting FUObjectHashTables data took   4.96ms
[2019.10.18-07.56.50:039][438]Cmd: OBJ SAVEPACKAGE PACKAGE="/Game/InventorySystem/InventoryUI/InventorySlot" FILE="C:/Users/zacka/Desktop/EasyQuest/RPGGame 4.23/Content/InventorySystem/InventoryUI/InventorySlot.uasset" SILENT=true
[2019.10.18-07.56.50:044][438]LogSavePackage: Moving 'C:/Users/zacka/Desktop/EasyQuest/RPGGame 4.23/Saved/InventorySlotF1C97932497255BF654627815386D673.tmp' to 'C:/Users/zacka/Desktop/EasyQuest/RPGGame 4.23/Content/InventorySystem/InventoryUI/InventorySlot.uasset'
[2019.10.18-07.56.57:886][269]LogUObjectHash: Compacting FUObjectHashTables data took   4.96ms
[2019.10.18-07.56.57:990][269]Cmd: OBJ SAVEPACKAGE PACKAGE="/Game/InventorySystem/InventoryUI/InventoryWindow" FILE="C:/Users/zacka/Desktop/EasyQuest/RPGGame 4.23/Content/InventorySystem/InventoryUI/InventoryWindow.uasset" SILENT=true
[2019.10.18-07.56.57:996][269]LogSavePackage: Moving 'C:/Users/zacka/Desktop/EasyQuest/RPGGame 4.23/Saved/InventoryWindow483C68B0482446FE81ACEF841826B575.tmp' to 'C:/Users/zacka/Desktop/EasyQuest/RPGGame 4.23/Content/InventorySystem/InventoryUI/InventoryWindow.uasset'
[2019.10.18-07.57.23:385][554]LogUObjectHash: Compacting FUObjectHashTables data took   5.17ms
[2019.10.18-07.57.23:753][554]LogSavePackage: Moving 'C:/Users/zacka/Desktop/EasyQuest/RPGGame 4.23/Saved/ThirdPersonExampleMap_Auto5B6AB33124F54E9AA7F4992818A7F15B7.tmp' to 'C:/Users/zacka/Desktop/EasyQuest/RPGGame 4.23/Saved/Autosaves/Game/ThirdPersonBP/Maps/ThirdPersonExampleMap_Auto5.umap'
[2019.10.18-07.57.23:757][554]LogFileHelpers: Editor autosave (incl. sublevels) for '/Game/ThirdPersonBP/Maps/ThirdPersonExampleMap' took 0.427
[2019.10.18-07.57.23:757][554]LogFileHelpers: Editor autosave (incl. sublevels) for all levels took 0.427
[2019.10.18-07.57.23:759][554]OBJ SavePackage: Generating thumbnails for [0] asset(s) in package [/Game/InventorySystem/Item/Item] ([1] browsable assets)...
[2019.10.18-07.57.23:759][554]OBJ SavePackage: Finished generating thumbnails for package [/Game/InventorySystem/Item/Item]
[2019.10.18-07.57.23:759][554]Cmd: OBJ SAVEPACKAGE PACKAGE="/Game/InventorySystem/Item/Item" FILE="C:/Users/zacka/Desktop/EasyQuest/RPGGame 4.23/Saved/Autosaves/Game/InventorySystem/Item/Item_Auto5.uasset" SILENT=false AUTOSAVING=true
[2019.10.18-07.57.23:779][554]LogSavePackage: Moving 'C:/Users/zacka/Desktop/EasyQuest/RPGGame 4.23/Saved/Item_Auto551310DCB4E58337F321A19A1B7BDE28D.tmp' to 'C:/Users/zacka/Desktop/EasyQuest/RPGGame 4.23/Saved/Autosaves/Game/InventorySystem/Item/Item_Auto5.uasset'
[2019.10.18-07.57.23:781][554]LogFileHelpers: Auto-saving content packages took 0.022
[2019.10.18-08.32.03:995][868]LogSlate: Window 'Pick Parent Class' being destroyed
[2019.10.18-08.32.12:691][845]LogAssetEditorManager: Opening Asset editor for Blueprint /Game/InventorySystem/InventoryUI/MyPlayerController.MyPlayerController
[2019.10.18-08.32.40:973][843]LogSlate: Only BGRA pngs, bmps or icos are supported in by External Image Picker
[2019.10.18-08.32.41:593][851]LogSlate: Window 'Project Settings' being destroyed
[2019.10.18-08.32.41:599][851]LogSlate: Window 'Project Settings' being destroyed
[2019.10.18-08.32.41:600][851]LogDirectoryWatcher: A directory notification for '../../../Engine/Plugins/' was aborted.
[2019.10.18-08.32.45:523][119]LogSlate: Only BGRA pngs, bmps or icos are supported in by External Image Picker
[2019.10.18-08.33.35:418][260]LogUObjectHash: Compacting FUObjectHashTables data took   9.04ms
[2019.10.18-08.33.35:418][260]LogFileHelpers: Editor autosave (incl. sublevels) for '/Game/ThirdPersonBP/Maps/ThirdPersonExampleMap' took 0.138
[2019.10.18-08.33.35:420][260]OBJ SavePackage: Generating thumbnails for [0] asset(s) in package [/Game/InventorySystem/InventoryUI/MyPlayerController] ([1] browsable assets)...
[2019.10.18-08.33.35:420][260]OBJ SavePackage: Finished generating thumbnails for package [/Game/InventorySystem/InventoryUI/MyPlayerController]
[2019.10.18-08.33.35:426][260]LogSavePackage: Moving 'C:/Users/zacka/Desktop/EasyQuest/RPGGame 4.23/Saved/MyPlayerController_Auto6120DB5D449C98F2CC536B8A0BA990A32.tmp' to 'C:/Users/zacka/Desktop/EasyQuest/RPGGame 4.23/Saved/Autosaves/Game/InventorySystem/InventoryUI/MyPlayerController_Auto6.uasset'
[2019.10.18-08.33.35:428][260]LogFileHelpers: Auto-saving content packages took 0.009
[2019.10.18-08.34.27:622][847]LogSlate: Window 'Project Settings' being destroyed
[2019.10.18-08.34.27:628][847]LogSlate: Window 'Project Settings' being destroyed
[2019.10.18-09.06.08:543][366]LogAssetEditorManager: Opening Asset editor for WidgetBlueprint /Game/InventorySystem/InventoryUI/HUD.HUD
[2019.10.18-09.06.29:789][828]BlueprintLog: New page: Compile HUD
[2019.10.18-09.06.30:291][828]LogUObjectHash: Compacting FUObjectHashTables data took  11.39ms
[2019.10.18-09.06.31:553][922]LogUObjectHash: Compacting FUObjectHashTables data took   7.10ms
[2019.10.18-09.06.33:475][922]LogSlate: Window 'Delete Assets' being destroyed
[2019.10.18-09.06.33:661][922]LogWorld: UWorld::CleanupWorld for World_25, bSessionEnded=true, bCleanupResources=true
[2019.10.18-09.06.34:037][922]LogUObjectGlobals: Force Deleting 1 Package(s):
	Asset Name: /Game/InventorySystem/InventoryUI/MyPlayerController.MyPlayerController
[2019.10.18-09.06.36:749][922]LogUObjectHash: Compacting FUObjectHashTables data took   6.48ms
[2019.10.18-09.07.08:375][173]LogUObjectHash: Compacting FUObjectHashTables data took   5.52ms
[2019.10.18-09.07.08:375][173]LogFileHelpers: Editor autosave (incl. sublevels) for '/Game/ThirdPersonBP/Maps/ThirdPersonExampleMap' took 0.066
[2019.10.18-09.07.08:396][173]OBJ SavePackage: Generating thumbnails for [0] asset(s) in package [/Game/InventorySystem/InventoryUI/HUD] ([1] browsable assets)...
[2019.10.18-09.07.08:396][173]OBJ SavePackage: Finished generating thumbnails for package [/Game/InventorySystem/InventoryUI/HUD]
[2019.10.18-09.07.08:495][173]LogSavePackage: Moving 'C:/Users/zacka/Desktop/EasyQuest/RPGGame 4.23/Saved/HUD_Auto76BC3838F417411C216A319AC092FDA70.tmp' to 'C:/Users/zacka/Desktop/EasyQuest/RPGGame 4.23/Saved/Autosaves/Game/InventorySystem/InventoryUI/HUD_Auto7.uasset'
[2019.10.18-09.07.08:497][173]LogFileHelpers: Auto-saving content packages took 0.120
[2019.10.18-10.30.26:687][649]LogAssetEditorManager: Opening Asset editor for WidgetBlueprint /Game/InventorySystem/InventoryUI/InventorySlot.InventorySlot
