Log file open, 10/28/19 15:33:52
LogWindows: Failed to load 'aqProf.dll' (GetLastError=126)
LogWindows: File 'aqProf.dll' does not exist
LogWindows: Failed to load 'VtuneApi.dll' (GetLastError=126)
LogWindows: File 'VtuneApi.dll' does not exist
LogWindows: Failed to load 'VtuneApi32e.dll' (GetLastError=126)
LogWindows: File 'VtuneApi32e.dll' does not exist
LogConsoleResponse: Display: Failed to find resolution value strings in scalability ini. Falling back to default.
LogInit: Display: Running engine for game: RPGGame
LogPlatformFile: Not using cached read wrapper
LogTaskGraph: Started task graph with 5 named threads and 47 total threads with 3 sets of task threads.
LogStats: Stats thread started at 0.074014
LogD3D11RHI: Loaded GFSDK_Aftermath_Lib.x64.dll
LogICUInternationalization: ICU TimeZone Detection - Raw Offset: +10:00, Platform Override: ''
LogPluginManager: Mounting plugin Paper2D
LogPluginManager: Mounting plugin AISupport
LogPluginManager: Mounting plugin LightPropagationVolume
LogPluginManager: Mounting plugin ActorLayerUtilities
LogPluginManager: Mounting plugin AnimationSharing
LogPluginManager: Mounting plugin CLionSourceCodeAccess
LogPluginManager: Mounting plugin CodeLiteSourceCodeAccess
LogPluginManager: Mounting plugin GitSourceControl
LogPluginManager: Mounting plugin KDevelopSourceCodeAccess
LogPluginManager: Mounting plugin NullSourceCodeAccess
LogPluginManager: Mounting plugin PerforceSourceControl
LogPluginManager: Mounting plugin SubversionSourceControl
LogPluginManager: Mounting plugin UObjectPlugin
LogPluginManager: Mounting plugin VisualStudioCodeSourceCodeAccess
LogPluginManager: Mounting plugin VisualStudioSourceCodeAccess
LogPluginManager: Mounting plugin XCodeSourceCodeAccess
LogPluginManager: Mounting plugin AssetManagerEditor
LogPluginManager: Mounting plugin CryptoKeys
LogPluginManager: Mounting plugin CurveEditorTools
LogPluginManager: Mounting plugin DataValidation
LogPluginManager: Mounting plugin FacialAnimation
LogPluginManager: Mounting plugin GameplayTagsEditor
LogPluginManager: Mounting plugin MacGraphicsSwitching
LogPluginManager: Mounting plugin MaterialAnalyzer
LogPluginManager: Mounting plugin MobileLauncherProfileWizard
LogPluginManager: Mounting plugin PluginBrowser
LogPluginManager: Mounting plugin SpeedTreeImporter
LogPluginManager: Mounting plugin DatasmithContent
LogPluginManager: Mounting plugin VariantManagerContent
LogPluginManager: Mounting plugin AlembicImporter
LogPluginManager: Mounting plugin AutomationUtils
LogPluginManager: Mounting plugin BackChannel
LogPluginManager: Mounting plugin CharacterAI
LogPluginManager: Mounting plugin GeometryCache
LogPluginManager: Mounting plugin HTML5Networking
LogPluginManager: Mounting plugin PlatformCrypto
LogPluginManager: Mounting plugin ProxyLODPlugin
LogPluginManager: Mounting plugin SkeletalReduction
LogPluginManager: Mounting plugin MagicLeap
LogPluginManager: Mounting plugin MagicLeapMedia
LogPluginManager: Mounting plugin AndroidMedia
LogPluginManager: Mounting plugin AvfMedia
LogPluginManager: Mounting plugin ImgMedia
LogPluginManager: Mounting plugin MediaCompositing
LogPluginManager: Mounting plugin MediaPlayerEditor
LogPluginManager: Mounting plugin WebMMedia
LogPluginManager: Mounting plugin WmfMedia
LogPluginManager: Mounting plugin TcpMessaging
LogPluginManager: Mounting plugin UdpMessaging
LogPluginManager: Mounting plugin ActorSequence
LogPluginManager: Mounting plugin LevelSequenceEditor
LogPluginManager: Mounting plugin MatineeToLevelSequence
LogPluginManager: Mounting plugin NetcodeUnitTest
LogPluginManager: Mounting plugin NUTUnrealEngine4
LogPluginManager: Mounting plugin OnlineSubsystemGooglePlay
LogPluginManager: Mounting plugin OnlineSubsystemIOS
LogPluginManager: Mounting plugin OnlineSubsystem
LogPluginManager: Mounting plugin OnlineSubsystemNull
LogPluginManager: Mounting plugin OnlineSubsystemUtils
LogPluginManager: Mounting plugin LauncherChunkInstaller
LogPluginManager: Mounting plugin AndroidDeviceProfileSelector
LogPluginManager: Mounting plugin AndroidMoviePlayer
LogPluginManager: Mounting plugin AndroidPermission
LogPluginManager: Mounting plugin AppleImageUtils
LogPluginManager: Mounting plugin AppleMoviePlayer
LogPluginManager: Mounting plugin ArchVisCharacter
LogPluginManager: Mounting plugin AudioCapture
LogPluginManager: Mounting plugin CableComponent
LogPluginManager: Mounting plugin CustomMeshComponent
LogPluginManager: Mounting plugin EditableMesh
LogPluginManager: Mounting plugin ExampleDeviceProfileSelector
LogPluginManager: Mounting plugin GoogleCloudMessaging
LogPluginManager: Mounting plugin IOSDeviceProfileSelector
LogPluginManager: Mounting plugin LinuxDeviceProfileSelector
LogPluginManager: Mounting plugin LocationServicesBPLibrary
LogPluginManager: Mounting plugin MobilePatchingUtils
LogPluginManager: Mounting plugin OculusVR
LogPluginManager: Mounting plugin PhysXVehicles
LogPluginManager: Mounting plugin ProceduralMeshComponent
LogPluginManager: Mounting plugin RuntimePhysXCooking
LogPluginManager: Mounting plugin SignificanceManager
LogPluginManager: Mounting plugin SteamVR
LogPluginManager: Mounting plugin WebMMoviePlayer
LogPluginManager: Mounting plugin WindowsMoviePlayer
LogPluginManager: Mounting plugin ScreenshotTools
LogInit: Using libcurl 7.55.1-DEV
LogInit:  - built for x86_64-pc-win32
LogInit:  - supports SSL with OpenSSL/1.1.1
LogInit:  - supports HTTP deflate (compression) using libz 1.2.8
LogInit:  - other features:
LogInit:      CURL_VERSION_SSL
LogInit:      CURL_VERSION_LIBZ
LogInit:      CURL_VERSION_IPV6
LogInit:      CURL_VERSION_ASYNCHDNS
LogInit:      CURL_VERSION_LARGEFILE
LogInit:      CURL_VERSION_IDN
LogInit:  CurlRequestOptions (configurable via config and command line):
LogInit:  - bVerifyPeer = true  - Libcurl will verify peer certificate
LogInit:  - bUseHttpProxy = false  - Libcurl will NOT use HTTP proxy
LogInit:  - bDontReuseConnections = false  - Libcurl will reuse connections
LogInit:  - MaxHostConnections = 16  - Libcurl will limit the number of connections to a host
LogInit:  - LocalHostAddr = Default
LogInit:  - BufferSize = 65536
LogOnline: OSS: Creating online subsystem instance for: NULL
LogInit: WinSock: version 1.1 (2.2), MaxSocks=32767, MaxUdp=65467
LogInit: Build: ++UE4+Release-4.23-CL-8386587
LogInit: Engine Version: 4.23.0-8386587+++UE4+Release-4.23
LogInit: Compatible Engine Version: 4.23.0-8386587+++UE4+Release-4.23
LogInit: Net CL: 8386587
LogInit: OS: Windows 10 (Release 1903) (), CPU: AMD Ryzen 7 2700X Eight-Core Processor         , GPU: NVIDIA GeForce GTX 1070
LogInit: Compiled (64-bit): Aug 31 2019 02:04:44
LogInit: Compiled with Visual C++: 19.16.27030.01
LogInit: Build Configuration: Development
LogInit: Branch Name: ++UE4+Release-4.23
LogInit: Command Line: 
LogInit: Base Directory: D:/UE_4.23/Engine/Binaries/Win64/
LogInit: Installed Engine Build: 1
LogDevObjectVersion: Number of dev versions registered: 23
LogDevObjectVersion:   Dev-Blueprints (B0D832E4-1F89-4F0D-ACCF-7EB736FD4AA2): 10
LogDevObjectVersion:   Dev-Build (E1C64328-A22C-4D53-A36C-8E866417BD8C): 0
LogDevObjectVersion:   Dev-Core (375EC13C-06E4-48FB-B500-84F0262A717E): 3
LogDevObjectVersion:   Dev-Editor (E4B068ED-F494-42E9-A231-DA0B2E46BB41): 34
LogDevObjectVersion:   Dev-Framework (CFFC743F-43B0-4480-9391-14DF171D2073): 35
LogDevObjectVersion:   Dev-Mobile (B02B49B5-BB20-44E9-A304-32B752E40360): 2
LogDevObjectVersion:   Dev-Networking (A4E4105C-59A1-49B5-A7C5-40C4547EDFEE): 0
LogDevObjectVersion:   Dev-Online (39C831C9-5AE6-47DC-9A44-9C173E1C8E7C): 0
LogDevObjectVersion:   Dev-Physics (78F01B33-EBEA-4F98-B9B4-84EACCB95AA2): 0
LogDevObjectVersion:   Dev-Platform (6631380F-2D4D-43E0-8009-CF276956A95A): 0
LogDevObjectVersion:   Dev-Rendering (12F88B9F-8875-4AFC-A67C-D90C383ABD29): 31
LogDevObjectVersion:   Dev-Sequencer (7B5AE74C-D270-4C10-A958-57980B212A5A): 11
LogDevObjectVersion:   Dev-VR (D7296918-1DD6-4BDD-9DE2-64A83CC13884): 2
LogDevObjectVersion:   Dev-LoadTimes (C2A15278-BFE7-4AFE-6C17-90FF531DF755): 1
LogDevObjectVersion:   Private-Geometry (6EACA3D4-40EC-4CC1-B786-8BED09428FC5): 3
LogDevObjectVersion:   Dev-AnimPhys (29E575DD-E0A3-4627-9D10-D276232CDCEA): 17
LogDevObjectVersion:   Dev-Anim (AF43A65D-7FD3-4947-9873-3E8ED9C1BB05): 2
LogDevObjectVersion:   Dev-ReflectionCapture (6B266CEC-1EC7-4B8F-A30B-E4D90942FC07): 1
LogDevObjectVersion:   Dev-Automation (0DF73D61-A23F-47EA-B727-89E90C41499A): 1
LogDevObjectVersion:   FortniteMain (601D1886-AC64-4F84-AA16-D3DE0DEAC7D6): 27
LogDevObjectVersion:   Dev-Enterprise (9DFFBCD6-494F-0158-E221-12823C92A888): 6
LogDevObjectVersion:   Dev-Niagara (F2AED0AC-9AFE-416F-8664-AA7FFA26D6FC): 1
LogDevObjectVersion:   Dev-Destruction (174F1F0B-B4C6-45A5-B13F-2EE8D0FB917D): 9
LogInit: Presizing for max 16777216 objects, including 0 objects not considered by GC, pre-allocating 0 bytes for permanent pool.
LogInit: Object subsystem initialized
LogConfig: Setting CVar [[con.DebugEarlyDefault:1]]
LogConfig: Setting CVar [[r.setres:1280x720]]
[2019.10.28-04.33.53:177][  0]LogConfig: Setting CVar [[r.VSync:0]]
[2019.10.28-04.33.53:177][  0]LogConfig: Setting CVar [[r.RHICmdBypass:0]]
[2019.10.28-04.33.53:177][  0]LogConfig: Applying CVar settings from Section [/Script/Engine.RendererSettings] File [C:/Users/zacka/Desktop/EasyQuest/RPGGame 4.23/Saved/Config/Windows/Engine.ini]
[2019.10.28-04.33.53:177][  0]LogConfig: Setting CVar [[r.GPUCrashDebugging:0]]
[2019.10.28-04.33.53:177][  0]LogConfig: Applying CVar settings from Section [/Script/Engine.RendererOverrideSettings] File [C:/Users/zacka/Desktop/EasyQuest/RPGGame 4.23/Saved/Config/Windows/Engine.ini]
[2019.10.28-04.33.53:177][  0]LogConfig: Applying CVar settings from Section [/Script/Engine.StreamingSettings] File [C:/Users/zacka/Desktop/EasyQuest/RPGGame 4.23/Saved/Config/Windows/Engine.ini]
[2019.10.28-04.33.53:177][  0]LogConfig: Setting CVar [[s.MinBulkDataSizeForAsyncLoading:131072]]
[2019.10.28-04.33.53:177][  0]LogConfig: Setting CVar [[s.AsyncLoadingThreadEnabled:0]]
[2019.10.28-04.33.53:177][  0]LogConfig: Setting CVar [[s.EventDrivenLoaderEnabled:1]]
[2019.10.28-04.33.53:177][  0]LogConfig: Setting CVar [[s.WarnIfTimeLimitExceeded:0]]
[2019.10.28-04.33.53:177][  0]LogConfig: Setting CVar [[s.TimeLimitExceededMultiplier:1.5]]
[2019.10.28-04.33.53:177][  0]LogConfig: Setting CVar [[s.TimeLimitExceededMinTime:0.005]]
[2019.10.28-04.33.53:177][  0]LogConfig: Setting CVar [[s.UseBackgroundLevelStreaming:1]]
[2019.10.28-04.33.53:177][  0]LogConfig: Setting CVar [[s.PriorityAsyncLoadingExtraTime:15.0]]
[2019.10.28-04.33.53:177][  0]LogConfig: Setting CVar [[s.LevelStreamingActorsUpdateTimeLimit:5.0]]
[2019.10.28-04.33.53:177][  0]LogConfig: Setting CVar [[s.PriorityLevelStreamingActorsUpdateExtraTime:5.0]]
[2019.10.28-04.33.53:177][  0]LogConfig: Setting CVar [[s.LevelStreamingComponentsRegistrationGranularity:10]]
[2019.10.28-04.33.53:177][  0]LogConfig: Setting CVar [[s.UnregisterComponentsTimeLimit:1.0]]
[2019.10.28-04.33.53:177][  0]LogConfig: Setting CVar [[s.LevelStreamingComponentsUnregistrationGranularity:5]]
[2019.10.28-04.33.53:177][  0]LogConfig: Applying CVar settings from Section [/Script/Engine.GarbageCollectionSettings] File [C:/Users/zacka/Desktop/EasyQuest/RPGGame 4.23/Saved/Config/Windows/Engine.ini]
[2019.10.28-04.33.53:177][  0]LogConfig: Setting CVar [[gc.MaxObjectsNotConsideredByGC:1]]
[2019.10.28-04.33.53:177][  0]LogConfig: Setting CVar [[gc.SizeOfPermanentObjectPool:0]]
[2019.10.28-04.33.53:177][  0]LogConfig: Setting CVar [[gc.FlushStreamingOnGC:0]]
[2019.10.28-04.33.53:177][  0]LogConfig: Setting CVar [[gc.NumRetriesBeforeForcingGC:10]]
[2019.10.28-04.33.53:177][  0]LogConfig: Setting CVar [[gc.AllowParallelGC:1]]
[2019.10.28-04.33.53:177][  0]LogConfig: Setting CVar [[gc.TimeBetweenPurgingPendingKillObjects:61.1]]
[2019.10.28-04.33.53:177][  0]LogConfig: Setting CVar [[gc.MaxObjectsInEditor:16777216]]
[2019.10.28-04.33.53:177][  0]LogConfig: Setting CVar [[gc.IncrementalBeginDestroyEnabled:1]]
[2019.10.28-04.33.53:177][  0]LogConfig: Setting CVar [[gc.CreateGCClusters:1]]
[2019.10.28-04.33.53:177][  0]LogConfig: Setting CVar [[gc.MinGCClusterSize:5]]
[2019.10.28-04.33.53:177][  0]LogConfig: Setting CVar [[gc.ActorClusteringEnabled:0]]
[2019.10.28-04.33.53:177][  0]LogConfig: Setting CVar [[gc.BlueprintClusteringEnabled:0]]
[2019.10.28-04.33.53:177][  0]LogConfig: Setting CVar [[gc.UseDisregardForGCOnDedicatedServers:0]]
[2019.10.28-04.33.53:177][  0]LogConfig: Applying CVar settings from Section [/Script/Engine.NetworkSettings] File [C:/Users/zacka/Desktop/EasyQuest/RPGGame 4.23/Saved/Config/Windows/Engine.ini]
[2019.10.28-04.33.53:177][  0]LogConfig: Applying CVar settings from Section [/Script/UnrealEd.CookerSettings] File [C:/Users/zacka/Desktop/EasyQuest/RPGGame 4.23/Saved/Config/Windows/Engine.ini]
[2019.10.28-04.33.53:189][  0]LogConfig: Applying CVar settings from Section [ViewDistanceQuality@3] File [C:/Users/zacka/Desktop/EasyQuest/RPGGame 4.23/Saved/Config/Windows/Scalability.ini]
[2019.10.28-04.33.53:189][  0]LogConfig: Setting CVar [[r.SkeletalMeshLODBias:0]]
[2019.10.28-04.33.53:189][  0]LogConfig: Setting CVar [[r.ViewDistanceScale:1.0]]
[2019.10.28-04.33.53:189][  0]LogConfig: Applying CVar settings from Section [AntiAliasingQuality@3] File [C:/Users/zacka/Desktop/EasyQuest/RPGGame 4.23/Saved/Config/Windows/Scalability.ini]
[2019.10.28-04.33.53:189][  0]LogConfig: Setting CVar [[r.PostProcessAAQuality:4]]
[2019.10.28-04.33.53:189][  0]LogConfig: Applying CVar settings from Section [ShadowQuality@3] File [C:/Users/zacka/Desktop/EasyQuest/RPGGame 4.23/Saved/Config/Windows/Scalability.ini]
[2019.10.28-04.33.53:189][  0]LogConfig: Setting CVar [[r.LightFunctionQuality:1]]
[2019.10.28-04.33.53:189][  0]LogConfig: Setting CVar [[r.ShadowQuality:5]]
[2019.10.28-04.33.53:189][  0]LogConfig: Setting CVar [[r.Shadow.CSM.MaxCascades:10]]
[2019.10.28-04.33.53:189][  0]LogConfig: Setting CVar [[r.Shadow.MaxResolution:2048]]
[2019.10.28-04.33.53:189][  0]LogConfig: Setting CVar [[r.Shadow.MaxCSMResolution:2048]]
[2019.10.28-04.33.53:189][  0]LogConfig: Setting CVar [[r.Shadow.RadiusThreshold:0.01]]
[2019.10.28-04.33.53:189][  0]LogConfig: Setting CVar [[r.Shadow.DistanceScale:1.0]]
[2019.10.28-04.33.53:189][  0]LogConfig: Setting CVar [[r.Shadow.CSM.TransitionScale:1.0]]
[2019.10.28-04.33.53:189][  0]LogConfig: Setting CVar [[r.Shadow.PreShadowResolutionFactor:1.0]]
[2019.10.28-04.33.53:189][  0]LogConfig: Setting CVar [[r.DistanceFieldShadowing:1]]
[2019.10.28-04.33.53:189][  0]LogConfig: Setting CVar [[r.DistanceFieldAO:1]]
[2019.10.28-04.33.53:189][  0]LogConfig: Setting CVar [[r.AOQuality:2]]
[2019.10.28-04.33.53:189][  0]LogConfig: Setting CVar [[r.VolumetricFog:1]]
[2019.10.28-04.33.53:189][  0]LogConfig: Setting CVar [[r.VolumetricFog.GridPixelSize:8]]
[2019.10.28-04.33.53:189][  0]LogConfig: Setting CVar [[r.VolumetricFog.GridSizeZ:128]]
[2019.10.28-04.33.53:189][  0]LogConfig: Setting CVar [[r.VolumetricFog.HistoryMissSupersampleCount:4]]
[2019.10.28-04.33.53:189][  0]LogConfig: Setting CVar [[r.LightMaxDrawDistanceScale:1]]
[2019.10.28-04.33.53:189][  0]LogConfig: Setting CVar [[r.CapsuleShadows:1]]
[2019.10.28-04.33.53:189][  0]LogConfig: Applying CVar settings from Section [PostProcessQuality@3] File [C:/Users/zacka/Desktop/EasyQuest/RPGGame 4.23/Saved/Config/Windows/Scalability.ini]
[2019.10.28-04.33.53:189][  0]LogConfig: Setting CVar [[r.MotionBlurQuality:4]]
[2019.10.28-04.33.53:189][  0]LogConfig: Setting CVar [[r.AmbientOcclusionMipLevelFactor:0.4]]
[2019.10.28-04.33.53:189][  0]LogConfig: Setting CVar [[r.AmbientOcclusionMaxQuality:100]]
[2019.10.28-04.33.53:189][  0]LogConfig: Setting CVar [[r.AmbientOcclusionLevels:-1]]
[2019.10.28-04.33.53:189][  0]LogConfig: Setting CVar [[r.AmbientOcclusionRadiusScale:1.0]]
[2019.10.28-04.33.53:189][  0]LogConfig: Setting CVar [[r.DepthOfFieldQuality:2]]
[2019.10.28-04.33.53:189][  0]LogConfig: Setting CVar [[r.RenderTargetPoolMin:400]]
[2019.10.28-04.33.53:189][  0]LogConfig: Setting CVar [[r.LensFlareQuality:2]]
[2019.10.28-04.33.53:189][  0]LogConfig: Setting CVar [[r.SceneColorFringeQuality:1]]
[2019.10.28-04.33.53:189][  0]LogConfig: Setting CVar [[r.EyeAdaptationQuality:2]]
[2019.10.28-04.33.53:189][  0]LogConfig: Setting CVar [[r.BloomQuality:5]]
[2019.10.28-04.33.53:189][  0]LogConfig: Setting CVar [[r.FastBlurThreshold:100]]
[2019.10.28-04.33.53:189][  0]LogConfig: Setting CVar [[r.Upscale.Quality:3]]
[2019.10.28-04.33.53:189][  0]LogConfig: Setting CVar [[r.Tonemapper.GrainQuantization:1]]
[2019.10.28-04.33.53:189][  0]LogConfig: Setting CVar [[r.LightShaftQuality:1]]
[2019.10.28-04.33.53:189][  0]LogConfig: Setting CVar [[r.Filter.SizeScale:1]]
[2019.10.28-04.33.53:189][  0]LogConfig: Setting CVar [[r.Tonemapper.Quality:5]]
[2019.10.28-04.33.53:189][  0]LogConfig: Setting CVar [[r.DOF.Gather.AccumulatorQuality:1        ; higher gathering accumulator quality]]
[2019.10.28-04.33.53:189][  0]LogConfig: Setting CVar [[r.DOF.Gather.PostfilterMethod:1          ; Median3x3 postfilering method]]
[2019.10.28-04.33.53:189][  0]LogConfig: Setting CVar [[r.DOF.Gather.EnableBokehSettings:0       ; no bokeh simulation when gathering]]
[2019.10.28-04.33.53:189][  0]LogConfig: Setting CVar [[r.DOF.Gather.RingCount:4                 ; medium number of samples when gathering]]
[2019.10.28-04.33.53:189][  0]LogConfig: Setting CVar [[r.DOF.Scatter.ForegroundCompositing:1    ; additive foreground scattering]]
[2019.10.28-04.33.53:189][  0]LogConfig: Setting CVar [[r.DOF.Scatter.BackgroundCompositing:2    ; additive background scattering]]
[2019.10.28-04.33.53:189][  0]LogConfig: Setting CVar [[r.DOF.Scatter.EnableBokehSettings:1      ; bokeh simulation when scattering]]
[2019.10.28-04.33.53:189][  0]LogConfig: Setting CVar [[r.DOF.Scatter.MaxSpriteRatio:0.1         ; only a maximum of 10% of scattered bokeh]]
[2019.10.28-04.33.53:189][  0]LogConfig: Setting CVar [[r.DOF.Recombine.Quality:1                ; cheap slight out of focus]]
[2019.10.28-04.33.53:189][  0]LogConfig: Setting CVar [[r.DOF.Recombine.EnableBokehSettings:0    ; no bokeh simulation on slight out of focus]]
[2019.10.28-04.33.53:189][  0]LogConfig: Setting CVar [[r.DOF.TemporalAAQuality:1                ; more stable temporal accumulation]]
[2019.10.28-04.33.53:189][  0]LogConfig: Setting CVar [[r.DOF.Kernel.MaxForegroundRadius:0.025]]
[2019.10.28-04.33.53:189][  0]LogConfig: Setting CVar [[r.DOF.Kernel.MaxBackgroundRadius:0.025]]
[2019.10.28-04.33.53:189][  0]LogConfig: Applying CVar settings from Section [TextureQuality@3] File [C:/Users/zacka/Desktop/EasyQuest/RPGGame 4.23/Saved/Config/Windows/Scalability.ini]
[2019.10.28-04.33.53:189][  0]LogConfig: Setting CVar [[r.Streaming.MipBias:0]]
[2019.10.28-04.33.53:189][  0]LogConfig: Setting CVar [[r.Streaming.AmortizeCPUToGPUCopy:0]]
[2019.10.28-04.33.53:189][  0]LogConfig: Setting CVar [[r.Streaming.MaxNumTexturesToStreamPerFrame:0]]
[2019.10.28-04.33.53:189][  0]LogConfig: Setting CVar [[r.Streaming.Boost:1]]
[2019.10.28-04.33.53:189][  0]LogConfig: Setting CVar [[r.MaxAnisotropy:8]]
[2019.10.28-04.33.53:189][  0]LogConfig: Setting CVar [[r.Streaming.LimitPoolSizeToVRAM:0]]
[2019.10.28-04.33.53:189][  0]LogConfig: Setting CVar [[r.Streaming.PoolSize:1000]]
[2019.10.28-04.33.53:190][  0]LogConfig: Setting CVar [[r.Streaming.MaxEffectiveScreenSize:0]]
[2019.10.28-04.33.53:190][  0]LogConfig: Applying CVar settings from Section [EffectsQuality@3] File [C:/Users/zacka/Desktop/EasyQuest/RPGGame 4.23/Saved/Config/Windows/Scalability.ini]
[2019.10.28-04.33.53:190][  0]LogConfig: Setting CVar [[r.TranslucencyLightingVolumeDim:64]]
[2019.10.28-04.33.53:190][  0]LogConfig: Setting CVar [[r.RefractionQuality:2]]
[2019.10.28-04.33.53:190][  0]LogConfig: Setting CVar [[r.SSR.Quality:3]]
[2019.10.28-04.33.53:190][  0]LogConfig: Setting CVar [[r.SceneColorFormat:4]]
[2019.10.28-04.33.53:190][  0]LogConfig: Setting CVar [[r.DetailMode:2]]
[2019.10.28-04.33.53:190][  0]LogConfig: Setting CVar [[r.TranslucencyVolumeBlur:1]]
[2019.10.28-04.33.53:190][  0]LogConfig: Setting CVar [[r.MaterialQualityLevel:1 ; High quality]]
[2019.10.28-04.33.53:190][  0]LogConfig: Setting CVar [[r.SSS.Scale:1]]
[2019.10.28-04.33.53:190][  0]LogConfig: Setting CVar [[r.SSS.SampleSet:2]]
[2019.10.28-04.33.53:190][  0]LogConfig: Setting CVar [[r.SSS.Quality:1]]
[2019.10.28-04.33.53:190][  0]LogConfig: Setting CVar [[r.SSS.HalfRes:1]]
[2019.10.28-04.33.53:190][  0]LogConfig: Setting CVar [[r.EmitterSpawnRateScale:1.0]]
[2019.10.28-04.33.53:190][  0]LogConfig: Setting CVar [[r.ParticleLightQuality:2]]
[2019.10.28-04.33.53:190][  0]LogConfig: Applying CVar settings from Section [FoliageQuality@3] File [C:/Users/zacka/Desktop/EasyQuest/RPGGame 4.23/Saved/Config/Windows/Scalability.ini]
[2019.10.28-04.33.53:190][  0]LogConfig: Setting CVar [[foliage.DensityScale:1.0]]
[2019.10.28-04.33.53:190][  0]LogConfig: Setting CVar [[grass.DensityScale:1.0]]
[2019.10.28-04.33.53:190][  0]LogInit: Selected Device Profile: [Windows]
[2019.10.28-04.33.53:190][  0]LogInit: Applying CVar settings loaded from the selected device profile: [Windows]
[2019.10.28-04.33.53:193][  0]LogHAL: Display: Platform has ~ 16 GB [17108226048 / 17179869184 / 16], which maps to Larger [LargestMinGB=32, LargerMinGB=12, DefaultMinGB=8, SmallerMinGB=6, SmallestMinGB=0)
[2019.10.28-04.33.53:193][  0]LogInit: Going up to parent DeviceProfile []
[2019.10.28-04.33.53:193][  0]LogConfig: Applying CVar settings from Section [ViewDistanceQuality@3] File [C:/Users/zacka/Desktop/EasyQuest/RPGGame 4.23/Saved/Config/Windows/Scalability.ini]
[2019.10.28-04.33.53:193][  0]LogConfig: Setting CVar [[r.SkeletalMeshLODBias:0]]
[2019.10.28-04.33.53:193][  0]LogConfig: Setting CVar [[r.ViewDistanceScale:1.0]]
[2019.10.28-04.33.53:193][  0]LogConfig: Applying CVar settings from Section [AntiAliasingQuality@3] File [C:/Users/zacka/Desktop/EasyQuest/RPGGame 4.23/Saved/Config/Windows/Scalability.ini]
[2019.10.28-04.33.53:193][  0]LogConfig: Setting CVar [[r.PostProcessAAQuality:4]]
[2019.10.28-04.33.53:193][  0]LogConfig: Applying CVar settings from Section [ShadowQuality@3] File [C:/Users/zacka/Desktop/EasyQuest/RPGGame 4.23/Saved/Config/Windows/Scalability.ini]
[2019.10.28-04.33.53:193][  0]LogConfig: Setting CVar [[r.LightFunctionQuality:1]]
[2019.10.28-04.33.53:193][  0]LogConfig: Setting CVar [[r.ShadowQuality:5]]
[2019.10.28-04.33.53:193][  0]LogConfig: Setting CVar [[r.Shadow.CSM.MaxCascades:10]]
[2019.10.28-04.33.53:193][  0]LogConfig: Setting CVar [[r.Shadow.MaxResolution:2048]]
[2019.10.28-04.33.53:193][  0]LogConfig: Setting CVar [[r.Shadow.MaxCSMResolution:2048]]
[2019.10.28-04.33.53:193][  0]LogConfig: Setting CVar [[r.Shadow.RadiusThreshold:0.01]]
[2019.10.28-04.33.53:193][  0]LogConfig: Setting CVar [[r.Shadow.DistanceScale:1.0]]
[2019.10.28-04.33.53:193][  0]LogConfig: Setting CVar [[r.Shadow.CSM.TransitionScale:1.0]]
[2019.10.28-04.33.53:193][  0]LogConfig: Setting CVar [[r.Shadow.PreShadowResolutionFactor:1.0]]
[2019.10.28-04.33.53:193][  0]LogConfig: Setting CVar [[r.DistanceFieldShadowing:1]]
[2019.10.28-04.33.53:193][  0]LogConfig: Setting CVar [[r.DistanceFieldAO:1]]
[2019.10.28-04.33.53:193][  0]LogConfig: Setting CVar [[r.AOQuality:2]]
[2019.10.28-04.33.53:193][  0]LogConfig: Setting CVar [[r.VolumetricFog:1]]
[2019.10.28-04.33.53:193][  0]LogConfig: Setting CVar [[r.VolumetricFog.GridPixelSize:8]]
[2019.10.28-04.33.53:193][  0]LogConfig: Setting CVar [[r.VolumetricFog.GridSizeZ:128]]
[2019.10.28-04.33.53:193][  0]LogConfig: Setting CVar [[r.VolumetricFog.HistoryMissSupersampleCount:4]]
[2019.10.28-04.33.53:193][  0]LogConfig: Setting CVar [[r.LightMaxDrawDistanceScale:1]]
[2019.10.28-04.33.53:193][  0]LogConfig: Setting CVar [[r.CapsuleShadows:1]]
[2019.10.28-04.33.53:193][  0]LogConfig: Applying CVar settings from Section [PostProcessQuality@3] File [C:/Users/zacka/Desktop/EasyQuest/RPGGame 4.23/Saved/Config/Windows/Scalability.ini]
[2019.10.28-04.33.53:193][  0]LogConfig: Setting CVar [[r.MotionBlurQuality:4]]
[2019.10.28-04.33.53:193][  0]LogConfig: Setting CVar [[r.AmbientOcclusionMipLevelFactor:0.4]]
[2019.10.28-04.33.53:193][  0]LogConfig: Setting CVar [[r.AmbientOcclusionMaxQuality:100]]
[2019.10.28-04.33.53:193][  0]LogConfig: Setting CVar [[r.AmbientOcclusionLevels:-1]]
[2019.10.28-04.33.53:193][  0]LogConfig: Setting CVar [[r.AmbientOcclusionRadiusScale:1.0]]
[2019.10.28-04.33.53:193][  0]LogConfig: Setting CVar [[r.DepthOfFieldQuality:2]]
[2019.10.28-04.33.53:193][  0]LogConfig: Setting CVar [[r.RenderTargetPoolMin:400]]
[2019.10.28-04.33.53:193][  0]LogConfig: Setting CVar [[r.LensFlareQuality:2]]
[2019.10.28-04.33.53:193][  0]LogConfig: Setting CVar [[r.SceneColorFringeQuality:1]]
[2019.10.28-04.33.53:193][  0]LogConfig: Setting CVar [[r.EyeAdaptationQuality:2]]
[2019.10.28-04.33.53:193][  0]LogConfig: Setting CVar [[r.BloomQuality:5]]
[2019.10.28-04.33.53:193][  0]LogConfig: Setting CVar [[r.FastBlurThreshold:100]]
[2019.10.28-04.33.53:193][  0]LogConfig: Setting CVar [[r.Upscale.Quality:3]]
[2019.10.28-04.33.53:193][  0]LogConfig: Setting CVar [[r.Tonemapper.GrainQuantization:1]]
[2019.10.28-04.33.53:193][  0]LogConfig: Setting CVar [[r.LightShaftQuality:1]]
[2019.10.28-04.33.53:193][  0]LogConfig: Setting CVar [[r.Filter.SizeScale:1]]
[2019.10.28-04.33.53:194][  0]LogConfig: Setting CVar [[r.Tonemapper.Quality:5]]
[2019.10.28-04.33.53:194][  0]LogConfig: Setting CVar [[r.DOF.Gather.AccumulatorQuality:1        ; higher gathering accumulator quality]]
[2019.10.28-04.33.53:194][  0]LogConfig: Setting CVar [[r.DOF.Gather.PostfilterMethod:1          ; Median3x3 postfilering method]]
[2019.10.28-04.33.53:194][  0]LogConfig: Setting CVar [[r.DOF.Gather.EnableBokehSettings:0       ; no bokeh simulation when gathering]]
[2019.10.28-04.33.53:194][  0]LogConfig: Setting CVar [[r.DOF.Gather.RingCount:4                 ; medium number of samples when gathering]]
[2019.10.28-04.33.53:194][  0]LogConfig: Setting CVar [[r.DOF.Scatter.ForegroundCompositing:1    ; additive foreground scattering]]
[2019.10.28-04.33.53:194][  0]LogConfig: Setting CVar [[r.DOF.Scatter.BackgroundCompositing:2    ; additive background scattering]]
[2019.10.28-04.33.53:194][  0]LogConfig: Setting CVar [[r.DOF.Scatter.EnableBokehSettings:1      ; bokeh simulation when scattering]]
[2019.10.28-04.33.53:194][  0]LogConfig: Setting CVar [[r.DOF.Scatter.MaxSpriteRatio:0.1         ; only a maximum of 10% of scattered bokeh]]
[2019.10.28-04.33.53:194][  0]LogConfig: Setting CVar [[r.DOF.Recombine.Quality:1                ; cheap slight out of focus]]
[2019.10.28-04.33.53:194][  0]LogConfig: Setting CVar [[r.DOF.Recombine.EnableBokehSettings:0    ; no bokeh simulation on slight out of focus]]
[2019.10.28-04.33.53:194][  0]LogConfig: Setting CVar [[r.DOF.TemporalAAQuality:1                ; more stable temporal accumulation]]
[2019.10.28-04.33.53:194][  0]LogConfig: Setting CVar [[r.DOF.Kernel.MaxForegroundRadius:0.025]]
[2019.10.28-04.33.53:194][  0]LogConfig: Setting CVar [[r.DOF.Kernel.MaxBackgroundRadius:0.025]]
[2019.10.28-04.33.53:194][  0]LogConfig: Applying CVar settings from Section [TextureQuality@3] File [C:/Users/zacka/Desktop/EasyQuest/RPGGame 4.23/Saved/Config/Windows/Scalability.ini]
[2019.10.28-04.33.53:194][  0]LogConfig: Setting CVar [[r.Streaming.MipBias:0]]
[2019.10.28-04.33.53:194][  0]LogConfig: Setting CVar [[r.Streaming.AmortizeCPUToGPUCopy:0]]
[2019.10.28-04.33.53:194][  0]LogConfig: Setting CVar [[r.Streaming.MaxNumTexturesToStreamPerFrame:0]]
[2019.10.28-04.33.53:194][  0]LogConfig: Setting CVar [[r.Streaming.Boost:1]]
[2019.10.28-04.33.53:194][  0]LogConfig: Setting CVar [[r.MaxAnisotropy:8]]
[2019.10.28-04.33.53:194][  0]LogConfig: Setting CVar [[r.Streaming.LimitPoolSizeToVRAM:0]]
[2019.10.28-04.33.53:194][  0]LogConfig: Setting CVar [[r.Streaming.PoolSize:1000]]
[2019.10.28-04.33.53:194][  0]LogConfig: Setting CVar [[r.Streaming.MaxEffectiveScreenSize:0]]
[2019.10.28-04.33.53:194][  0]LogConfig: Applying CVar settings from Section [EffectsQuality@3] File [C:/Users/zacka/Desktop/EasyQuest/RPGGame 4.23/Saved/Config/Windows/Scalability.ini]
[2019.10.28-04.33.53:194][  0]LogConfig: Setting CVar [[r.TranslucencyLightingVolumeDim:64]]
[2019.10.28-04.33.53:194][  0]LogConfig: Setting CVar [[r.RefractionQuality:2]]
[2019.10.28-04.33.53:194][  0]LogConfig: Setting CVar [[r.SSR.Quality:3]]
[2019.10.28-04.33.53:194][  0]LogConfig: Setting CVar [[r.SceneColorFormat:4]]
[2019.10.28-04.33.53:194][  0]LogConfig: Setting CVar [[r.DetailMode:2]]
[2019.10.28-04.33.53:194][  0]LogConfig: Setting CVar [[r.TranslucencyVolumeBlur:1]]
[2019.10.28-04.33.53:194][  0]LogConfig: Setting CVar [[r.MaterialQualityLevel:1 ; High quality]]
[2019.10.28-04.33.53:194][  0]LogConfig: Setting CVar [[r.SSS.Scale:1]]
[2019.10.28-04.33.53:194][  0]LogConfig: Setting CVar [[r.SSS.SampleSet:2]]
[2019.10.28-04.33.53:194][  0]LogConfig: Setting CVar [[r.SSS.Quality:1]]
[2019.10.28-04.33.53:194][  0]LogConfig: Setting CVar [[r.SSS.HalfRes:1]]
[2019.10.28-04.33.53:194][  0]LogConfig: Setting CVar [[r.EmitterSpawnRateScale:1.0]]
[2019.10.28-04.33.53:194][  0]LogConfig: Setting CVar [[r.ParticleLightQuality:2]]
[2019.10.28-04.33.53:194][  0]LogConfig: Applying CVar settings from Section [FoliageQuality@3] File [C:/Users/zacka/Desktop/EasyQuest/RPGGame 4.23/Saved/Config/Windows/Scalability.ini]
[2019.10.28-04.33.53:194][  0]LogConfig: Setting CVar [[foliage.DensityScale:1.0]]
[2019.10.28-04.33.53:194][  0]LogConfig: Setting CVar [[grass.DensityScale:1.0]]
[2019.10.28-04.33.53:194][  0]LogConfig: Applying CVar settings from Section [Startup] File [../../../Engine/Config/ConsoleVariables.ini]
[2019.10.28-04.33.53:194][  0]LogConfig: Setting CVar [[net.UseAdaptiveNetUpdateFrequency:0]]
[2019.10.28-04.33.53:194][  0]LogConfig: Setting CVar [[p.chaos.AllowCreatePhysxBodies:1]]
[2019.10.28-04.33.53:194][  0]LogConfig: Applying CVar settings from Section [ConsoleVariables] File [C:/Users/zacka/Desktop/EasyQuest/RPGGame 4.23/Saved/Config/Windows/Engine.ini]
[2019.10.28-04.33.53:195][  0]LogInit: Computer: DESKTOP-96N3U1H
[2019.10.28-04.33.53:195][  0]LogInit: User: zacka
[2019.10.28-04.33.53:195][  0]LogInit: CPU Page size=4096, Cores=8
[2019.10.28-04.33.53:195][  0]LogInit: High frequency timer resolution =10.000000 MHz
[2019.10.28-04.33.53:195][  0]LogMemory: Memory total: Physical=15.9GB (16GB approx)
[2019.10.28-04.33.53:195][  0]LogMemory: Platform Memory Stats for Windows
[2019.10.28-04.33.53:195][  0]LogMemory: Process Physical Memory: 102.89 MB used, 102.90 MB peak
[2019.10.28-04.33.53:195][  0]LogMemory: Process Virtual Memory: 100.60 MB used, 100.60 MB peak
[2019.10.28-04.33.53:195][  0]LogMemory: Physical Memory: 8666.38 MB used,  7649.30 MB free, 16315.68 MB total
[2019.10.28-04.33.53:195][  0]LogMemory: Virtual Memory: 4687.20 MB used,  134213040.00 MB free, 134217728.00 MB total
[2019.10.28-04.33.53:199][  0]LogWindows: WindowsPlatformFeatures enabled
[2019.10.28-04.33.53:224][  0]LogInit: Using OS detected language (en-US).
[2019.10.28-04.33.53:224][  0]LogInit: Using OS detected locale (en-AU).
[2019.10.28-04.33.53:226][  0]LogTextLocalizationManager: No specific localization for 'en-US' exists, so the 'en' localization will be used.
[2019.10.28-04.33.53:380][  0]LogInit: Setting process to per monitor DPI aware
[2019.10.28-04.33.53:431][  0]LogSlate: New Slate User Created.  User Index 0, Is Virtual User: 0
[2019.10.28-04.33.53:431][  0]LogSlate: Slate User Registered.  User Index 0, Is Virtual User: 0
[2019.10.28-04.33.53:717][  0]LogHMD: Failed to initialize OpenVR with code 110
[2019.10.28-04.33.53:717][  0]LogD3D11RHI: D3D11 adapters:
[2019.10.28-04.33.53:789][  0]LogD3D11RHI:    0. 'NVIDIA GeForce GTX 1070' (Feature Level 11_0)
[2019.10.28-04.33.53:789][  0]LogD3D11RHI:       8088/0/8157 MB DedicatedVideo/DedicatedSystem/SharedSystem, Outputs:3, VendorId:0x10de
[2019.10.28-04.33.53:791][  0]LogD3D11RHI:    1. 'Microsoft Basic Render Driver' (Feature Level 11_0)
[2019.10.28-04.33.53:791][  0]LogD3D11RHI:       0/0/8157 MB DedicatedVideo/DedicatedSystem/SharedSystem, Outputs:0, VendorId:0x1414
[2019.10.28-04.33.53:791][  0]LogD3D11RHI: Chosen D3D11 Adapter: 0
[2019.10.28-04.33.53:802][  0]LogD3D11RHI: Creating new Direct3DDevice
[2019.10.28-04.33.53:802][  0]LogD3D11RHI:     GPU DeviceId: 0x1b81 (for the marketing name, search the web for "GPU Device Id")
[2019.10.28-04.33.53:802][  0]LogWindows: EnumDisplayDevices:
[2019.10.28-04.33.53:802][  0]LogWindows:    0. 'NVIDIA GeForce GTX 1070' (P:0 D:1)
[2019.10.28-04.33.53:803][  0]LogWindows:    1. 'NVIDIA GeForce GTX 1070' (P:0 D:1)
[2019.10.28-04.33.53:803][  0]LogWindows:    2. 'NVIDIA GeForce GTX 1070' (P:1 D:1)
[2019.10.28-04.33.53:803][  0]LogWindows:    3. 'NVIDIA GeForce GTX 1070' (P:0 D:0)
[2019.10.28-04.33.53:803][  0]LogWindows: DebugString: FoundDriverCount:4 
[2019.10.28-04.33.53:803][  0]LogD3D11RHI:     Adapter Name: NVIDIA GeForce GTX 1070
[2019.10.28-04.33.53:803][  0]LogD3D11RHI:   Driver Version: 440.97 (internal:26.21.14.4097, unified:440.97)
[2019.10.28-04.33.53:803][  0]LogD3D11RHI:      Driver Date: 10-16-2019
[2019.10.28-04.33.53:803][  0]LogRHI: Texture pool is 5661 MB (70% of 8088 MB)
[2019.10.28-04.33.53:854][  0]LogD3D11RHI: Async texture creation enabled
[2019.10.28-04.33.53:866][  0]LogD3D11RHI: GPU Timing Frequency: 1000.000000 (Debug: 2 1)
[2019.10.28-04.33.54:185][  0]LogTemp: Display: Module 'AllDesktopTargetPlatform' loaded TargetPlatform 'AllDesktop'
[2019.10.28-04.33.54:194][  0]LogTemp: Display: Module 'MacClientTargetPlatform' loaded TargetPlatform 'MacClient'
[2019.10.28-04.33.54:202][  0]LogTemp: Display: Module 'MacNoEditorTargetPlatform' loaded TargetPlatform 'MacNoEditor'
[2019.10.28-04.33.54:211][  0]LogTemp: Display: Module 'MacServerTargetPlatform' loaded TargetPlatform 'MacServer'
[2019.10.28-04.33.54:221][  0]LogTemp: Display: Module 'MacTargetPlatform' loaded TargetPlatform 'Mac'
[2019.10.28-04.33.54:229][  0]LogTemp: Display: Module 'WindowsClientTargetPlatform' loaded TargetPlatform 'WindowsClient'
[2019.10.28-04.33.54:239][  0]LogTemp: Display: Module 'WindowsNoEditorTargetPlatform' loaded TargetPlatform 'WindowsNoEditor'
[2019.10.28-04.33.54:248][  0]LogTemp: Display: Module 'WindowsServerTargetPlatform' loaded TargetPlatform 'WindowsServer'
[2019.10.28-04.33.54:253][  0]LogTemp: Display: Module 'WindowsTargetPlatform' loaded TargetPlatform 'Windows'
[2019.10.28-04.33.54:291][  0]LogTemp: Display: Module 'AndroidTargetPlatform' loaded TargetPlatform 'Android'
[2019.10.28-04.33.54:291][  0]LogTemp: Display: Module 'AndroidTargetPlatform' loaded TargetPlatform 'Android_ASTC'
[2019.10.28-04.33.54:291][  0]LogTemp: Display: Module 'AndroidTargetPlatform' loaded TargetPlatform 'Android_ATC'
[2019.10.28-04.33.54:291][  0]LogTemp: Display: Module 'AndroidTargetPlatform' loaded TargetPlatform 'Android_DXT'
[2019.10.28-04.33.54:291][  0]LogTemp: Display: Module 'AndroidTargetPlatform' loaded TargetPlatform 'Android_ETC1'
[2019.10.28-04.33.54:291][  0]LogTemp: Display: Module 'AndroidTargetPlatform' loaded TargetPlatform 'Android_ETC1a'
[2019.10.28-04.33.54:291][  0]LogTemp: Display: Module 'AndroidTargetPlatform' loaded TargetPlatform 'Android_ETC2'
[2019.10.28-04.33.54:291][  0]LogTemp: Display: Module 'AndroidTargetPlatform' loaded TargetPlatform 'Android_PVRTC'
[2019.10.28-04.33.54:291][  0]LogTemp: Display: Module 'AndroidTargetPlatform' loaded TargetPlatform 'AndroidClient'
[2019.10.28-04.33.54:291][  0]LogTemp: Display: Module 'AndroidTargetPlatform' loaded TargetPlatform 'Android_ASTCClient'
[2019.10.28-04.33.54:291][  0]LogTemp: Display: Module 'AndroidTargetPlatform' loaded TargetPlatform 'Android_ATCClient'
[2019.10.28-04.33.54:291][  0]LogTemp: Display: Module 'AndroidTargetPlatform' loaded TargetPlatform 'Android_DXTClient'
[2019.10.28-04.33.54:291][  0]LogTemp: Display: Module 'AndroidTargetPlatform' loaded TargetPlatform 'Android_ETC1Client'
[2019.10.28-04.33.54:291][  0]LogTemp: Display: Module 'AndroidTargetPlatform' loaded TargetPlatform 'Android_ETC1aClient'
[2019.10.28-04.33.54:291][  0]LogTemp: Display: Module 'AndroidTargetPlatform' loaded TargetPlatform 'Android_ETC2Client'
[2019.10.28-04.33.54:291][  0]LogTemp: Display: Module 'AndroidTargetPlatform' loaded TargetPlatform 'Android_PVRTCClient'
[2019.10.28-04.33.54:291][  0]LogTemp: Display: Module 'AndroidTargetPlatform' loaded TargetPlatform 'Android_Multi'
[2019.10.28-04.33.54:291][  0]LogTemp: Display: Module 'AndroidTargetPlatform' loaded TargetPlatform 'Android_MultiClient'
[2019.10.28-04.33.54:293][  0]LogTemp: Display: Module 'HTML5TargetPlatform' loaded TargetPlatform 'HTML5'
[2019.10.28-04.33.54:313][  0]LogTemp: Display: Module 'IOSTargetPlatform' loaded TargetPlatform 'IOSClient'
[2019.10.28-04.33.54:313][  0]LogTemp: Display: Module 'IOSTargetPlatform' loaded TargetPlatform 'IOS'
[2019.10.28-04.33.54:328][  0]LogTemp: Display: Module 'TVOSTargetPlatform' loaded TargetPlatform 'TVOSClient'
[2019.10.28-04.33.54:328][  0]LogTemp: Display: Module 'TVOSTargetPlatform' loaded TargetPlatform 'TVOS'
[2019.10.28-04.33.54:336][  0]LogTemp: Display: Module 'LinuxClientTargetPlatform' loaded TargetPlatform 'LinuxClient'
[2019.10.28-04.33.54:343][  0]LogTemp: Display: Module 'LinuxNoEditorTargetPlatform' loaded TargetPlatform 'LinuxNoEditor'
[2019.10.28-04.33.54:351][  0]LogTemp: Display: Module 'LinuxServerTargetPlatform' loaded TargetPlatform 'LinuxServer'
[2019.10.28-04.33.54:360][  0]LogTemp: Display: Module 'LinuxTargetPlatform' loaded TargetPlatform 'Linux'
[2019.10.28-04.33.54:386][  0]LogTemp: Display: Module 'LuminTargetPlatform' loaded TargetPlatform 'Lumin'
[2019.10.28-04.33.54:386][  0]LogTemp: Display: Module 'LuminTargetPlatform' loaded TargetPlatform 'LuminClient'
[2019.10.28-04.33.54:386][  0]LogTargetPlatformManager: Display: Building Assets For Windows
[2019.10.28-04.33.54:396][  0]LogAudioDebug: Display: Lib vorbis DLL was dynamically loaded.
[2019.10.28-04.33.54:448][  0]LogShaderCompilers: Guid format shader working directory is 0 characters bigger than the processId version (C:/Users/zacka/Desktop/EasyQuest/RPGGame 4.23/Intermediate/Shaders/WorkingDirectory/20636/).
[2019.10.28-04.33.54:448][  0]LogShaderCompilers: Cleaned the shader compiler working directory 'C:/Users/zacka/AppData/Local/Temp/UnrealShaderWorkingDir/8513CA9149D322382A07119642CFF7D3/'.
[2019.10.28-04.33.54:451][  0]LogXGEController: Cannot use XGE Controller as Incredibuild is not installed on this machine.
[2019.10.28-04.33.54:451][  0]LogShaderCompilers: Cannot use XGE Shader Compiler as Incredibuild is not installed on this machine.
[2019.10.28-04.33.54:451][  0]LogShaderCompilers: Display: Using Local Shader Compiler.
[2019.10.28-04.33.55:053][  0]LogDerivedDataCache: Display: Max Cache Size: 512 MB
[2019.10.28-04.33.55:093][  0]LogDerivedDataCache: Loaded boot cache 0.04s 73MB C:/Users/zacka/AppData/Local/UnrealEngine/4.23/DerivedDataCache/Boot.ddc.
[2019.10.28-04.33.55:093][  0]LogDerivedDataCache: Display: Loaded Boot cache: C:/Users/zacka/AppData/Local/UnrealEngine/4.23/DerivedDataCache/Boot.ddc
[2019.10.28-04.33.55:093][  0]LogDerivedDataCache: FDerivedDataBackendGraph:  Pak pak cache file C:/Users/zacka/Desktop/EasyQuest/RPGGame 4.23/DerivedDataCache/DDC.ddp not found, will not use a pak cache.
[2019.10.28-04.33.55:093][  0]LogDerivedDataCache: Unable to find inner node Pak for hierarchical cache Hierarchy.
[2019.10.28-04.33.55:093][  0]LogDerivedDataCache: FDerivedDataBackendGraph:  CompressedPak pak cache file C:/Users/zacka/Desktop/EasyQuest/RPGGame 4.23/DerivedDataCache/Compressed.ddp not found, will not use a pak cache.
[2019.10.28-04.33.55:093][  0]LogDerivedDataCache: Unable to find inner node CompressedPak for hierarchical cache Hierarchy.
[2019.10.28-04.33.55:104][  0]LogDerivedDataCache: Display: Pak cache opened for reading ../../../Engine/DerivedDataCache/Compressed.ddp.
[2019.10.28-04.33.55:104][  0]LogDerivedDataCache: FDerivedDataBackendGraph:  EnterprisePak pak cache file ../../../Enterprise/DerivedDataCache/Compressed.ddp not found, will not use a pak cache.
[2019.10.28-04.33.55:104][  0]LogDerivedDataCache: Unable to find inner node EnterprisePak for hierarchical cache Hierarchy.
[2019.10.28-04.33.55:105][  0]LogDerivedDataCache: Using Local data cache path C:/Users/zacka/AppData/Local/UnrealEngine/Common/DerivedDataCache: Writable
[2019.10.28-04.33.55:105][  0]LogDerivedDataCache: Shared data cache path not found in *engine.ini, will not use an Shared cache.
[2019.10.28-04.33.55:105][  0]LogDerivedDataCache: Unable to find inner node Shared for hierarchical cache Hierarchy.
[2019.10.28-04.33.55:125][  0]LogMaterial: Verifying Global Shaders for PCD3D_SM5
[2019.10.28-04.33.55:128][  0]LogSlate: Using FreeType 2.6.0
[2019.10.28-04.33.55:128][  0]LogSlate: SlateFontServices - WITH_FREETYPE: 1, WITH_HARFBUZZ: 1
[2019.10.28-04.33.55:200][  0]LogAssetRegistry: FAssetRegistry took 0.0022 seconds to start up
[2019.10.28-04.33.55:460][  0]LogInit: Selected Device Profile: [Windows]
[2019.10.28-04.33.55:593][  0]LogMeshReduction: Using QuadricMeshReduction for automatic static mesh reduction
[2019.10.28-04.33.55:593][  0]LogMeshReduction: Using SimplygonMeshReduction for automatic skeletal mesh reduction
[2019.10.28-04.33.55:593][  0]LogMeshReduction: Using ProxyLODMeshReduction for automatic mesh merging
[2019.10.28-04.33.55:593][  0]LogMeshReduction: No distributed automatic mesh merging module available
[2019.10.28-04.33.55:593][  0]LogMeshMerging: No distributed automatic mesh merging module available
[2019.10.28-04.33.55:602][  0]LogNetVersion: RPGGame 1.0.0, NetCL: 8386587, EngineNetVer: 11, GameNetVer: 0 (Checksum: 3579892519)
[2019.10.28-04.33.55:993][  0]LogPackageLocalizationCache: Processed 12 localized package path(s) for 1 prioritized culture(s) in 0.043286 seconds
[2019.10.28-04.33.56:000][  0]LogUObjectArray: 43444 objects as part of root set at end of initial load.
[2019.10.28-04.33.56:000][  0]LogUObjectAllocator: 7548648 out of 0 bytes used by permanent object pool.
[2019.10.28-04.33.56:000][  0]LogUObjectArray: CloseDisregardForGC: 0/0 objects in disregard for GC pool
[2019.10.28-04.33.57:004][  0]LogTcpMessaging: Initializing TcpMessaging bridge
[2019.10.28-04.33.57:007][  0]LogUdpMessaging: Initializing bridge on interface 0.0.0.0:0 to multicast group 230.0.0.1:6666.
[2019.10.28-04.33.57:063][  0]SourceControl: Source control is disabled
[2019.10.28-04.33.57:064][  0]LogWindows: Warning: CreateProc failed: The system cannot find the file specified. (0x00000002)
[2019.10.28-04.33.57:064][  0]LogWindows: Warning: URL: C:/Program Files/Git/bin/git.exe version
[2019.10.28-04.33.57:064][  0]LogWindows: Warning: CreateProc failed: The system cannot find the file specified. (0x00000002)
[2019.10.28-04.33.57:064][  0]LogWindows: Warning: URL: C:/Program Files (x86)/Git/bin/git.exe version
[2019.10.28-04.33.57:064][  0]LogWindows: Warning: CreateProc failed: The system cannot find the file specified. (0x00000002)
[2019.10.28-04.33.57:064][  0]LogWindows: Warning: URL: C:\Users\zacka\AppData\Local/Programs/Git/cmd/git.exe version
[2019.10.28-04.33.57:065][  0]LogWindows: Warning: CreateProc failed: The system cannot find the file specified. (0x00000002)
[2019.10.28-04.33.57:065][  0]LogWindows: Warning: URL: C:/Program Files (x86)/SmartGit/git/bin/git.exe version
[2019.10.28-04.33.57:065][  0]LogWindows: Warning: CreateProc failed: The system cannot find the file specified. (0x00000002)
[2019.10.28-04.33.57:065][  0]LogWindows: Warning: URL: C:/Program Files (x86)/SmartGit/bin/git.exe version
[2019.10.28-04.33.57:652][  0]LogAndroidPermission: UAndroidPermissionCallbackProxy::GetInstance
[2019.10.28-04.33.57:833][  0]LogOcInput: OculusInput pre-init called
[2019.10.28-04.33.57:839][  0]LogWindows: Failed to load 'OVRPlugin.dll' (GetLastError=126)
[2019.10.28-04.33.57:839][  0]LogWindows: File 'OVRPlugin.dll' does not exist
[2019.10.28-04.33.57:908][  0]LogEngine: Initializing Engine...
[2019.10.28-04.33.57:909][  0]LogHMD: Failed to initialize OpenVR with code 110
[2019.10.28-04.33.57:910][  0]LogStats: UGameplayTagsManager::InitializeManager -  0.000 s
[2019.10.28-04.33.58:114][  0]LogInit: Initializing FReadOnlyCVARCache
[2019.10.28-04.33.58:127][  0]LogAIModule: Creating AISystem for world Untitled
[2019.10.28-04.33.58:170][  0]LogInit: XAudio2 using 'Speakers (2- RIG 800HX)' : 2 channels at 48 kHz using 24 bits per sample (channel mask 0x3)
[2019.10.28-04.33.58:190][  0]LogInit: FAudioDevice initialized.
[2019.10.28-04.33.58:190][  0]LogNetVersion: Set ProjectVersion to 1.0.0.0. Version Checksum will be recalculated on next use.
[2019.10.28-04.33.58:244][  0]LogDerivedDataCache: Saved boot cache 0.05s 73MB C:/Users/zacka/AppData/Local/UnrealEngine/4.23/DerivedDataCache/Boot.ddc.
[2019.10.28-04.33.58:246][  0]LogInit: Texture streaming: Enabled
[2019.10.28-04.33.58:266][  0]LogEngineSessionManager: EngineSessionManager initialized
[2019.10.28-04.33.58:311][  0]LogInit: Transaction tracking system initialized
[2019.10.28-04.33.58:340][  0]BlueprintLog: New page: Editor Load
[2019.10.28-04.33.58:415][  0]LocalizationService: Localization service is disabled
[2019.10.28-04.33.58:630][  0]LogCook: Display: Max memory allowance for cook 16384mb min free memory 0mb
[2019.10.28-04.33.58:630][  0]LogCook: Display: Mobile HDR setting 1
[2019.10.28-04.33.58:865][  0]LogFileCache: Scanning file cache for directory 'C:/Users/zacka/Desktop/EasyQuest/RPGGame 4.23/Content/' took 0.07s
[2019.10.28-04.33.58:913][  0]LogSlate: Took 0.000328 seconds to synchronously load lazily loaded font '../../../Engine/Content/Slate/Fonts/Roboto-Regular.ttf' (155K)
[2019.10.28-04.34.08:294][  0]LogSlate: Window 'Restore Packages' being destroyed
[2019.10.28-04.34.08:294][  0]LogWindowsTextInputMethodSystem: Display: IME system now deactivated.
[2019.10.28-04.34.08:297][  0]LogWindowsTextInputMethodSystem: Display: IME system now deactivated.
[2019.10.28-04.34.08:553][  0]LogWindowsTextInputMethodSystem: Display: IME system now deactivated.
[2019.10.28-04.34.08:554][  0]LogWindowsTextInputMethodSystem: Display: IME system now deactivated.
[2019.10.28-04.34.08:604][  0]Cmd: MAP LOAD FILE="C:/Users/zacka/Desktop/EasyQuest/RPGGame 4.23/Content/ThirdPersonBP/Maps/ThirdPersonExampleMap.umap" TEMPLATE=0 SHOWPROGRESS=1 FEATURELEVEL=3
[2019.10.28-04.34.33:734][  0]LogSlate: Window 'Message' being destroyed
[2019.10.28-04.34.33:735][  0]LogWindowsTextInputMethodSystem: Display: IME system now deactivated.
[2019.10.28-04.34.33:792][  0]LightingResults: New page: Lighting Build
[2019.10.28-04.34.33:805][  0]LogWorld: UWorld::CleanupWorld for Untitled, bSessionEnded=true, bCleanupResources=true
[2019.10.28-04.34.33:847][  0]MapCheck: New page: Map Check
[2019.10.28-04.34.33:847][  0]LightingResults: New page: Lighting Build
[2019.10.28-04.34.34:024][  0]LogUObjectHash: Compacting FUObjectHashTables data took   1.58ms
[2019.10.28-04.34.34:071][  0]LogAIModule: Creating AISystem for world Untitled
[2019.10.28-04.34.34:178][  0]LoadErrors: New page: New Map
[2019.10.28-04.34.34:803][  0]LogWindowsTextInputMethodSystem: Display: IME system now deactivated.
[2019.10.28-04.34.35:228][  0]LogSlate: Updating window title bar state: overlay mode, drag disabled, window buttons hidden, title bar hidden
[2019.10.28-04.34.35:246][  0]LogSlate: Updating window title bar state: overlay mode, drag disabled, window buttons hidden, title bar hidden
[2019.10.28-04.34.35:254][  0]LogSlate: Updating window title bar state: overlay mode, drag disabled, window buttons hidden, title bar hidden
[2019.10.28-04.34.35:260][  0]LogSlate: Updating window title bar state: overlay mode, drag disabled, window buttons hidden, title bar hidden
[2019.10.28-04.34.35:319][  0]LogCollectionManager: Loaded 0 collections in 0.001965 seconds
[2019.10.28-04.34.35:379][  0]LogFileCache: Scanning file cache for directory 'C:/Users/zacka/Desktop/EasyQuest/RPGGame 4.23/Saved/Collections/' took 0.00s
[2019.10.28-04.34.35:379][  0]LogFileCache: Scanning file cache for directory 'C:/Users/zacka/Desktop/EasyQuest/RPGGame 4.23/Content/Developers/zacka/Collections/' took 0.00s
[2019.10.28-04.34.35:379][  0]LogFileCache: Scanning file cache for directory 'C:/Users/zacka/Desktop/EasyQuest/RPGGame 4.23/Content/Collections/' took 0.00s
[2019.10.28-04.34.35:379][  0]LogCollectionManager: Rebuilt the GUID cache for 0 collections in 0.000002 seconds
[2019.10.28-04.34.35:389][  0]LogContentBrowser: Native class hierarchy populated in 0.0087 seconds. Added 2863 classes and 680 folders.
[2019.10.28-04.34.35:454][  0]LogContentBrowser: Native class hierarchy updated for 'WidgetCarousel' in 0.0002 seconds. Added 0 classes and 0 folders.
[2019.10.28-04.34.36:308][  0]LogContentBrowser: Native class hierarchy updated for 'AddContentDialog' in 0.0002 seconds. Added 0 classes and 0 folders.
[2019.10.28-04.34.36:414][  0]LogContentBrowser: Native class hierarchy updated for 'SceneOutliner' in 0.0003 seconds. Added 1 classes and 2 folders.
[2019.10.28-04.34.37:068][  0]LogSlate: Took 0.028705 seconds to synchronously load lazily loaded font '../../../Engine/Content/Slate/Fonts/Roboto-Bold.ttf' (160K)
[2019.10.28-04.34.37:112][  0]LogSlate: Took 0.014161 seconds to synchronously load lazily loaded font '../../../Engine/Content/Editor/Slate/Fonts/FontAwesome.ttf' (139K)
[2019.10.28-04.34.37:359][  0]LogRenderer: Reallocating scene render targets to support 2108x856 Format 10 NumSamples 1 (Frame:1).
[2019.10.28-04.34.37:752][  0]LogContentBrowser: Native class hierarchy updated for 'HierarchicalLODOutliner' in 0.0003 seconds. Added 0 classes and 0 folders.
[2019.10.28-04.34.37:752][  0]LogLoad: (Engine Initialization) Total time: 46.78 seconds
[2019.10.28-04.34.37:752][  0]LogLoad: (Engine Initialization) Total Blueprint compile time: 0.00 seconds
[2019.10.28-04.34.37:948][  0]LogContentStreaming: Texture pool size now 1000 MB
[2019.10.28-04.34.38:665][ 12]LogAssetRegistry: Asset discovery search completed in 43.4666 seconds
[2019.10.28-04.34.38:668][ 12]LogCollectionManager: Rebuilt the object cache for 0 collections in 0.000011 seconds (found 0 objects)
[2019.10.28-04.34.38:668][ 12]LogCollectionManager: Fixed up redirectors for 0 collections in 0.000048 seconds (updated 0 objects)
[2019.10.28-04.34.38:798][ 24]LogSlate: Took 0.010092 seconds to synchronously load lazily loaded font '../../../Engine/Content/Slate/Fonts/Roboto-Light.ttf' (167K)
[2019.10.28-04.34.46:639][960]LogSlate: FSceneViewport::OnFocusLost() reason 5
[2019.10.28-04.34.52:035][598]LogSlate: FSceneViewport::OnFocusLost() reason 5
[2019.10.28-04.35.03:758][808]LogPackageName: Warning: Asset path "FX_Meshes.UI.SM_SelectionMesh_01" is in short form, which is unsupported and -- even if valid -- resolving it will be really slow.
[2019.10.28-04.35.03:758][808]LogPackageName: Warning: Please consider resaving package in order to speed-up loading.
[2019.10.28-04.35.04:052][808]LogPackageName: SearchForPackageOnDisk took   0.293s, but failed to resolve FX_Meshes.
[2019.10.28-04.35.04:052][808]LogPackageName: Warning: Asset path "FX_Meshes.UI.SM_SelectionMesh_01" could not be resolved.
[2019.10.28-04.35.04:508][808]LogAIModule: Creating AISystem for world ThirdPersonExampleMap
[2019.10.28-04.35.04:616][808]LogSlate: Prevented a slow task dialog from being summoned while a context menu was open
[2019.10.28-04.35.04:616][808]LogAssetEditorManager: Opening Asset editor for World /Game/EasyQuest/ThirdPersonBP/Maps/ThirdPersonExampleMap.ThirdPersonExampleMap
[2019.10.28-04.35.04:712][808]LogUObjectHash: Compacting FUObjectHashTables data took   2.51ms
[2019.10.28-04.35.04:735][808]Cmd: MAP LOAD FILE="C:/Users/zacka/Desktop/EasyQuest/RPGGame 4.23/Content/EasyQuest/ThirdPersonBP/Maps/ThirdPersonExampleMap.umap" TEMPLATE=0 SHOWPROGRESS=1 FEATURELEVEL=3
[2019.10.28-04.35.04:739][808]LightingResults: New page: Lighting Build
[2019.10.28-04.35.04:740][808]LoadErrors: New page: Loading map: ThirdPersonExampleMap.umap
[2019.10.28-04.35.04:740][808]LogWorld: UWorld::CleanupWorld for Untitled, bSessionEnded=true, bCleanupResources=true
[2019.10.28-04.35.04:740][808]MapCheck: New page: Map Check
[2019.10.28-04.35.04:740][808]LightingResults: New page: Lighting Build
[2019.10.28-04.35.04:788][808]LogUObjectHash: Compacting FUObjectHashTables data took   2.39ms
[2019.10.28-04.35.04:974][808]LogEditorServer: Finished looking for orphan Actors (0.000 secs)
[2019.10.28-04.35.05:009][808]LogUObjectHash: Compacting FUObjectHashTables data took   1.59ms
[2019.10.28-04.35.05:030][808]Cmd: MAP CHECKDEP NOCLEARLOG
[2019.10.28-04.35.05:030][808]MapCheck: Map check complete: 0 Error(s), 0 Warning(s), took 0.152ms to complete.
[2019.10.28-04.35.05:030][808]LogFileHelpers: Loading map 'ThirdPersonExampleMap' took 0.318
[2019.10.28-04.35.13:565][774]LogSlate: FSceneViewport::OnFocusLost() reason 0
[2019.10.28-04.39.56:112][600]LogAssetEditorManager: Opening Asset editor for Blueprint /Game/EasyQuest/QuestSystem/QuestLog.QuestLog
[2019.10.28-04.39.57:110][600]LogContentBrowser: Native class hierarchy updated for 'BlueprintGraph' in 0.0006 seconds. Added 121 classes and 0 folders.
[2019.10.28-04.39.58:192][600]LogSlate: Took 0.010619 seconds to synchronously load lazily loaded font '../../../Engine/Content/Slate/Fonts/Roboto-BoldCondensed.ttf' (158K)
[2019.10.28-04.39.59:860][750]LogSlate: Took 0.007040 seconds to synchronously load lazily loaded font '../../../Engine/Content/Slate/Fonts/Roboto-Italic.ttf' (157K)
[2019.10.28-04.42.49:534][697]LogSlate: Took 0.000784 seconds to synchronously load lazily loaded font '../../../Engine/Content/Slate/Fonts/Roboto-BoldCondensedItalic.ttf' (160K)
[2019.10.28-04.46.45:103][467]BlueprintLog: New page: Compile QuestLog
[2019.10.28-04.46.45:124][467]LogBlueprint: Error: [Compiler QuestLog] The type of  Object  is undetermined.  Connect something to  Cast To ThirdPersonGameMode  to imply a specific type.
[2019.10.28-04.46.45:125][467]LogBlueprint: Error: [Compiler QuestLog] The current value of the ' Object ' pin is invalid: Unsupported type Object Wildcard on pin Object
[2019.10.28-04.46.45:833][467]LogUObjectHash: Compacting FUObjectHashTables data took   3.92ms
[2019.10.28-04.47.11:731][274]BlueprintLog: New page: Compile QuestLog
[2019.10.28-04.47.11:971][274]LogUObjectHash: Compacting FUObjectHashTables data took   3.59ms
[2019.10.28-04.48.07:999][906]BlueprintLog: New page: Compile QuestLog
[2019.10.28-04.48.08:240][906]LogUObjectHash: Compacting FUObjectHashTables data took   3.62ms
[2019.10.28-04.48.13:301][398]LogTemp: Repeating last play command: Selected Viewport
[2019.10.28-04.48.13:707][398]LogBlueprintUserMessages: Early PlayInEditor Detection: Level '/Game/EasyQuest/ThirdPersonBP/Maps/ThirdPersonExampleMap.ThirdPersonExampleMap:PersistentLevel' has LevelScriptBlueprint '/Game/EasyQuest/ThirdPersonBP/Maps/ThirdPersonExampleMap.ThirdPersonExampleMap:PersistentLevel.ThirdPersonExampleMap' with GeneratedClass '/Game/EasyQuest/ThirdPersonBP/Maps/ThirdPersonExampleMap.ThirdPersonExampleMap_C' with ClassGeneratedBy '/Game/EasyQuest/ThirdPersonBP/Maps/ThirdPersonExampleMap.ThirdPersonExampleMap:PersistentLevel.ThirdPersonExampleMap'
[2019.10.28-04.48.13:717][398]LogPlayLevel: PlayLevel: No blueprints needed recompiling
[2019.10.28-04.48.13:717][398]PIE: New page: PIE session: ThirdPersonExampleMap (29 Oct 2019 2:48:13 am)
[2019.10.28-04.48.13:718][398]LogOnline: OSS: Creating online subsystem instance for: NULL
[2019.10.28-04.48.13:726][398]LogPlayLevel: Creating play world package: /Game/EasyQuest/ThirdPersonBP/Maps/UEDPIE_0_ThirdPersonExampleMap
[2019.10.28-04.48.13:740][398]LogPlayLevel: PIE: StaticDuplicateObject took: (0.013342s)
[2019.10.28-04.48.13:741][398]LogAIModule: Creating AISystem for world ThirdPersonExampleMap
[2019.10.28-04.48.13:741][398]LogPlayLevel: PIE: World Init took: (0.001015s)
[2019.10.28-04.48.13:741][398]LogPlayLevel: PIE: Created PIE world by copying editor world from /Game/EasyQuest/ThirdPersonBP/Maps/ThirdPersonExampleMap.ThirdPersonExampleMap to /Game/EasyQuest/ThirdPersonBP/Maps/UEDPIE_0_ThirdPersonExampleMap.ThirdPersonExampleMap (0.014686s)
[2019.10.28-04.48.13:782][398]LogUObjectHash: Compacting FUObjectHashTables data took   3.45ms
[2019.10.28-04.48.13:866][398]LogInit: XAudio2 using 'Speakers (2- RIG 800HX)' : 2 channels at 48 kHz using 24 bits per sample (channel mask 0x3)
[2019.10.28-04.48.13:880][398]LogInit: FAudioDevice initialized.
[2019.10.28-04.48.13:892][398]LogLoad: Game class is 'ThirdPersonGameMode_C'
[2019.10.28-04.48.13:913][398]LogWorld: Bringing World /Game/EasyQuest/ThirdPersonBP/Maps/UEDPIE_0_ThirdPersonExampleMap.ThirdPersonExampleMap up for play (max tick rate 0) at 2019.10.28-15.48.13
[2019.10.28-04.48.13:963][398]LogWorld: Bringing up level for play took: 0.053466
[2019.10.28-04.48.13:963][398]LogOnline: OSS: Creating online subsystem instance for: :Context_5
[2019.10.28-04.48.14:002][398]LogContentBrowser: Native class hierarchy updated for 'MovieSceneCapture' in 0.0004 seconds. Added 20 classes and 0 folders.
[2019.10.28-04.48.14:040][398]PIE: Play in editor start time for /Game/EasyQuest/ThirdPersonBP/Maps/UEDPIE_0_ThirdPersonExampleMap 0.115
[2019.10.28-04.48.14:041][398]LogBlueprintUserMessages: Late PlayInEditor Detection: Level '/Game/EasyQuest/ThirdPersonBP/Maps/ThirdPersonExampleMap.ThirdPersonExampleMap:PersistentLevel' has LevelScriptBlueprint '/Game/EasyQuest/ThirdPersonBP/Maps/ThirdPersonExampleMap.ThirdPersonExampleMap:PersistentLevel.ThirdPersonExampleMap' with GeneratedClass '/Game/EasyQuest/ThirdPersonBP/Maps/ThirdPersonExampleMap.ThirdPersonExampleMap_C' with ClassGeneratedBy '/Game/EasyQuest/ThirdPersonBP/Maps/ThirdPersonExampleMap.ThirdPersonExampleMap:PersistentLevel.ThirdPersonExampleMap'
[2019.10.28-04.48.18:846][893]LogScript: Warning: Accessed None trying to read property CallFunc_Get_HUDCanvas_HudCanvas
	QuestLog_C /Game/EasyQuest/ThirdPersonBP/Maps/UEDPIE_0_ThirdPersonExampleMap.ThirdPersonExampleMap:PersistentLevel.ThirdPersonCharacter_167.QuestLog
	Function /Game/EasyQuest/QuestSystem/QuestLog.QuestLog_C:ToggleQuestLog:0164
[2019.10.28-04.48.18:846][893]PIE: Error: Blueprint Runtime Error: "Accessed None trying to read property CallFunc_Get_HUDCanvas_HudCanvas". Blueprint:  QuestLog Function:  Toggle Quest Log Graph:  ToggleQuestLog Node:  Add Child to Canvas
[2019.10.28-04.48.18:846][893]LogScript: Warning: Accessed None trying to read property CallFunc_AddChildToCanvas_ReturnValue
	QuestLog_C /Game/EasyQuest/ThirdPersonBP/Maps/UEDPIE_0_ThirdPersonExampleMap.ThirdPersonExampleMap:PersistentLevel.ThirdPersonCharacter_167.QuestLog
	Function /Game/EasyQuest/QuestSystem/QuestLog.QuestLog_C:ToggleQuestLog:01F5
[2019.10.28-04.48.18:847][893]PIE: Error: Blueprint Runtime Error: "Accessed None trying to read property CallFunc_AddChildToCanvas_ReturnValue". Blueprint:  QuestLog Function:  Toggle Quest Log Graph:  ToggleQuestLog Node:  Set Anchors
[2019.10.28-04.48.20:668][107]LogBlueprintUserMessages: Early EndPlayMap Detection: Level '/Game/EasyQuest/ThirdPersonBP/Maps/ThirdPersonExampleMap.ThirdPersonExampleMap:PersistentLevel' has LevelScriptBlueprint '/Game/EasyQuest/ThirdPersonBP/Maps/ThirdPersonExampleMap.ThirdPersonExampleMap:PersistentLevel.ThirdPersonExampleMap' with GeneratedClass '/Game/EasyQuest/ThirdPersonBP/Maps/ThirdPersonExampleMap.ThirdPersonExampleMap_C' with ClassGeneratedBy '/Game/EasyQuest/ThirdPersonBP/Maps/ThirdPersonExampleMap.ThirdPersonExampleMap:PersistentLevel.ThirdPersonExampleMap'
[2019.10.28-04.48.20:692][107]LogSlate: Updating window title bar state: overlay mode, drag disabled, window buttons hidden, title bar hidden
[2019.10.28-04.48.20:692][107]LogWorld: BeginTearingDown for /Game/EasyQuest/ThirdPersonBP/Maps/UEDPIE_0_ThirdPersonExampleMap
[2019.10.28-04.48.20:699][107]LogWorld: UWorld::CleanupWorld for ThirdPersonExampleMap, bSessionEnded=true, bCleanupResources=true
[2019.10.28-04.48.20:707][107]LogPlayLevel: Display: Shutting down PIE online subsystems
[2019.10.28-04.48.20:708][107]LogBlueprintUserMessages: Late EndPlayMap Detection: Level '/Game/EasyQuest/ThirdPersonBP/Maps/ThirdPersonExampleMap.ThirdPersonExampleMap:PersistentLevel' has LevelScriptBlueprint '/Game/EasyQuest/ThirdPersonBP/Maps/ThirdPersonExampleMap.ThirdPersonExampleMap:PersistentLevel.ThirdPersonExampleMap' with GeneratedClass '/Game/EasyQuest/ThirdPersonBP/Maps/ThirdPersonExampleMap.ThirdPersonExampleMap_C' with ClassGeneratedBy '/Game/EasyQuest/ThirdPersonBP/Maps/ThirdPersonExampleMap.ThirdPersonExampleMap:PersistentLevel.ThirdPersonExampleMap'
[2019.10.28-04.48.20:755][107]LogSlate: Updating window title bar state: overlay mode, drag disabled, window buttons hidden, title bar hidden
[2019.10.28-04.48.20:781][107]LogUObjectHash: Compacting FUObjectHashTables data took   4.03ms
[2019.10.28-04.48.20:791][107]LogSlate: FSceneViewport::OnFocusLost() reason 5
[2019.10.28-04.48.20:821][108]LogPlayLevel: Display: Destroying online subsystem :Context_5
[2019.10.28-04.48.25:428][626]LogSlate: Window 'Message Log' being destroyed
[2019.10.28-04.48.25:441][626]LogSlate: Window 'Message Log' being destroyed
[2019.10.28-04.48.32:573][128]LogSlate: FSceneViewport::OnFocusLost() reason 0
[2019.10.28-04.48.45:982][405]LogEditorTransaction: Undo Move Node
[2019.10.28-04.48.46:431][434]LogEditorTransaction: Undo Move Node
[2019.10.28-04.48.46:792][467]LogEditorTransaction: Undo Create Pin Link
[2019.10.28-04.48.47:131][498]LogEditorTransaction: Undo Create Pin Link
[2019.10.28-04.48.47:480][531]LogEditorTransaction: Undo Create Pin Link
[2019.10.28-04.48.47:959][578]LogEditorTransaction: Undo Move Node
[2019.10.28-04.48.48:420][623]LogEditorTransaction: Undo Function Dropped on Graph
[2019.10.28-04.48.50:031][788]LogEditorTransaction: Undo Delete current selection
[2019.10.28-04.48.50:552][837]LogEditorTransaction: Undo Delete current selection
[2019.10.28-04.48.51:287][909]LogEditorTransaction: Undo Delete current selection
[2019.10.28-04.50.19:628][974]BlueprintLog: New page: Compile QuestLog
[2019.10.28-04.50.19:932][974]LogUObjectHash: Compacting FUObjectHashTables data took   5.80ms
[2019.10.28-04.50.37:974][819]BlueprintLog: New page: Compile QuestLog
[2019.10.28-04.50.38:255][819]LogUObjectHash: Compacting FUObjectHashTables data took   4.27ms
[2019.10.28-04.50.53:018][284]BlueprintLog: New page: Compile QuestLog
[2019.10.28-04.50.53:181][284]LogActorComponent: RegisterComponentWithWorld: Owner belongs to a DEADCLASS
[2019.10.28-04.50.53:473][284]LogUObjectHash: Compacting FUObjectHashTables data took   4.72ms
[2019.10.28-04.51.26:350][329]BlueprintLog: New page: Compile QuestLog
[2019.10.28-04.51.26:644][329]LogUObjectHash: Compacting FUObjectHashTables data took   4.39ms
[2019.10.28-04.51.53:341][ 26]LogTemp: Repeating last play command: Selected Viewport
[2019.10.28-04.51.53:357][ 26]LogBlueprintUserMessages: Early PlayInEditor Detection: Level '/Game/EasyQuest/ThirdPersonBP/Maps/ThirdPersonExampleMap.ThirdPersonExampleMap:PersistentLevel' has LevelScriptBlueprint '/Game/EasyQuest/ThirdPersonBP/Maps/ThirdPersonExampleMap.ThirdPersonExampleMap:PersistentLevel.ThirdPersonExampleMap' with GeneratedClass '/Game/EasyQuest/ThirdPersonBP/Maps/ThirdPersonExampleMap.ThirdPersonExampleMap_C' with ClassGeneratedBy '/Game/EasyQuest/ThirdPersonBP/Maps/ThirdPersonExampleMap.ThirdPersonExampleMap:PersistentLevel.ThirdPersonExampleMap'
[2019.10.28-04.51.53:357][ 26]LogPlayLevel: PlayLevel: No blueprints needed recompiling
[2019.10.28-04.51.53:357][ 26]PIE: New page: PIE session: ThirdPersonExampleMap (29 Oct 2019 2:51:53 am)
[2019.10.28-04.51.53:357][ 26]LogPlayLevel: Creating play world package: /Game/EasyQuest/ThirdPersonBP/Maps/UEDPIE_0_ThirdPersonExampleMap
[2019.10.28-04.51.53:368][ 26]LogPlayLevel: PIE: StaticDuplicateObject took: (0.010903s)
[2019.10.28-04.51.53:369][ 26]LogAIModule: Creating AISystem for world ThirdPersonExampleMap
[2019.10.28-04.51.53:369][ 26]LogPlayLevel: PIE: World Init took: (0.001139s)
[2019.10.28-04.51.53:369][ 26]LogPlayLevel: PIE: Created PIE world by copying editor world from /Game/EasyQuest/ThirdPersonBP/Maps/ThirdPersonExampleMap.ThirdPersonExampleMap to /Game/EasyQuest/ThirdPersonBP/Maps/UEDPIE_0_ThirdPersonExampleMap.ThirdPersonExampleMap (0.012229s)
[2019.10.28-04.51.53:412][ 26]LogUObjectHash: Compacting FUObjectHashTables data took   4.26ms
[2019.10.28-04.51.53:450][ 26]LogInit: XAudio2 using 'Speakers (2- RIG 800HX)' : 2 channels at 48 kHz using 24 bits per sample (channel mask 0x3)
[2019.10.28-04.51.53:464][ 26]LogInit: FAudioDevice initialized.
[2019.10.28-04.51.53:472][ 26]LogLoad: Game class is 'ThirdPersonGameMode_C'
[2019.10.28-04.51.53:476][ 26]LogWorld: Bringing World /Game/EasyQuest/ThirdPersonBP/Maps/UEDPIE_0_ThirdPersonExampleMap.ThirdPersonExampleMap up for play (max tick rate 0) at 2019.10.28-15.51.53
[2019.10.28-04.51.53:478][ 26]LogWorld: Bringing up level for play took: 0.005049
[2019.10.28-04.51.53:478][ 26]LogOnline: OSS: Creating online subsystem instance for: :Context_6
[2019.10.28-04.51.53:483][ 26]PIE: Play in editor start time for /Game/EasyQuest/ThirdPersonBP/Maps/UEDPIE_0_ThirdPersonExampleMap -0.442
[2019.10.28-04.51.53:484][ 26]LogBlueprintUserMessages: Late PlayInEditor Detection: Level '/Game/EasyQuest/ThirdPersonBP/Maps/ThirdPersonExampleMap.ThirdPersonExampleMap:PersistentLevel' has LevelScriptBlueprint '/Game/EasyQuest/ThirdPersonBP/Maps/ThirdPersonExampleMap.ThirdPersonExampleMap:PersistentLevel.ThirdPersonExampleMap' with GeneratedClass '/Game/EasyQuest/ThirdPersonBP/Maps/ThirdPersonExampleMap.ThirdPersonExampleMap_C' with ClassGeneratedBy '/Game/EasyQuest/ThirdPersonBP/Maps/ThirdPersonExampleMap.ThirdPersonExampleMap:PersistentLevel.ThirdPersonExampleMap'
[2019.10.28-04.51.56:942][401]LogSlate: FSceneViewport::OnFocusLost() reason 2
[2019.10.28-04.51.59:635][676]LogSlate: FSceneViewport::OnFocusLost() reason 2
[2019.10.28-04.52.00:269][752]LogSlate: FSceneViewport::OnFocusLost() reason 2
[2019.10.28-04.52.03:160][ 98]LogSlate: FSceneViewport::OnFocusLost() reason 2
[2019.10.28-04.52.06:358][480]LogSlate: FSceneViewport::OnFocusLost() reason 2
[2019.10.28-04.52.07:065][565]LogBlueprintUserMessages: Early EndPlayMap Detection: Level '/Game/EasyQuest/ThirdPersonBP/Maps/ThirdPersonExampleMap.ThirdPersonExampleMap:PersistentLevel' has LevelScriptBlueprint '/Game/EasyQuest/ThirdPersonBP/Maps/ThirdPersonExampleMap.ThirdPersonExampleMap:PersistentLevel.ThirdPersonExampleMap' with GeneratedClass '/Game/EasyQuest/ThirdPersonBP/Maps/ThirdPersonExampleMap.ThirdPersonExampleMap_C' with ClassGeneratedBy '/Game/EasyQuest/ThirdPersonBP/Maps/ThirdPersonExampleMap.ThirdPersonExampleMap:PersistentLevel.ThirdPersonExampleMap'
[2019.10.28-04.52.07:066][565]LogSlate: Updating window title bar state: overlay mode, drag disabled, window buttons hidden, title bar hidden
[2019.10.28-04.52.07:066][565]LogWorld: BeginTearingDown for /Game/EasyQuest/ThirdPersonBP/Maps/UEDPIE_0_ThirdPersonExampleMap
[2019.10.28-04.52.07:066][565]LogWorld: UWorld::CleanupWorld for ThirdPersonExampleMap, bSessionEnded=true, bCleanupResources=true
[2019.10.28-04.52.07:074][565]LogPlayLevel: Display: Shutting down PIE online subsystems
[2019.10.28-04.52.07:075][565]LogBlueprintUserMessages: Late EndPlayMap Detection: Level '/Game/EasyQuest/ThirdPersonBP/Maps/ThirdPersonExampleMap.ThirdPersonExampleMap:PersistentLevel' has LevelScriptBlueprint '/Game/EasyQuest/ThirdPersonBP/Maps/ThirdPersonExampleMap.ThirdPersonExampleMap:PersistentLevel.ThirdPersonExampleMap' with GeneratedClass '/Game/EasyQuest/ThirdPersonBP/Maps/ThirdPersonExampleMap.ThirdPersonExampleMap_C' with ClassGeneratedBy '/Game/EasyQuest/ThirdPersonBP/Maps/ThirdPersonExampleMap.ThirdPersonExampleMap:PersistentLevel.ThirdPersonExampleMap'
[2019.10.28-04.52.07:118][565]LogSlate: Updating window title bar state: overlay mode, drag disabled, window buttons hidden, title bar hidden
[2019.10.28-04.52.07:123][565]LogUObjectHash: Compacting FUObjectHashTables data took   3.10ms
[2019.10.28-04.52.07:176][567]LogPlayLevel: Display: Destroying online subsystem :Context_6
[2019.10.28-04.52.10:984][ 23]LogSlate: FSceneViewport::OnFocusLost() reason 0
[2019.10.28-04.52.14:070][ 41]LogSlate: FSceneViewport::OnFocusLost() reason 5
[2019.10.28-04.52.39:777][411]LogUObjectHash: Compacting FUObjectHashTables data took   1.01ms
[2019.10.28-04.52.40:502][411]LogSavePackage: Moving 'C:/Users/zacka/Desktop/EasyQuest/RPGGame 4.23/Saved/ThirdPersonExampleMap_Auto1F8991F14456906F204C024BC6119351A.tmp' to 'C:/Users/zacka/Desktop/EasyQuest/RPGGame 4.23/Saved/Autosaves/Game/EasyQuest/ThirdPersonBP/Maps/ThirdPersonExampleMap_Auto1.umap'
[2019.10.28-04.52.40:523][411]LogFileHelpers: Editor autosave (incl. sublevels) for '/Game/EasyQuest/ThirdPersonBP/Maps/ThirdPersonExampleMap' took 0.783
[2019.10.28-04.52.40:523][411]LogFileHelpers: Editor autosave (incl. sublevels) for all levels took 0.783
[2019.10.28-04.52.40:526][411]OBJ SavePackage: Generating thumbnails for [0] asset(s) in package [/Game/EasyQuest/QuestSystem/QuestLog] ([1] browsable assets)...
[2019.10.28-04.52.40:526][411]OBJ SavePackage: Finished generating thumbnails for package [/Game/EasyQuest/QuestSystem/QuestLog]
[2019.10.28-04.52.40:581][411]LogSavePackage: Moving 'C:/Users/zacka/Desktop/EasyQuest/RPGGame 4.23/Saved/QuestLog_Auto1D44302F34DF82D9BC69570B16BB30B20.tmp' to 'C:/Users/zacka/Desktop/EasyQuest/RPGGame 4.23/Saved/Autosaves/Game/EasyQuest/QuestSystem/QuestLog_Auto1.uasset'
[2019.10.28-04.52.40:583][411]LogFileHelpers: Auto-saving content packages took 0.058
[2019.10.28-04.59.28:763][414]LogEditorViewport: Clicking on Actor (LMB): SimpleNpc_C (SimpleNpc)
[2019.10.28-04.59.31:725][695]LogEditorViewport: Clicking on Actor (LMB): MagicCharacter_C (ThirdPersonCharacter)
[2019.10.28-04.59.33:677][892]LogSlate: FSceneViewport::OnFocusLost() reason 0
[2019.10.28-04.59.38:244][423]LogAssetEditorManager: Opening Asset editor for Blueprint /Game/EasyQuest/QuestSystem/Quests/Quest.Quest
[2019.10.28-05.03.59:826][295]LogRenderer: Reallocating scene render targets to support 2108x1032 Format 10 NumSamples 1 (Frame:1).
[2019.10.28-05.06.02:676][220]BlueprintLog: New page: Compile Quest
[2019.10.28-05.06.03:013][220]LogUObjectHash: Compacting FUObjectHashTables data took   4.76ms
[2019.10.28-05.06.24:459][  6]LogEditorTransaction: Undo Move Node
[2019.10.28-05.06.24:921][ 33]LogEditorTransaction: Undo Break Pin Links
[2019.10.28-05.06.25:473][ 79]LogEditorTransaction: Undo Break Pin Links
[2019.10.28-05.06.25:973][ 79]LogEditorTransaction: Undo Move Nodes
[2019.10.28-05.06.26:164][ 93]LogEditorTransaction: Undo Add Node
[2019.10.28-05.08.04:764][594]LogEditorTransaction: Undo Move Node
[2019.10.28-05.08.05:313][628]LogEditorTransaction: Undo Delete current selection
[2019.10.28-05.08.06:026][688]LogEditorTransaction: Undo Move Node
[2019.10.28-05.08.06:421][720]LogEditorTransaction: Undo Create Pin Link
[2019.10.28-05.08.06:762][747]LogEditorTransaction: Undo Paste clipboard contents
[2019.10.28-05.08.07:128][776]LogEditorTransaction: Undo Move Node
[2019.10.28-05.08.07:532][809]LogEditorTransaction: Undo Move Node
[2019.10.28-05.08.07:946][843]LogEditorTransaction: Undo Create Pin Link
[2019.10.28-05.08.08:929][928]LogEditorTransaction: Undo Create Pin Link
[2019.10.28-05.11.14:209][ 43]BlueprintLog: New page: Compile Quest
[2019.10.28-05.11.14:564][ 43]LogUObjectHash: Compacting FUObjectHashTables data took   5.72ms
[2019.10.28-05.11.22:277][703]BlueprintLog: New page: Compile Quest
[2019.10.28-05.11.22:610][703]LogUObjectHash: Compacting FUObjectHashTables data took   4.91ms
[2019.10.28-05.11.30:930][517]LogSlate: FSceneViewport::OnFocusLost() reason 0
[2019.10.28-05.11.30:988][524]LogTemp: Repeating last play command: Selected Viewport
[2019.10.28-05.11.31:016][524]LogBlueprintUserMessages: Early PlayInEditor Detection: Level '/Game/EasyQuest/ThirdPersonBP/Maps/ThirdPersonExampleMap.ThirdPersonExampleMap:PersistentLevel' has LevelScriptBlueprint '/Game/EasyQuest/ThirdPersonBP/Maps/ThirdPersonExampleMap.ThirdPersonExampleMap:PersistentLevel.ThirdPersonExampleMap' with GeneratedClass '/Game/EasyQuest/ThirdPersonBP/Maps/ThirdPersonExampleMap.ThirdPersonExampleMap_C' with ClassGeneratedBy '/Game/EasyQuest/ThirdPersonBP/Maps/ThirdPersonExampleMap.ThirdPersonExampleMap:PersistentLevel.ThirdPersonExampleMap'
[2019.10.28-05.11.31:016][524]LogPlayLevel: PlayLevel: No blueprints needed recompiling
[2019.10.28-05.11.31:016][524]PIE: New page: PIE session: ThirdPersonExampleMap (29 Oct 2019 3:11:31 am)
[2019.10.28-05.11.31:016][524]LogPlayLevel: Creating play world package: /Game/EasyQuest/ThirdPersonBP/Maps/UEDPIE_0_ThirdPersonExampleMap
[2019.10.28-05.11.31:027][524]LogPlayLevel: PIE: StaticDuplicateObject took: (0.010493s)
[2019.10.28-05.11.31:028][524]LogAIModule: Creating AISystem for world ThirdPersonExampleMap
[2019.10.28-05.11.31:028][524]LogPlayLevel: PIE: World Init took: (0.001221s)
[2019.10.28-05.11.31:028][524]LogPlayLevel: PIE: Created PIE world by copying editor world from /Game/EasyQuest/ThirdPersonBP/Maps/ThirdPersonExampleMap.ThirdPersonExampleMap to /Game/EasyQuest/ThirdPersonBP/Maps/UEDPIE_0_ThirdPersonExampleMap.ThirdPersonExampleMap (0.011899s)
[2019.10.28-05.11.31:077][524]LogUObjectHash: Compacting FUObjectHashTables data took   4.71ms
[2019.10.28-05.11.31:114][524]LogInit: XAudio2 using 'Speakers (2- RIG 800HX)' : 2 channels at 48 kHz using 24 bits per sample (channel mask 0x3)
[2019.10.28-05.11.31:127][524]LogInit: FAudioDevice initialized.
[2019.10.28-05.11.31:138][524]LogLoad: Game class is 'ThirdPersonGameMode_C'
[2019.10.28-05.11.31:142][524]LogWorld: Bringing World /Game/EasyQuest/ThirdPersonBP/Maps/UEDPIE_0_ThirdPersonExampleMap.ThirdPersonExampleMap up for play (max tick rate 0) at 2019.10.28-16.11.31
[2019.10.28-05.11.31:143][524]LogWorld: Bringing up level for play took: 0.004736
[2019.10.28-05.11.31:143][524]LogOnline: OSS: Creating online subsystem instance for: :Context_8
[2019.10.28-05.11.31:150][524]PIE: Play in editor start time for /Game/EasyQuest/ThirdPersonBP/Maps/UEDPIE_0_ThirdPersonExampleMap -0.776
[2019.10.28-05.11.31:150][524]LogBlueprintUserMessages: Late PlayInEditor Detection: Level '/Game/EasyQuest/ThirdPersonBP/Maps/ThirdPersonExampleMap.ThirdPersonExampleMap:PersistentLevel' has LevelScriptBlueprint '/Game/EasyQuest/ThirdPersonBP/Maps/ThirdPersonExampleMap.ThirdPersonExampleMap:PersistentLevel.ThirdPersonExampleMap' with GeneratedClass '/Game/EasyQuest/ThirdPersonBP/Maps/ThirdPersonExampleMap.ThirdPersonExampleMap_C' with ClassGeneratedBy '/Game/EasyQuest/ThirdPersonBP/Maps/ThirdPersonExampleMap.ThirdPersonExampleMap:PersistentLevel.ThirdPersonExampleMap'
[2019.10.28-05.11.34:765][953]LogPlayerController: Error: InputMode:UIOnly - Attempting to focus Non-Focusable widget SObjectWidget [Widget.cpp(723)]!
[2019.10.28-05.11.36:428][ 93]LogSlate: FSceneViewport::OnFocusLost() reason 0
[2019.10.28-05.11.42:797][857]LogPlayerController: Error: InputMode:UIOnly - Attempting to focus Non-Focusable widget SObjectWidget [Widget.cpp(723)]!
[2019.10.28-05.11.44:265][ 33]LogSlate: FSceneViewport::OnFocusLost() reason 0
[2019.10.28-05.11.44:827][100]LogSlate: FSceneViewport::OnFocusLost() reason 2
[2019.10.28-05.12.01:716][ 79]LogPlayerController: Error: InputMode:UIOnly - Attempting to focus Non-Focusable widget SObjectWidget [Widget.cpp(723)]!
[2019.10.28-05.12.03:400][281]LogSlate: FSceneViewport::OnFocusLost() reason 0
[2019.10.28-05.12.05:610][546]LogBlueprintUserMessages: Early EndPlayMap Detection: Level '/Game/EasyQuest/ThirdPersonBP/Maps/ThirdPersonExampleMap.ThirdPersonExampleMap:PersistentLevel' has LevelScriptBlueprint '/Game/EasyQuest/ThirdPersonBP/Maps/ThirdPersonExampleMap.ThirdPersonExampleMap:PersistentLevel.ThirdPersonExampleMap' with GeneratedClass '/Game/EasyQuest/ThirdPersonBP/Maps/ThirdPersonExampleMap.ThirdPersonExampleMap_C' with ClassGeneratedBy '/Game/EasyQuest/ThirdPersonBP/Maps/ThirdPersonExampleMap.ThirdPersonExampleMap:PersistentLevel.ThirdPersonExampleMap'
[2019.10.28-05.12.05:610][546]LogSlate: Updating window title bar state: overlay mode, drag disabled, window buttons hidden, title bar hidden
[2019.10.28-05.12.05:610][546]LogWorld: BeginTearingDown for /Game/EasyQuest/ThirdPersonBP/Maps/UEDPIE_0_ThirdPersonExampleMap
[2019.10.28-05.12.05:610][546]LogWorld: UWorld::CleanupWorld for ThirdPersonExampleMap, bSessionEnded=true, bCleanupResources=true
[2019.10.28-05.12.05:619][546]LogPlayLevel: Display: Shutting down PIE online subsystems
[2019.10.28-05.12.05:619][546]LogBlueprintUserMessages: Late EndPlayMap Detection: Level '/Game/EasyQuest/ThirdPersonBP/Maps/ThirdPersonExampleMap.ThirdPersonExampleMap:PersistentLevel' has LevelScriptBlueprint '/Game/EasyQuest/ThirdPersonBP/Maps/ThirdPersonExampleMap.ThirdPersonExampleMap:PersistentLevel.ThirdPersonExampleMap' with GeneratedClass '/Game/EasyQuest/ThirdPersonBP/Maps/ThirdPersonExampleMap.ThirdPersonExampleMap_C' with ClassGeneratedBy '/Game/EasyQuest/ThirdPersonBP/Maps/ThirdPersonExampleMap.ThirdPersonExampleMap:PersistentLevel.ThirdPersonExampleMap'
[2019.10.28-05.12.05:663][546]LogSlate: Updating window title bar state: overlay mode, drag disabled, window buttons hidden, title bar hidden
[2019.10.28-05.12.05:668][546]LogUObjectHash: Compacting FUObjectHashTables data took   3.23ms
[2019.10.28-05.12.05:729][548]LogPlayLevel: Display: Destroying online subsystem :Context_8
[2019.10.28-05.12.07:039][705]LogSlate: FSceneViewport::OnFocusLost() reason 0
[2019.10.28-05.12.11:123][726]LogSlate: FSceneViewport::OnFocusLost() reason 5
[2019.10.28-05.12.13:383][993]LogSlate: FSceneViewport::OnFocusLost() reason 0
[2019.10.28-05.13.04:728][341]LogUObjectHash: Compacting FUObjectHashTables data took   4.62ms
[2019.10.28-05.13.05:033][341]LogSavePackage: Moving 'C:/Users/zacka/Desktop/EasyQuest/RPGGame 4.23/Saved/ThirdPersonExampleMap_Auto253940DD141FEF98EAAC9C39C1CB3F3A8.tmp' to 'C:/Users/zacka/Desktop/EasyQuest/RPGGame 4.23/Saved/Autosaves/Game/EasyQuest/ThirdPersonBP/Maps/ThirdPersonExampleMap_Auto2.umap'
[2019.10.28-05.13.05:037][341]LogFileHelpers: Editor autosave (incl. sublevels) for '/Game/EasyQuest/ThirdPersonBP/Maps/ThirdPersonExampleMap' took 0.356
[2019.10.28-05.13.05:037][341]LogFileHelpers: Editor autosave (incl. sublevels) for all levels took 0.356
[2019.10.28-05.13.05:039][341]OBJ SavePackage: Generating thumbnails for [0] asset(s) in package [/Game/EasyQuest/QuestSystem/QuestLog] ([1] browsable assets)...
[2019.10.28-05.13.05:039][341]OBJ SavePackage: Finished generating thumbnails for package [/Game/EasyQuest/QuestSystem/QuestLog]
[2019.10.28-05.13.05:080][341]LogSavePackage: Moving 'C:/Users/zacka/Desktop/EasyQuest/RPGGame 4.23/Saved/QuestLog_Auto2B551C6C544119BD3F5922AB7D5E723C1.tmp' to 'C:/Users/zacka/Desktop/EasyQuest/RPGGame 4.23/Saved/Autosaves/Game/EasyQuest/QuestSystem/QuestLog_Auto2.uasset'
[2019.10.28-05.13.05:082][341]OBJ SavePackage: Generating thumbnails for [0] asset(s) in package [/Game/EasyQuest/QuestSystem/Quests/Quest] ([1] browsable assets)...
[2019.10.28-05.13.05:082][341]OBJ SavePackage: Finished generating thumbnails for package [/Game/EasyQuest/QuestSystem/Quests/Quest]
[2019.10.28-05.13.05:187][341]LogSavePackage: Moving 'C:/Users/zacka/Desktop/EasyQuest/RPGGame 4.23/Saved/Quest_Auto2CBEE6D65459EDCBB665E1497AA30514B.tmp' to 'C:/Users/zacka/Desktop/EasyQuest/RPGGame 4.23/Saved/Autosaves/Game/EasyQuest/QuestSystem/Quests/Quest_Auto2.uasset'
[2019.10.28-05.13.05:189][341]LogFileHelpers: Auto-saving content packages took 0.151
[2019.10.28-05.13.20:104][949]LogSlate: FSceneViewport::OnFocusLost() reason 0
[2019.10.28-05.14.19:098][554]BlueprintLog: New page: Compile Quest
[2019.10.28-05.14.19:426][554]LogUObjectHash: Compacting FUObjectHashTables data took   4.80ms
[2019.10.28-05.14.45:891][143]LogEditorTransaction: Undo Delete current selection
[2019.10.28-05.14.46:662][205]LogEditorTransaction: Undo Delete current selection
[2019.10.28-05.15.09:415][277]BlueprintLog: New page: Compile Quest
[2019.10.28-05.15.09:748][277]LogUObjectHash: Compacting FUObjectHashTables data took   4.79ms
[2019.10.28-05.15.47:479][821]BlueprintLog: New page: Compile Quest
[2019.10.28-05.15.47:502][821]LogBlueprint: Warning: [Compiler Quest] Could not find a variable named "Objective Number" in 'Quest_C'.
Make sure 'Quest_C' has been compiled for  Get Objective Number generated from expanding Set Location Objective as Complete
[2019.10.28-05.15.47:512][821]LogBlueprint: Error: [Compiler Quest] The property associated with  Objective Number generated from expanding Set Location Objective as Complete  could not be found in '/Game/EasyQuest/QuestSystem/Quests/Quest.Quest_C'
[2019.10.28-05.15.48:243][821]LogUObjectHash: Compacting FUObjectHashTables data took   4.93ms
[2019.10.28-05.16.15:714][529]LogEditorTransaction: Undo Add Node
[2019.10.28-05.17.51:243][482]BlueprintLog: New page: Compile Quest
[2019.10.28-05.17.51:581][482]LogUObjectHash: Compacting FUObjectHashTables data took   4.82ms
[2019.10.28-05.17.59:757][281]LogSlate: FSceneViewport::OnFocusLost() reason 0
[2019.10.28-05.17.59:807][287]LogTemp: Repeating last play command: Selected Viewport
[2019.10.28-05.17.59:833][287]LogBlueprintUserMessages: Early PlayInEditor Detection: Level '/Game/EasyQuest/ThirdPersonBP/Maps/ThirdPersonExampleMap.ThirdPersonExampleMap:PersistentLevel' has LevelScriptBlueprint '/Game/EasyQuest/ThirdPersonBP/Maps/ThirdPersonExampleMap.ThirdPersonExampleMap:PersistentLevel.ThirdPersonExampleMap' with GeneratedClass '/Game/EasyQuest/ThirdPersonBP/Maps/ThirdPersonExampleMap.ThirdPersonExampleMap_C' with ClassGeneratedBy '/Game/EasyQuest/ThirdPersonBP/Maps/ThirdPersonExampleMap.ThirdPersonExampleMap:PersistentLevel.ThirdPersonExampleMap'
[2019.10.28-05.17.59:833][287]LogPlayLevel: PlayLevel: No blueprints needed recompiling
[2019.10.28-05.17.59:833][287]PIE: New page: PIE session: ThirdPersonExampleMap (29 Oct 2019 3:17:59 am)
[2019.10.28-05.17.59:833][287]LogPlayLevel: Creating play world package: /Game/EasyQuest/ThirdPersonBP/Maps/UEDPIE_0_ThirdPersonExampleMap
[2019.10.28-05.17.59:845][287]LogPlayLevel: PIE: StaticDuplicateObject took: (0.011541s)
[2019.10.28-05.17.59:846][287]LogAIModule: Creating AISystem for world ThirdPersonExampleMap
[2019.10.28-05.17.59:846][287]LogPlayLevel: PIE: World Init took: (0.001072s)
[2019.10.28-05.17.59:846][287]LogPlayLevel: PIE: Created PIE world by copying editor world from /Game/EasyQuest/ThirdPersonBP/Maps/ThirdPersonExampleMap.ThirdPersonExampleMap to /Game/EasyQuest/ThirdPersonBP/Maps/UEDPIE_0_ThirdPersonExampleMap.ThirdPersonExampleMap (0.012765s)
[2019.10.28-05.17.59:897][287]LogUObjectHash: Compacting FUObjectHashTables data took   5.86ms
[2019.10.28-05.17.59:939][287]LogInit: XAudio2 using 'Speakers (2- RIG 800HX)' : 2 channels at 48 kHz using 24 bits per sample (channel mask 0x3)
[2019.10.28-05.17.59:953][287]LogInit: FAudioDevice initialized.
[2019.10.28-05.17.59:964][287]LogLoad: Game class is 'ThirdPersonGameMode_C'
[2019.10.28-05.17.59:968][287]LogWorld: Bringing World /Game/EasyQuest/ThirdPersonBP/Maps/UEDPIE_0_ThirdPersonExampleMap.ThirdPersonExampleMap up for play (max tick rate 0) at 2019.10.28-16.17.59
[2019.10.28-05.17.59:969][287]LogWorld: Bringing up level for play took: 0.004700
[2019.10.28-05.17.59:969][287]LogOnline: OSS: Creating online subsystem instance for: :Context_9
[2019.10.28-05.17.59:975][287]PIE: Play in editor start time for /Game/EasyQuest/ThirdPersonBP/Maps/UEDPIE_0_ThirdPersonExampleMap 0.05
[2019.10.28-05.17.59:976][287]LogBlueprintUserMessages: Late PlayInEditor Detection: Level '/Game/EasyQuest/ThirdPersonBP/Maps/ThirdPersonExampleMap.ThirdPersonExampleMap:PersistentLevel' has LevelScriptBlueprint '/Game/EasyQuest/ThirdPersonBP/Maps/ThirdPersonExampleMap.ThirdPersonExampleMap:PersistentLevel.ThirdPersonExampleMap' with GeneratedClass '/Game/EasyQuest/ThirdPersonBP/Maps/ThirdPersonExampleMap.ThirdPersonExampleMap_C' with ClassGeneratedBy '/Game/EasyQuest/ThirdPersonBP/Maps/ThirdPersonExampleMap.ThirdPersonExampleMap:PersistentLevel.ThirdPersonExampleMap'
[2019.10.28-05.18.03:295][682]LogPlayerController: Error: InputMode:UIOnly - Attempting to focus Non-Focusable widget SObjectWidget [Widget.cpp(723)]!
[2019.10.28-05.18.04:772][859]LogSlate: FSceneViewport::OnFocusLost() reason 0
[2019.10.28-05.18.06:410][ 50]LogSlate: FSceneViewport::OnFocusLost() reason 2
[2019.10.28-05.18.18:558][507]LogSlate: FSceneViewport::OnFocusLost() reason 2
[2019.10.28-05.18.24:534][223]LogPlayerController: Error: InputMode:UIOnly - Attempting to focus Non-Focusable widget SObjectWidget [Widget.cpp(723)]!
[2019.10.28-05.18.26:718][485]LogSlate: FSceneViewport::OnFocusLost() reason 0
[2019.10.28-05.18.29:728][846]LogBlueprintUserMessages: Early EndPlayMap Detection: Level '/Game/EasyQuest/ThirdPersonBP/Maps/ThirdPersonExampleMap.ThirdPersonExampleMap:PersistentLevel' has LevelScriptBlueprint '/Game/EasyQuest/ThirdPersonBP/Maps/ThirdPersonExampleMap.ThirdPersonExampleMap:PersistentLevel.ThirdPersonExampleMap' with GeneratedClass '/Game/EasyQuest/ThirdPersonBP/Maps/ThirdPersonExampleMap.ThirdPersonExampleMap_C' with ClassGeneratedBy '/Game/EasyQuest/ThirdPersonBP/Maps/ThirdPersonExampleMap.ThirdPersonExampleMap:PersistentLevel.ThirdPersonExampleMap'
[2019.10.28-05.18.29:728][846]LogSlate: Updating window title bar state: overlay mode, drag disabled, window buttons hidden, title bar hidden
[2019.10.28-05.18.29:728][846]LogWorld: BeginTearingDown for /Game/EasyQuest/ThirdPersonBP/Maps/UEDPIE_0_ThirdPersonExampleMap
[2019.10.28-05.18.29:729][846]LogWorld: UWorld::CleanupWorld for ThirdPersonExampleMap, bSessionEnded=true, bCleanupResources=true
[2019.10.28-05.18.29:741][846]LogPlayLevel: Display: Shutting down PIE online subsystems
[2019.10.28-05.18.29:742][846]LogBlueprintUserMessages: Late EndPlayMap Detection: Level '/Game/EasyQuest/ThirdPersonBP/Maps/ThirdPersonExampleMap.ThirdPersonExampleMap:PersistentLevel' has LevelScriptBlueprint '/Game/EasyQuest/ThirdPersonBP/Maps/ThirdPersonExampleMap.ThirdPersonExampleMap:PersistentLevel.ThirdPersonExampleMap' with GeneratedClass '/Game/EasyQuest/ThirdPersonBP/Maps/ThirdPersonExampleMap.ThirdPersonExampleMap_C' with ClassGeneratedBy '/Game/EasyQuest/ThirdPersonBP/Maps/ThirdPersonExampleMap.ThirdPersonExampleMap:PersistentLevel.ThirdPersonExampleMap'
[2019.10.28-05.18.29:786][846]LogSlate: Updating window title bar state: overlay mode, drag disabled, window buttons hidden, title bar hidden
[2019.10.28-05.18.29:791][846]LogUObjectHash: Compacting FUObjectHashTables data took   3.57ms
[2019.10.28-05.18.29:847][848]LogPlayLevel: Display: Destroying online subsystem :Context_9
[2019.10.28-05.18.31:107][999]LogSlate: FSceneViewport::OnFocusLost() reason 0
[2019.10.28-05.18.35:521][ 20]LogSlate: FSceneViewport::OnFocusLost() reason 5
[2019.10.28-05.18.38:364][352]LogSlate: FSceneViewport::OnFocusLost() reason 0
[2019.10.28-05.22.10:668][987]BlueprintLog: New page: Compile Quest
[2019.10.28-05.22.11:004][987]LogUObjectHash: Compacting FUObjectHashTables data took   4.90ms
[2019.10.28-05.23.06:180][173]BlueprintLog: New page: Compile Quest
[2019.10.28-05.23.06:522][173]LogUObjectHash: Compacting FUObjectHashTables data took   4.77ms
[2019.10.28-05.23.35:654][739]LogUObjectHash: Compacting FUObjectHashTables data took   4.49ms
[2019.10.28-05.23.35:964][739]LogSavePackage: Moving 'C:/Users/zacka/Desktop/EasyQuest/RPGGame 4.23/Saved/ThirdPersonExampleMap_Auto306E7D24F4A3AC5813B666DA63AF1EF76.tmp' to 'C:/Users/zacka/Desktop/EasyQuest/RPGGame 4.23/Saved/Autosaves/Game/EasyQuest/ThirdPersonBP/Maps/ThirdPersonExampleMap_Auto3.umap'
[2019.10.28-05.23.35:968][739]LogFileHelpers: Editor autosave (incl. sublevels) for '/Game/EasyQuest/ThirdPersonBP/Maps/ThirdPersonExampleMap' took 0.358
[2019.10.28-05.23.35:968][739]LogFileHelpers: Editor autosave (incl. sublevels) for all levels took 0.358
[2019.10.28-05.23.35:970][739]OBJ SavePackage: Generating thumbnails for [0] asset(s) in package [/Game/EasyQuest/QuestSystem/QuestLog] ([1] browsable assets)...
[2019.10.28-05.23.35:970][739]OBJ SavePackage: Finished generating thumbnails for package [/Game/EasyQuest/QuestSystem/QuestLog]
[2019.10.28-05.23.36:013][739]LogSavePackage: Moving 'C:/Users/zacka/Desktop/EasyQuest/RPGGame 4.23/Saved/QuestLog_Auto3461D7C4D4476CBF6EEFDA7AEDBB8763E.tmp' to 'C:/Users/zacka/Desktop/EasyQuest/RPGGame 4.23/Saved/Autosaves/Game/EasyQuest/QuestSystem/QuestLog_Auto3.uasset'
[2019.10.28-05.23.36:015][739]OBJ SavePackage: Generating thumbnails for [0] asset(s) in package [/Game/EasyQuest/QuestSystem/Quests/Quest] ([1] browsable assets)...
[2019.10.28-05.23.36:015][739]OBJ SavePackage: Finished generating thumbnails for package [/Game/EasyQuest/QuestSystem/Quests/Quest]
[2019.10.28-05.23.36:128][739]LogSavePackage: Moving 'C:/Users/zacka/Desktop/EasyQuest/RPGGame 4.23/Saved/Quest_Auto3FC90C8544614B880FD2D46AB32A9B8DE.tmp' to 'C:/Users/zacka/Desktop/EasyQuest/RPGGame 4.23/Saved/Autosaves/Game/EasyQuest/QuestSystem/Quests/Quest_Auto3.uasset'
[2019.10.28-05.23.36:130][739]LogFileHelpers: Auto-saving content packages took 0.159
[2019.10.28-05.26.09:046][169]LogSlate: FSceneViewport::OnFocusLost() reason 0
