Log file open, 09/25/19 21:42:29
LogWindows: Failed to load 'aqProf.dll' (GetLastError=126)
LogWindows: File 'aqProf.dll' does not exist
LogWindows: Failed to load 'VtuneApi.dll' (GetLastError=126)
LogWindows: File 'VtuneApi.dll' does not exist
LogWindows: Failed to load 'VtuneApi32e.dll' (GetLastError=126)
LogWindows: File 'VtuneApi32e.dll' does not exist
LogConsoleResponse: Display: Failed to find resolution value strings in scalability ini. Falling back to default.
LogInit: Display: Running engine for game: RPGGame
LogPlatformFile: Not using cached read wrapper
LogTaskGraph: Started task graph with 5 named threads and 47 total threads with 3 sets of task threads.
LogStats: Stats thread started at 0.071666
LogD3D11RHI: Loaded GFSDK_Aftermath_Lib.x64.dll
LogICUInternationalization: ICU TimeZone Detection - Raw Offset: +10:00, Platform Override: ''
LogPluginManager: Mounting plugin Paper2D
LogPluginManager: Mounting plugin AISupport
LogPluginManager: Mounting plugin LightPropagationVolume
LogPluginManager: Mounting plugin ActorLayerUtilities
LogPluginManager: Mounting plugin AnimationSharing
LogPluginManager: Mounting plugin CLionSourceCodeAccess
LogPluginManager: Mounting plugin CodeLiteSourceCodeAccess
LogPluginManager: Mounting plugin GitSourceControl
LogPluginManager: Mounting plugin KDevelopSourceCodeAccess
LogPluginManager: Mounting plugin NullSourceCodeAccess
LogPluginManager: Mounting plugin PerforceSourceControl
LogPluginManager: Mounting plugin SubversionSourceControl
LogPluginManager: Mounting plugin UObjectPlugin
LogPluginManager: Mounting plugin VisualStudioCodeSourceCodeAccess
LogPluginManager: Mounting plugin VisualStudioSourceCodeAccess
LogPluginManager: Mounting plugin XCodeSourceCodeAccess
LogPluginManager: Mounting plugin AssetManagerEditor
LogPluginManager: Mounting plugin CryptoKeys
LogPluginManager: Mounting plugin CurveEditorTools
LogPluginManager: Mounting plugin DataValidation
LogPluginManager: Mounting plugin FacialAnimation
LogPluginManager: Mounting plugin GameplayTagsEditor
LogPluginManager: Mounting plugin MacGraphicsSwitching
LogPluginManager: Mounting plugin MaterialAnalyzer
LogPluginManager: Mounting plugin MobileLauncherProfileWizard
LogPluginManager: Mounting plugin PluginBrowser
LogPluginManager: Mounting plugin SpeedTreeImporter
LogPluginManager: Mounting plugin DatasmithContent
LogPluginManager: Mounting plugin VariantManagerContent
LogPluginManager: Mounting plugin AlembicImporter
LogPluginManager: Mounting plugin AutomationUtils
LogPluginManager: Mounting plugin BackChannel
LogPluginManager: Mounting plugin CharacterAI
LogPluginManager: Mounting plugin GeometryCache
LogPluginManager: Mounting plugin HTML5Networking
LogPluginManager: Mounting plugin PlatformCrypto
LogPluginManager: Mounting plugin ProxyLODPlugin
LogPluginManager: Mounting plugin SkeletalReduction
LogPluginManager: Mounting plugin MagicLeap
LogPluginManager: Mounting plugin MagicLeapMedia
LogPluginManager: Mounting plugin AndroidMedia
LogPluginManager: Mounting plugin AvfMedia
LogPluginManager: Mounting plugin ImgMedia
LogPluginManager: Mounting plugin MediaCompositing
LogPluginManager: Mounting plugin MediaPlayerEditor
LogPluginManager: Mounting plugin WebMMedia
LogPluginManager: Mounting plugin WmfMedia
LogPluginManager: Mounting plugin TcpMessaging
LogPluginManager: Mounting plugin UdpMessaging
LogPluginManager: Mounting plugin ActorSequence
LogPluginManager: Mounting plugin LevelSequenceEditor
LogPluginManager: Mounting plugin MatineeToLevelSequence
LogPluginManager: Mounting plugin NetcodeUnitTest
LogPluginManager: Mounting plugin NUTUnrealEngine4
LogPluginManager: Mounting plugin OnlineSubsystemGooglePlay
LogPluginManager: Mounting plugin OnlineSubsystemIOS
LogPluginManager: Mounting plugin OnlineSubsystem
LogPluginManager: Mounting plugin OnlineSubsystemNull
LogPluginManager: Mounting plugin OnlineSubsystemUtils
LogPluginManager: Mounting plugin LauncherChunkInstaller
LogPluginManager: Mounting plugin AndroidDeviceProfileSelector
LogPluginManager: Mounting plugin AndroidMoviePlayer
LogPluginManager: Mounting plugin AndroidPermission
LogPluginManager: Mounting plugin AppleImageUtils
LogPluginManager: Mounting plugin AppleMoviePlayer
LogPluginManager: Mounting plugin ArchVisCharacter
LogPluginManager: Mounting plugin AudioCapture
LogPluginManager: Mounting plugin CableComponent
LogPluginManager: Mounting plugin CustomMeshComponent
LogPluginManager: Mounting plugin EditableMesh
LogPluginManager: Mounting plugin ExampleDeviceProfileSelector
LogPluginManager: Mounting plugin GoogleCloudMessaging
LogPluginManager: Mounting plugin IOSDeviceProfileSelector
LogPluginManager: Mounting plugin LinuxDeviceProfileSelector
LogPluginManager: Mounting plugin LocationServicesBPLibrary
LogPluginManager: Mounting plugin MobilePatchingUtils
LogPluginManager: Mounting plugin OculusVR
LogPluginManager: Mounting plugin PhysXVehicles
LogPluginManager: Mounting plugin ProceduralMeshComponent
LogPluginManager: Mounting plugin RuntimePhysXCooking
LogPluginManager: Mounting plugin SignificanceManager
LogPluginManager: Mounting plugin SteamVR
LogPluginManager: Mounting plugin WebMMoviePlayer
LogPluginManager: Mounting plugin WindowsMoviePlayer
LogPluginManager: Mounting plugin ScreenshotTools
LogInit: Using libcurl 7.55.1-DEV
LogInit:  - built for x86_64-pc-win32
LogInit:  - supports SSL with OpenSSL/1.1.1
LogInit:  - supports HTTP deflate (compression) using libz 1.2.8
LogInit:  - other features:
LogInit:      CURL_VERSION_SSL
LogInit:      CURL_VERSION_LIBZ
LogInit:      CURL_VERSION_IPV6
LogInit:      CURL_VERSION_ASYNCHDNS
LogInit:      CURL_VERSION_LARGEFILE
LogInit:      CURL_VERSION_IDN
LogInit:  CurlRequestOptions (configurable via config and command line):
LogInit:  - bVerifyPeer = true  - Libcurl will verify peer certificate
LogInit:  - bUseHttpProxy = false  - Libcurl will NOT use HTTP proxy
LogInit:  - bDontReuseConnections = false  - Libcurl will reuse connections
LogInit:  - MaxHostConnections = 16  - Libcurl will limit the number of connections to a host
LogInit:  - LocalHostAddr = Default
LogInit:  - BufferSize = 65536
LogOnline: OSS: Creating online subsystem instance for: NULL
LogInit: WinSock: version 1.1 (2.2), MaxSocks=32767, MaxUdp=65467
LogInit: Build: ++UE4+Release-4.23-CL-8386587
LogInit: Engine Version: 4.23.0-8386587+++UE4+Release-4.23
LogInit: Compatible Engine Version: 4.23.0-8386587+++UE4+Release-4.23
LogInit: Net CL: 8386587
LogInit: OS: Windows 10 (Release 1903) (), CPU: AMD Ryzen 7 2700X Eight-Core Processor         , GPU: NVIDIA GeForce GTX 1070
LogInit: Compiled (64-bit): Aug 31 2019 02:04:44
LogInit: Compiled with Visual C++: 19.16.27030.01
LogInit: Build Configuration: Development
LogInit: Branch Name: ++UE4+Release-4.23
LogInit: Command Line: 
LogInit: Base Directory: D:/UE_4.23/Engine/Binaries/Win64/
LogInit: Installed Engine Build: 1
LogDevObjectVersion: Number of dev versions registered: 23
LogDevObjectVersion:   Dev-Blueprints (B0D832E4-1F89-4F0D-ACCF-7EB736FD4AA2): 10
LogDevObjectVersion:   Dev-Build (E1C64328-A22C-4D53-A36C-8E866417BD8C): 0
LogDevObjectVersion:   Dev-Core (375EC13C-06E4-48FB-B500-84F0262A717E): 3
LogDevObjectVersion:   Dev-Editor (E4B068ED-F494-42E9-A231-DA0B2E46BB41): 34
LogDevObjectVersion:   Dev-Framework (CFFC743F-43B0-4480-9391-14DF171D2073): 35
LogDevObjectVersion:   Dev-Mobile (B02B49B5-BB20-44E9-A304-32B752E40360): 2
LogDevObjectVersion:   Dev-Networking (A4E4105C-59A1-49B5-A7C5-40C4547EDFEE): 0
LogDevObjectVersion:   Dev-Online (39C831C9-5AE6-47DC-9A44-9C173E1C8E7C): 0
LogDevObjectVersion:   Dev-Physics (78F01B33-EBEA-4F98-B9B4-84EACCB95AA2): 0
LogDevObjectVersion:   Dev-Platform (6631380F-2D4D-43E0-8009-CF276956A95A): 0
LogDevObjectVersion:   Dev-Rendering (12F88B9F-8875-4AFC-A67C-D90C383ABD29): 31
LogDevObjectVersion:   Dev-Sequencer (7B5AE74C-D270-4C10-A958-57980B212A5A): 11
LogDevObjectVersion:   Dev-VR (D7296918-1DD6-4BDD-9DE2-64A83CC13884): 2
LogDevObjectVersion:   Dev-LoadTimes (C2A15278-BFE7-4AFE-6C17-90FF531DF755): 1
LogDevObjectVersion:   Private-Geometry (6EACA3D4-40EC-4CC1-B786-8BED09428FC5): 3
LogDevObjectVersion:   Dev-AnimPhys (29E575DD-E0A3-4627-9D10-D276232CDCEA): 17
LogDevObjectVersion:   Dev-Anim (AF43A65D-7FD3-4947-9873-3E8ED9C1BB05): 2
LogDevObjectVersion:   Dev-ReflectionCapture (6B266CEC-1EC7-4B8F-A30B-E4D90942FC07): 1
LogDevObjectVersion:   Dev-Automation (0DF73D61-A23F-47EA-B727-89E90C41499A): 1
LogDevObjectVersion:   FortniteMain (601D1886-AC64-4F84-AA16-D3DE0DEAC7D6): 27
LogDevObjectVersion:   Dev-Enterprise (9DFFBCD6-494F-0158-E221-12823C92A888): 6
LogDevObjectVersion:   Dev-Niagara (F2AED0AC-9AFE-416F-8664-AA7FFA26D6FC): 1
LogDevObjectVersion:   Dev-Destruction (174F1F0B-B4C6-45A5-B13F-2EE8D0FB917D): 9
LogInit: Presizing for max 16777216 objects, including 0 objects not considered by GC, pre-allocating 0 bytes for permanent pool.
LogInit: Object subsystem initialized
LogConfig: Setting CVar [[con.DebugEarlyDefault:1]]
LogConfig: Setting CVar [[r.setres:1280x720]]
[2019.09.25-11.42.29:548][  0]LogConfig: Setting CVar [[r.VSync:0]]
[2019.09.25-11.42.29:548][  0]LogConfig: Setting CVar [[r.RHICmdBypass:0]]
[2019.09.25-11.42.29:548][  0]LogConfig: Applying CVar settings from Section [/Script/Engine.RendererSettings] File [C:/Users/zacka/Desktop/RPGGame/RPGGame 4.23/Saved/Config/Windows/Engine.ini]
[2019.09.25-11.42.29:548][  0]LogConfig: Setting CVar [[r.GPUCrashDebugging:0]]
[2019.09.25-11.42.29:548][  0]LogConfig: Applying CVar settings from Section [/Script/Engine.RendererOverrideSettings] File [C:/Users/zacka/Desktop/RPGGame/RPGGame 4.23/Saved/Config/Windows/Engine.ini]
[2019.09.25-11.42.29:549][  0]LogConfig: Applying CVar settings from Section [/Script/Engine.StreamingSettings] File [C:/Users/zacka/Desktop/RPGGame/RPGGame 4.23/Saved/Config/Windows/Engine.ini]
[2019.09.25-11.42.29:549][  0]LogConfig: Setting CVar [[s.MinBulkDataSizeForAsyncLoading:131072]]
[2019.09.25-11.42.29:549][  0]LogConfig: Setting CVar [[s.AsyncLoadingThreadEnabled:0]]
[2019.09.25-11.42.29:549][  0]LogConfig: Setting CVar [[s.EventDrivenLoaderEnabled:1]]
[2019.09.25-11.42.29:549][  0]LogConfig: Setting CVar [[s.WarnIfTimeLimitExceeded:0]]
[2019.09.25-11.42.29:549][  0]LogConfig: Setting CVar [[s.TimeLimitExceededMultiplier:1.5]]
[2019.09.25-11.42.29:549][  0]LogConfig: Setting CVar [[s.TimeLimitExceededMinTime:0.005]]
[2019.09.25-11.42.29:549][  0]LogConfig: Setting CVar [[s.UseBackgroundLevelStreaming:1]]
[2019.09.25-11.42.29:549][  0]LogConfig: Setting CVar [[s.PriorityAsyncLoadingExtraTime:15.0]]
[2019.09.25-11.42.29:549][  0]LogConfig: Setting CVar [[s.LevelStreamingActorsUpdateTimeLimit:5.0]]
[2019.09.25-11.42.29:549][  0]LogConfig: Setting CVar [[s.PriorityLevelStreamingActorsUpdateExtraTime:5.0]]
[2019.09.25-11.42.29:549][  0]LogConfig: Setting CVar [[s.LevelStreamingComponentsRegistrationGranularity:10]]
[2019.09.25-11.42.29:549][  0]LogConfig: Setting CVar [[s.UnregisterComponentsTimeLimit:1.0]]
[2019.09.25-11.42.29:549][  0]LogConfig: Setting CVar [[s.LevelStreamingComponentsUnregistrationGranularity:5]]
[2019.09.25-11.42.29:549][  0]LogConfig: Applying CVar settings from Section [/Script/Engine.GarbageCollectionSettings] File [C:/Users/zacka/Desktop/RPGGame/RPGGame 4.23/Saved/Config/Windows/Engine.ini]
[2019.09.25-11.42.29:549][  0]LogConfig: Setting CVar [[gc.MaxObjectsNotConsideredByGC:1]]
[2019.09.25-11.42.29:549][  0]LogConfig: Setting CVar [[gc.SizeOfPermanentObjectPool:0]]
[2019.09.25-11.42.29:549][  0]LogConfig: Setting CVar [[gc.FlushStreamingOnGC:0]]
[2019.09.25-11.42.29:549][  0]LogConfig: Setting CVar [[gc.NumRetriesBeforeForcingGC:10]]
[2019.09.25-11.42.29:549][  0]LogConfig: Setting CVar [[gc.AllowParallelGC:1]]
[2019.09.25-11.42.29:549][  0]LogConfig: Setting CVar [[gc.TimeBetweenPurgingPendingKillObjects:61.1]]
[2019.09.25-11.42.29:549][  0]LogConfig: Setting CVar [[gc.MaxObjectsInEditor:16777216]]
[2019.09.25-11.42.29:549][  0]LogConfig: Setting CVar [[gc.IncrementalBeginDestroyEnabled:1]]
[2019.09.25-11.42.29:549][  0]LogConfig: Setting CVar [[gc.CreateGCClusters:1]]
[2019.09.25-11.42.29:549][  0]LogConfig: Setting CVar [[gc.MinGCClusterSize:5]]
[2019.09.25-11.42.29:549][  0]LogConfig: Setting CVar [[gc.ActorClusteringEnabled:0]]
[2019.09.25-11.42.29:549][  0]LogConfig: Setting CVar [[gc.BlueprintClusteringEnabled:0]]
[2019.09.25-11.42.29:549][  0]LogConfig: Setting CVar [[gc.UseDisregardForGCOnDedicatedServers:0]]
[2019.09.25-11.42.29:549][  0]LogConfig: Applying CVar settings from Section [/Script/Engine.NetworkSettings] File [C:/Users/zacka/Desktop/RPGGame/RPGGame 4.23/Saved/Config/Windows/Engine.ini]
[2019.09.25-11.42.29:549][  0]LogConfig: Applying CVar settings from Section [/Script/UnrealEd.CookerSettings] File [C:/Users/zacka/Desktop/RPGGame/RPGGame 4.23/Saved/Config/Windows/Engine.ini]
[2019.09.25-11.42.29:565][  0]LogConfig: Applying CVar settings from Section [ViewDistanceQuality@3] File [C:/Users/zacka/Desktop/RPGGame/RPGGame 4.23/Saved/Config/Windows/Scalability.ini]
[2019.09.25-11.42.29:565][  0]LogConfig: Setting CVar [[r.SkeletalMeshLODBias:0]]
[2019.09.25-11.42.29:565][  0]LogConfig: Setting CVar [[r.ViewDistanceScale:1.0]]
[2019.09.25-11.42.29:565][  0]LogConfig: Applying CVar settings from Section [AntiAliasingQuality@3] File [C:/Users/zacka/Desktop/RPGGame/RPGGame 4.23/Saved/Config/Windows/Scalability.ini]
[2019.09.25-11.42.29:565][  0]LogConfig: Setting CVar [[r.PostProcessAAQuality:4]]
[2019.09.25-11.42.29:565][  0]LogConfig: Applying CVar settings from Section [ShadowQuality@3] File [C:/Users/zacka/Desktop/RPGGame/RPGGame 4.23/Saved/Config/Windows/Scalability.ini]
[2019.09.25-11.42.29:565][  0]LogConfig: Setting CVar [[r.LightFunctionQuality:1]]
[2019.09.25-11.42.29:565][  0]LogConfig: Setting CVar [[r.ShadowQuality:5]]
[2019.09.25-11.42.29:565][  0]LogConfig: Setting CVar [[r.Shadow.CSM.MaxCascades:10]]
[2019.09.25-11.42.29:565][  0]LogConfig: Setting CVar [[r.Shadow.MaxResolution:2048]]
[2019.09.25-11.42.29:565][  0]LogConfig: Setting CVar [[r.Shadow.MaxCSMResolution:2048]]
[2019.09.25-11.42.29:565][  0]LogConfig: Setting CVar [[r.Shadow.RadiusThreshold:0.01]]
[2019.09.25-11.42.29:565][  0]LogConfig: Setting CVar [[r.Shadow.DistanceScale:1.0]]
[2019.09.25-11.42.29:565][  0]LogConfig: Setting CVar [[r.Shadow.CSM.TransitionScale:1.0]]
[2019.09.25-11.42.29:565][  0]LogConfig: Setting CVar [[r.Shadow.PreShadowResolutionFactor:1.0]]
[2019.09.25-11.42.29:565][  0]LogConfig: Setting CVar [[r.DistanceFieldShadowing:1]]
[2019.09.25-11.42.29:565][  0]LogConfig: Setting CVar [[r.DistanceFieldAO:1]]
[2019.09.25-11.42.29:565][  0]LogConfig: Setting CVar [[r.AOQuality:2]]
[2019.09.25-11.42.29:565][  0]LogConfig: Setting CVar [[r.VolumetricFog:1]]
[2019.09.25-11.42.29:565][  0]LogConfig: Setting CVar [[r.VolumetricFog.GridPixelSize:8]]
[2019.09.25-11.42.29:565][  0]LogConfig: Setting CVar [[r.VolumetricFog.GridSizeZ:128]]
[2019.09.25-11.42.29:565][  0]LogConfig: Setting CVar [[r.VolumetricFog.HistoryMissSupersampleCount:4]]
[2019.09.25-11.42.29:565][  0]LogConfig: Setting CVar [[r.LightMaxDrawDistanceScale:1]]
[2019.09.25-11.42.29:565][  0]LogConfig: Setting CVar [[r.CapsuleShadows:1]]
[2019.09.25-11.42.29:565][  0]LogConfig: Applying CVar settings from Section [PostProcessQuality@3] File [C:/Users/zacka/Desktop/RPGGame/RPGGame 4.23/Saved/Config/Windows/Scalability.ini]
[2019.09.25-11.42.29:565][  0]LogConfig: Setting CVar [[r.MotionBlurQuality:4]]
[2019.09.25-11.42.29:565][  0]LogConfig: Setting CVar [[r.AmbientOcclusionMipLevelFactor:0.4]]
[2019.09.25-11.42.29:565][  0]LogConfig: Setting CVar [[r.AmbientOcclusionMaxQuality:100]]
[2019.09.25-11.42.29:565][  0]LogConfig: Setting CVar [[r.AmbientOcclusionLevels:-1]]
[2019.09.25-11.42.29:565][  0]LogConfig: Setting CVar [[r.AmbientOcclusionRadiusScale:1.0]]
[2019.09.25-11.42.29:565][  0]LogConfig: Setting CVar [[r.DepthOfFieldQuality:2]]
[2019.09.25-11.42.29:565][  0]LogConfig: Setting CVar [[r.RenderTargetPoolMin:400]]
[2019.09.25-11.42.29:565][  0]LogConfig: Setting CVar [[r.LensFlareQuality:2]]
[2019.09.25-11.42.29:565][  0]LogConfig: Setting CVar [[r.SceneColorFringeQuality:1]]
[2019.09.25-11.42.29:565][  0]LogConfig: Setting CVar [[r.EyeAdaptationQuality:2]]
[2019.09.25-11.42.29:565][  0]LogConfig: Setting CVar [[r.BloomQuality:5]]
[2019.09.25-11.42.29:565][  0]LogConfig: Setting CVar [[r.FastBlurThreshold:100]]
[2019.09.25-11.42.29:565][  0]LogConfig: Setting CVar [[r.Upscale.Quality:3]]
[2019.09.25-11.42.29:565][  0]LogConfig: Setting CVar [[r.Tonemapper.GrainQuantization:1]]
[2019.09.25-11.42.29:565][  0]LogConfig: Setting CVar [[r.LightShaftQuality:1]]
[2019.09.25-11.42.29:565][  0]LogConfig: Setting CVar [[r.Filter.SizeScale:1]]
[2019.09.25-11.42.29:565][  0]LogConfig: Setting CVar [[r.Tonemapper.Quality:5]]
[2019.09.25-11.42.29:565][  0]LogConfig: Setting CVar [[r.DOF.Gather.AccumulatorQuality:1        ; higher gathering accumulator quality]]
[2019.09.25-11.42.29:566][  0]LogConfig: Setting CVar [[r.DOF.Gather.PostfilterMethod:1          ; Median3x3 postfilering method]]
[2019.09.25-11.42.29:566][  0]LogConfig: Setting CVar [[r.DOF.Gather.EnableBokehSettings:0       ; no bokeh simulation when gathering]]
[2019.09.25-11.42.29:566][  0]LogConfig: Setting CVar [[r.DOF.Gather.RingCount:4                 ; medium number of samples when gathering]]
[2019.09.25-11.42.29:566][  0]LogConfig: Setting CVar [[r.DOF.Scatter.ForegroundCompositing:1    ; additive foreground scattering]]
[2019.09.25-11.42.29:566][  0]LogConfig: Setting CVar [[r.DOF.Scatter.BackgroundCompositing:2    ; additive background scattering]]
[2019.09.25-11.42.29:566][  0]LogConfig: Setting CVar [[r.DOF.Scatter.EnableBokehSettings:1      ; bokeh simulation when scattering]]
[2019.09.25-11.42.29:566][  0]LogConfig: Setting CVar [[r.DOF.Scatter.MaxSpriteRatio:0.1         ; only a maximum of 10% of scattered bokeh]]
[2019.09.25-11.42.29:566][  0]LogConfig: Setting CVar [[r.DOF.Recombine.Quality:1                ; cheap slight out of focus]]
[2019.09.25-11.42.29:566][  0]LogConfig: Setting CVar [[r.DOF.Recombine.EnableBokehSettings:0    ; no bokeh simulation on slight out of focus]]
[2019.09.25-11.42.29:566][  0]LogConfig: Setting CVar [[r.DOF.TemporalAAQuality:1                ; more stable temporal accumulation]]
[2019.09.25-11.42.29:566][  0]LogConfig: Setting CVar [[r.DOF.Kernel.MaxForegroundRadius:0.025]]
[2019.09.25-11.42.29:566][  0]LogConfig: Setting CVar [[r.DOF.Kernel.MaxBackgroundRadius:0.025]]
[2019.09.25-11.42.29:566][  0]LogConfig: Applying CVar settings from Section [TextureQuality@3] File [C:/Users/zacka/Desktop/RPGGame/RPGGame 4.23/Saved/Config/Windows/Scalability.ini]
[2019.09.25-11.42.29:566][  0]LogConfig: Setting CVar [[r.Streaming.MipBias:0]]
[2019.09.25-11.42.29:566][  0]LogConfig: Setting CVar [[r.Streaming.AmortizeCPUToGPUCopy:0]]
[2019.09.25-11.42.29:566][  0]LogConfig: Setting CVar [[r.Streaming.MaxNumTexturesToStreamPerFrame:0]]
[2019.09.25-11.42.29:566][  0]LogConfig: Setting CVar [[r.Streaming.Boost:1]]
[2019.09.25-11.42.29:566][  0]LogConfig: Setting CVar [[r.MaxAnisotropy:8]]
[2019.09.25-11.42.29:566][  0]LogConfig: Setting CVar [[r.Streaming.LimitPoolSizeToVRAM:0]]
[2019.09.25-11.42.29:566][  0]LogConfig: Setting CVar [[r.Streaming.PoolSize:1000]]
[2019.09.25-11.42.29:566][  0]LogConfig: Setting CVar [[r.Streaming.MaxEffectiveScreenSize:0]]
[2019.09.25-11.42.29:566][  0]LogConfig: Applying CVar settings from Section [EffectsQuality@3] File [C:/Users/zacka/Desktop/RPGGame/RPGGame 4.23/Saved/Config/Windows/Scalability.ini]
[2019.09.25-11.42.29:566][  0]LogConfig: Setting CVar [[r.TranslucencyLightingVolumeDim:64]]
[2019.09.25-11.42.29:566][  0]LogConfig: Setting CVar [[r.RefractionQuality:2]]
[2019.09.25-11.42.29:566][  0]LogConfig: Setting CVar [[r.SSR.Quality:3]]
[2019.09.25-11.42.29:566][  0]LogConfig: Setting CVar [[r.SceneColorFormat:4]]
[2019.09.25-11.42.29:566][  0]LogConfig: Setting CVar [[r.DetailMode:2]]
[2019.09.25-11.42.29:566][  0]LogConfig: Setting CVar [[r.TranslucencyVolumeBlur:1]]
[2019.09.25-11.42.29:566][  0]LogConfig: Setting CVar [[r.MaterialQualityLevel:1 ; High quality]]
[2019.09.25-11.42.29:566][  0]LogConfig: Setting CVar [[r.SSS.Scale:1]]
[2019.09.25-11.42.29:566][  0]LogConfig: Setting CVar [[r.SSS.SampleSet:2]]
[2019.09.25-11.42.29:566][  0]LogConfig: Setting CVar [[r.SSS.Quality:1]]
[2019.09.25-11.42.29:566][  0]LogConfig: Setting CVar [[r.SSS.HalfRes:1]]
[2019.09.25-11.42.29:566][  0]LogConfig: Setting CVar [[r.EmitterSpawnRateScale:1.0]]
[2019.09.25-11.42.29:566][  0]LogConfig: Setting CVar [[r.ParticleLightQuality:2]]
[2019.09.25-11.42.29:566][  0]LogConfig: Applying CVar settings from Section [FoliageQuality@3] File [C:/Users/zacka/Desktop/RPGGame/RPGGame 4.23/Saved/Config/Windows/Scalability.ini]
[2019.09.25-11.42.29:566][  0]LogConfig: Setting CVar [[foliage.DensityScale:1.0]]
[2019.09.25-11.42.29:566][  0]LogConfig: Setting CVar [[grass.DensityScale:1.0]]
[2019.09.25-11.42.29:566][  0]LogInit: Selected Device Profile: [Windows]
[2019.09.25-11.42.29:566][  0]LogInit: Applying CVar settings loaded from the selected device profile: [Windows]
[2019.09.25-11.42.29:569][  0]LogHAL: Display: Platform has ~ 16 GB [17108226048 / 17179869184 / 16], which maps to Larger [LargestMinGB=32, LargerMinGB=12, DefaultMinGB=8, SmallerMinGB=6, SmallestMinGB=0)
[2019.09.25-11.42.29:569][  0]LogInit: Going up to parent DeviceProfile []
[2019.09.25-11.42.29:569][  0]LogConfig: Applying CVar settings from Section [ViewDistanceQuality@3] File [C:/Users/zacka/Desktop/RPGGame/RPGGame 4.23/Saved/Config/Windows/Scalability.ini]
[2019.09.25-11.42.29:569][  0]LogConfig: Setting CVar [[r.SkeletalMeshLODBias:0]]
[2019.09.25-11.42.29:569][  0]LogConfig: Setting CVar [[r.ViewDistanceScale:1.0]]
[2019.09.25-11.42.29:569][  0]LogConfig: Applying CVar settings from Section [AntiAliasingQuality@3] File [C:/Users/zacka/Desktop/RPGGame/RPGGame 4.23/Saved/Config/Windows/Scalability.ini]
[2019.09.25-11.42.29:569][  0]LogConfig: Setting CVar [[r.PostProcessAAQuality:4]]
[2019.09.25-11.42.29:569][  0]LogConfig: Applying CVar settings from Section [ShadowQuality@3] File [C:/Users/zacka/Desktop/RPGGame/RPGGame 4.23/Saved/Config/Windows/Scalability.ini]
[2019.09.25-11.42.29:569][  0]LogConfig: Setting CVar [[r.LightFunctionQuality:1]]
[2019.09.25-11.42.29:569][  0]LogConfig: Setting CVar [[r.ShadowQuality:5]]
[2019.09.25-11.42.29:569][  0]LogConfig: Setting CVar [[r.Shadow.CSM.MaxCascades:10]]
[2019.09.25-11.42.29:569][  0]LogConfig: Setting CVar [[r.Shadow.MaxResolution:2048]]
[2019.09.25-11.42.29:569][  0]LogConfig: Setting CVar [[r.Shadow.MaxCSMResolution:2048]]
[2019.09.25-11.42.29:569][  0]LogConfig: Setting CVar [[r.Shadow.RadiusThreshold:0.01]]
[2019.09.25-11.42.29:569][  0]LogConfig: Setting CVar [[r.Shadow.DistanceScale:1.0]]
[2019.09.25-11.42.29:569][  0]LogConfig: Setting CVar [[r.Shadow.CSM.TransitionScale:1.0]]
[2019.09.25-11.42.29:569][  0]LogConfig: Setting CVar [[r.Shadow.PreShadowResolutionFactor:1.0]]
[2019.09.25-11.42.29:569][  0]LogConfig: Setting CVar [[r.DistanceFieldShadowing:1]]
[2019.09.25-11.42.29:569][  0]LogConfig: Setting CVar [[r.DistanceFieldAO:1]]
[2019.09.25-11.42.29:569][  0]LogConfig: Setting CVar [[r.AOQuality:2]]
[2019.09.25-11.42.29:569][  0]LogConfig: Setting CVar [[r.VolumetricFog:1]]
[2019.09.25-11.42.29:569][  0]LogConfig: Setting CVar [[r.VolumetricFog.GridPixelSize:8]]
[2019.09.25-11.42.29:569][  0]LogConfig: Setting CVar [[r.VolumetricFog.GridSizeZ:128]]
[2019.09.25-11.42.29:569][  0]LogConfig: Setting CVar [[r.VolumetricFog.HistoryMissSupersampleCount:4]]
[2019.09.25-11.42.29:569][  0]LogConfig: Setting CVar [[r.LightMaxDrawDistanceScale:1]]
[2019.09.25-11.42.29:569][  0]LogConfig: Setting CVar [[r.CapsuleShadows:1]]
[2019.09.25-11.42.29:569][  0]LogConfig: Applying CVar settings from Section [PostProcessQuality@3] File [C:/Users/zacka/Desktop/RPGGame/RPGGame 4.23/Saved/Config/Windows/Scalability.ini]
[2019.09.25-11.42.29:569][  0]LogConfig: Setting CVar [[r.MotionBlurQuality:4]]
[2019.09.25-11.42.29:569][  0]LogConfig: Setting CVar [[r.AmbientOcclusionMipLevelFactor:0.4]]
[2019.09.25-11.42.29:570][  0]LogConfig: Setting CVar [[r.AmbientOcclusionMaxQuality:100]]
[2019.09.25-11.42.29:570][  0]LogConfig: Setting CVar [[r.AmbientOcclusionLevels:-1]]
[2019.09.25-11.42.29:570][  0]LogConfig: Setting CVar [[r.AmbientOcclusionRadiusScale:1.0]]
[2019.09.25-11.42.29:570][  0]LogConfig: Setting CVar [[r.DepthOfFieldQuality:2]]
[2019.09.25-11.42.29:570][  0]LogConfig: Setting CVar [[r.RenderTargetPoolMin:400]]
[2019.09.25-11.42.29:570][  0]LogConfig: Setting CVar [[r.LensFlareQuality:2]]
[2019.09.25-11.42.29:570][  0]LogConfig: Setting CVar [[r.SceneColorFringeQuality:1]]
[2019.09.25-11.42.29:570][  0]LogConfig: Setting CVar [[r.EyeAdaptationQuality:2]]
[2019.09.25-11.42.29:570][  0]LogConfig: Setting CVar [[r.BloomQuality:5]]
[2019.09.25-11.42.29:570][  0]LogConfig: Setting CVar [[r.FastBlurThreshold:100]]
[2019.09.25-11.42.29:570][  0]LogConfig: Setting CVar [[r.Upscale.Quality:3]]
[2019.09.25-11.42.29:570][  0]LogConfig: Setting CVar [[r.Tonemapper.GrainQuantization:1]]
[2019.09.25-11.42.29:570][  0]LogConfig: Setting CVar [[r.LightShaftQuality:1]]
[2019.09.25-11.42.29:570][  0]LogConfig: Setting CVar [[r.Filter.SizeScale:1]]
[2019.09.25-11.42.29:570][  0]LogConfig: Setting CVar [[r.Tonemapper.Quality:5]]
[2019.09.25-11.42.29:570][  0]LogConfig: Setting CVar [[r.DOF.Gather.AccumulatorQuality:1        ; higher gathering accumulator quality]]
[2019.09.25-11.42.29:570][  0]LogConfig: Setting CVar [[r.DOF.Gather.PostfilterMethod:1          ; Median3x3 postfilering method]]
[2019.09.25-11.42.29:570][  0]LogConfig: Setting CVar [[r.DOF.Gather.EnableBokehSettings:0       ; no bokeh simulation when gathering]]
[2019.09.25-11.42.29:570][  0]LogConfig: Setting CVar [[r.DOF.Gather.RingCount:4                 ; medium number of samples when gathering]]
[2019.09.25-11.42.29:570][  0]LogConfig: Setting CVar [[r.DOF.Scatter.ForegroundCompositing:1    ; additive foreground scattering]]
[2019.09.25-11.42.29:570][  0]LogConfig: Setting CVar [[r.DOF.Scatter.BackgroundCompositing:2    ; additive background scattering]]
[2019.09.25-11.42.29:570][  0]LogConfig: Setting CVar [[r.DOF.Scatter.EnableBokehSettings:1      ; bokeh simulation when scattering]]
[2019.09.25-11.42.29:570][  0]LogConfig: Setting CVar [[r.DOF.Scatter.MaxSpriteRatio:0.1         ; only a maximum of 10% of scattered bokeh]]
[2019.09.25-11.42.29:570][  0]LogConfig: Setting CVar [[r.DOF.Recombine.Quality:1                ; cheap slight out of focus]]
[2019.09.25-11.42.29:570][  0]LogConfig: Setting CVar [[r.DOF.Recombine.EnableBokehSettings:0    ; no bokeh simulation on slight out of focus]]
[2019.09.25-11.42.29:570][  0]LogConfig: Setting CVar [[r.DOF.TemporalAAQuality:1                ; more stable temporal accumulation]]
[2019.09.25-11.42.29:570][  0]LogConfig: Setting CVar [[r.DOF.Kernel.MaxForegroundRadius:0.025]]
[2019.09.25-11.42.29:570][  0]LogConfig: Setting CVar [[r.DOF.Kernel.MaxBackgroundRadius:0.025]]
[2019.09.25-11.42.29:570][  0]LogConfig: Applying CVar settings from Section [TextureQuality@3] File [C:/Users/zacka/Desktop/RPGGame/RPGGame 4.23/Saved/Config/Windows/Scalability.ini]
[2019.09.25-11.42.29:570][  0]LogConfig: Setting CVar [[r.Streaming.MipBias:0]]
[2019.09.25-11.42.29:570][  0]LogConfig: Setting CVar [[r.Streaming.AmortizeCPUToGPUCopy:0]]
[2019.09.25-11.42.29:570][  0]LogConfig: Setting CVar [[r.Streaming.MaxNumTexturesToStreamPerFrame:0]]
[2019.09.25-11.42.29:570][  0]LogConfig: Setting CVar [[r.Streaming.Boost:1]]
[2019.09.25-11.42.29:570][  0]LogConfig: Setting CVar [[r.MaxAnisotropy:8]]
[2019.09.25-11.42.29:570][  0]LogConfig: Setting CVar [[r.Streaming.LimitPoolSizeToVRAM:0]]
[2019.09.25-11.42.29:570][  0]LogConfig: Setting CVar [[r.Streaming.PoolSize:1000]]
[2019.09.25-11.42.29:570][  0]LogConfig: Setting CVar [[r.Streaming.MaxEffectiveScreenSize:0]]
[2019.09.25-11.42.29:570][  0]LogConfig: Applying CVar settings from Section [EffectsQuality@3] File [C:/Users/zacka/Desktop/RPGGame/RPGGame 4.23/Saved/Config/Windows/Scalability.ini]
[2019.09.25-11.42.29:570][  0]LogConfig: Setting CVar [[r.TranslucencyLightingVolumeDim:64]]
[2019.09.25-11.42.29:570][  0]LogConfig: Setting CVar [[r.RefractionQuality:2]]
[2019.09.25-11.42.29:570][  0]LogConfig: Setting CVar [[r.SSR.Quality:3]]
[2019.09.25-11.42.29:570][  0]LogConfig: Setting CVar [[r.SceneColorFormat:4]]
[2019.09.25-11.42.29:570][  0]LogConfig: Setting CVar [[r.DetailMode:2]]
[2019.09.25-11.42.29:570][  0]LogConfig: Setting CVar [[r.TranslucencyVolumeBlur:1]]
[2019.09.25-11.42.29:570][  0]LogConfig: Setting CVar [[r.MaterialQualityLevel:1 ; High quality]]
[2019.09.25-11.42.29:570][  0]LogConfig: Setting CVar [[r.SSS.Scale:1]]
[2019.09.25-11.42.29:570][  0]LogConfig: Setting CVar [[r.SSS.SampleSet:2]]
[2019.09.25-11.42.29:570][  0]LogConfig: Setting CVar [[r.SSS.Quality:1]]
[2019.09.25-11.42.29:570][  0]LogConfig: Setting CVar [[r.SSS.HalfRes:1]]
[2019.09.25-11.42.29:570][  0]LogConfig: Setting CVar [[r.EmitterSpawnRateScale:1.0]]
[2019.09.25-11.42.29:570][  0]LogConfig: Setting CVar [[r.ParticleLightQuality:2]]
[2019.09.25-11.42.29:570][  0]LogConfig: Applying CVar settings from Section [FoliageQuality@3] File [C:/Users/zacka/Desktop/RPGGame/RPGGame 4.23/Saved/Config/Windows/Scalability.ini]
[2019.09.25-11.42.29:570][  0]LogConfig: Setting CVar [[foliage.DensityScale:1.0]]
[2019.09.25-11.42.29:570][  0]LogConfig: Setting CVar [[grass.DensityScale:1.0]]
[2019.09.25-11.42.29:570][  0]LogConfig: Applying CVar settings from Section [Startup] File [../../../Engine/Config/ConsoleVariables.ini]
[2019.09.25-11.42.29:570][  0]LogConfig: Setting CVar [[net.UseAdaptiveNetUpdateFrequency:0]]
[2019.09.25-11.42.29:570][  0]LogConfig: Setting CVar [[p.chaos.AllowCreatePhysxBodies:1]]
[2019.09.25-11.42.29:570][  0]LogConfig: Applying CVar settings from Section [ConsoleVariables] File [C:/Users/zacka/Desktop/RPGGame/RPGGame 4.23/Saved/Config/Windows/Engine.ini]
[2019.09.25-11.42.29:570][  0]LogInit: Computer: DESKTOP-96N3U1H
[2019.09.25-11.42.29:570][  0]LogInit: User: zacka
[2019.09.25-11.42.29:570][  0]LogInit: CPU Page size=4096, Cores=8
[2019.09.25-11.42.29:570][  0]LogInit: High frequency timer resolution =10.000000 MHz
[2019.09.25-11.42.29:571][  0]LogMemory: Memory total: Physical=15.9GB (16GB approx)
[2019.09.25-11.42.29:571][  0]LogMemory: Platform Memory Stats for Windows
[2019.09.25-11.42.29:571][  0]LogMemory: Process Physical Memory: 104.88 MB used, 104.88 MB peak
[2019.09.25-11.42.29:571][  0]LogMemory: Process Virtual Memory: 102.36 MB used, 102.36 MB peak
[2019.09.25-11.42.29:571][  0]LogMemory: Physical Memory: 7515.00 MB used,  8800.68 MB free, 16315.68 MB total
[2019.09.25-11.42.29:571][  0]LogMemory: Virtual Memory: 4689.31 MB used,  134213040.00 MB free, 134217728.00 MB total
[2019.09.25-11.42.29:575][  0]LogWindows: WindowsPlatformFeatures enabled
[2019.09.25-11.42.29:596][  0]LogInit: Using OS detected language (en-US).
[2019.09.25-11.42.29:596][  0]LogInit: Using OS detected locale (en-AU).
[2019.09.25-11.42.29:596][  0]LogTextLocalizationManager: No specific localization for 'en-US' exists, so the 'en' localization will be used.
[2019.09.25-11.42.29:747][  0]LogInit: Setting process to per monitor DPI aware
[2019.09.25-11.42.29:796][  0]LogSlate: New Slate User Created.  User Index 0, Is Virtual User: 0
[2019.09.25-11.42.29:796][  0]LogSlate: Slate User Registered.  User Index 0, Is Virtual User: 0
[2019.09.25-11.42.29:979][  0]LogHMD: Failed to initialize OpenVR with code 110
[2019.09.25-11.42.29:979][  0]LogD3D11RHI: D3D11 adapters:
[2019.09.25-11.42.30:046][  0]LogD3D11RHI:    0. 'NVIDIA GeForce GTX 1070' (Feature Level 11_0)
[2019.09.25-11.42.30:046][  0]LogD3D11RHI:       8088/0/8157 MB DedicatedVideo/DedicatedSystem/SharedSystem, Outputs:3, VendorId:0x10de
[2019.09.25-11.42.30:049][  0]LogD3D11RHI:    1. 'Microsoft Basic Render Driver' (Feature Level 11_0)
[2019.09.25-11.42.30:049][  0]LogD3D11RHI:       0/0/8157 MB DedicatedVideo/DedicatedSystem/SharedSystem, Outputs:0, VendorId:0x1414
[2019.09.25-11.42.30:049][  0]LogD3D11RHI: Chosen D3D11 Adapter: 0
[2019.09.25-11.42.30:058][  0]LogD3D11RHI: Creating new Direct3DDevice
[2019.09.25-11.42.30:058][  0]LogD3D11RHI:     GPU DeviceId: 0x1b81 (for the marketing name, search the web for "GPU Device Id")
[2019.09.25-11.42.30:058][  0]LogWindows: EnumDisplayDevices:
[2019.09.25-11.42.30:058][  0]LogWindows:    0. 'NVIDIA GeForce GTX 1070' (P:1 D:1)
[2019.09.25-11.42.30:059][  0]LogWindows:    1. 'NVIDIA GeForce GTX 1070' (P:0 D:1)
[2019.09.25-11.42.30:059][  0]LogWindows:    2. 'NVIDIA GeForce GTX 1070' (P:0 D:1)
[2019.09.25-11.42.30:059][  0]LogWindows:    3. 'NVIDIA GeForce GTX 1070' (P:0 D:0)
[2019.09.25-11.42.30:059][  0]LogWindows: DebugString: FoundDriverCount:4 
[2019.09.25-11.42.30:059][  0]LogD3D11RHI:     Adapter Name: NVIDIA GeForce GTX 1070
[2019.09.25-11.42.30:059][  0]LogD3D11RHI:   Driver Version: 418.91 (internal:25.21.14.1891, unified:418.91)
[2019.09.25-11.42.30:059][  0]LogD3D11RHI:      Driver Date: 2-6-2019
[2019.09.25-11.42.30:059][  0]LogRHI: Texture pool is 5661 MB (70% of 8088 MB)
[2019.09.25-11.42.30:110][  0]LogD3D11RHI: Async texture creation enabled
[2019.09.25-11.42.30:121][  0]LogD3D11RHI: GPU Timing Frequency: 1000.000000 (Debug: 2 1)
[2019.09.25-11.42.30:556][  0]LogTemp: Display: Module 'AllDesktopTargetPlatform' loaded TargetPlatform 'AllDesktop'
[2019.09.25-11.42.30:565][  0]LogTemp: Display: Module 'MacClientTargetPlatform' loaded TargetPlatform 'MacClient'
[2019.09.25-11.42.30:574][  0]LogTemp: Display: Module 'MacNoEditorTargetPlatform' loaded TargetPlatform 'MacNoEditor'
[2019.09.25-11.42.30:583][  0]LogTemp: Display: Module 'MacServerTargetPlatform' loaded TargetPlatform 'MacServer'
[2019.09.25-11.42.30:592][  0]LogTemp: Display: Module 'MacTargetPlatform' loaded TargetPlatform 'Mac'
[2019.09.25-11.42.30:601][  0]LogTemp: Display: Module 'WindowsClientTargetPlatform' loaded TargetPlatform 'WindowsClient'
[2019.09.25-11.42.30:610][  0]LogTemp: Display: Module 'WindowsNoEditorTargetPlatform' loaded TargetPlatform 'WindowsNoEditor'
[2019.09.25-11.42.30:620][  0]LogTemp: Display: Module 'WindowsServerTargetPlatform' loaded TargetPlatform 'WindowsServer'
[2019.09.25-11.42.30:624][  0]LogTemp: Display: Module 'WindowsTargetPlatform' loaded TargetPlatform 'Windows'
[2019.09.25-11.42.30:658][  0]LogTemp: Display: Module 'AndroidTargetPlatform' loaded TargetPlatform 'Android'
[2019.09.25-11.42.30:658][  0]LogTemp: Display: Module 'AndroidTargetPlatform' loaded TargetPlatform 'Android_ASTC'
[2019.09.25-11.42.30:658][  0]LogTemp: Display: Module 'AndroidTargetPlatform' loaded TargetPlatform 'Android_ATC'
[2019.09.25-11.42.30:658][  0]LogTemp: Display: Module 'AndroidTargetPlatform' loaded TargetPlatform 'Android_DXT'
[2019.09.25-11.42.30:658][  0]LogTemp: Display: Module 'AndroidTargetPlatform' loaded TargetPlatform 'Android_ETC1'
[2019.09.25-11.42.30:658][  0]LogTemp: Display: Module 'AndroidTargetPlatform' loaded TargetPlatform 'Android_ETC1a'
[2019.09.25-11.42.30:658][  0]LogTemp: Display: Module 'AndroidTargetPlatform' loaded TargetPlatform 'Android_ETC2'
[2019.09.25-11.42.30:658][  0]LogTemp: Display: Module 'AndroidTargetPlatform' loaded TargetPlatform 'Android_PVRTC'
[2019.09.25-11.42.30:658][  0]LogTemp: Display: Module 'AndroidTargetPlatform' loaded TargetPlatform 'AndroidClient'
[2019.09.25-11.42.30:658][  0]LogTemp: Display: Module 'AndroidTargetPlatform' loaded TargetPlatform 'Android_ASTCClient'
[2019.09.25-11.42.30:658][  0]LogTemp: Display: Module 'AndroidTargetPlatform' loaded TargetPlatform 'Android_ATCClient'
[2019.09.25-11.42.30:658][  0]LogTemp: Display: Module 'AndroidTargetPlatform' loaded TargetPlatform 'Android_DXTClient'
[2019.09.25-11.42.30:658][  0]LogTemp: Display: Module 'AndroidTargetPlatform' loaded TargetPlatform 'Android_ETC1Client'
[2019.09.25-11.42.30:658][  0]LogTemp: Display: Module 'AndroidTargetPlatform' loaded TargetPlatform 'Android_ETC1aClient'
[2019.09.25-11.42.30:658][  0]LogTemp: Display: Module 'AndroidTargetPlatform' loaded TargetPlatform 'Android_ETC2Client'
[2019.09.25-11.42.30:658][  0]LogTemp: Display: Module 'AndroidTargetPlatform' loaded TargetPlatform 'Android_PVRTCClient'
[2019.09.25-11.42.30:658][  0]LogTemp: Display: Module 'AndroidTargetPlatform' loaded TargetPlatform 'Android_Multi'
[2019.09.25-11.42.30:658][  0]LogTemp: Display: Module 'AndroidTargetPlatform' loaded TargetPlatform 'Android_MultiClient'
[2019.09.25-11.42.30:660][  0]LogTemp: Display: Module 'HTML5TargetPlatform' loaded TargetPlatform 'HTML5'
[2019.09.25-11.42.30:677][  0]LogTemp: Display: Module 'IOSTargetPlatform' loaded TargetPlatform 'IOSClient'
[2019.09.25-11.42.30:677][  0]LogTemp: Display: Module 'IOSTargetPlatform' loaded TargetPlatform 'IOS'
[2019.09.25-11.42.30:691][  0]LogTemp: Display: Module 'TVOSTargetPlatform' loaded TargetPlatform 'TVOSClient'
[2019.09.25-11.42.30:691][  0]LogTemp: Display: Module 'TVOSTargetPlatform' loaded TargetPlatform 'TVOS'
[2019.09.25-11.42.30:699][  0]LogTemp: Display: Module 'LinuxClientTargetPlatform' loaded TargetPlatform 'LinuxClient'
[2019.09.25-11.42.30:706][  0]LogTemp: Display: Module 'LinuxNoEditorTargetPlatform' loaded TargetPlatform 'LinuxNoEditor'
[2019.09.25-11.42.30:713][  0]LogTemp: Display: Module 'LinuxServerTargetPlatform' loaded TargetPlatform 'LinuxServer'
[2019.09.25-11.42.30:721][  0]LogTemp: Display: Module 'LinuxTargetPlatform' loaded TargetPlatform 'Linux'
[2019.09.25-11.42.30:744][  0]LogTemp: Display: Module 'LuminTargetPlatform' loaded TargetPlatform 'Lumin'
[2019.09.25-11.42.30:744][  0]LogTemp: Display: Module 'LuminTargetPlatform' loaded TargetPlatform 'LuminClient'
[2019.09.25-11.42.30:744][  0]LogTargetPlatformManager: Display: Building Assets For Windows
[2019.09.25-11.42.30:753][  0]LogAudioDebug: Display: Lib vorbis DLL was dynamically loaded.
[2019.09.25-11.42.30:799][  0]LogShaderCompilers: Guid format shader working directory is 3 characters bigger than the processId version (C:/Users/zacka/Desktop/RPGGame/RPGGame 4.23/Intermediate/Shaders/WorkingDirectory/2152/).
[2019.09.25-11.42.30:799][  0]LogShaderCompilers: Cleaned the shader compiler working directory 'C:/Users/zacka/AppData/Local/Temp/UnrealShaderWorkingDir/F7D264934A71FDA85B9F86B35A63A9B1/'.
[2019.09.25-11.42.30:801][  0]LogXGEController: Cannot use XGE Controller as Incredibuild is not installed on this machine.
[2019.09.25-11.42.30:801][  0]LogShaderCompilers: Cannot use XGE Shader Compiler as Incredibuild is not installed on this machine.
[2019.09.25-11.42.30:801][  0]LogShaderCompilers: Display: Using Local Shader Compiler.
[2019.09.25-11.42.31:359][  0]LogDerivedDataCache: Display: Max Cache Size: 512 MB
[2019.09.25-11.42.31:402][  0]LogDerivedDataCache: Loaded boot cache 0.04s 73MB C:/Users/zacka/AppData/Local/UnrealEngine/4.23/DerivedDataCache/Boot.ddc.
[2019.09.25-11.42.31:402][  0]LogDerivedDataCache: Display: Loaded Boot cache: C:/Users/zacka/AppData/Local/UnrealEngine/4.23/DerivedDataCache/Boot.ddc
[2019.09.25-11.42.31:402][  0]LogDerivedDataCache: FDerivedDataBackendGraph:  Pak pak cache file C:/Users/zacka/Desktop/RPGGame/RPGGame 4.23/DerivedDataCache/DDC.ddp not found, will not use a pak cache.
[2019.09.25-11.42.31:402][  0]LogDerivedDataCache: Unable to find inner node Pak for hierarchical cache Hierarchy.
[2019.09.25-11.42.31:402][  0]LogDerivedDataCache: FDerivedDataBackendGraph:  CompressedPak pak cache file C:/Users/zacka/Desktop/RPGGame/RPGGame 4.23/DerivedDataCache/Compressed.ddp not found, will not use a pak cache.
[2019.09.25-11.42.31:402][  0]LogDerivedDataCache: Unable to find inner node CompressedPak for hierarchical cache Hierarchy.
[2019.09.25-11.42.31:413][  0]LogDerivedDataCache: Display: Pak cache opened for reading ../../../Engine/DerivedDataCache/Compressed.ddp.
[2019.09.25-11.42.31:413][  0]LogDerivedDataCache: FDerivedDataBackendGraph:  EnterprisePak pak cache file ../../../Enterprise/DerivedDataCache/Compressed.ddp not found, will not use a pak cache.
[2019.09.25-11.42.31:413][  0]LogDerivedDataCache: Unable to find inner node EnterprisePak for hierarchical cache Hierarchy.
[2019.09.25-11.42.31:415][  0]LogDerivedDataCache: Using Local data cache path C:/Users/zacka/AppData/Local/UnrealEngine/Common/DerivedDataCache: Writable
[2019.09.25-11.42.31:415][  0]LogDerivedDataCache: Shared data cache path not found in *engine.ini, will not use an Shared cache.
[2019.09.25-11.42.31:415][  0]LogDerivedDataCache: Unable to find inner node Shared for hierarchical cache Hierarchy.
[2019.09.25-11.42.31:435][  0]LogMaterial: Verifying Global Shaders for PCD3D_SM5
[2019.09.25-11.42.31:437][  0]LogSlate: Using FreeType 2.6.0
[2019.09.25-11.42.31:438][  0]LogSlate: SlateFontServices - WITH_FREETYPE: 1, WITH_HARFBUZZ: 1
[2019.09.25-11.42.31:493][  0]LogAssetRegistry: FAssetRegistry took 0.0024 seconds to start up
[2019.09.25-11.42.31:754][  0]LogInit: Selected Device Profile: [Windows]
[2019.09.25-11.42.31:883][  0]LogMeshReduction: Using QuadricMeshReduction for automatic static mesh reduction
[2019.09.25-11.42.31:883][  0]LogMeshReduction: Using SimplygonMeshReduction for automatic skeletal mesh reduction
[2019.09.25-11.42.31:883][  0]LogMeshReduction: Using ProxyLODMeshReduction for automatic mesh merging
[2019.09.25-11.42.31:883][  0]LogMeshReduction: No distributed automatic mesh merging module available
[2019.09.25-11.42.31:883][  0]LogMeshMerging: No distributed automatic mesh merging module available
[2019.09.25-11.42.31:892][  0]LogNetVersion: RPGGame 1.0.0, NetCL: 8386587, EngineNetVer: 11, GameNetVer: 0 (Checksum: 3579892519)
[2019.09.25-11.42.32:290][  0]LogPackageLocalizationCache: Processed 12 localized package path(s) for 1 prioritized culture(s) in 0.044239 seconds
[2019.09.25-11.42.32:298][  0]LogUObjectArray: 43444 objects as part of root set at end of initial load.
[2019.09.25-11.42.32:298][  0]LogUObjectAllocator: 7548648 out of 0 bytes used by permanent object pool.
[2019.09.25-11.42.32:298][  0]LogUObjectArray: CloseDisregardForGC: 0/0 objects in disregard for GC pool
[2019.09.25-11.42.33:134][  0]LogTcpMessaging: Initializing TcpMessaging bridge
[2019.09.25-11.42.33:137][  0]LogUdpMessaging: Initializing bridge on interface 0.0.0.0:0 to multicast group 230.0.0.1:6666.
[2019.09.25-11.42.33:194][  0]SourceControl: Source control is disabled
[2019.09.25-11.42.33:194][  0]SourceControl: Source control is disabled
[2019.09.25-11.42.33:195][  0]SourceControl: Source control is disabled
[2019.09.25-11.42.33:196][  0]SourceControl: Source control is disabled
[2019.09.25-11.42.33:295][  0]LogAndroidPermission: UAndroidPermissionCallbackProxy::GetInstance
[2019.09.25-11.42.33:482][  0]LogOcInput: OculusInput pre-init called
[2019.09.25-11.42.33:489][  0]LogWindows: Failed to load 'OVRPlugin.dll' (GetLastError=126)
[2019.09.25-11.42.33:489][  0]LogWindows: File 'OVRPlugin.dll' does not exist
[2019.09.25-11.42.33:561][  0]LogEngine: Initializing Engine...
[2019.09.25-11.42.33:562][  0]LogHMD: Failed to initialize OpenVR with code 110
[2019.09.25-11.42.33:563][  0]LogStats: UGameplayTagsManager::InitializeManager -  0.000 s
[2019.09.25-11.42.33:767][  0]LogInit: Initializing FReadOnlyCVARCache
[2019.09.25-11.42.33:781][  0]LogAIModule: Creating AISystem for world Untitled
[2019.09.25-11.42.33:854][  0]LogInit: XAudio2 using 'Headset Earphone (HyperX Virtual Surround Sound)' : 2 channels at 48 kHz using 16 bits per sample (channel mask 0x3)
[2019.09.25-11.42.33:872][  0]LogInit: FAudioDevice initialized.
[2019.09.25-11.42.33:873][  0]LogNetVersion: Set ProjectVersion to 1.0.0.0. Version Checksum will be recalculated on next use.
[2019.09.25-11.42.33:924][  0]LogDerivedDataCache: Saved boot cache 0.05s 73MB C:/Users/zacka/AppData/Local/UnrealEngine/4.23/DerivedDataCache/Boot.ddc.
[2019.09.25-11.42.33:927][  0]LogInit: Texture streaming: Enabled
[2019.09.25-11.42.33:947][  0]LogEngineSessionManager: EngineSessionManager initialized
[2019.09.25-11.42.33:992][  0]LogInit: Transaction tracking system initialized
[2019.09.25-11.42.34:024][  0]BlueprintLog: New page: Editor Load
[2019.09.25-11.42.34:103][  0]LocalizationService: Localization service is disabled
[2019.09.25-11.42.34:308][  0]LogCook: Display: Max memory allowance for cook 16384mb min free memory 0mb
[2019.09.25-11.42.34:308][  0]LogCook: Display: Mobile HDR setting 1
[2019.09.25-11.42.34:472][  0]LogFileCache: Scanning file cache for directory 'C:/Users/zacka/Desktop/RPGGame/RPGGame 4.23/Content/' took 0.10s
[2019.09.25-11.42.34:484][  0]SourceControl: Source control is disabled
[2019.09.25-11.42.34:485][  0]Cmd: MAP LOAD FILE="C:/Users/zacka/Desktop/RPGGame/RPGGame 4.23/Content/ThirdPersonBP/Maps/ThirdPersonExampleMap.umap" TEMPLATE=0 SHOWPROGRESS=1 FEATURELEVEL=3
[2019.09.25-11.42.34:486][  0]LightingResults: New page: Lighting Build
[2019.09.25-11.42.34:488][  0]LogWorld: UWorld::CleanupWorld for Untitled, bSessionEnded=true, bCleanupResources=true
[2019.09.25-11.42.34:488][  0]MapCheck: New page: Map Check
[2019.09.25-11.42.34:488][  0]LightingResults: New page: Lighting Build
[2019.09.25-11.42.34:524][  0]LogUObjectHash: Compacting FUObjectHashTables data took   1.54ms
[2019.09.25-11.42.35:078][  0]LogPackageName: Warning: Asset path "FX_Meshes.UI.SM_SelectionMesh_01" is in short form, which is unsupported and -- even if valid -- resolving it will be really slow.
[2019.09.25-11.42.35:078][  0]LogPackageName: Warning: Please consider resaving package in order to speed-up loading.
[2019.09.25-11.42.35:366][  0]LogPackageName: SearchForPackageOnDisk took   0.287s, but failed to resolve FX_Meshes.
[2019.09.25-11.42.35:366][  0]LogPackageName: Warning: Asset path "FX_Meshes.UI.SM_SelectionMesh_01" could not be resolved.
[2019.09.25-11.42.35:755][  0]LogAIModule: Creating AISystem for world ThirdPersonExampleMap
[2019.09.25-11.42.35:875][  0]LogEditorServer: Finished looking for orphan Actors (0.000 secs)
[2019.09.25-11.42.35:915][  0]LogUObjectHash: Compacting FUObjectHashTables data took   2.16ms
[2019.09.25-11.42.35:915][  0]Cmd: MAP CHECKDEP NOCLEARLOG
[2019.09.25-11.42.35:916][  0]MapCheck: Map check complete: 0 Error(s), 0 Warning(s), took 0.226ms to complete.
[2019.09.25-11.42.35:916][  0]LogFileHelpers: Loading map 'ThirdPersonExampleMap' took 1.431
[2019.09.25-11.42.36:267][  0]LogSlate: Updating window title bar state: overlay mode, drag disabled, window buttons hidden, title bar hidden
[2019.09.25-11.42.36:283][  0]LogSlate: Updating window title bar state: overlay mode, drag disabled, window buttons hidden, title bar hidden
[2019.09.25-11.42.36:289][  0]LogSlate: Updating window title bar state: overlay mode, drag disabled, window buttons hidden, title bar hidden
[2019.09.25-11.42.36:296][  0]LogSlate: Updating window title bar state: overlay mode, drag disabled, window buttons hidden, title bar hidden
[2019.09.25-11.42.36:328][  0]LogCollectionManager: Loaded 0 collections in 0.002012 seconds
[2019.09.25-11.42.36:371][  0]LogFileCache: Scanning file cache for directory 'C:/Users/zacka/Desktop/RPGGame/RPGGame 4.23/Saved/Collections/' took 0.00s
[2019.09.25-11.42.36:371][  0]LogFileCache: Scanning file cache for directory 'C:/Users/zacka/Desktop/RPGGame/RPGGame 4.23/Content/Developers/zacka/Collections/' took 0.00s
[2019.09.25-11.42.36:371][  0]LogFileCache: Scanning file cache for directory 'C:/Users/zacka/Desktop/RPGGame/RPGGame 4.23/Content/Collections/' took 0.00s
[2019.09.25-11.42.36:371][  0]LogCollectionManager: Rebuilt the GUID cache for 0 collections in 0.000001 seconds
[2019.09.25-11.42.36:381][  0]LogContentBrowser: Native class hierarchy populated in 0.0087 seconds. Added 2863 classes and 680 folders.
[2019.09.25-11.42.36:388][  0]LogContentBrowser: Native class hierarchy updated for 'WidgetCarousel' in 0.0002 seconds. Added 0 classes and 0 folders.
[2019.09.25-11.42.36:864][  0]LogContentBrowser: Native class hierarchy updated for 'AddContentDialog' in 0.0003 seconds. Added 0 classes and 0 folders.
[2019.09.25-11.42.36:921][  0]LogContentBrowser: Native class hierarchy updated for 'SceneOutliner' in 0.0003 seconds. Added 1 classes and 2 folders.
[2019.09.25-11.42.37:181][  0]LogSlate: Took 0.000258 seconds to synchronously load lazily loaded font '../../../Engine/Content/Slate/Fonts/Roboto-Regular.ttf' (155K)
[2019.09.25-11.42.37:182][  0]LogSlate: Took 0.000148 seconds to synchronously load lazily loaded font '../../../Engine/Content/Slate/Fonts/Roboto-Bold.ttf' (160K)
[2019.09.25-11.42.37:216][  0]LogSlate: Took 0.016007 seconds to synchronously load lazily loaded font '../../../Engine/Content/Editor/Slate/Fonts/FontAwesome.ttf' (139K)
[2019.09.25-11.42.37:447][  0]LogRenderer: Reallocating scene render targets to support 2900x792 Format 10 NumSamples 1 (Frame:1).
[2019.09.25-11.42.37:660][  0]LogContentBrowser: Native class hierarchy updated for 'HierarchicalLODOutliner' in 0.0003 seconds. Added 0 classes and 0 folders.
[2019.09.25-11.42.37:660][  0]LogLoad: (Engine Initialization) Total time: 9.42 seconds
[2019.09.25-11.42.37:660][  0]LogLoad: (Engine Initialization) Total Blueprint compile time: 0.00 seconds
[2019.09.25-11.42.37:714][  0]LogContentStreaming: Texture pool size now 1000 MB
[2019.09.25-11.42.37:860][  2]LogAssetRegistry: Asset discovery search completed in 6.3676 seconds
[2019.09.25-11.42.37:863][  2]LogCollectionManager: Rebuilt the object cache for 0 collections in 0.000004 seconds (found 0 objects)
[2019.09.25-11.42.37:863][  2]LogCollectionManager: Fixed up redirectors for 0 collections in 0.000059 seconds (updated 0 objects)
[2019.09.25-11.52.37:788][357]LogHttp: Warning: 000001982DAA74C0: invalid HTTP response code received. URL: https://datarouter.ol.epicgames.com/datarouter/api/v1/public/data?SessionID=%7B7E6E72C0-4948-89C1-F595-31A8A28F7932%7D&AppID=UEEditor.Rocket.Release&AppVersion=4.23.0-8386587%2B%2B%2BUE4%2BRelease-4.23&UserID=6e5cde954b3d281bbec372ac3482018d%7Cd0db6071d39f4b9281dcd45f00ceeda7%7C9dbebf9c-1400-4ab0-b483-d66783a60b8b&AppEnvironment=datacollector-binary&UploadType=eteventstream, HTTP code: 0, content length: -1, actual payload size: 0
[2019.09.25-11.52.37:788][357]LogHttp: Warning: 000001982DAA74C0: request failed, libcurl error: 0 (No error)
[2019.09.25-11.52.37:788][357]LogHttp: Warning: 000001982DAA74C0: libcurl info message cache 0 (Found bundle for host datarouter.ol.epicgames.com: 0x1986565ff70 [can pipeline])
[2019.09.25-11.52.37:788][357]LogHttp: Warning: 000001982DAA74C0: libcurl info message cache 1 (Re-using existing connection! (#3) with host datarouter.ol.epicgames.com)
[2019.09.25-11.52.37:788][357]LogHttp: Warning: 000001982DAA74C0: libcurl info message cache 2 (Connected to datarouter.ol.epicgames.com (52.1.90.14) port 443 (#3))
[2019.09.25-11.52.37:788][357]LogHttp: Warning: 000001982DAA74C0: libcurl info message cache 3 (We are completely uploaded and fine)
[2019.09.25-11.52.37:788][357]LogHttp: Warning: 000001982DAA74C0: libcurl info message cache 4 (TLSv1.2 (IN), TLS alert, Client hello (1):)
[2019.09.25-11.52.37:788][357]LogHttp: Warning: 000001982DAA74C0: libcurl info message cache 5 (Connection died, retrying a fresh connect)
[2019.09.25-11.52.37:788][357]LogHttp: Warning: 000001982DAA74C0: libcurl info message cache 6 (necessary data rewind wasn't possible)
[2019.09.25-11.52.37:788][357]LogHttp: Warning: 000001982DAA74C0: libcurl info message cache 7 (Closing connection 3)
[2019.09.25-11.52.37:789][357]LogHttp: Warning: 000001982DAA74C0: libcurl info message cache 8 (TLSv1.2 (OUT), TLS alert, Client hello (1):)
[2019.09.25-11.52.38:122][358]LogHttp: Warning: Retry exhausted on https://datarouter.ol.epicgames.com/datarouter/api/v1/public/data?SessionID=%7B7E6E72C0-4948-89C1-F595-31A8A28F7932%7D&AppID=UEEditor.Rocket.Release&AppVersion=4.23.0-8386587%2B%2B%2BUE4%2BRelease-4.23&UserID=6e5cde954b3d281bbec372ac3482018d%7Cd0db6071d39f4b9281dcd45f00ceeda7%7C9dbebf9c-1400-4ab0-b483-d66783a60b8b&AppEnvironment=datacollector-binary&UploadType=eteventstream
[2019.09.25-11.58.37:883][437]LogHttp: Warning: 000001982DAA7380: invalid HTTP response code received. URL: https://datarouter.ol.epicgames.com/datarouter/api/v1/public/data?SessionID=%7B7E6E72C0-4948-89C1-F595-31A8A28F7932%7D&AppID=UEEditor.Rocket.Release&AppVersion=4.23.0-8386587%2B%2B%2BUE4%2BRelease-4.23&UserID=6e5cde954b3d281bbec372ac3482018d%7Cd0db6071d39f4b9281dcd45f00ceeda7%7C9dbebf9c-1400-4ab0-b483-d66783a60b8b&AppEnvironment=datacollector-binary&UploadType=eteventstream, HTTP code: 0, content length: -1, actual payload size: 0
[2019.09.25-11.58.37:883][437]LogHttp: Warning: 000001982DAA7380: request failed, libcurl error: 0 (No error)
[2019.09.25-11.58.37:883][437]LogHttp: Warning: 000001982DAA7380: libcurl info message cache 0 (Found bundle for host datarouter.ol.epicgames.com: 0x1986565ff70 [can pipeline])
[2019.09.25-11.58.37:883][437]LogHttp: Warning: 000001982DAA7380: libcurl info message cache 1 (Re-using existing connection! (#5) with host datarouter.ol.epicgames.com)
[2019.09.25-11.58.37:883][437]LogHttp: Warning: 000001982DAA7380: libcurl info message cache 2 (Connected to datarouter.ol.epicgames.com (52.200.123.101) port 443 (#5))
[2019.09.25-11.58.37:883][437]LogHttp: Warning: 000001982DAA7380: libcurl info message cache 3 (We are completely uploaded and fine)
[2019.09.25-11.58.37:883][437]LogHttp: Warning: 000001982DAA7380: libcurl info message cache 4 (TLSv1.2 (IN), TLS alert, Client hello (1):)
[2019.09.25-11.58.37:883][437]LogHttp: Warning: 000001982DAA7380: libcurl info message cache 5 (Connection died, retrying a fresh connect)
[2019.09.25-11.58.37:883][437]LogHttp: Warning: 000001982DAA7380: libcurl info message cache 6 (necessary data rewind wasn't possible)
[2019.09.25-11.58.37:883][437]LogHttp: Warning: 000001982DAA7380: libcurl info message cache 7 (Closing connection 5)
[2019.09.25-11.58.37:883][437]LogHttp: Warning: 000001982DAA7380: libcurl info message cache 8 (TLSv1.2 (OUT), TLS alert, Client hello (1):)
[2019.09.25-11.58.38:216][438]LogHttp: Warning: Retry exhausted on https://datarouter.ol.epicgames.com/datarouter/api/v1/public/data?SessionID=%7B7E6E72C0-4948-89C1-F595-31A8A28F7932%7D&AppID=UEEditor.Rocket.Release&AppVersion=4.23.0-8386587%2B%2B%2BUE4%2BRelease-4.23&UserID=6e5cde954b3d281bbec372ac3482018d%7Cd0db6071d39f4b9281dcd45f00ceeda7%7C9dbebf9c-1400-4ab0-b483-d66783a60b8b&AppEnvironment=datacollector-binary&UploadType=eteventstream
[2019.09.25-12.04.38:026][517]LogHttp: Warning: 000001982DAA7240: invalid HTTP response code received. URL: https://datarouter.ol.epicgames.com/datarouter/api/v1/public/data?SessionID=%7B7E6E72C0-4948-89C1-F595-31A8A28F7932%7D&AppID=UEEditor.Rocket.Release&AppVersion=4.23.0-8386587%2B%2B%2BUE4%2BRelease-4.23&UserID=6e5cde954b3d281bbec372ac3482018d%7Cd0db6071d39f4b9281dcd45f00ceeda7%7C9dbebf9c-1400-4ab0-b483-d66783a60b8b&AppEnvironment=datacollector-binary&UploadType=eteventstream, HTTP code: 0, content length: -1, actual payload size: 0
[2019.09.25-12.04.38:026][517]LogHttp: Warning: 000001982DAA7240: request failed, libcurl error: 0 (No error)
[2019.09.25-12.04.38:026][517]LogHttp: Warning: 000001982DAA7240: libcurl info message cache 0 (Found bundle for host datarouter.ol.epicgames.com: 0x1986565ff70 [can pipeline])
[2019.09.25-12.04.38:026][517]LogHttp: Warning: 000001982DAA7240: libcurl info message cache 1 (Re-using existing connection! (#7) with host datarouter.ol.epicgames.com)
[2019.09.25-12.04.38:026][517]LogHttp: Warning: 000001982DAA7240: libcurl info message cache 2 (Connected to datarouter.ol.epicgames.com (54.209.62.2) port 443 (#7))
[2019.09.25-12.04.38:026][517]LogHttp: Warning: 000001982DAA7240: libcurl info message cache 3 (We are completely uploaded and fine)
[2019.09.25-12.04.38:026][517]LogHttp: Warning: 000001982DAA7240: libcurl info message cache 4 (TLSv1.2 (IN), TLS alert, Client hello (1):)
[2019.09.25-12.04.38:026][517]LogHttp: Warning: 000001982DAA7240: libcurl info message cache 5 (Connection died, retrying a fresh connect)
[2019.09.25-12.04.38:026][517]LogHttp: Warning: 000001982DAA7240: libcurl info message cache 6 (necessary data rewind wasn't possible)
[2019.09.25-12.04.38:026][517]LogHttp: Warning: 000001982DAA7240: libcurl info message cache 7 (Closing connection 7)
[2019.09.25-12.04.38:026][517]LogHttp: Warning: 000001982DAA7240: libcurl info message cache 8 (TLSv1.2 (OUT), TLS alert, Client hello (1):)
[2019.09.25-12.04.38:359][518]LogHttp: Warning: Retry exhausted on https://datarouter.ol.epicgames.com/datarouter/api/v1/public/data?SessionID=%7B7E6E72C0-4948-89C1-F595-31A8A28F7932%7D&AppID=UEEditor.Rocket.Release&AppVersion=4.23.0-8386587%2B%2B%2BUE4%2BRelease-4.23&UserID=6e5cde954b3d281bbec372ac3482018d%7Cd0db6071d39f4b9281dcd45f00ceeda7%7C9dbebf9c-1400-4ab0-b483-d66783a60b8b&AppEnvironment=datacollector-binary&UploadType=eteventstream
[2019.09.25-12.10.37:860][596]LogHttp: Warning: 0000019812945800: invalid HTTP response code received. URL: https://datarouter.ol.epicgames.com/datarouter/api/v1/public/data?SessionID=%7B7E6E72C0-4948-89C1-F595-31A8A28F7932%7D&AppID=UEEditor.Rocket.Release&AppVersion=4.23.0-8386587%2B%2B%2BUE4%2BRelease-4.23&UserID=6e5cde954b3d281bbec372ac3482018d%7Cd0db6071d39f4b9281dcd45f00ceeda7%7C9dbebf9c-1400-4ab0-b483-d66783a60b8b&AppEnvironment=datacollector-binary&UploadType=eteventstream, HTTP code: 0, content length: -1, actual payload size: 0
[2019.09.25-12.10.37:860][596]LogHttp: Warning: 0000019812945800: request failed, libcurl error: 0 (No error)
[2019.09.25-12.10.37:860][596]LogHttp: Warning: 0000019812945800: libcurl info message cache 0 (Found bundle for host datarouter.ol.epicgames.com: 0x1986565ff70 [can pipeline])
[2019.09.25-12.10.37:860][596]LogHttp: Warning: 0000019812945800: libcurl info message cache 1 (Re-using existing connection! (#9) with host datarouter.ol.epicgames.com)
[2019.09.25-12.10.37:860][596]LogHttp: Warning: 0000019812945800: libcurl info message cache 2 (Connected to datarouter.ol.epicgames.com (52.1.97.25) port 443 (#9))
[2019.09.25-12.10.37:860][596]LogHttp: Warning: 0000019812945800: libcurl info message cache 3 (We are completely uploaded and fine)
[2019.09.25-12.10.37:860][596]LogHttp: Warning: 0000019812945800: libcurl info message cache 4 (TLSv1.2 (IN), TLS alert, Client hello (1):)
[2019.09.25-12.10.37:860][596]LogHttp: Warning: 0000019812945800: libcurl info message cache 5 (Connection died, retrying a fresh connect)
[2019.09.25-12.10.37:860][596]LogHttp: Warning: 0000019812945800: libcurl info message cache 6 (necessary data rewind wasn't possible)
[2019.09.25-12.10.37:860][596]LogHttp: Warning: 0000019812945800: libcurl info message cache 7 (Closing connection 9)
[2019.09.25-12.10.37:860][596]LogHttp: Warning: 0000019812945800: libcurl info message cache 8 (TLSv1.2 (OUT), TLS alert, Client hello (1):)
[2019.09.25-12.10.37:860][596]LogHttp: Warning: Retry exhausted on https://datarouter.ol.epicgames.com/datarouter/api/v1/public/data?SessionID=%7B7E6E72C0-4948-89C1-F595-31A8A28F7932%7D&AppID=UEEditor.Rocket.Release&AppVersion=4.23.0-8386587%2B%2B%2BUE4%2BRelease-4.23&UserID=6e5cde954b3d281bbec372ac3482018d%7Cd0db6071d39f4b9281dcd45f00ceeda7%7C9dbebf9c-1400-4ab0-b483-d66783a60b8b&AppEnvironment=datacollector-binary&UploadType=eteventstream
[2019.09.25-12.19.37:824][215]LogHttp: Warning: 00000198129442C0: invalid HTTP response code received. URL: https://datarouter.ol.epicgames.com/datarouter/api/v1/public/data?SessionID=%7B7E6E72C0-4948-89C1-F595-31A8A28F7932%7D&AppID=UEEditor.Rocket.Release&AppVersion=4.23.0-8386587%2B%2B%2BUE4%2BRelease-4.23&UserID=6e5cde954b3d281bbec372ac3482018d%7Cd0db6071d39f4b9281dcd45f00ceeda7%7C9dbebf9c-1400-4ab0-b483-d66783a60b8b&AppEnvironment=datacollector-binary&UploadType=eteventstream, HTTP code: 0, content length: -1, actual payload size: 0
[2019.09.25-12.19.37:824][215]LogHttp: Warning: 00000198129442C0: request failed, libcurl error: 0 (No error)
[2019.09.25-12.19.37:824][215]LogHttp: Warning: 00000198129442C0: libcurl info message cache 0 (Found bundle for host datarouter.ol.epicgames.com: 0x1986565ff70 [can pipeline])
[2019.09.25-12.19.37:824][215]LogHttp: Warning: 00000198129442C0: libcurl info message cache 1 (Re-using existing connection! (#12) with host datarouter.ol.epicgames.com)
[2019.09.25-12.19.37:824][215]LogHttp: Warning: 00000198129442C0: libcurl info message cache 2 (Connected to datarouter.ol.epicgames.com (52.1.90.14) port 443 (#12))
[2019.09.25-12.19.37:824][215]LogHttp: Warning: 00000198129442C0: libcurl info message cache 3 (We are completely uploaded and fine)
[2019.09.25-12.19.37:824][215]LogHttp: Warning: 00000198129442C0: libcurl info message cache 4 (TLSv1.2 (IN), TLS alert, Client hello (1):)
[2019.09.25-12.19.37:824][215]LogHttp: Warning: 00000198129442C0: libcurl info message cache 5 (Connection died, retrying a fresh connect)
[2019.09.25-12.19.37:824][215]LogHttp: Warning: 00000198129442C0: libcurl info message cache 6 (necessary data rewind wasn't possible)
[2019.09.25-12.19.37:824][215]LogHttp: Warning: 00000198129442C0: libcurl info message cache 7 (Closing connection 12)
[2019.09.25-12.19.37:824][215]LogHttp: Warning: 00000198129442C0: libcurl info message cache 8 (TLSv1.2 (OUT), TLS alert, Client hello (1):)
[2019.09.25-12.19.38:157][216]LogHttp: Warning: Retry exhausted on https://datarouter.ol.epicgames.com/datarouter/api/v1/public/data?SessionID=%7B7E6E72C0-4948-89C1-F595-31A8A28F7932%7D&AppID=UEEditor.Rocket.Release&AppVersion=4.23.0-8386587%2B%2B%2BUE4%2BRelease-4.23&UserID=6e5cde954b3d281bbec372ac3482018d%7Cd0db6071d39f4b9281dcd45f00ceeda7%7C9dbebf9c-1400-4ab0-b483-d66783a60b8b&AppEnvironment=datacollector-binary&UploadType=eteventstream
[2019.09.25-12.25.38:008][295]LogHttp: Warning: 0000019812945BC0: invalid HTTP response code received. URL: https://datarouter.ol.epicgames.com/datarouter/api/v1/public/data?SessionID=%7B7E6E72C0-4948-89C1-F595-31A8A28F7932%7D&AppID=UEEditor.Rocket.Release&AppVersion=4.23.0-8386587%2B%2B%2BUE4%2BRelease-4.23&UserID=6e5cde954b3d281bbec372ac3482018d%7Cd0db6071d39f4b9281dcd45f00ceeda7%7C9dbebf9c-1400-4ab0-b483-d66783a60b8b&AppEnvironment=datacollector-binary&UploadType=eteventstream, HTTP code: 0, content length: -1, actual payload size: 0
[2019.09.25-12.25.38:008][295]LogHttp: Warning: 0000019812945BC0: request failed, libcurl error: 0 (No error)
[2019.09.25-12.25.38:008][295]LogHttp: Warning: 0000019812945BC0: libcurl info message cache 0 (Found bundle for host datarouter.ol.epicgames.com: 0x1986565ff70 [can pipeline])
[2019.09.25-12.25.38:008][295]LogHttp: Warning: 0000019812945BC0: libcurl info message cache 1 (Re-using existing connection! (#14) with host datarouter.ol.epicgames.com)
[2019.09.25-12.25.38:008][295]LogHttp: Warning: 0000019812945BC0: libcurl info message cache 2 (Connected to datarouter.ol.epicgames.com (52.55.229.147) port 443 (#14))
[2019.09.25-12.25.38:008][295]LogHttp: Warning: 0000019812945BC0: libcurl info message cache 3 (We are completely uploaded and fine)
[2019.09.25-12.25.38:008][295]LogHttp: Warning: 0000019812945BC0: libcurl info message cache 4 (TLSv1.2 (IN), TLS alert, Client hello (1):)
[2019.09.25-12.25.38:008][295]LogHttp: Warning: 0000019812945BC0: libcurl info message cache 5 (Connection died, retrying a fresh connect)
[2019.09.25-12.25.38:008][295]LogHttp: Warning: 0000019812945BC0: libcurl info message cache 6 (necessary data rewind wasn't possible)
[2019.09.25-12.25.38:008][295]LogHttp: Warning: 0000019812945BC0: libcurl info message cache 7 (Closing connection 14)
[2019.09.25-12.25.38:008][295]LogHttp: Warning: 0000019812945BC0: libcurl info message cache 8 (TLSv1.2 (OUT), TLS alert, Client hello (1):)
[2019.09.25-12.25.38:341][296]LogHttp: Warning: Retry exhausted on https://datarouter.ol.epicgames.com/datarouter/api/v1/public/data?SessionID=%7B7E6E72C0-4948-89C1-F595-31A8A28F7932%7D&AppID=UEEditor.Rocket.Release&AppVersion=4.23.0-8386587%2B%2B%2BUE4%2BRelease-4.23&UserID=6e5cde954b3d281bbec372ac3482018d%7Cd0db6071d39f4b9281dcd45f00ceeda7%7C9dbebf9c-1400-4ab0-b483-d66783a60b8b&AppEnvironment=datacollector-binary&UploadType=eteventstream
[2019.09.25-12.31.37:867][374]LogHttp: Warning: 0000019812945800: invalid HTTP response code received. URL: https://datarouter.ol.epicgames.com/datarouter/api/v1/public/data?SessionID=%7B7E6E72C0-4948-89C1-F595-31A8A28F7932%7D&AppID=UEEditor.Rocket.Release&AppVersion=4.23.0-8386587%2B%2B%2BUE4%2BRelease-4.23&UserID=6e5cde954b3d281bbec372ac3482018d%7Cd0db6071d39f4b9281dcd45f00ceeda7%7C9dbebf9c-1400-4ab0-b483-d66783a60b8b&AppEnvironment=datacollector-binary&UploadType=eteventstream, HTTP code: 0, content length: -1, actual payload size: 0
[2019.09.25-12.31.37:867][374]LogHttp: Warning: 0000019812945800: request failed, libcurl error: 0 (No error)
[2019.09.25-12.31.37:867][374]LogHttp: Warning: 0000019812945800: libcurl info message cache 0 (Found bundle for host datarouter.ol.epicgames.com: 0x1986565ff70 [can pipeline])
[2019.09.25-12.31.37:867][374]LogHttp: Warning: 0000019812945800: libcurl info message cache 1 (Re-using existing connection! (#16) with host datarouter.ol.epicgames.com)
[2019.09.25-12.31.37:867][374]LogHttp: Warning: 0000019812945800: libcurl info message cache 2 (Connected to datarouter.ol.epicgames.com (34.195.0.70) port 443 (#16))
[2019.09.25-12.31.37:867][374]LogHttp: Warning: 0000019812945800: libcurl info message cache 3 (We are completely uploaded and fine)
[2019.09.25-12.31.37:867][374]LogHttp: Warning: 0000019812945800: libcurl info message cache 4 (TLSv1.2 (IN), TLS alert, Client hello (1):)
[2019.09.25-12.31.37:867][374]LogHttp: Warning: 0000019812945800: libcurl info message cache 5 (Connection died, retrying a fresh connect)
[2019.09.25-12.31.37:867][374]LogHttp: Warning: 0000019812945800: libcurl info message cache 6 (necessary data rewind wasn't possible)
[2019.09.25-12.31.37:867][374]LogHttp: Warning: 0000019812945800: libcurl info message cache 7 (Closing connection 16)
[2019.09.25-12.31.37:867][374]LogHttp: Warning: 0000019812945800: libcurl info message cache 8 (TLSv1.2 (OUT), TLS alert, Client hello (1):)
[2019.09.25-12.31.37:867][374]LogHttp: Warning: Retry exhausted on https://datarouter.ol.epicgames.com/datarouter/api/v1/public/data?SessionID=%7B7E6E72C0-4948-89C1-F595-31A8A28F7932%7D&AppID=UEEditor.Rocket.Release&AppVersion=4.23.0-8386587%2B%2B%2BUE4%2BRelease-4.23&UserID=6e5cde954b3d281bbec372ac3482018d%7Cd0db6071d39f4b9281dcd45f00ceeda7%7C9dbebf9c-1400-4ab0-b483-d66783a60b8b&AppEnvironment=datacollector-binary&UploadType=eteventstream
[2019.09.25-12.37.38:007][454]LogHttp: Warning: 0000019812945940: invalid HTTP response code received. URL: https://datarouter.ol.epicgames.com/datarouter/api/v1/public/data?SessionID=%7B7E6E72C0-4948-89C1-F595-31A8A28F7932%7D&AppID=UEEditor.Rocket.Release&AppVersion=4.23.0-8386587%2B%2B%2BUE4%2BRelease-4.23&UserID=6e5cde954b3d281bbec372ac3482018d%7Cd0db6071d39f4b9281dcd45f00ceeda7%7C9dbebf9c-1400-4ab0-b483-d66783a60b8b&AppEnvironment=datacollector-binary&UploadType=eteventstream, HTTP code: 0, content length: -1, actual payload size: 0
[2019.09.25-12.37.38:007][454]LogHttp: Warning: 0000019812945940: request failed, libcurl error: 0 (No error)
[2019.09.25-12.37.38:007][454]LogHttp: Warning: 0000019812945940: libcurl info message cache 0 (Found bundle for host datarouter.ol.epicgames.com: 0x1986565ff70 [can pipeline])
[2019.09.25-12.37.38:007][454]LogHttp: Warning: 0000019812945940: libcurl info message cache 1 (Re-using existing connection! (#18) with host datarouter.ol.epicgames.com)
[2019.09.25-12.37.38:007][454]LogHttp: Warning: 0000019812945940: libcurl info message cache 2 (Connected to datarouter.ol.epicgames.com (52.22.91.178) port 443 (#18))
[2019.09.25-12.37.38:007][454]LogHttp: Warning: 0000019812945940: libcurl info message cache 3 (We are completely uploaded and fine)
[2019.09.25-12.37.38:007][454]LogHttp: Warning: 0000019812945940: libcurl info message cache 4 (TLSv1.2 (IN), TLS alert, Client hello (1):)
[2019.09.25-12.37.38:007][454]LogHttp: Warning: 0000019812945940: libcurl info message cache 5 (Connection died, retrying a fresh connect)
[2019.09.25-12.37.38:007][454]LogHttp: Warning: 0000019812945940: libcurl info message cache 6 (necessary data rewind wasn't possible)
[2019.09.25-12.37.38:007][454]LogHttp: Warning: 0000019812945940: libcurl info message cache 7 (Closing connection 18)
[2019.09.25-12.37.38:007][454]LogHttp: Warning: 0000019812945940: libcurl info message cache 8 (TLSv1.2 (OUT), TLS alert, Client hello (1):)
[2019.09.25-12.37.38:007][454]LogHttp: Warning: Retry exhausted on https://datarouter.ol.epicgames.com/datarouter/api/v1/public/data?SessionID=%7B7E6E72C0-4948-89C1-F595-31A8A28F7932%7D&AppID=UEEditor.Rocket.Release&AppVersion=4.23.0-8386587%2B%2B%2BUE4%2BRelease-4.23&UserID=6e5cde954b3d281bbec372ac3482018d%7Cd0db6071d39f4b9281dcd45f00ceeda7%7C9dbebf9c-1400-4ab0-b483-d66783a60b8b&AppEnvironment=datacollector-binary&UploadType=eteventstream
[2019.09.25-12.40.58:718][ 55]LogSlate: FSceneViewport::OnFocusLost() reason 0
[2019.09.25-12.45.37:925][892]LogHttp: Warning: 0000019812947100: invalid HTTP response code received. URL: https://datarouter.ol.epicgames.com/datarouter/api/v1/public/data?SessionID=%7B7E6E72C0-4948-89C1-F595-31A8A28F7932%7D&AppID=UEEditor.Rocket.Release&AppVersion=4.23.0-8386587%2B%2B%2BUE4%2BRelease-4.23&UserID=6e5cde954b3d281bbec372ac3482018d%7Cd0db6071d39f4b9281dcd45f00ceeda7%7C9dbebf9c-1400-4ab0-b483-d66783a60b8b&AppEnvironment=datacollector-binary&UploadType=eteventstream, HTTP code: 0, content length: -1, actual payload size: 0
[2019.09.25-12.45.37:925][892]LogHttp: Warning: 0000019812947100: request failed, libcurl error: 0 (No error)
[2019.09.25-12.45.37:925][892]LogHttp: Warning: 0000019812947100: libcurl info message cache 0 (Found bundle for host datarouter.ol.epicgames.com: 0x1986565ff70 [can pipeline])
[2019.09.25-12.45.37:925][892]LogHttp: Warning: 0000019812947100: libcurl info message cache 1 (Re-using existing connection! (#21) with host datarouter.ol.epicgames.com)
[2019.09.25-12.45.37:925][892]LogHttp: Warning: 0000019812947100: libcurl info message cache 2 (Connected to datarouter.ol.epicgames.com (54.173.205.129) port 443 (#21))
[2019.09.25-12.45.37:925][892]LogHttp: Warning: 0000019812947100: libcurl info message cache 3 (We are completely uploaded and fine)
[2019.09.25-12.45.37:925][892]LogHttp: Warning: 0000019812947100: libcurl info message cache 4 (TLSv1.2 (IN), TLS alert, Client hello (1):)
[2019.09.25-12.45.37:925][892]LogHttp: Warning: 0000019812947100: libcurl info message cache 5 (Connection died, retrying a fresh connect)
[2019.09.25-12.45.37:925][892]LogHttp: Warning: 0000019812947100: libcurl info message cache 6 (necessary data rewind wasn't possible)
[2019.09.25-12.45.37:925][892]LogHttp: Warning: 0000019812947100: libcurl info message cache 7 (Closing connection 21)
[2019.09.25-12.45.37:925][892]LogHttp: Warning: 0000019812947100: libcurl info message cache 8 (TLSv1.2 (OUT), TLS alert, Client hello (1):)
[2019.09.25-12.45.37:925][892]LogHttp: Warning: Retry exhausted on https://datarouter.ol.epicgames.com/datarouter/api/v1/public/data?SessionID=%7B7E6E72C0-4948-89C1-F595-31A8A28F7932%7D&AppID=UEEditor.Rocket.Release&AppVersion=4.23.0-8386587%2B%2B%2BUE4%2BRelease-4.23&UserID=6e5cde954b3d281bbec372ac3482018d%7Cd0db6071d39f4b9281dcd45f00ceeda7%7C9dbebf9c-1400-4ab0-b483-d66783a60b8b&AppEnvironment=datacollector-binary&UploadType=eteventstream
[2019.09.25-12.51.37:999][971]LogHttp: Warning: 0000019812944B80: invalid HTTP response code received. URL: https://datarouter.ol.epicgames.com/datarouter/api/v1/public/data?SessionID=%7B7E6E72C0-4948-89C1-F595-31A8A28F7932%7D&AppID=UEEditor.Rocket.Release&AppVersion=4.23.0-8386587%2B%2B%2BUE4%2BRelease-4.23&UserID=6e5cde954b3d281bbec372ac3482018d%7Cd0db6071d39f4b9281dcd45f00ceeda7%7C9dbebf9c-1400-4ab0-b483-d66783a60b8b&AppEnvironment=datacollector-binary&UploadType=eteventstream, HTTP code: 0, content length: -1, actual payload size: 0
[2019.09.25-12.51.37:999][971]LogHttp: Warning: 0000019812944B80: request failed, libcurl error: 0 (No error)
[2019.09.25-12.51.37:999][971]LogHttp: Warning: 0000019812944B80: libcurl info message cache 0 (Found bundle for host datarouter.ol.epicgames.com: 0x1986565ff70 [can pipeline])
[2019.09.25-12.51.37:999][971]LogHttp: Warning: 0000019812944B80: libcurl info message cache 1 (Re-using existing connection! (#23) with host datarouter.ol.epicgames.com)
[2019.09.25-12.51.37:999][971]LogHttp: Warning: 0000019812944B80: libcurl info message cache 2 (Connected to datarouter.ol.epicgames.com (52.21.4.215) port 443 (#23))
[2019.09.25-12.51.37:999][971]LogHttp: Warning: 0000019812944B80: libcurl info message cache 3 (We are completely uploaded and fine)
[2019.09.25-12.51.37:999][971]LogHttp: Warning: 0000019812944B80: libcurl info message cache 4 (TLSv1.2 (IN), TLS alert, Client hello (1):)
[2019.09.25-12.51.37:999][971]LogHttp: Warning: 0000019812944B80: libcurl info message cache 5 (Connection died, retrying a fresh connect)
[2019.09.25-12.51.37:999][971]LogHttp: Warning: 0000019812944B80: libcurl info message cache 6 (necessary data rewind wasn't possible)
[2019.09.25-12.51.37:999][971]LogHttp: Warning: 0000019812944B80: libcurl info message cache 7 (Closing connection 23)
[2019.09.25-12.51.37:999][971]LogHttp: Warning: 0000019812944B80: libcurl info message cache 8 (TLSv1.2 (OUT), TLS alert, Client hello (1):)
[2019.09.25-12.51.38:333][972]LogHttp: Warning: Retry exhausted on https://datarouter.ol.epicgames.com/datarouter/api/v1/public/data?SessionID=%7B7E6E72C0-4948-89C1-F595-31A8A28F7932%7D&AppID=UEEditor.Rocket.Release&AppVersion=4.23.0-8386587%2B%2B%2BUE4%2BRelease-4.23&UserID=6e5cde954b3d281bbec372ac3482018d%7Cd0db6071d39f4b9281dcd45f00ceeda7%7C9dbebf9c-1400-4ab0-b483-d66783a60b8b&AppEnvironment=datacollector-binary&UploadType=eteventstream
[2019.09.25-12.57.37:962][ 49]LogHttp: Warning: 0000019812947100: invalid HTTP response code received. URL: https://datarouter.ol.epicgames.com/datarouter/api/v1/public/data?SessionID=%7B7E6E72C0-4948-89C1-F595-31A8A28F7932%7D&AppID=UEEditor.Rocket.Release&AppVersion=4.23.0-8386587%2B%2B%2BUE4%2BRelease-4.23&UserID=6e5cde954b3d281bbec372ac3482018d%7Cd0db6071d39f4b9281dcd45f00ceeda7%7C9dbebf9c-1400-4ab0-b483-d66783a60b8b&AppEnvironment=datacollector-binary&UploadType=eteventstream, HTTP code: 0, content length: -1, actual payload size: 0
[2019.09.25-12.57.37:962][ 49]LogHttp: Warning: 0000019812947100: request failed, libcurl error: 0 (No error)
[2019.09.25-12.57.37:962][ 49]LogHttp: Warning: 0000019812947100: libcurl info message cache 0 (Found bundle for host datarouter.ol.epicgames.com: 0x1986565ff70 [can pipeline])
[2019.09.25-12.57.37:962][ 49]LogHttp: Warning: 0000019812947100: libcurl info message cache 1 (Re-using existing connection! (#25) with host datarouter.ol.epicgames.com)
[2019.09.25-12.57.37:962][ 49]LogHttp: Warning: 0000019812947100: libcurl info message cache 2 (Connected to datarouter.ol.epicgames.com (52.203.204.201) port 443 (#25))
[2019.09.25-12.57.37:962][ 49]LogHttp: Warning: 0000019812947100: libcurl info message cache 3 (We are completely uploaded and fine)
[2019.09.25-12.57.37:962][ 49]LogHttp: Warning: 0000019812947100: libcurl info message cache 4 (TLSv1.2 (IN), TLS alert, Client hello (1):)
[2019.09.25-12.57.37:962][ 49]LogHttp: Warning: 0000019812947100: libcurl info message cache 5 (Connection died, retrying a fresh connect)
[2019.09.25-12.57.37:962][ 49]LogHttp: Warning: 0000019812947100: libcurl info message cache 6 (necessary data rewind wasn't possible)
[2019.09.25-12.57.37:962][ 49]LogHttp: Warning: 0000019812947100: libcurl info message cache 7 (Closing connection 25)
[2019.09.25-12.57.37:962][ 49]LogHttp: Warning: 0000019812947100: libcurl info message cache 8 (TLSv1.2 (OUT), TLS alert, Client hello (1):)
[2019.09.25-12.57.38:295][ 50]LogHttp: Warning: Retry exhausted on https://datarouter.ol.epicgames.com/datarouter/api/v1/public/data?SessionID=%7B7E6E72C0-4948-89C1-F595-31A8A28F7932%7D&AppID=UEEditor.Rocket.Release&AppVersion=4.23.0-8386587%2B%2B%2BUE4%2BRelease-4.23&UserID=6e5cde954b3d281bbec372ac3482018d%7Cd0db6071d39f4b9281dcd45f00ceeda7%7C9dbebf9c-1400-4ab0-b483-d66783a60b8b&AppEnvironment=datacollector-binary&UploadType=eteventstream
[2019.09.25-13.03.37:900][128]LogHttp: Warning: 0000019812945BC0: invalid HTTP response code received. URL: https://datarouter.ol.epicgames.com/datarouter/api/v1/public/data?SessionID=%7B7E6E72C0-4948-89C1-F595-31A8A28F7932%7D&AppID=UEEditor.Rocket.Release&AppVersion=4.23.0-8386587%2B%2B%2BUE4%2BRelease-4.23&UserID=6e5cde954b3d281bbec372ac3482018d%7Cd0db6071d39f4b9281dcd45f00ceeda7%7C9dbebf9c-1400-4ab0-b483-d66783a60b8b&AppEnvironment=datacollector-binary&UploadType=eteventstream, HTTP code: 0, content length: -1, actual payload size: 0
[2019.09.25-13.03.37:900][128]LogHttp: Warning: 0000019812945BC0: request failed, libcurl error: 0 (No error)
[2019.09.25-13.03.37:900][128]LogHttp: Warning: 0000019812945BC0: libcurl info message cache 0 (Found bundle for host datarouter.ol.epicgames.com: 0x1986565ff70 [can pipeline])
[2019.09.25-13.03.37:900][128]LogHttp: Warning: 0000019812945BC0: libcurl info message cache 1 (Re-using existing connection! (#27) with host datarouter.ol.epicgames.com)
[2019.09.25-13.03.37:900][128]LogHttp: Warning: 0000019812945BC0: libcurl info message cache 2 (Connected to datarouter.ol.epicgames.com (107.21.2.137) port 443 (#27))
[2019.09.25-13.03.37:900][128]LogHttp: Warning: 0000019812945BC0: libcurl info message cache 3 (We are completely uploaded and fine)
[2019.09.25-13.03.37:900][128]LogHttp: Warning: 0000019812945BC0: libcurl info message cache 4 (TLSv1.2 (IN), TLS alert, Client hello (1):)
[2019.09.25-13.03.37:900][128]LogHttp: Warning: 0000019812945BC0: libcurl info message cache 5 (Connection died, retrying a fresh connect)
[2019.09.25-13.03.37:900][128]LogHttp: Warning: 0000019812945BC0: libcurl info message cache 6 (necessary data rewind wasn't possible)
[2019.09.25-13.03.37:900][128]LogHttp: Warning: 0000019812945BC0: libcurl info message cache 7 (Closing connection 27)
[2019.09.25-13.03.37:900][128]LogHttp: Warning: 0000019812945BC0: libcurl info message cache 8 (TLSv1.2 (OUT), TLS alert, Client hello (1):)
[2019.09.25-13.03.37:900][128]LogHttp: Warning: Retry exhausted on https://datarouter.ol.epicgames.com/datarouter/api/v1/public/data?SessionID=%7B7E6E72C0-4948-89C1-F595-31A8A28F7932%7D&AppID=UEEditor.Rocket.Release&AppVersion=4.23.0-8386587%2B%2B%2BUE4%2BRelease-4.23&UserID=6e5cde954b3d281bbec372ac3482018d%7Cd0db6071d39f4b9281dcd45f00ceeda7%7C9dbebf9c-1400-4ab0-b483-d66783a60b8b&AppEnvironment=datacollector-binary&UploadType=eteventstream
[2019.09.25-13.09.37:782][207]LogHttp: Warning: 00000198129479C0: invalid HTTP response code received. URL: https://datarouter.ol.epicgames.com/datarouter/api/v1/public/data?SessionID=%7B7E6E72C0-4948-89C1-F595-31A8A28F7932%7D&AppID=UEEditor.Rocket.Release&AppVersion=4.23.0-8386587%2B%2B%2BUE4%2BRelease-4.23&UserID=6e5cde954b3d281bbec372ac3482018d%7Cd0db6071d39f4b9281dcd45f00ceeda7%7C9dbebf9c-1400-4ab0-b483-d66783a60b8b&AppEnvironment=datacollector-binary&UploadType=eteventstream, HTTP code: 0, content length: -1, actual payload size: 0
[2019.09.25-13.09.37:782][207]LogHttp: Warning: 00000198129479C0: request failed, libcurl error: 0 (No error)
[2019.09.25-13.09.37:782][207]LogHttp: Warning: 00000198129479C0: libcurl info message cache 0 (Found bundle for host datarouter.ol.epicgames.com: 0x1986565ff70 [can pipeline])
[2019.09.25-13.09.37:782][207]LogHttp: Warning: 00000198129479C0: libcurl info message cache 1 (Re-using existing connection! (#29) with host datarouter.ol.epicgames.com)
[2019.09.25-13.09.37:782][207]LogHttp: Warning: 00000198129479C0: libcurl info message cache 2 (Connected to datarouter.ol.epicgames.com (18.233.90.22) port 443 (#29))
[2019.09.25-13.09.37:782][207]LogHttp: Warning: 00000198129479C0: libcurl info message cache 3 (We are completely uploaded and fine)
[2019.09.25-13.09.37:782][207]LogHttp: Warning: 00000198129479C0: libcurl info message cache 4 (TLSv1.2 (IN), TLS alert, Client hello (1):)
[2019.09.25-13.09.37:782][207]LogHttp: Warning: 00000198129479C0: libcurl info message cache 5 (Connection died, retrying a fresh connect)
[2019.09.25-13.09.37:782][207]LogHttp: Warning: 00000198129479C0: libcurl info message cache 6 (necessary data rewind wasn't possible)
[2019.09.25-13.09.37:782][207]LogHttp: Warning: 00000198129479C0: libcurl info message cache 7 (Closing connection 29)
[2019.09.25-13.09.37:782][207]LogHttp: Warning: 00000198129479C0: libcurl info message cache 8 (TLSv1.2 (OUT), TLS alert, Client hello (1):)
[2019.09.25-13.09.38:116][208]LogHttp: Warning: Retry exhausted on https://datarouter.ol.epicgames.com/datarouter/api/v1/public/data?SessionID=%7B7E6E72C0-4948-89C1-F595-31A8A28F7932%7D&AppID=UEEditor.Rocket.Release&AppVersion=4.23.0-8386587%2B%2B%2BUE4%2BRelease-4.23&UserID=6e5cde954b3d281bbec372ac3482018d%7Cd0db6071d39f4b9281dcd45f00ceeda7%7C9dbebf9c-1400-4ab0-b483-d66783a60b8b&AppEnvironment=datacollector-binary&UploadType=eteventstream
[2019.09.25-13.15.37:985][287]LogHttp: Warning: 00000198135116C0: invalid HTTP response code received. URL: https://datarouter.ol.epicgames.com/datarouter/api/v1/public/data?SessionID=%7B7E6E72C0-4948-89C1-F595-31A8A28F7932%7D&AppID=UEEditor.Rocket.Release&AppVersion=4.23.0-8386587%2B%2B%2BUE4%2BRelease-4.23&UserID=6e5cde954b3d281bbec372ac3482018d%7Cd0db6071d39f4b9281dcd45f00ceeda7%7C9dbebf9c-1400-4ab0-b483-d66783a60b8b&AppEnvironment=datacollector-binary&UploadType=eteventstream, HTTP code: 0, content length: -1, actual payload size: 0
[2019.09.25-13.15.37:985][287]LogHttp: Warning: 00000198135116C0: request failed, libcurl error: 0 (No error)
[2019.09.25-13.15.37:985][287]LogHttp: Warning: 00000198135116C0: libcurl info message cache 0 (Found bundle for host datarouter.ol.epicgames.com: 0x1986565ff70 [can pipeline])
[2019.09.25-13.15.37:985][287]LogHttp: Warning: 00000198135116C0: libcurl info message cache 1 (Re-using existing connection! (#31) with host datarouter.ol.epicgames.com)
[2019.09.25-13.15.37:985][287]LogHttp: Warning: 00000198135116C0: libcurl info message cache 2 (Connected to datarouter.ol.epicgames.com (52.87.18.159) port 443 (#31))
[2019.09.25-13.15.37:985][287]LogHttp: Warning: 00000198135116C0: libcurl info message cache 3 (We are completely uploaded and fine)
[2019.09.25-13.15.37:985][287]LogHttp: Warning: 00000198135116C0: libcurl info message cache 4 (TLSv1.2 (IN), TLS alert, Client hello (1):)
[2019.09.25-13.15.37:985][287]LogHttp: Warning: 00000198135116C0: libcurl info message cache 5 (Connection died, retrying a fresh connect)
[2019.09.25-13.15.37:985][287]LogHttp: Warning: 00000198135116C0: libcurl info message cache 6 (necessary data rewind wasn't possible)
[2019.09.25-13.15.37:985][287]LogHttp: Warning: 00000198135116C0: libcurl info message cache 7 (Closing connection 31)
[2019.09.25-13.15.37:985][287]LogHttp: Warning: 00000198135116C0: libcurl info message cache 8 (TLSv1.2 (OUT), TLS alert, Client hello (1):)
[2019.09.25-13.15.38:320][288]LogHttp: Warning: Retry exhausted on https://datarouter.ol.epicgames.com/datarouter/api/v1/public/data?SessionID=%7B7E6E72C0-4948-89C1-F595-31A8A28F7932%7D&AppID=UEEditor.Rocket.Release&AppVersion=4.23.0-8386587%2B%2B%2BUE4%2BRelease-4.23&UserID=6e5cde954b3d281bbec372ac3482018d%7Cd0db6071d39f4b9281dcd45f00ceeda7%7C9dbebf9c-1400-4ab0-b483-d66783a60b8b&AppEnvironment=datacollector-binary&UploadType=eteventstream
[2019.09.25-13.21.37:950][366]LogHttp: Warning: 0000019813513380: invalid HTTP response code received. URL: https://datarouter.ol.epicgames.com/datarouter/api/v1/public/data?SessionID=%7B7E6E72C0-4948-89C1-F595-31A8A28F7932%7D&AppID=UEEditor.Rocket.Release&AppVersion=4.23.0-8386587%2B%2B%2BUE4%2BRelease-4.23&UserID=6e5cde954b3d281bbec372ac3482018d%7Cd0db6071d39f4b9281dcd45f00ceeda7%7C9dbebf9c-1400-4ab0-b483-d66783a60b8b&AppEnvironment=datacollector-binary&UploadType=eteventstream, HTTP code: 0, content length: -1, actual payload size: 0
[2019.09.25-13.21.37:950][366]LogHttp: Warning: 0000019813513380: request failed, libcurl error: 0 (No error)
[2019.09.25-13.21.37:950][366]LogHttp: Warning: 0000019813513380: libcurl info message cache 0 (Found bundle for host datarouter.ol.epicgames.com: 0x1986565ff70 [can pipeline])
[2019.09.25-13.21.37:950][366]LogHttp: Warning: 0000019813513380: libcurl info message cache 1 (Re-using existing connection! (#33) with host datarouter.ol.epicgames.com)
[2019.09.25-13.21.37:950][366]LogHttp: Warning: 0000019813513380: libcurl info message cache 2 (Connected to datarouter.ol.epicgames.com (3.212.249.236) port 443 (#33))
[2019.09.25-13.21.37:950][366]LogHttp: Warning: 0000019813513380: libcurl info message cache 3 (We are completely uploaded and fine)
[2019.09.25-13.21.37:951][366]LogHttp: Warning: 0000019813513380: libcurl info message cache 4 (TLSv1.2 (IN), TLS alert, Client hello (1):)
[2019.09.25-13.21.37:951][366]LogHttp: Warning: 0000019813513380: libcurl info message cache 5 (Connection died, retrying a fresh connect)
[2019.09.25-13.21.37:951][366]LogHttp: Warning: 0000019813513380: libcurl info message cache 6 (necessary data rewind wasn't possible)
[2019.09.25-13.21.37:951][366]LogHttp: Warning: 0000019813513380: libcurl info message cache 7 (Closing connection 33)
[2019.09.25-13.21.37:951][366]LogHttp: Warning: 0000019813513380: libcurl info message cache 8 (TLSv1.2 (OUT), TLS alert, Client hello (1):)
[2019.09.25-13.21.37:951][366]LogHttp: Warning: Retry exhausted on https://datarouter.ol.epicgames.com/datarouter/api/v1/public/data?SessionID=%7B7E6E72C0-4948-89C1-F595-31A8A28F7932%7D&AppID=UEEditor.Rocket.Release&AppVersion=4.23.0-8386587%2B%2B%2BUE4%2BRelease-4.23&UserID=6e5cde954b3d281bbec372ac3482018d%7Cd0db6071d39f4b9281dcd45f00ceeda7%7C9dbebf9c-1400-4ab0-b483-d66783a60b8b&AppEnvironment=datacollector-binary&UploadType=eteventstream
[2019.09.25-13.27.37:931][445]LogHttp: Warning: 0000019813513600: invalid HTTP response code received. URL: https://datarouter.ol.epicgames.com/datarouter/api/v1/public/data?SessionID=%7B7E6E72C0-4948-89C1-F595-31A8A28F7932%7D&AppID=UEEditor.Rocket.Release&AppVersion=4.23.0-8386587%2B%2B%2BUE4%2BRelease-4.23&UserID=6e5cde954b3d281bbec372ac3482018d%7Cd0db6071d39f4b9281dcd45f00ceeda7%7C9dbebf9c-1400-4ab0-b483-d66783a60b8b&AppEnvironment=datacollector-binary&UploadType=eteventstream, HTTP code: 0, content length: -1, actual payload size: 0
[2019.09.25-13.27.37:931][445]LogHttp: Warning: 0000019813513600: request failed, libcurl error: 0 (No error)
[2019.09.25-13.27.37:931][445]LogHttp: Warning: 0000019813513600: libcurl info message cache 0 (Found bundle for host datarouter.ol.epicgames.com: 0x1986565ff70 [can pipeline])
[2019.09.25-13.27.37:931][445]LogHttp: Warning: 0000019813513600: libcurl info message cache 1 (Re-using existing connection! (#35) with host datarouter.ol.epicgames.com)
[2019.09.25-13.27.37:931][445]LogHttp: Warning: 0000019813513600: libcurl info message cache 2 (Connected to datarouter.ol.epicgames.com (107.21.2.137) port 443 (#35))
[2019.09.25-13.27.37:931][445]LogHttp: Warning: 0000019813513600: libcurl info message cache 3 (We are completely uploaded and fine)
[2019.09.25-13.27.37:931][445]LogHttp: Warning: 0000019813513600: libcurl info message cache 4 (TLSv1.2 (IN), TLS alert, Client hello (1):)
[2019.09.25-13.27.37:931][445]LogHttp: Warning: 0000019813513600: libcurl info message cache 5 (Connection died, retrying a fresh connect)
[2019.09.25-13.27.37:931][445]LogHttp: Warning: 0000019813513600: libcurl info message cache 6 (necessary data rewind wasn't possible)
[2019.09.25-13.27.37:931][445]LogHttp: Warning: 0000019813513600: libcurl info message cache 7 (Closing connection 35)
[2019.09.25-13.27.37:931][445]LogHttp: Warning: 0000019813513600: libcurl info message cache 8 (TLSv1.2 (OUT), TLS alert, Client hello (1):)
[2019.09.25-13.27.38:264][446]LogHttp: Warning: Retry exhausted on https://datarouter.ol.epicgames.com/datarouter/api/v1/public/data?SessionID=%7B7E6E72C0-4948-89C1-F595-31A8A28F7932%7D&AppID=UEEditor.Rocket.Release&AppVersion=4.23.0-8386587%2B%2B%2BUE4%2BRelease-4.23&UserID=6e5cde954b3d281bbec372ac3482018d%7Cd0db6071d39f4b9281dcd45f00ceeda7%7C9dbebf9c-1400-4ab0-b483-d66783a60b8b&AppEnvironment=datacollector-binary&UploadType=eteventstream
[2019.09.25-13.33.37:868][524]LogHttp: Warning: 00000198135125C0: invalid HTTP response code received. URL: https://datarouter.ol.epicgames.com/datarouter/api/v1/public/data?SessionID=%7B7E6E72C0-4948-89C1-F595-31A8A28F7932%7D&AppID=UEEditor.Rocket.Release&AppVersion=4.23.0-8386587%2B%2B%2BUE4%2BRelease-4.23&UserID=6e5cde954b3d281bbec372ac3482018d%7Cd0db6071d39f4b9281dcd45f00ceeda7%7C9dbebf9c-1400-4ab0-b483-d66783a60b8b&AppEnvironment=datacollector-binary&UploadType=eteventstream, HTTP code: 0, content length: -1, actual payload size: 0
[2019.09.25-13.33.37:868][524]LogHttp: Warning: 00000198135125C0: request failed, libcurl error: 0 (No error)
[2019.09.25-13.33.37:868][524]LogHttp: Warning: 00000198135125C0: libcurl info message cache 0 (Found bundle for host datarouter.ol.epicgames.com: 0x1986565ff70 [can pipeline])
[2019.09.25-13.33.37:868][524]LogHttp: Warning: 00000198135125C0: libcurl info message cache 1 (Re-using existing connection! (#37) with host datarouter.ol.epicgames.com)
[2019.09.25-13.33.37:868][524]LogHttp: Warning: 00000198135125C0: libcurl info message cache 2 (Connected to datarouter.ol.epicgames.com (50.19.78.72) port 443 (#37))
[2019.09.25-13.33.37:868][524]LogHttp: Warning: 00000198135125C0: libcurl info message cache 3 (We are completely uploaded and fine)
[2019.09.25-13.33.37:868][524]LogHttp: Warning: 00000198135125C0: libcurl info message cache 4 (TLSv1.2 (IN), TLS alert, Client hello (1):)
[2019.09.25-13.33.37:868][524]LogHttp: Warning: 00000198135125C0: libcurl info message cache 5 (Connection died, retrying a fresh connect)
[2019.09.25-13.33.37:868][524]LogHttp: Warning: 00000198135125C0: libcurl info message cache 6 (necessary data rewind wasn't possible)
[2019.09.25-13.33.37:868][524]LogHttp: Warning: 00000198135125C0: libcurl info message cache 7 (Closing connection 37)
[2019.09.25-13.33.37:868][524]LogHttp: Warning: 00000198135125C0: libcurl info message cache 8 (TLSv1.2 (OUT), TLS alert, Client hello (1):)
[2019.09.25-13.33.37:868][524]LogHttp: Warning: Retry exhausted on https://datarouter.ol.epicgames.com/datarouter/api/v1/public/data?SessionID=%7B7E6E72C0-4948-89C1-F595-31A8A28F7932%7D&AppID=UEEditor.Rocket.Release&AppVersion=4.23.0-8386587%2B%2B%2BUE4%2BRelease-4.23&UserID=6e5cde954b3d281bbec372ac3482018d%7Cd0db6071d39f4b9281dcd45f00ceeda7%7C9dbebf9c-1400-4ab0-b483-d66783a60b8b&AppEnvironment=datacollector-binary&UploadType=eteventstream
[2019.09.25-13.54.37:834][ 48]LogHttp: Warning: 0000019813511E40: invalid HTTP response code received. URL: https://datarouter.ol.epicgames.com/datarouter/api/v1/public/data?SessionID=%7B7E6E72C0-4948-89C1-F595-31A8A28F7932%7D&AppID=UEEditor.Rocket.Release&AppVersion=4.23.0-8386587%2B%2B%2BUE4%2BRelease-4.23&UserID=6e5cde954b3d281bbec372ac3482018d%7Cd0db6071d39f4b9281dcd45f00ceeda7%7C9dbebf9c-1400-4ab0-b483-d66783a60b8b&AppEnvironment=datacollector-binary&UploadType=eteventstream, HTTP code: 0, content length: -1, actual payload size: 0
[2019.09.25-13.54.37:834][ 48]LogHttp: Warning: 0000019813511E40: request failed, libcurl error: 0 (No error)
[2019.09.25-13.54.37:834][ 48]LogHttp: Warning: 0000019813511E40: libcurl info message cache 0 (Found bundle for host datarouter.ol.epicgames.com: 0x1986565ff70 [can pipeline])
[2019.09.25-13.54.37:834][ 48]LogHttp: Warning: 0000019813511E40: libcurl info message cache 1 (Re-using existing connection! (#46) with host datarouter.ol.epicgames.com)
[2019.09.25-13.54.37:835][ 48]LogHttp: Warning: 0000019813511E40: libcurl info message cache 2 (Connected to datarouter.ol.epicgames.com (54.85.53.73) port 443 (#46))
[2019.09.25-13.54.37:835][ 48]LogHttp: Warning: 0000019813511E40: libcurl info message cache 3 (We are completely uploaded and fine)
[2019.09.25-13.54.37:835][ 48]LogHttp: Warning: 0000019813511E40: libcurl info message cache 4 (TLSv1.2 (IN), TLS alert, Client hello (1):)
[2019.09.25-13.54.37:835][ 48]LogHttp: Warning: 0000019813511E40: libcurl info message cache 5 (Connection died, retrying a fresh connect)
[2019.09.25-13.54.37:835][ 48]LogHttp: Warning: 0000019813511E40: libcurl info message cache 6 (necessary data rewind wasn't possible)
[2019.09.25-13.54.37:835][ 48]LogHttp: Warning: 0000019813511E40: libcurl info message cache 7 (Closing connection 46)
[2019.09.25-13.54.37:835][ 48]LogHttp: Warning: 0000019813511E40: libcurl info message cache 8 (TLSv1.2 (OUT), TLS alert, Client hello (1):)
[2019.09.25-13.54.37:835][ 48]LogHttp: Warning: Retry exhausted on https://datarouter.ol.epicgames.com/datarouter/api/v1/public/data?SessionID=%7B7E6E72C0-4948-89C1-F595-31A8A28F7932%7D&AppID=UEEditor.Rocket.Release&AppVersion=4.23.0-8386587%2B%2B%2BUE4%2BRelease-4.23&UserID=6e5cde954b3d281bbec372ac3482018d%7Cd0db6071d39f4b9281dcd45f00ceeda7%7C9dbebf9c-1400-4ab0-b483-d66783a60b8b&AppEnvironment=datacollector-binary&UploadType=eteventstream
[2019.09.25-14.03.37:850][667]LogHttp: Warning: 00000198135102C0: invalid HTTP response code received. URL: https://datarouter.ol.epicgames.com/datarouter/api/v1/public/data?SessionID=%7B7E6E72C0-4948-89C1-F595-31A8A28F7932%7D&AppID=UEEditor.Rocket.Release&AppVersion=4.23.0-8386587%2B%2B%2BUE4%2BRelease-4.23&UserID=6e5cde954b3d281bbec372ac3482018d%7Cd0db6071d39f4b9281dcd45f00ceeda7%7C9dbebf9c-1400-4ab0-b483-d66783a60b8b&AppEnvironment=datacollector-binary&UploadType=eteventstream, HTTP code: 0, content length: -1, actual payload size: 0
[2019.09.25-14.03.37:850][667]LogHttp: Warning: 00000198135102C0: request failed, libcurl error: 0 (No error)
[2019.09.25-14.03.37:850][667]LogHttp: Warning: 00000198135102C0: libcurl info message cache 0 (Found bundle for host datarouter.ol.epicgames.com: 0x1986565ff70 [can pipeline])
[2019.09.25-14.03.37:850][667]LogHttp: Warning: 00000198135102C0: libcurl info message cache 1 (Re-using existing connection! (#49) with host datarouter.ol.epicgames.com)
[2019.09.25-14.03.37:850][667]LogHttp: Warning: 00000198135102C0: libcurl info message cache 2 (Connected to datarouter.ol.epicgames.com (54.86.3.71) port 443 (#49))
[2019.09.25-14.03.37:850][667]LogHttp: Warning: 00000198135102C0: libcurl info message cache 3 (We are completely uploaded and fine)
[2019.09.25-14.03.37:850][667]LogHttp: Warning: 00000198135102C0: libcurl info message cache 4 (TLSv1.2 (IN), TLS alert, Client hello (1):)
[2019.09.25-14.03.37:850][667]LogHttp: Warning: 00000198135102C0: libcurl info message cache 5 (Connection died, retrying a fresh connect)
[2019.09.25-14.03.37:850][667]LogHttp: Warning: 00000198135102C0: libcurl info message cache 6 (necessary data rewind wasn't possible)
[2019.09.25-14.03.37:850][667]LogHttp: Warning: 00000198135102C0: libcurl info message cache 7 (Closing connection 49)
[2019.09.25-14.03.37:850][667]LogHttp: Warning: 00000198135102C0: libcurl info message cache 8 (TLSv1.2 (OUT), TLS alert, Client hello (1):)
[2019.09.25-14.03.38:184][668]LogHttp: Warning: Retry exhausted on https://datarouter.ol.epicgames.com/datarouter/api/v1/public/data?SessionID=%7B7E6E72C0-4948-89C1-F595-31A8A28F7932%7D&AppID=UEEditor.Rocket.Release&AppVersion=4.23.0-8386587%2B%2B%2BUE4%2BRelease-4.23&UserID=6e5cde954b3d281bbec372ac3482018d%7Cd0db6071d39f4b9281dcd45f00ceeda7%7C9dbebf9c-1400-4ab0-b483-d66783a60b8b&AppEnvironment=datacollector-binary&UploadType=eteventstream
[2019.09.25-14.09.37:866][746]LogHttp: Warning: 0000019813511E40: invalid HTTP response code received. URL: https://datarouter.ol.epicgames.com/datarouter/api/v1/public/data?SessionID=%7B7E6E72C0-4948-89C1-F595-31A8A28F7932%7D&AppID=UEEditor.Rocket.Release&AppVersion=4.23.0-8386587%2B%2B%2BUE4%2BRelease-4.23&UserID=6e5cde954b3d281bbec372ac3482018d%7Cd0db6071d39f4b9281dcd45f00ceeda7%7C9dbebf9c-1400-4ab0-b483-d66783a60b8b&AppEnvironment=datacollector-binary&UploadType=eteventstream, HTTP code: 0, content length: -1, actual payload size: 0
[2019.09.25-14.09.37:866][746]LogHttp: Warning: 0000019813511E40: request failed, libcurl error: 0 (No error)
[2019.09.25-14.09.37:866][746]LogHttp: Warning: 0000019813511E40: libcurl info message cache 0 (Found bundle for host datarouter.ol.epicgames.com: 0x1986565ff70 [can pipeline])
[2019.09.25-14.09.37:866][746]LogHttp: Warning: 0000019813511E40: libcurl info message cache 1 (Re-using existing connection! (#51) with host datarouter.ol.epicgames.com)
[2019.09.25-14.09.37:866][746]LogHttp: Warning: 0000019813511E40: libcurl info message cache 2 (Connected to datarouter.ol.epicgames.com (52.1.97.25) port 443 (#51))
[2019.09.25-14.09.37:866][746]LogHttp: Warning: 0000019813511E40: libcurl info message cache 3 (We are completely uploaded and fine)
[2019.09.25-14.09.37:866][746]LogHttp: Warning: 0000019813511E40: libcurl info message cache 4 (TLSv1.2 (IN), TLS alert, Client hello (1):)
[2019.09.25-14.09.37:866][746]LogHttp: Warning: 0000019813511E40: libcurl info message cache 5 (Connection died, retrying a fresh connect)
[2019.09.25-14.09.37:866][746]LogHttp: Warning: 0000019813511E40: libcurl info message cache 6 (necessary data rewind wasn't possible)
[2019.09.25-14.09.37:866][746]LogHttp: Warning: 0000019813511E40: libcurl info message cache 7 (Closing connection 51)
[2019.09.25-14.09.37:866][746]LogHttp: Warning: 0000019813511E40: libcurl info message cache 8 (TLSv1.2 (OUT), TLS alert, Client hello (1):)
[2019.09.25-14.09.37:866][746]LogHttp: Warning: Retry exhausted on https://datarouter.ol.epicgames.com/datarouter/api/v1/public/data?SessionID=%7B7E6E72C0-4948-89C1-F595-31A8A28F7932%7D&AppID=UEEditor.Rocket.Release&AppVersion=4.23.0-8386587%2B%2B%2BUE4%2BRelease-4.23&UserID=6e5cde954b3d281bbec372ac3482018d%7Cd0db6071d39f4b9281dcd45f00ceeda7%7C9dbebf9c-1400-4ab0-b483-d66783a60b8b&AppEnvironment=datacollector-binary&UploadType=eteventstream
