Log file open, 10/28/19 22:14:56
LogWindows: Failed to load 'aqProf.dll' (GetLastError=126)
LogWindows: File 'aqProf.dll' does not exist
LogWindows: Failed to load 'VtuneApi.dll' (GetLastError=126)
LogWindows: File 'VtuneApi.dll' does not exist
LogWindows: Failed to load 'VtuneApi32e.dll' (GetLastError=126)
LogWindows: File 'VtuneApi32e.dll' does not exist
LogConsoleResponse: Display: Failed to find resolution value strings in scalability ini. Falling back to default.
LogInit: Display: Running engine for game: RPGGame
LogPlatformFile: Not using cached read wrapper
LogTaskGraph: Started task graph with 5 named threads and 47 total threads with 3 sets of task threads.
LogStats: Stats thread started at 0.872559
LogD3D11RHI: Loaded GFSDK_Aftermath_Lib.x64.dll
LogICUInternationalization: ICU TimeZone Detection - Raw Offset: +10:00, Platform Override: ''
LogPluginManager: Mounting plugin Paper2D
LogPluginManager: Mounting plugin AISupport
LogPluginManager: Mounting plugin LightPropagationVolume
LogPluginManager: Mounting plugin ActorLayerUtilities
LogPluginManager: Mounting plugin AnimationSharing
LogPluginManager: Mounting plugin CLionSourceCodeAccess
LogPluginManager: Mounting plugin CodeLiteSourceCodeAccess
LogPluginManager: Mounting plugin GitSourceControl
LogPluginManager: Mounting plugin KDevelopSourceCodeAccess
LogPluginManager: Mounting plugin NullSourceCodeAccess
LogPluginManager: Mounting plugin PerforceSourceControl
LogPluginManager: Mounting plugin SubversionSourceControl
LogPluginManager: Mounting plugin UObjectPlugin
LogPluginManager: Mounting plugin VisualStudioCodeSourceCodeAccess
LogPluginManager: Mounting plugin VisualStudioSourceCodeAccess
LogPluginManager: Mounting plugin XCodeSourceCodeAccess
LogPluginManager: Mounting plugin AssetManagerEditor
LogPluginManager: Mounting plugin CryptoKeys
LogPluginManager: Mounting plugin CurveEditorTools
LogPluginManager: Mounting plugin DataValidation
LogPluginManager: Mounting plugin FacialAnimation
LogPluginManager: Mounting plugin GameplayTagsEditor
LogPluginManager: Mounting plugin MacGraphicsSwitching
LogPluginManager: Mounting plugin MaterialAnalyzer
LogPluginManager: Mounting plugin MobileLauncherProfileWizard
LogPluginManager: Mounting plugin PluginBrowser
LogPluginManager: Mounting plugin SpeedTreeImporter
LogPluginManager: Mounting plugin DatasmithContent
LogPluginManager: Mounting plugin VariantManagerContent
LogPluginManager: Mounting plugin AlembicImporter
LogPluginManager: Mounting plugin AutomationUtils
LogPluginManager: Mounting plugin BackChannel
LogPluginManager: Mounting plugin CharacterAI
LogPluginManager: Mounting plugin GeometryCache
LogPluginManager: Mounting plugin HTML5Networking
LogPluginManager: Mounting plugin PlatformCrypto
LogPluginManager: Mounting plugin ProxyLODPlugin
LogPluginManager: Mounting plugin SkeletalReduction
LogPluginManager: Mounting plugin MagicLeap
LogPluginManager: Mounting plugin MagicLeapMedia
LogPluginManager: Mounting plugin AndroidMedia
LogPluginManager: Mounting plugin AvfMedia
LogPluginManager: Mounting plugin ImgMedia
LogPluginManager: Mounting plugin MediaCompositing
LogPluginManager: Mounting plugin MediaPlayerEditor
LogPluginManager: Mounting plugin WebMMedia
LogPluginManager: Mounting plugin WmfMedia
LogPluginManager: Mounting plugin TcpMessaging
LogPluginManager: Mounting plugin UdpMessaging
LogPluginManager: Mounting plugin ActorSequence
LogPluginManager: Mounting plugin LevelSequenceEditor
LogPluginManager: Mounting plugin MatineeToLevelSequence
LogPluginManager: Mounting plugin NetcodeUnitTest
LogPluginManager: Mounting plugin NUTUnrealEngine4
LogPluginManager: Mounting plugin OnlineSubsystemGooglePlay
LogPluginManager: Mounting plugin OnlineSubsystemIOS
LogPluginManager: Mounting plugin OnlineSubsystem
LogPluginManager: Mounting plugin OnlineSubsystemNull
LogPluginManager: Mounting plugin OnlineSubsystemUtils
LogPluginManager: Mounting plugin LauncherChunkInstaller
LogPluginManager: Mounting plugin AndroidDeviceProfileSelector
LogPluginManager: Mounting plugin AndroidMoviePlayer
LogPluginManager: Mounting plugin AndroidPermission
LogPluginManager: Mounting plugin AppleImageUtils
LogPluginManager: Mounting plugin AppleMoviePlayer
LogPluginManager: Mounting plugin ArchVisCharacter
LogPluginManager: Mounting plugin AudioCapture
LogPluginManager: Mounting plugin CableComponent
LogPluginManager: Mounting plugin CustomMeshComponent
LogPluginManager: Mounting plugin EditableMesh
LogPluginManager: Mounting plugin ExampleDeviceProfileSelector
LogPluginManager: Mounting plugin GoogleCloudMessaging
LogPluginManager: Mounting plugin IOSDeviceProfileSelector
LogPluginManager: Mounting plugin LinuxDeviceProfileSelector
LogPluginManager: Mounting plugin LocationServicesBPLibrary
LogPluginManager: Mounting plugin MobilePatchingUtils
LogPluginManager: Mounting plugin OculusVR
LogPluginManager: Mounting plugin PhysXVehicles
LogPluginManager: Mounting plugin ProceduralMeshComponent
LogPluginManager: Mounting plugin RuntimePhysXCooking
LogPluginManager: Mounting plugin SignificanceManager
LogPluginManager: Mounting plugin SteamVR
LogPluginManager: Mounting plugin WebMMoviePlayer
LogPluginManager: Mounting plugin WindowsMoviePlayer
LogPluginManager: Mounting plugin ScreenshotTools
LogInit: Using libcurl 7.55.1-DEV
LogInit:  - built for x86_64-pc-win32
LogInit:  - supports SSL with OpenSSL/1.1.1
LogInit:  - supports HTTP deflate (compression) using libz 1.2.8
LogInit:  - other features:
LogInit:      CURL_VERSION_SSL
LogInit:      CURL_VERSION_LIBZ
LogInit:      CURL_VERSION_IPV6
LogInit:      CURL_VERSION_ASYNCHDNS
LogInit:      CURL_VERSION_LARGEFILE
LogInit:      CURL_VERSION_IDN
LogInit:  CurlRequestOptions (configurable via config and command line):
LogInit:  - bVerifyPeer = true  - Libcurl will verify peer certificate
LogInit:  - bUseHttpProxy = false  - Libcurl will NOT use HTTP proxy
LogInit:  - bDontReuseConnections = false  - Libcurl will reuse connections
LogInit:  - MaxHostConnections = 16  - Libcurl will limit the number of connections to a host
LogInit:  - LocalHostAddr = Default
LogInit:  - BufferSize = 65536
LogOnline: OSS: Creating online subsystem instance for: NULL
LogInit: WinSock: version 1.1 (2.2), MaxSocks=32767, MaxUdp=65467
LogInit: Build: ++UE4+Release-4.23-CL-8386587
LogInit: Engine Version: 4.23.0-8386587+++UE4+Release-4.23
LogInit: Compatible Engine Version: 4.23.0-8386587+++UE4+Release-4.23
LogInit: Net CL: 8386587
LogInit: OS: Windows 10 (Release 1903) (), CPU: AMD Ryzen 7 2700X Eight-Core Processor         , GPU: NVIDIA GeForce GTX 1070
LogInit: Compiled (64-bit): Aug 31 2019 02:04:44
LogInit: Compiled with Visual C++: 19.16.27030.01
LogInit: Build Configuration: Development
LogInit: Branch Name: ++UE4+Release-4.23
LogInit: Command Line: 
LogInit: Base Directory: D:/UE_4.23/Engine/Binaries/Win64/
LogInit: Installed Engine Build: 1
LogDevObjectVersion: Number of dev versions registered: 23
LogDevObjectVersion:   Dev-Blueprints (B0D832E4-1F89-4F0D-ACCF-7EB736FD4AA2): 10
LogDevObjectVersion:   Dev-Build (E1C64328-A22C-4D53-A36C-8E866417BD8C): 0
LogDevObjectVersion:   Dev-Core (375EC13C-06E4-48FB-B500-84F0262A717E): 3
LogDevObjectVersion:   Dev-Editor (E4B068ED-F494-42E9-A231-DA0B2E46BB41): 34
LogDevObjectVersion:   Dev-Framework (CFFC743F-43B0-4480-9391-14DF171D2073): 35
LogDevObjectVersion:   Dev-Mobile (B02B49B5-BB20-44E9-A304-32B752E40360): 2
LogDevObjectVersion:   Dev-Networking (A4E4105C-59A1-49B5-A7C5-40C4547EDFEE): 0
LogDevObjectVersion:   Dev-Online (39C831C9-5AE6-47DC-9A44-9C173E1C8E7C): 0
LogDevObjectVersion:   Dev-Physics (78F01B33-EBEA-4F98-B9B4-84EACCB95AA2): 0
LogDevObjectVersion:   Dev-Platform (6631380F-2D4D-43E0-8009-CF276956A95A): 0
LogDevObjectVersion:   Dev-Rendering (12F88B9F-8875-4AFC-A67C-D90C383ABD29): 31
LogDevObjectVersion:   Dev-Sequencer (7B5AE74C-D270-4C10-A958-57980B212A5A): 11
LogDevObjectVersion:   Dev-VR (D7296918-1DD6-4BDD-9DE2-64A83CC13884): 2
LogDevObjectVersion:   Dev-LoadTimes (C2A15278-BFE7-4AFE-6C17-90FF531DF755): 1
LogDevObjectVersion:   Private-Geometry (6EACA3D4-40EC-4CC1-B786-8BED09428FC5): 3
LogDevObjectVersion:   Dev-AnimPhys (29E575DD-E0A3-4627-9D10-D276232CDCEA): 17
LogDevObjectVersion:   Dev-Anim (AF43A65D-7FD3-4947-9873-3E8ED9C1BB05): 2
LogDevObjectVersion:   Dev-ReflectionCapture (6B266CEC-1EC7-4B8F-A30B-E4D90942FC07): 1
LogDevObjectVersion:   Dev-Automation (0DF73D61-A23F-47EA-B727-89E90C41499A): 1
LogDevObjectVersion:   FortniteMain (601D1886-AC64-4F84-AA16-D3DE0DEAC7D6): 27
LogDevObjectVersion:   Dev-Enterprise (9DFFBCD6-494F-0158-E221-12823C92A888): 6
LogDevObjectVersion:   Dev-Niagara (F2AED0AC-9AFE-416F-8664-AA7FFA26D6FC): 1
LogDevObjectVersion:   Dev-Destruction (174F1F0B-B4C6-45A5-B13F-2EE8D0FB917D): 9
LogInit: Presizing for max 16777216 objects, including 0 objects not considered by GC, pre-allocating 0 bytes for permanent pool.
LogInit: Object subsystem initialized
LogConfig: Setting CVar [[con.DebugEarlyDefault:1]]
LogConfig: Setting CVar [[r.setres:1280x720]]
[2019.10.28-11.14.57:454][  0]LogConfig: Setting CVar [[r.VSync:0]]
[2019.10.28-11.14.57:454][  0]LogConfig: Setting CVar [[r.RHICmdBypass:0]]
[2019.10.28-11.14.57:454][  0]LogConfig: Applying CVar settings from Section [/Script/Engine.RendererSettings] File [C:/Users/zacka/Desktop/EasyQuest/RPGGame 4.23/Saved/Config/Windows/Engine.ini]
[2019.10.28-11.14.57:454][  0]LogConfig: Setting CVar [[r.GPUCrashDebugging:0]]
[2019.10.28-11.14.57:454][  0]LogConfig: Applying CVar settings from Section [/Script/Engine.RendererOverrideSettings] File [C:/Users/zacka/Desktop/EasyQuest/RPGGame 4.23/Saved/Config/Windows/Engine.ini]
[2019.10.28-11.14.57:454][  0]LogConfig: Applying CVar settings from Section [/Script/Engine.StreamingSettings] File [C:/Users/zacka/Desktop/EasyQuest/RPGGame 4.23/Saved/Config/Windows/Engine.ini]
[2019.10.28-11.14.57:454][  0]LogConfig: Setting CVar [[s.MinBulkDataSizeForAsyncLoading:131072]]
[2019.10.28-11.14.57:454][  0]LogConfig: Setting CVar [[s.AsyncLoadingThreadEnabled:0]]
[2019.10.28-11.14.57:454][  0]LogConfig: Setting CVar [[s.EventDrivenLoaderEnabled:1]]
[2019.10.28-11.14.57:454][  0]LogConfig: Setting CVar [[s.WarnIfTimeLimitExceeded:0]]
[2019.10.28-11.14.57:454][  0]LogConfig: Setting CVar [[s.TimeLimitExceededMultiplier:1.5]]
[2019.10.28-11.14.57:454][  0]LogConfig: Setting CVar [[s.TimeLimitExceededMinTime:0.005]]
[2019.10.28-11.14.57:454][  0]LogConfig: Setting CVar [[s.UseBackgroundLevelStreaming:1]]
[2019.10.28-11.14.57:454][  0]LogConfig: Setting CVar [[s.PriorityAsyncLoadingExtraTime:15.0]]
[2019.10.28-11.14.57:454][  0]LogConfig: Setting CVar [[s.LevelStreamingActorsUpdateTimeLimit:5.0]]
[2019.10.28-11.14.57:454][  0]LogConfig: Setting CVar [[s.PriorityLevelStreamingActorsUpdateExtraTime:5.0]]
[2019.10.28-11.14.57:454][  0]LogConfig: Setting CVar [[s.LevelStreamingComponentsRegistrationGranularity:10]]
[2019.10.28-11.14.57:454][  0]LogConfig: Setting CVar [[s.UnregisterComponentsTimeLimit:1.0]]
[2019.10.28-11.14.57:454][  0]LogConfig: Setting CVar [[s.LevelStreamingComponentsUnregistrationGranularity:5]]
[2019.10.28-11.14.57:454][  0]LogConfig: Applying CVar settings from Section [/Script/Engine.GarbageCollectionSettings] File [C:/Users/zacka/Desktop/EasyQuest/RPGGame 4.23/Saved/Config/Windows/Engine.ini]
[2019.10.28-11.14.57:454][  0]LogConfig: Setting CVar [[gc.MaxObjectsNotConsideredByGC:1]]
[2019.10.28-11.14.57:454][  0]LogConfig: Setting CVar [[gc.SizeOfPermanentObjectPool:0]]
[2019.10.28-11.14.57:454][  0]LogConfig: Setting CVar [[gc.FlushStreamingOnGC:0]]
[2019.10.28-11.14.57:454][  0]LogConfig: Setting CVar [[gc.NumRetriesBeforeForcingGC:10]]
[2019.10.28-11.14.57:454][  0]LogConfig: Setting CVar [[gc.AllowParallelGC:1]]
[2019.10.28-11.14.57:454][  0]LogConfig: Setting CVar [[gc.TimeBetweenPurgingPendingKillObjects:61.1]]
[2019.10.28-11.14.57:454][  0]LogConfig: Setting CVar [[gc.MaxObjectsInEditor:16777216]]
[2019.10.28-11.14.57:454][  0]LogConfig: Setting CVar [[gc.IncrementalBeginDestroyEnabled:1]]
[2019.10.28-11.14.57:454][  0]LogConfig: Setting CVar [[gc.CreateGCClusters:1]]
[2019.10.28-11.14.57:454][  0]LogConfig: Setting CVar [[gc.MinGCClusterSize:5]]
[2019.10.28-11.14.57:454][  0]LogConfig: Setting CVar [[gc.ActorClusteringEnabled:0]]
[2019.10.28-11.14.57:454][  0]LogConfig: Setting CVar [[gc.BlueprintClusteringEnabled:0]]
[2019.10.28-11.14.57:454][  0]LogConfig: Setting CVar [[gc.UseDisregardForGCOnDedicatedServers:0]]
[2019.10.28-11.14.57:454][  0]LogConfig: Applying CVar settings from Section [/Script/Engine.NetworkSettings] File [C:/Users/zacka/Desktop/EasyQuest/RPGGame 4.23/Saved/Config/Windows/Engine.ini]
[2019.10.28-11.14.57:454][  0]LogConfig: Applying CVar settings from Section [/Script/UnrealEd.CookerSettings] File [C:/Users/zacka/Desktop/EasyQuest/RPGGame 4.23/Saved/Config/Windows/Engine.ini]
[2019.10.28-11.14.57:465][  0]LogConfig: Applying CVar settings from Section [ViewDistanceQuality@3] File [C:/Users/zacka/Desktop/EasyQuest/RPGGame 4.23/Saved/Config/Windows/Scalability.ini]
[2019.10.28-11.14.57:465][  0]LogConfig: Setting CVar [[r.SkeletalMeshLODBias:0]]
[2019.10.28-11.14.57:465][  0]LogConfig: Setting CVar [[r.ViewDistanceScale:1.0]]
[2019.10.28-11.14.57:465][  0]LogConfig: Applying CVar settings from Section [AntiAliasingQuality@3] File [C:/Users/zacka/Desktop/EasyQuest/RPGGame 4.23/Saved/Config/Windows/Scalability.ini]
[2019.10.28-11.14.57:465][  0]LogConfig: Setting CVar [[r.PostProcessAAQuality:4]]
[2019.10.28-11.14.57:465][  0]LogConfig: Applying CVar settings from Section [ShadowQuality@3] File [C:/Users/zacka/Desktop/EasyQuest/RPGGame 4.23/Saved/Config/Windows/Scalability.ini]
[2019.10.28-11.14.57:465][  0]LogConfig: Setting CVar [[r.LightFunctionQuality:1]]
[2019.10.28-11.14.57:465][  0]LogConfig: Setting CVar [[r.ShadowQuality:5]]
[2019.10.28-11.14.57:465][  0]LogConfig: Setting CVar [[r.Shadow.CSM.MaxCascades:10]]
[2019.10.28-11.14.57:465][  0]LogConfig: Setting CVar [[r.Shadow.MaxResolution:2048]]
[2019.10.28-11.14.57:465][  0]LogConfig: Setting CVar [[r.Shadow.MaxCSMResolution:2048]]
[2019.10.28-11.14.57:465][  0]LogConfig: Setting CVar [[r.Shadow.RadiusThreshold:0.01]]
[2019.10.28-11.14.57:465][  0]LogConfig: Setting CVar [[r.Shadow.DistanceScale:1.0]]
[2019.10.28-11.14.57:465][  0]LogConfig: Setting CVar [[r.Shadow.CSM.TransitionScale:1.0]]
[2019.10.28-11.14.57:465][  0]LogConfig: Setting CVar [[r.Shadow.PreShadowResolutionFactor:1.0]]
[2019.10.28-11.14.57:465][  0]LogConfig: Setting CVar [[r.DistanceFieldShadowing:1]]
[2019.10.28-11.14.57:465][  0]LogConfig: Setting CVar [[r.DistanceFieldAO:1]]
[2019.10.28-11.14.57:465][  0]LogConfig: Setting CVar [[r.AOQuality:2]]
[2019.10.28-11.14.57:465][  0]LogConfig: Setting CVar [[r.VolumetricFog:1]]
[2019.10.28-11.14.57:465][  0]LogConfig: Setting CVar [[r.VolumetricFog.GridPixelSize:8]]
[2019.10.28-11.14.57:465][  0]LogConfig: Setting CVar [[r.VolumetricFog.GridSizeZ:128]]
[2019.10.28-11.14.57:465][  0]LogConfig: Setting CVar [[r.VolumetricFog.HistoryMissSupersampleCount:4]]
[2019.10.28-11.14.57:465][  0]LogConfig: Setting CVar [[r.LightMaxDrawDistanceScale:1]]
[2019.10.28-11.14.57:465][  0]LogConfig: Setting CVar [[r.CapsuleShadows:1]]
[2019.10.28-11.14.57:465][  0]LogConfig: Applying CVar settings from Section [PostProcessQuality@3] File [C:/Users/zacka/Desktop/EasyQuest/RPGGame 4.23/Saved/Config/Windows/Scalability.ini]
[2019.10.28-11.14.57:465][  0]LogConfig: Setting CVar [[r.MotionBlurQuality:4]]
[2019.10.28-11.14.57:465][  0]LogConfig: Setting CVar [[r.AmbientOcclusionMipLevelFactor:0.4]]
[2019.10.28-11.14.57:465][  0]LogConfig: Setting CVar [[r.AmbientOcclusionMaxQuality:100]]
[2019.10.28-11.14.57:465][  0]LogConfig: Setting CVar [[r.AmbientOcclusionLevels:-1]]
[2019.10.28-11.14.57:465][  0]LogConfig: Setting CVar [[r.AmbientOcclusionRadiusScale:1.0]]
[2019.10.28-11.14.57:465][  0]LogConfig: Setting CVar [[r.DepthOfFieldQuality:2]]
[2019.10.28-11.14.57:465][  0]LogConfig: Setting CVar [[r.RenderTargetPoolMin:400]]
[2019.10.28-11.14.57:465][  0]LogConfig: Setting CVar [[r.LensFlareQuality:2]]
[2019.10.28-11.14.57:465][  0]LogConfig: Setting CVar [[r.SceneColorFringeQuality:1]]
[2019.10.28-11.14.57:465][  0]LogConfig: Setting CVar [[r.EyeAdaptationQuality:2]]
[2019.10.28-11.14.57:465][  0]LogConfig: Setting CVar [[r.BloomQuality:5]]
[2019.10.28-11.14.57:465][  0]LogConfig: Setting CVar [[r.FastBlurThreshold:100]]
[2019.10.28-11.14.57:465][  0]LogConfig: Setting CVar [[r.Upscale.Quality:3]]
[2019.10.28-11.14.57:465][  0]LogConfig: Setting CVar [[r.Tonemapper.GrainQuantization:1]]
[2019.10.28-11.14.57:465][  0]LogConfig: Setting CVar [[r.LightShaftQuality:1]]
[2019.10.28-11.14.57:465][  0]LogConfig: Setting CVar [[r.Filter.SizeScale:1]]
[2019.10.28-11.14.57:465][  0]LogConfig: Setting CVar [[r.Tonemapper.Quality:5]]
[2019.10.28-11.14.57:465][  0]LogConfig: Setting CVar [[r.DOF.Gather.AccumulatorQuality:1        ; higher gathering accumulator quality]]
[2019.10.28-11.14.57:466][  0]LogConfig: Setting CVar [[r.DOF.Gather.PostfilterMethod:1          ; Median3x3 postfilering method]]
[2019.10.28-11.14.57:466][  0]LogConfig: Setting CVar [[r.DOF.Gather.EnableBokehSettings:0       ; no bokeh simulation when gathering]]
[2019.10.28-11.14.57:466][  0]LogConfig: Setting CVar [[r.DOF.Gather.RingCount:4                 ; medium number of samples when gathering]]
[2019.10.28-11.14.57:466][  0]LogConfig: Setting CVar [[r.DOF.Scatter.ForegroundCompositing:1    ; additive foreground scattering]]
[2019.10.28-11.14.57:466][  0]LogConfig: Setting CVar [[r.DOF.Scatter.BackgroundCompositing:2    ; additive background scattering]]
[2019.10.28-11.14.57:466][  0]LogConfig: Setting CVar [[r.DOF.Scatter.EnableBokehSettings:1      ; bokeh simulation when scattering]]
[2019.10.28-11.14.57:466][  0]LogConfig: Setting CVar [[r.DOF.Scatter.MaxSpriteRatio:0.1         ; only a maximum of 10% of scattered bokeh]]
[2019.10.28-11.14.57:466][  0]LogConfig: Setting CVar [[r.DOF.Recombine.Quality:1                ; cheap slight out of focus]]
[2019.10.28-11.14.57:466][  0]LogConfig: Setting CVar [[r.DOF.Recombine.EnableBokehSettings:0    ; no bokeh simulation on slight out of focus]]
[2019.10.28-11.14.57:466][  0]LogConfig: Setting CVar [[r.DOF.TemporalAAQuality:1                ; more stable temporal accumulation]]
[2019.10.28-11.14.57:466][  0]LogConfig: Setting CVar [[r.DOF.Kernel.MaxForegroundRadius:0.025]]
[2019.10.28-11.14.57:466][  0]LogConfig: Setting CVar [[r.DOF.Kernel.MaxBackgroundRadius:0.025]]
[2019.10.28-11.14.57:466][  0]LogConfig: Applying CVar settings from Section [TextureQuality@3] File [C:/Users/zacka/Desktop/EasyQuest/RPGGame 4.23/Saved/Config/Windows/Scalability.ini]
[2019.10.28-11.14.57:466][  0]LogConfig: Setting CVar [[r.Streaming.MipBias:0]]
[2019.10.28-11.14.57:466][  0]LogConfig: Setting CVar [[r.Streaming.AmortizeCPUToGPUCopy:0]]
[2019.10.28-11.14.57:466][  0]LogConfig: Setting CVar [[r.Streaming.MaxNumTexturesToStreamPerFrame:0]]
[2019.10.28-11.14.57:466][  0]LogConfig: Setting CVar [[r.Streaming.Boost:1]]
[2019.10.28-11.14.57:466][  0]LogConfig: Setting CVar [[r.MaxAnisotropy:8]]
[2019.10.28-11.14.57:466][  0]LogConfig: Setting CVar [[r.Streaming.LimitPoolSizeToVRAM:0]]
[2019.10.28-11.14.57:466][  0]LogConfig: Setting CVar [[r.Streaming.PoolSize:1000]]
[2019.10.28-11.14.57:466][  0]LogConfig: Setting CVar [[r.Streaming.MaxEffectiveScreenSize:0]]
[2019.10.28-11.14.57:466][  0]LogConfig: Applying CVar settings from Section [EffectsQuality@3] File [C:/Users/zacka/Desktop/EasyQuest/RPGGame 4.23/Saved/Config/Windows/Scalability.ini]
[2019.10.28-11.14.57:466][  0]LogConfig: Setting CVar [[r.TranslucencyLightingVolumeDim:64]]
[2019.10.28-11.14.57:466][  0]LogConfig: Setting CVar [[r.RefractionQuality:2]]
[2019.10.28-11.14.57:466][  0]LogConfig: Setting CVar [[r.SSR.Quality:3]]
[2019.10.28-11.14.57:466][  0]LogConfig: Setting CVar [[r.SceneColorFormat:4]]
[2019.10.28-11.14.57:466][  0]LogConfig: Setting CVar [[r.DetailMode:2]]
[2019.10.28-11.14.57:466][  0]LogConfig: Setting CVar [[r.TranslucencyVolumeBlur:1]]
[2019.10.28-11.14.57:466][  0]LogConfig: Setting CVar [[r.MaterialQualityLevel:1 ; High quality]]
[2019.10.28-11.14.57:466][  0]LogConfig: Setting CVar [[r.SSS.Scale:1]]
[2019.10.28-11.14.57:466][  0]LogConfig: Setting CVar [[r.SSS.SampleSet:2]]
[2019.10.28-11.14.57:466][  0]LogConfig: Setting CVar [[r.SSS.Quality:1]]
[2019.10.28-11.14.57:466][  0]LogConfig: Setting CVar [[r.SSS.HalfRes:1]]
[2019.10.28-11.14.57:466][  0]LogConfig: Setting CVar [[r.EmitterSpawnRateScale:1.0]]
[2019.10.28-11.14.57:466][  0]LogConfig: Setting CVar [[r.ParticleLightQuality:2]]
[2019.10.28-11.14.57:466][  0]LogConfig: Applying CVar settings from Section [FoliageQuality@3] File [C:/Users/zacka/Desktop/EasyQuest/RPGGame 4.23/Saved/Config/Windows/Scalability.ini]
[2019.10.28-11.14.57:466][  0]LogConfig: Setting CVar [[foliage.DensityScale:1.0]]
[2019.10.28-11.14.57:466][  0]LogConfig: Setting CVar [[grass.DensityScale:1.0]]
[2019.10.28-11.14.57:466][  0]LogInit: Selected Device Profile: [Windows]
[2019.10.28-11.14.57:466][  0]LogInit: Applying CVar settings loaded from the selected device profile: [Windows]
[2019.10.28-11.14.57:492][  0]LogHAL: Display: Platform has ~ 16 GB [17108226048 / 17179869184 / 16], which maps to Larger [LargestMinGB=32, LargerMinGB=12, DefaultMinGB=8, SmallerMinGB=6, SmallestMinGB=0)
[2019.10.28-11.14.57:492][  0]LogInit: Going up to parent DeviceProfile []
[2019.10.28-11.14.57:492][  0]LogConfig: Applying CVar settings from Section [ViewDistanceQuality@3] File [C:/Users/zacka/Desktop/EasyQuest/RPGGame 4.23/Saved/Config/Windows/Scalability.ini]
[2019.10.28-11.14.57:492][  0]LogConfig: Setting CVar [[r.SkeletalMeshLODBias:0]]
[2019.10.28-11.14.57:492][  0]LogConfig: Setting CVar [[r.ViewDistanceScale:1.0]]
[2019.10.28-11.14.57:492][  0]LogConfig: Applying CVar settings from Section [AntiAliasingQuality@3] File [C:/Users/zacka/Desktop/EasyQuest/RPGGame 4.23/Saved/Config/Windows/Scalability.ini]
[2019.10.28-11.14.57:492][  0]LogConfig: Setting CVar [[r.PostProcessAAQuality:4]]
[2019.10.28-11.14.57:492][  0]LogConfig: Applying CVar settings from Section [ShadowQuality@3] File [C:/Users/zacka/Desktop/EasyQuest/RPGGame 4.23/Saved/Config/Windows/Scalability.ini]
[2019.10.28-11.14.57:492][  0]LogConfig: Setting CVar [[r.LightFunctionQuality:1]]
[2019.10.28-11.14.57:492][  0]LogConfig: Setting CVar [[r.ShadowQuality:5]]
[2019.10.28-11.14.57:492][  0]LogConfig: Setting CVar [[r.Shadow.CSM.MaxCascades:10]]
[2019.10.28-11.14.57:492][  0]LogConfig: Setting CVar [[r.Shadow.MaxResolution:2048]]
[2019.10.28-11.14.57:492][  0]LogConfig: Setting CVar [[r.Shadow.MaxCSMResolution:2048]]
[2019.10.28-11.14.57:492][  0]LogConfig: Setting CVar [[r.Shadow.RadiusThreshold:0.01]]
[2019.10.28-11.14.57:492][  0]LogConfig: Setting CVar [[r.Shadow.DistanceScale:1.0]]
[2019.10.28-11.14.57:492][  0]LogConfig: Setting CVar [[r.Shadow.CSM.TransitionScale:1.0]]
[2019.10.28-11.14.57:492][  0]LogConfig: Setting CVar [[r.Shadow.PreShadowResolutionFactor:1.0]]
[2019.10.28-11.14.57:492][  0]LogConfig: Setting CVar [[r.DistanceFieldShadowing:1]]
[2019.10.28-11.14.57:492][  0]LogConfig: Setting CVar [[r.DistanceFieldAO:1]]
[2019.10.28-11.14.57:492][  0]LogConfig: Setting CVar [[r.AOQuality:2]]
[2019.10.28-11.14.57:492][  0]LogConfig: Setting CVar [[r.VolumetricFog:1]]
[2019.10.28-11.14.57:492][  0]LogConfig: Setting CVar [[r.VolumetricFog.GridPixelSize:8]]
[2019.10.28-11.14.57:492][  0]LogConfig: Setting CVar [[r.VolumetricFog.GridSizeZ:128]]
[2019.10.28-11.14.57:492][  0]LogConfig: Setting CVar [[r.VolumetricFog.HistoryMissSupersampleCount:4]]
[2019.10.28-11.14.57:492][  0]LogConfig: Setting CVar [[r.LightMaxDrawDistanceScale:1]]
[2019.10.28-11.14.57:492][  0]LogConfig: Setting CVar [[r.CapsuleShadows:1]]
[2019.10.28-11.14.57:492][  0]LogConfig: Applying CVar settings from Section [PostProcessQuality@3] File [C:/Users/zacka/Desktop/EasyQuest/RPGGame 4.23/Saved/Config/Windows/Scalability.ini]
[2019.10.28-11.14.57:492][  0]LogConfig: Setting CVar [[r.MotionBlurQuality:4]]
[2019.10.28-11.14.57:492][  0]LogConfig: Setting CVar [[r.AmbientOcclusionMipLevelFactor:0.4]]
[2019.10.28-11.14.57:492][  0]LogConfig: Setting CVar [[r.AmbientOcclusionMaxQuality:100]]
[2019.10.28-11.14.57:492][  0]LogConfig: Setting CVar [[r.AmbientOcclusionLevels:-1]]
[2019.10.28-11.14.57:492][  0]LogConfig: Setting CVar [[r.AmbientOcclusionRadiusScale:1.0]]
[2019.10.28-11.14.57:492][  0]LogConfig: Setting CVar [[r.DepthOfFieldQuality:2]]
[2019.10.28-11.14.57:492][  0]LogConfig: Setting CVar [[r.RenderTargetPoolMin:400]]
[2019.10.28-11.14.57:492][  0]LogConfig: Setting CVar [[r.LensFlareQuality:2]]
[2019.10.28-11.14.57:492][  0]LogConfig: Setting CVar [[r.SceneColorFringeQuality:1]]
[2019.10.28-11.14.57:492][  0]LogConfig: Setting CVar [[r.EyeAdaptationQuality:2]]
[2019.10.28-11.14.57:492][  0]LogConfig: Setting CVar [[r.BloomQuality:5]]
[2019.10.28-11.14.57:492][  0]LogConfig: Setting CVar [[r.FastBlurThreshold:100]]
[2019.10.28-11.14.57:492][  0]LogConfig: Setting CVar [[r.Upscale.Quality:3]]
[2019.10.28-11.14.57:492][  0]LogConfig: Setting CVar [[r.Tonemapper.GrainQuantization:1]]
[2019.10.28-11.14.57:492][  0]LogConfig: Setting CVar [[r.LightShaftQuality:1]]
[2019.10.28-11.14.57:492][  0]LogConfig: Setting CVar [[r.Filter.SizeScale:1]]
[2019.10.28-11.14.57:493][  0]LogConfig: Setting CVar [[r.Tonemapper.Quality:5]]
[2019.10.28-11.14.57:493][  0]LogConfig: Setting CVar [[r.DOF.Gather.AccumulatorQuality:1        ; higher gathering accumulator quality]]
[2019.10.28-11.14.57:493][  0]LogConfig: Setting CVar [[r.DOF.Gather.PostfilterMethod:1          ; Median3x3 postfilering method]]
[2019.10.28-11.14.57:493][  0]LogConfig: Setting CVar [[r.DOF.Gather.EnableBokehSettings:0       ; no bokeh simulation when gathering]]
[2019.10.28-11.14.57:493][  0]LogConfig: Setting CVar [[r.DOF.Gather.RingCount:4                 ; medium number of samples when gathering]]
[2019.10.28-11.14.57:493][  0]LogConfig: Setting CVar [[r.DOF.Scatter.ForegroundCompositing:1    ; additive foreground scattering]]
[2019.10.28-11.14.57:493][  0]LogConfig: Setting CVar [[r.DOF.Scatter.BackgroundCompositing:2    ; additive background scattering]]
[2019.10.28-11.14.57:493][  0]LogConfig: Setting CVar [[r.DOF.Scatter.EnableBokehSettings:1      ; bokeh simulation when scattering]]
[2019.10.28-11.14.57:493][  0]LogConfig: Setting CVar [[r.DOF.Scatter.MaxSpriteRatio:0.1         ; only a maximum of 10% of scattered bokeh]]
[2019.10.28-11.14.57:493][  0]LogConfig: Setting CVar [[r.DOF.Recombine.Quality:1                ; cheap slight out of focus]]
[2019.10.28-11.14.57:493][  0]LogConfig: Setting CVar [[r.DOF.Recombine.EnableBokehSettings:0    ; no bokeh simulation on slight out of focus]]
[2019.10.28-11.14.57:493][  0]LogConfig: Setting CVar [[r.DOF.TemporalAAQuality:1                ; more stable temporal accumulation]]
[2019.10.28-11.14.57:493][  0]LogConfig: Setting CVar [[r.DOF.Kernel.MaxForegroundRadius:0.025]]
[2019.10.28-11.14.57:493][  0]LogConfig: Setting CVar [[r.DOF.Kernel.MaxBackgroundRadius:0.025]]
[2019.10.28-11.14.57:493][  0]LogConfig: Applying CVar settings from Section [TextureQuality@3] File [C:/Users/zacka/Desktop/EasyQuest/RPGGame 4.23/Saved/Config/Windows/Scalability.ini]
[2019.10.28-11.14.57:493][  0]LogConfig: Setting CVar [[r.Streaming.MipBias:0]]
[2019.10.28-11.14.57:493][  0]LogConfig: Setting CVar [[r.Streaming.AmortizeCPUToGPUCopy:0]]
[2019.10.28-11.14.57:493][  0]LogConfig: Setting CVar [[r.Streaming.MaxNumTexturesToStreamPerFrame:0]]
[2019.10.28-11.14.57:493][  0]LogConfig: Setting CVar [[r.Streaming.Boost:1]]
[2019.10.28-11.14.57:493][  0]LogConfig: Setting CVar [[r.MaxAnisotropy:8]]
[2019.10.28-11.14.57:493][  0]LogConfig: Setting CVar [[r.Streaming.LimitPoolSizeToVRAM:0]]
[2019.10.28-11.14.57:493][  0]LogConfig: Setting CVar [[r.Streaming.PoolSize:1000]]
[2019.10.28-11.14.57:493][  0]LogConfig: Setting CVar [[r.Streaming.MaxEffectiveScreenSize:0]]
[2019.10.28-11.14.57:493][  0]LogConfig: Applying CVar settings from Section [EffectsQuality@3] File [C:/Users/zacka/Desktop/EasyQuest/RPGGame 4.23/Saved/Config/Windows/Scalability.ini]
[2019.10.28-11.14.57:493][  0]LogConfig: Setting CVar [[r.TranslucencyLightingVolumeDim:64]]
[2019.10.28-11.14.57:493][  0]LogConfig: Setting CVar [[r.RefractionQuality:2]]
[2019.10.28-11.14.57:493][  0]LogConfig: Setting CVar [[r.SSR.Quality:3]]
[2019.10.28-11.14.57:493][  0]LogConfig: Setting CVar [[r.SceneColorFormat:4]]
[2019.10.28-11.14.57:493][  0]LogConfig: Setting CVar [[r.DetailMode:2]]
[2019.10.28-11.14.57:493][  0]LogConfig: Setting CVar [[r.TranslucencyVolumeBlur:1]]
[2019.10.28-11.14.57:493][  0]LogConfig: Setting CVar [[r.MaterialQualityLevel:1 ; High quality]]
[2019.10.28-11.14.57:493][  0]LogConfig: Setting CVar [[r.SSS.Scale:1]]
[2019.10.28-11.14.57:493][  0]LogConfig: Setting CVar [[r.SSS.SampleSet:2]]
[2019.10.28-11.14.57:493][  0]LogConfig: Setting CVar [[r.SSS.Quality:1]]
[2019.10.28-11.14.57:493][  0]LogConfig: Setting CVar [[r.SSS.HalfRes:1]]
[2019.10.28-11.14.57:493][  0]LogConfig: Setting CVar [[r.EmitterSpawnRateScale:1.0]]
[2019.10.28-11.14.57:493][  0]LogConfig: Setting CVar [[r.ParticleLightQuality:2]]
[2019.10.28-11.14.57:493][  0]LogConfig: Applying CVar settings from Section [FoliageQuality@3] File [C:/Users/zacka/Desktop/EasyQuest/RPGGame 4.23/Saved/Config/Windows/Scalability.ini]
[2019.10.28-11.14.57:493][  0]LogConfig: Setting CVar [[foliage.DensityScale:1.0]]
[2019.10.28-11.14.57:493][  0]LogConfig: Setting CVar [[grass.DensityScale:1.0]]
[2019.10.28-11.14.57:493][  0]LogConfig: Applying CVar settings from Section [Startup] File [../../../Engine/Config/ConsoleVariables.ini]
[2019.10.28-11.14.57:493][  0]LogConfig: Setting CVar [[net.UseAdaptiveNetUpdateFrequency:0]]
[2019.10.28-11.14.57:493][  0]LogConfig: Setting CVar [[p.chaos.AllowCreatePhysxBodies:1]]
[2019.10.28-11.14.57:493][  0]LogConfig: Applying CVar settings from Section [ConsoleVariables] File [C:/Users/zacka/Desktop/EasyQuest/RPGGame 4.23/Saved/Config/Windows/Engine.ini]
[2019.10.28-11.14.57:494][  0]LogInit: Computer: DESKTOP-96N3U1H
[2019.10.28-11.14.57:494][  0]LogInit: User: zacka
[2019.10.28-11.14.57:494][  0]LogInit: CPU Page size=4096, Cores=8
[2019.10.28-11.14.57:494][  0]LogInit: High frequency timer resolution =10.000000 MHz
[2019.10.28-11.14.57:494][  0]LogMemory: Memory total: Physical=15.9GB (16GB approx)
[2019.10.28-11.14.57:494][  0]LogMemory: Platform Memory Stats for Windows
[2019.10.28-11.14.57:494][  0]LogMemory: Process Physical Memory: 102.86 MB used, 102.86 MB peak
[2019.10.28-11.14.57:494][  0]LogMemory: Process Virtual Memory: 100.86 MB used, 100.86 MB peak
[2019.10.28-11.14.57:494][  0]LogMemory: Physical Memory: 6892.54 MB used,  9423.14 MB free, 16315.68 MB total
[2019.10.28-11.14.57:494][  0]LogMemory: Virtual Memory: 4687.20 MB used,  134213040.00 MB free, 134217728.00 MB total
[2019.10.28-11.14.57:502][  0]LogWindows: WindowsPlatformFeatures enabled
[2019.10.28-11.14.57:863][  0]LogInit: Using OS detected language (en-US).
[2019.10.28-11.14.57:863][  0]LogInit: Using OS detected locale (en-AU).
[2019.10.28-11.14.57:896][  0]LogTextLocalizationManager: No specific localization for 'en-US' exists, so the 'en' localization will be used.
[2019.10.28-11.14.58:456][  0]LogInit: Setting process to per monitor DPI aware
[2019.10.28-11.14.58:729][  0]LogSlate: New Slate User Created.  User Index 0, Is Virtual User: 0
[2019.10.28-11.14.58:729][  0]LogSlate: Slate User Registered.  User Index 0, Is Virtual User: 0
[2019.10.28-11.14.59:359][  0]LogHMD: Failed to initialize OpenVR with code 110
[2019.10.28-11.14.59:359][  0]LogD3D11RHI: D3D11 adapters:
[2019.10.28-11.14.59:437][  0]LogD3D11RHI:    0. 'NVIDIA GeForce GTX 1070' (Feature Level 11_0)
[2019.10.28-11.14.59:437][  0]LogD3D11RHI:       8088/0/8157 MB DedicatedVideo/DedicatedSystem/SharedSystem, Outputs:3, VendorId:0x10de
[2019.10.28-11.14.59:440][  0]LogD3D11RHI:    1. 'Microsoft Basic Render Driver' (Feature Level 11_0)
[2019.10.28-11.14.59:441][  0]LogD3D11RHI:       0/0/8157 MB DedicatedVideo/DedicatedSystem/SharedSystem, Outputs:0, VendorId:0x1414
[2019.10.28-11.14.59:441][  0]LogD3D11RHI: Chosen D3D11 Adapter: 0
[2019.10.28-11.14.59:451][  0]LogD3D11RHI: Creating new Direct3DDevice
[2019.10.28-11.14.59:451][  0]LogD3D11RHI:     GPU DeviceId: 0x1b81 (for the marketing name, search the web for "GPU Device Id")
[2019.10.28-11.14.59:451][  0]LogWindows: EnumDisplayDevices:
[2019.10.28-11.14.59:451][  0]LogWindows:    0. 'NVIDIA GeForce GTX 1070' (P:0 D:1)
[2019.10.28-11.14.59:452][  0]LogWindows:    1. 'NVIDIA GeForce GTX 1070' (P:0 D:1)
[2019.10.28-11.14.59:452][  0]LogWindows:    2. 'NVIDIA GeForce GTX 1070' (P:1 D:1)
[2019.10.28-11.14.59:452][  0]LogWindows:    3. 'NVIDIA GeForce GTX 1070' (P:0 D:0)
[2019.10.28-11.14.59:452][  0]LogWindows: DebugString: FoundDriverCount:4 
[2019.10.28-11.14.59:452][  0]LogD3D11RHI:     Adapter Name: NVIDIA GeForce GTX 1070
[2019.10.28-11.14.59:452][  0]LogD3D11RHI:   Driver Version: 440.97 (internal:26.21.14.4097, unified:440.97)
[2019.10.28-11.14.59:452][  0]LogD3D11RHI:      Driver Date: 10-16-2019
[2019.10.28-11.14.59:452][  0]LogRHI: Texture pool is 5661 MB (70% of 8088 MB)
[2019.10.28-11.14.59:503][  0]LogD3D11RHI: Async texture creation enabled
[2019.10.28-11.14.59:515][  0]LogD3D11RHI: GPU Timing Frequency: 1000.000000 (Debug: 2 1)
[2019.10.28-11.15.00:059][  0]LogTemp: Display: Module 'AllDesktopTargetPlatform' loaded TargetPlatform 'AllDesktop'
[2019.10.28-11.15.00:086][  0]LogTemp: Display: Module 'MacClientTargetPlatform' loaded TargetPlatform 'MacClient'
[2019.10.28-11.15.00:099][  0]LogTemp: Display: Module 'MacNoEditorTargetPlatform' loaded TargetPlatform 'MacNoEditor'
[2019.10.28-11.15.00:112][  0]LogTemp: Display: Module 'MacServerTargetPlatform' loaded TargetPlatform 'MacServer'
[2019.10.28-11.15.00:148][  0]LogTemp: Display: Module 'MacTargetPlatform' loaded TargetPlatform 'Mac'
[2019.10.28-11.15.00:171][  0]LogTemp: Display: Module 'WindowsClientTargetPlatform' loaded TargetPlatform 'WindowsClient'
[2019.10.28-11.15.00:190][  0]LogTemp: Display: Module 'WindowsNoEditorTargetPlatform' loaded TargetPlatform 'WindowsNoEditor'
[2019.10.28-11.15.00:217][  0]LogTemp: Display: Module 'WindowsServerTargetPlatform' loaded TargetPlatform 'WindowsServer'
[2019.10.28-11.15.00:232][  0]LogTemp: Display: Module 'WindowsTargetPlatform' loaded TargetPlatform 'Windows'
[2019.10.28-11.15.00:287][  0]LogTemp: Display: Module 'AndroidTargetPlatform' loaded TargetPlatform 'Android'
[2019.10.28-11.15.00:287][  0]LogTemp: Display: Module 'AndroidTargetPlatform' loaded TargetPlatform 'Android_ASTC'
[2019.10.28-11.15.00:287][  0]LogTemp: Display: Module 'AndroidTargetPlatform' loaded TargetPlatform 'Android_ATC'
[2019.10.28-11.15.00:287][  0]LogTemp: Display: Module 'AndroidTargetPlatform' loaded TargetPlatform 'Android_DXT'
[2019.10.28-11.15.00:287][  0]LogTemp: Display: Module 'AndroidTargetPlatform' loaded TargetPlatform 'Android_ETC1'
[2019.10.28-11.15.00:287][  0]LogTemp: Display: Module 'AndroidTargetPlatform' loaded TargetPlatform 'Android_ETC1a'
[2019.10.28-11.15.00:287][  0]LogTemp: Display: Module 'AndroidTargetPlatform' loaded TargetPlatform 'Android_ETC2'
[2019.10.28-11.15.00:287][  0]LogTemp: Display: Module 'AndroidTargetPlatform' loaded TargetPlatform 'Android_PVRTC'
[2019.10.28-11.15.00:287][  0]LogTemp: Display: Module 'AndroidTargetPlatform' loaded TargetPlatform 'AndroidClient'
[2019.10.28-11.15.00:287][  0]LogTemp: Display: Module 'AndroidTargetPlatform' loaded TargetPlatform 'Android_ASTCClient'
[2019.10.28-11.15.00:287][  0]LogTemp: Display: Module 'AndroidTargetPlatform' loaded TargetPlatform 'Android_ATCClient'
[2019.10.28-11.15.00:287][  0]LogTemp: Display: Module 'AndroidTargetPlatform' loaded TargetPlatform 'Android_DXTClient'
[2019.10.28-11.15.00:287][  0]LogTemp: Display: Module 'AndroidTargetPlatform' loaded TargetPlatform 'Android_ETC1Client'
[2019.10.28-11.15.00:287][  0]LogTemp: Display: Module 'AndroidTargetPlatform' loaded TargetPlatform 'Android_ETC1aClient'
[2019.10.28-11.15.00:287][  0]LogTemp: Display: Module 'AndroidTargetPlatform' loaded TargetPlatform 'Android_ETC2Client'
[2019.10.28-11.15.00:287][  0]LogTemp: Display: Module 'AndroidTargetPlatform' loaded TargetPlatform 'Android_PVRTCClient'
[2019.10.28-11.15.00:287][  0]LogTemp: Display: Module 'AndroidTargetPlatform' loaded TargetPlatform 'Android_Multi'
[2019.10.28-11.15.00:287][  0]LogTemp: Display: Module 'AndroidTargetPlatform' loaded TargetPlatform 'Android_MultiClient'
[2019.10.28-11.15.00:302][  0]LogTemp: Display: Module 'HTML5TargetPlatform' loaded TargetPlatform 'HTML5'
[2019.10.28-11.15.00:381][  0]LogTemp: Display: Module 'IOSTargetPlatform' loaded TargetPlatform 'IOSClient'
[2019.10.28-11.15.00:382][  0]LogTemp: Display: Module 'IOSTargetPlatform' loaded TargetPlatform 'IOS'
[2019.10.28-11.15.00:400][  0]LogTemp: Display: Module 'TVOSTargetPlatform' loaded TargetPlatform 'TVOSClient'
[2019.10.28-11.15.00:400][  0]LogTemp: Display: Module 'TVOSTargetPlatform' loaded TargetPlatform 'TVOS'
[2019.10.28-11.15.00:425][  0]LogTemp: Display: Module 'LinuxClientTargetPlatform' loaded TargetPlatform 'LinuxClient'
[2019.10.28-11.15.00:435][  0]LogTemp: Display: Module 'LinuxNoEditorTargetPlatform' loaded TargetPlatform 'LinuxNoEditor'
[2019.10.28-11.15.00:446][  0]LogTemp: Display: Module 'LinuxServerTargetPlatform' loaded TargetPlatform 'LinuxServer'
[2019.10.28-11.15.00:459][  0]LogTemp: Display: Module 'LinuxTargetPlatform' loaded TargetPlatform 'Linux'
[2019.10.28-11.15.00:501][  0]LogTemp: Display: Module 'LuminTargetPlatform' loaded TargetPlatform 'Lumin'
[2019.10.28-11.15.00:501][  0]LogTemp: Display: Module 'LuminTargetPlatform' loaded TargetPlatform 'LuminClient'
[2019.10.28-11.15.00:502][  0]LogTargetPlatformManager: Display: Building Assets For Windows
[2019.10.28-11.15.00:607][  0]LogAudioDebug: Display: Lib vorbis DLL was dynamically loaded.
[2019.10.28-11.15.00:996][  0]LogShaderCompilers: Guid format shader working directory is 1 characters bigger than the processId version (C:/Users/zacka/Desktop/EasyQuest/RPGGame 4.23/Intermediate/Shaders/WorkingDirectory/1288/).
[2019.10.28-11.15.00:996][  0]LogShaderCompilers: Cleaned the shader compiler working directory 'C:/Users/zacka/AppData/Local/Temp/UnrealShaderWorkingDir/F9C90AE24B05FB956F88F5B4C9898C62/'.
[2019.10.28-11.15.00:999][  0]LogXGEController: Cannot use XGE Controller as Incredibuild is not installed on this machine.
[2019.10.28-11.15.00:999][  0]LogShaderCompilers: Cannot use XGE Shader Compiler as Incredibuild is not installed on this machine.
[2019.10.28-11.15.00:999][  0]LogShaderCompilers: Display: Using Local Shader Compiler.
[2019.10.28-11.15.01:986][  0]LogDerivedDataCache: Display: Max Cache Size: 512 MB
[2019.10.28-11.15.02:098][  0]LogDerivedDataCache: Loaded boot cache 0.11s 73MB C:/Users/zacka/AppData/Local/UnrealEngine/4.23/DerivedDataCache/Boot.ddc.
[2019.10.28-11.15.02:098][  0]LogDerivedDataCache: Display: Loaded Boot cache: C:/Users/zacka/AppData/Local/UnrealEngine/4.23/DerivedDataCache/Boot.ddc
[2019.10.28-11.15.02:099][  0]LogDerivedDataCache: FDerivedDataBackendGraph:  Pak pak cache file C:/Users/zacka/Desktop/EasyQuest/RPGGame 4.23/DerivedDataCache/DDC.ddp not found, will not use a pak cache.
[2019.10.28-11.15.02:099][  0]LogDerivedDataCache: Unable to find inner node Pak for hierarchical cache Hierarchy.
[2019.10.28-11.15.02:099][  0]LogDerivedDataCache: FDerivedDataBackendGraph:  CompressedPak pak cache file C:/Users/zacka/Desktop/EasyQuest/RPGGame 4.23/DerivedDataCache/Compressed.ddp not found, will not use a pak cache.
[2019.10.28-11.15.02:099][  0]LogDerivedDataCache: Unable to find inner node CompressedPak for hierarchical cache Hierarchy.
[2019.10.28-11.15.02:137][  0]LogDerivedDataCache: Display: Pak cache opened for reading ../../../Engine/DerivedDataCache/Compressed.ddp.
[2019.10.28-11.15.02:137][  0]LogDerivedDataCache: FDerivedDataBackendGraph:  EnterprisePak pak cache file ../../../Enterprise/DerivedDataCache/Compressed.ddp not found, will not use a pak cache.
[2019.10.28-11.15.02:137][  0]LogDerivedDataCache: Unable to find inner node EnterprisePak for hierarchical cache Hierarchy.
[2019.10.28-11.15.02:138][  0]LogDerivedDataCache: Using Local data cache path C:/Users/zacka/AppData/Local/UnrealEngine/Common/DerivedDataCache: Writable
[2019.10.28-11.15.02:138][  0]LogDerivedDataCache: Shared data cache path not found in *engine.ini, will not use an Shared cache.
[2019.10.28-11.15.02:138][  0]LogDerivedDataCache: Unable to find inner node Shared for hierarchical cache Hierarchy.
[2019.10.28-11.15.02:158][  0]LogMaterial: Verifying Global Shaders for PCD3D_SM5
[2019.10.28-11.15.02:161][  0]LogSlate: Using FreeType 2.6.0
[2019.10.28-11.15.02:200][  0]LogSlate: SlateFontServices - WITH_FREETYPE: 1, WITH_HARFBUZZ: 1
[2019.10.28-11.15.02:688][  0]LogAssetRegistry: FAssetRegistry took 0.0110 seconds to start up
[2019.10.28-11.15.03:707][  0]LogInit: Selected Device Profile: [Windows]
[2019.10.28-11.15.04:658][  0]LogMeshReduction: Using QuadricMeshReduction for automatic static mesh reduction
[2019.10.28-11.15.04:658][  0]LogMeshReduction: Using SimplygonMeshReduction for automatic skeletal mesh reduction
[2019.10.28-11.15.04:659][  0]LogMeshReduction: Using ProxyLODMeshReduction for automatic mesh merging
[2019.10.28-11.15.04:659][  0]LogMeshReduction: No distributed automatic mesh merging module available
[2019.10.28-11.15.04:659][  0]LogMeshMerging: No distributed automatic mesh merging module available
[2019.10.28-11.15.04:750][  0]LogNetVersion: RPGGame 1.0.0, NetCL: 8386587, EngineNetVer: 11, GameNetVer: 0 (Checksum: 3579892519)
[2019.10.28-11.15.06:184][  0]LogPackageLocalizationCache: Processed 12 localized package path(s) for 1 prioritized culture(s) in 0.044796 seconds
[2019.10.28-11.15.06:192][  0]LogUObjectArray: 43444 objects as part of root set at end of initial load.
[2019.10.28-11.15.06:193][  0]LogUObjectAllocator: 7548648 out of 0 bytes used by permanent object pool.
[2019.10.28-11.15.06:193][  0]LogUObjectArray: CloseDisregardForGC: 0/0 objects in disregard for GC pool
[2019.10.28-11.15.11:392][  0]LogTcpMessaging: Initializing TcpMessaging bridge
[2019.10.28-11.15.11:417][  0]LogUdpMessaging: Initializing bridge on interface 0.0.0.0:0 to multicast group 230.0.0.1:6666.
[2019.10.28-11.15.11:827][  0]SourceControl: Source control is disabled
[2019.10.28-11.15.11:828][  0]LogWindows: Warning: CreateProc failed: The system cannot find the file specified. (0x00000002)
[2019.10.28-11.15.11:828][  0]LogWindows: Warning: URL: C:/Program Files/Git/bin/git.exe version
[2019.10.28-11.15.11:828][  0]LogWindows: Warning: CreateProc failed: The system cannot find the file specified. (0x00000002)
[2019.10.28-11.15.11:828][  0]LogWindows: Warning: URL: C:/Program Files (x86)/Git/bin/git.exe version
[2019.10.28-11.15.11:828][  0]LogWindows: Warning: CreateProc failed: The system cannot find the file specified. (0x00000002)
[2019.10.28-11.15.11:828][  0]LogWindows: Warning: URL: C:\Users\zacka\AppData\Local/Programs/Git/cmd/git.exe version
[2019.10.28-11.15.11:829][  0]LogWindows: Warning: CreateProc failed: The system cannot find the file specified. (0x00000002)
[2019.10.28-11.15.11:829][  0]LogWindows: Warning: URL: C:/Program Files (x86)/SmartGit/git/bin/git.exe version
[2019.10.28-11.15.11:829][  0]LogWindows: Warning: CreateProc failed: The system cannot find the file specified. (0x00000002)
[2019.10.28-11.15.11:829][  0]LogWindows: Warning: URL: C:/Program Files (x86)/SmartGit/bin/git.exe version
[2019.10.28-11.15.13:255][  0]LogAndroidPermission: UAndroidPermissionCallbackProxy::GetInstance
[2019.10.28-11.15.13:878][  0]LogOcInput: OculusInput pre-init called
[2019.10.28-11.15.13:912][  0]LogWindows: Failed to load 'OVRPlugin.dll' (GetLastError=126)
[2019.10.28-11.15.13:912][  0]LogWindows: File 'OVRPlugin.dll' does not exist
[2019.10.28-11.15.14:309][  0]LogEngine: Initializing Engine...
[2019.10.28-11.15.14:310][  0]LogHMD: Failed to initialize OpenVR with code 110
[2019.10.28-11.15.14:324][  0]LogStats: UGameplayTagsManager::InitializeManager -  0.013 s
[2019.10.28-11.15.14:824][  0]LogInit: Initializing FReadOnlyCVARCache
[2019.10.28-11.15.14:884][  0]LogAIModule: Creating AISystem for world Untitled
[2019.10.28-11.15.14:925][  0]LogInit: XAudio2 using 'Speakers (2- RIG 800HX)' : 2 channels at 48 kHz using 24 bits per sample (channel mask 0x3)
[2019.10.28-11.15.14:949][  0]LogInit: FAudioDevice initialized.
[2019.10.28-11.15.14:949][  0]LogNetVersion: Set ProjectVersion to 1.0.0.0. Version Checksum will be recalculated on next use.
[2019.10.28-11.15.15:062][  0]LogDerivedDataCache: Saved boot cache 0.11s 73MB C:/Users/zacka/AppData/Local/UnrealEngine/4.23/DerivedDataCache/Boot.ddc.
[2019.10.28-11.15.15:064][  0]LogInit: Texture streaming: Enabled
[2019.10.28-11.15.15:132][  0]LogEngineSessionManager: EngineSessionManager initialized
[2019.10.28-11.15.15:275][  0]LogInit: Transaction tracking system initialized
[2019.10.28-11.15.15:536][  0]BlueprintLog: New page: Editor Load
[2019.10.28-11.15.16:076][  0]LocalizationService: Localization service is disabled
[2019.10.28-11.15.17:621][  0]LogCook: Display: Max memory allowance for cook 16384mb min free memory 0mb
[2019.10.28-11.15.17:621][  0]LogCook: Display: Mobile HDR setting 1
[2019.10.28-11.15.17:982][  0]LogFileCache: Scanning file cache for directory 'C:/Users/zacka/Desktop/EasyQuest/RPGGame 4.23/Content/' took 0.06s
[2019.10.28-11.15.20:092][  0]Cmd: MAP LOAD FILE="C:/Users/zacka/Desktop/EasyQuest/RPGGame 4.23/Content/ThirdPersonBP/Maps/ThirdPersonExampleMap.umap" TEMPLATE=0 SHOWPROGRESS=1 FEATURELEVEL=3
[2019.10.28-11.15.20:130][  0]LogSlate: Took 0.016242 seconds to synchronously load lazily loaded font '../../../Engine/Content/Slate/Fonts/Roboto-Regular.ttf' (155K)
[2019.10.28-11.15.24:569][  0]LogSlate: Window 'Message' being destroyed
[2019.10.28-11.15.24:569][  0]LogWindowsTextInputMethodSystem: Display: IME system now deactivated.
[2019.10.28-11.15.24:627][  0]LightingResults: New page: Lighting Build
[2019.10.28-11.15.24:646][  0]LogWorld: UWorld::CleanupWorld for Untitled, bSessionEnded=true, bCleanupResources=true
[2019.10.28-11.15.24:646][  0]MapCheck: New page: Map Check
[2019.10.28-11.15.24:646][  0]LightingResults: New page: Lighting Build
[2019.10.28-11.15.24:680][  0]LogUObjectHash: Compacting FUObjectHashTables data took   1.57ms
[2019.10.28-11.15.24:690][  0]LogAIModule: Creating AISystem for world Untitled
[2019.10.28-11.15.24:693][  0]LoadErrors: New page: New Map
[2019.10.28-11.15.24:773][  0]LogWindowsTextInputMethodSystem: Display: IME system now deactivated.
[2019.10.28-11.15.24:970][  0]LogSlate: Updating window title bar state: overlay mode, drag disabled, window buttons hidden, title bar hidden
[2019.10.28-11.15.24:977][  0]LogSlate: Updating window title bar state: overlay mode, drag disabled, window buttons hidden, title bar hidden
[2019.10.28-11.15.24:984][  0]LogSlate: Updating window title bar state: overlay mode, drag disabled, window buttons hidden, title bar hidden
[2019.10.28-11.15.24:990][  0]LogSlate: Updating window title bar state: overlay mode, drag disabled, window buttons hidden, title bar hidden
[2019.10.28-11.15.25:030][  0]LogCollectionManager: Loaded 0 collections in 0.002214 seconds
[2019.10.28-11.15.25:052][  0]LogFileCache: Scanning file cache for directory 'C:/Users/zacka/Desktop/EasyQuest/RPGGame 4.23/Saved/Collections/' took 0.00s
[2019.10.28-11.15.25:052][  0]LogFileCache: Scanning file cache for directory 'C:/Users/zacka/Desktop/EasyQuest/RPGGame 4.23/Content/Developers/zacka/Collections/' took 0.00s
[2019.10.28-11.15.25:052][  0]LogFileCache: Scanning file cache for directory 'C:/Users/zacka/Desktop/EasyQuest/RPGGame 4.23/Content/Collections/' took 0.00s
[2019.10.28-11.15.25:052][  0]LogCollectionManager: Rebuilt the GUID cache for 0 collections in 0.000001 seconds
[2019.10.28-11.15.25:061][  0]LogContentBrowser: Native class hierarchy populated in 0.0083 seconds. Added 2863 classes and 680 folders.
[2019.10.28-11.15.25:078][  0]LogContentBrowser: Native class hierarchy updated for 'WidgetCarousel' in 0.0002 seconds. Added 0 classes and 0 folders.
[2019.10.28-11.15.25:930][  0]LogContentBrowser: Native class hierarchy updated for 'AddContentDialog' in 0.0002 seconds. Added 0 classes and 0 folders.
[2019.10.28-11.15.25:962][  0]LogContentBrowser: Native class hierarchy updated for 'SceneOutliner' in 0.0003 seconds. Added 1 classes and 2 folders.
[2019.10.28-11.15.26:100][  0]LogSlate: Took 0.030331 seconds to synchronously load lazily loaded font '../../../Engine/Content/Slate/Fonts/Roboto-Bold.ttf' (160K)
[2019.10.28-11.15.26:122][  0]LogSlate: Took 0.018097 seconds to synchronously load lazily loaded font '../../../Engine/Content/Editor/Slate/Fonts/FontAwesome.ttf' (139K)
[2019.10.28-11.15.26:254][  0]LogRenderer: Reallocating scene render targets to support 2108x856 Format 10 NumSamples 1 (Frame:1).
[2019.10.28-11.15.26:383][  0]LogContentBrowser: Native class hierarchy updated for 'HierarchicalLODOutliner' in 0.0003 seconds. Added 0 classes and 0 folders.
[2019.10.28-11.15.26:383][  0]LogLoad: (Engine Initialization) Total time: 37.63 seconds
[2019.10.28-11.15.26:383][  0]LogLoad: (Engine Initialization) Total Blueprint compile time: 0.00 seconds
[2019.10.28-11.15.26:466][  0]LogContentStreaming: Texture pool size now 1000 MB
[2019.10.28-11.15.27:115][ 12]LogAssetRegistry: Asset discovery search completed in 24.4284 seconds
[2019.10.28-11.15.27:118][ 12]LogCollectionManager: Rebuilt the object cache for 0 collections in 0.000003 seconds (found 0 objects)
[2019.10.28-11.15.27:118][ 12]LogCollectionManager: Fixed up redirectors for 0 collections in 0.000041 seconds (updated 0 objects)
[2019.10.28-11.15.27:411][ 45]LogSlate: Took 0.000328 seconds to synchronously load lazily loaded font '../../../Engine/Content/Slate/Fonts/Roboto-Light.ttf' (167K)
[2019.10.28-11.15.27:801][ 89]LogSlate: FSceneViewport::OnFocusLost() reason 5
[2019.10.28-11.15.29:051][237]LogSlate: FSceneViewport::OnFocusLost() reason 5
[2019.10.28-11.15.30:263][379]LogSlate: Took 0.000345 seconds to synchronously load lazily loaded font '../../../Engine/Content/Slate/Fonts/Roboto-Light.ttf' (167K)
[2019.10.28-11.15.33:685][790]LogSlate: Window 'Open Level' being destroyed
[2019.10.28-11.15.34:408][875]LogSlate: FSceneViewport::OnFocusLost() reason 5
[2019.10.28-11.15.39:799][516]LogSlate: FSceneViewport::OnFocusLost() reason 5
[2019.10.28-11.15.46:621][185]LogPackageName: Warning: Asset path "FX_Meshes.UI.SM_SelectionMesh_01" is in short form, which is unsupported and -- even if valid -- resolving it will be really slow.
[2019.10.28-11.15.46:621][185]LogPackageName: Warning: Please consider resaving package in order to speed-up loading.
[2019.10.28-11.15.46:918][185]LogPackageName: SearchForPackageOnDisk took   0.297s, but failed to resolve FX_Meshes.
[2019.10.28-11.15.46:918][185]LogPackageName: Warning: Asset path "FX_Meshes.UI.SM_SelectionMesh_01" could not be resolved.
[2019.10.28-11.15.47:645][185]LogAIModule: Creating AISystem for world ThirdPersonExampleMap
[2019.10.28-11.15.47:695][185]LogSlate: Prevented a slow task dialog from being summoned while a context menu was open
[2019.10.28-11.15.47:695][185]LogAssetEditorManager: Opening Asset editor for World /Game/EasyQuest/ThirdPersonBP/Maps/ThirdPersonExampleMap.ThirdPersonExampleMap
[2019.10.28-11.15.47:735][185]LogUObjectHash: Compacting FUObjectHashTables data took   2.51ms
[2019.10.28-11.15.47:736][185]Cmd: MAP LOAD FILE="C:/Users/zacka/Desktop/EasyQuest/RPGGame 4.23/Content/EasyQuest/ThirdPersonBP/Maps/ThirdPersonExampleMap.umap" TEMPLATE=0 SHOWPROGRESS=1 FEATURELEVEL=3
[2019.10.28-11.15.47:737][185]LightingResults: New page: Lighting Build
[2019.10.28-11.15.47:737][185]LoadErrors: New page: Loading map: ThirdPersonExampleMap.umap
[2019.10.28-11.15.47:737][185]LogWorld: UWorld::CleanupWorld for Untitled, bSessionEnded=true, bCleanupResources=true
[2019.10.28-11.15.47:737][185]MapCheck: New page: Map Check
[2019.10.28-11.15.47:737][185]LightingResults: New page: Lighting Build
[2019.10.28-11.15.47:770][185]LogUObjectHash: Compacting FUObjectHashTables data took   2.51ms
[2019.10.28-11.15.47:895][185]LogEditorServer: Finished looking for orphan Actors (0.000 secs)
[2019.10.28-11.15.47:931][185]LogUObjectHash: Compacting FUObjectHashTables data took   1.65ms
[2019.10.28-11.15.47:953][185]Cmd: MAP CHECKDEP NOCLEARLOG
[2019.10.28-11.15.47:953][185]MapCheck: Map check complete: 0 Error(s), 0 Warning(s), took 0.155ms to complete.
[2019.10.28-11.15.47:953][185]LogFileHelpers: Loading map 'ThirdPersonExampleMap' took 0.217
[2019.10.28-11.15.58:444][402]LogAssetEditorManager: Opening Asset editor for Blueprint /Game/EasyQuest/QuestSystem/Quests/Quest.Quest
[2019.10.28-11.15.58:892][402]LogContentBrowser: Native class hierarchy updated for 'BlueprintGraph' in 0.0005 seconds. Added 121 classes and 0 folders.
[2019.10.28-11.15.59:918][402]LogSlate: Took 0.025743 seconds to synchronously load lazily loaded font '../../../Engine/Content/Slate/Fonts/Roboto-BoldCondensed.ttf' (158K)
[2019.10.28-11.16.11:598][417]LogSlate: Took 0.371876 seconds to synchronously load lazily loaded font '../../../Engine/Content/Slate/Fonts/Roboto-Italic.ttf' (157K)
[2019.10.28-11.16.39:085][202]LogSlate: Window 'Message' being destroyed
[2019.10.28-11.16.39:090][202]LogSlate: Window 'Save Level As' being destroyed
[2019.10.28-11.16.39:159][202]LogUObjectHash: Compacting FUObjectHashTables data took   3.31ms
[2019.10.28-11.16.39:537][202]LogSavePackage: Moving 'C:/Users/zacka/Desktop/EasyQuest/RPGGame 4.23/Saved/ThirdPersonExampleMapC241F7F44030BD179C75E49BD6704494.tmp' to 'C:/Users/zacka/Desktop/EasyQuest/RPGGame 4.23/Content/EasyQuest/ThirdPersonBP/Maps/ThirdPersonExampleMap.umap'
[2019.10.28-11.16.39:802][202]LogSavePackage: Moving 'C:/Users/zacka/Desktop/EasyQuest/RPGGame 4.23/Saved/ThirdPersonExampleMap_BuiltData3BA09C99473AA67C2212DD85F212519F.tmp' to 'C:/Users/zacka/Desktop/EasyQuest/RPGGame 4.23/Content/EasyQuest/ThirdPersonBP/Maps/ThirdPersonExampleMap_BuiltData.uasset'
[2019.10.28-11.16.39:802][202]LogFileManager: Warning: DeleteFile was unable to delete 'C:/Users/zacka/Desktop/EasyQuest/RPGGame 4.23/Content/EasyQuest/ThirdPersonBP/Maps/ThirdPersonExampleMap_BuiltData.uasset', retrying in .5s...
[2019.10.28-11.16.40:303][202]LogFileManager: Error: Error deleting file 'C:/Users/zacka/Desktop/EasyQuest/RPGGame 4.23/Content/EasyQuest/ThirdPersonBP/Maps/ThirdPersonExampleMap_BuiltData.uasset'.
[2019.10.28-11.16.40:303][202]LogSavePackage: Error: Error saving 'C:/Users/zacka/Desktop/EasyQuest/RPGGame 4.23/Content/EasyQuest/ThirdPersonBP/Maps/ThirdPersonExampleMap_BuiltData.uasset'
[2019.10.28-11.16.46:306][202]LogSlate: Window 'Message' being destroyed
[2019.10.28-11.16.46:313][202]EditorErrors: New page: Save Output
[2019.10.28-11.16.46:313][202]EditorErrors: Warning: Error saving 'C:/Users/zacka/Desktop/EasyQuest/RPGGame 4.23/Content/EasyQuest/ThirdPersonBP/Maps/ThirdPersonExampleMap_BuiltData.uasset'
[2019.10.28-11.16.46:340][202]LogFileHelpers: Saving map 'ThirdPersonExampleMap' took 7.240
[2019.10.28-11.16.46:341][202]Cmd: MAP LOAD FILE="C:/Users/zacka/Desktop/EasyQuest/RPGGame 4.23/Content/EasyQuest/ThirdPersonBP/Maps/ThirdPersonExampleMap.umap" TEMPLATE=0 SHOWPROGRESS=1 FEATURELEVEL=3
[2019.10.28-11.16.46:358][202]LightingResults: New page: Lighting Build
[2019.10.28-11.16.46:359][202]LoadErrors: New page: Loading map: ThirdPersonExampleMap.umap
[2019.10.28-11.16.46:360][202]LogWorld: UWorld::CleanupWorld for ThirdPersonExampleMap, bSessionEnded=true, bCleanupResources=true
[2019.10.28-11.16.46:362][202]MapCheck: New page: Map Check
[2019.10.28-11.16.46:362][202]LightingResults: New page: Lighting Build
[2019.10.28-11.16.46:402][202]LogUObjectHash: Compacting FUObjectHashTables data took   2.85ms
[2019.10.28-11.16.46:457][202]LogAIModule: Creating AISystem for world ThirdPersonExampleMap
[2019.10.28-11.16.46:638][202]LogEditorServer: Finished looking for orphan Actors (0.000 secs)
[2019.10.28-11.16.46:681][202]LogUObjectHash: Compacting FUObjectHashTables data took   2.61ms
[2019.10.28-11.16.46:710][202]Cmd: MAP CHECKDEP NOCLEARLOG
[2019.10.28-11.16.46:710][202]MapCheck: Map check complete: 0 Error(s), 0 Warning(s), took 0.147ms to complete.
[2019.10.28-11.16.46:710][202]LogFileHelpers: Loading map 'ThirdPersonExampleMap' took 0.370
[2019.10.28-11.16.50:460][536]LogSlate: Window 'Message Log' being destroyed
[2019.10.28-11.16.50:466][536]LogSlate: Window 'Message Log' being destroyed
[2019.10.28-11.17.04:996][ 46]LogSlate: Window 'Save Level As' being destroyed
[2019.10.28-11.17.05:080][ 46]LogUObjectHash: Compacting FUObjectHashTables data took   2.74ms
[2019.10.28-11.17.05:254][ 46]LogAIModule: Creating AISystem for world MapAlpha
[2019.10.28-11.17.05:322][ 46]LogUObjectHash: Compacting FUObjectHashTables data took   2.65ms
[2019.10.28-11.17.05:660][ 46]LogSavePackage: Moving 'C:/Users/zacka/Desktop/EasyQuest/RPGGame 4.23/Saved/MapAlpha79D16BC74C019ED8E369F3924311303A.tmp' to 'C:/Users/zacka/Desktop/EasyQuest/RPGGame 4.23/Content/EasyQuest/ThirdPersonBP/Maps/MapAlpha.umap'
[2019.10.28-11.17.06:243][ 46]LogFileHelpers: Saving map 'MapAlpha' took 1.237
[2019.10.28-11.17.06:244][ 46]Cmd: MAP LOAD FILE="C:/Users/zacka/Desktop/EasyQuest/RPGGame 4.23/Content/EasyQuest/ThirdPersonBP/Maps/MapAlpha.umap" TEMPLATE=0 SHOWPROGRESS=1 FEATURELEVEL=3
[2019.10.28-11.17.06:255][ 46]LightingResults: New page: Lighting Build
[2019.10.28-11.17.06:256][ 46]LoadErrors: New page: Loading map: MapAlpha.umap
[2019.10.28-11.17.06:257][ 46]LogWorld: UWorld::CleanupWorld for ThirdPersonExampleMap, bSessionEnded=true, bCleanupResources=true
[2019.10.28-11.17.06:258][ 46]MapCheck: New page: Map Check
[2019.10.28-11.17.06:258][ 46]LightingResults: New page: Lighting Build
[2019.10.28-11.17.06:299][ 46]LogUObjectHash: Compacting FUObjectHashTables data took   2.90ms
[2019.10.28-11.17.06:508][ 46]LogEditorServer: Finished looking for orphan Actors (0.000 secs)
[2019.10.28-11.17.06:549][ 46]LogUObjectHash: Compacting FUObjectHashTables data took   2.51ms
[2019.10.28-11.17.06:579][ 46]Cmd: MAP CHECKDEP NOCLEARLOG
[2019.10.28-11.17.06:579][ 46]MapCheck: Map check complete: 0 Error(s), 0 Warning(s), took 0.135ms to complete.
[2019.10.28-11.17.06:579][ 46]LogFileHelpers: Loading map 'MapAlpha' took 0.336
[2019.10.28-11.17.17:222][929]LogSlate: Window 'Quest' being destroyed
[2019.10.28-11.17.17:227][929]LogSlate: Window 'Quest' being destroyed
[2019.10.28-11.17.17:241][929]LogWorld: UWorld::CleanupWorld for World_3, bSessionEnded=true, bCleanupResources=true
[2019.10.28-11.17.18:897][120]LogAssetEditorManager: Opening Asset editor for Blueprint /Game/EasyQuest/QuestSystem/Quests/Quest.Quest
[2019.10.28-11.32.12:047][408]BlueprintLog: New page: Compile Quest
[2019.10.28-11.32.12:443][408]LogUObjectHash: Compacting FUObjectHashTables data took   5.10ms
[2019.10.28-11.32.15:033][671]Cmd: OBJ SAVEPACKAGE PACKAGE="/Game/EasyQuest/QuestSystem/Quests/Quest" FILE="C:/Users/zacka/Desktop/EasyQuest/RPGGame 4.23/Content/EasyQuest/QuestSystem/Quests/Quest.uasset" SILENT=true
[2019.10.28-11.32.15:324][671]LogSavePackage: Moving 'C:/Users/zacka/Desktop/EasyQuest/RPGGame 4.23/Saved/QuestF7C993614BF0418F54B868B075A24BC3.tmp' to 'C:/Users/zacka/Desktop/EasyQuest/RPGGame 4.23/Content/EasyQuest/QuestSystem/Quests/Quest.uasset'
[2019.10.28-11.32.56:050][601]LogRenderer: Reallocating scene render targets to support 2108x1032 Format 10 NumSamples 1 (Frame:1).
[2019.10.28-11.33.37:347][866]LogUObjectHash: Compacting FUObjectHashTables data took   4.01ms
[2019.10.28-11.33.37:725][866]LogSavePackage: Moving 'C:/Users/zacka/Desktop/EasyQuest/RPGGame 4.23/Saved/MapAlpha_Auto1B669D45542CEA397ECCA3E8DAE2E741A.tmp' to 'C:/Users/zacka/Desktop/EasyQuest/RPGGame 4.23/Saved/Autosaves/Game/EasyQuest/ThirdPersonBP/Maps/MapAlpha_Auto1.umap'
[2019.10.28-11.33.37:729][866]LogFileHelpers: Editor autosave (incl. sublevels) for '/Game/EasyQuest/ThirdPersonBP/Maps/MapAlpha' took 0.440
[2019.10.28-11.33.37:729][866]LogFileHelpers: Editor autosave (incl. sublevels) for all levels took 0.440
[2019.10.28-11.36.58:357][370]MapCheck: New page: Map Check
[2019.10.28-11.36.58:375][370]Cmd: MAP REBUILD ALLVISIBLE
[2019.10.28-11.36.58:375][370]LogEditorServer: Rebuildmap Clear paths rebuilt
[2019.10.28-11.36.58:635][370]LogWorld: UWorld::CleanupWorld for MapAlpha, bSessionEnded=true, bCleanupResources=false
[2019.10.28-11.36.58:689][370]LogUObjectHash: Compacting FUObjectHashTables data took   3.39ms
[2019.10.28-11.36.58:721][370]LogMaterial: Display: Missing cached shader map for material DebugViewMode MaterialTexCoordScale, compiling. 
[2019.10.28-11.36.58:732][370]LogShaderCompilers: Display: Worker (1/13): shaders left to compile 2
[2019.10.28-11.36.58:732][370]LogShaderCompilers: Display: Worker (2/13): shaders left to compile 1
[2019.10.28-11.36.58:732][370]LogMaterial: Display: Missing cached shader map for material DebugViewMode MaterialTexCoordScale, compiling. 
[2019.10.28-11.36.58:740][370]LogMaterial: Display: Missing cached shader map for material DebugViewMode MaterialTexCoordScale, compiling. 
[2019.10.28-11.36.58:747][370]LogMaterial: Display: Missing cached shader map for material DebugViewMode MaterialTexCoordScale, compiling. 
[2019.10.28-11.36.58:755][370]LogShaderCompilers: Display: Worker (3/13): shaders left to compile 6
[2019.10.28-11.36.58:755][370]LogShaderCompilers: Display: Worker (4/13): shaders left to compile 5
[2019.10.28-11.36.58:755][370]LogShaderCompilers: Display: Worker (5/13): shaders left to compile 4
[2019.10.28-11.36.58:755][370]LogShaderCompilers: Display: Worker (6/13): shaders left to compile 3
[2019.10.28-11.36.58:755][370]LogShaderCompilers: Display: Worker (7/13): shaders left to compile 2
[2019.10.28-11.36.58:755][370]LogShaderCompilers: Display: Worker (8/13): shaders left to compile 1
[2019.10.28-11.36.58:755][370]LogMaterial: Display: Missing cached shader map for material DebugViewMode MaterialTexCoordScale, compiling. 
[2019.10.28-11.36.58:763][370]LogMaterial: Display: Missing cached shader map for material DebugViewMode MaterialTexCoordScale, compiling. 
[2019.10.28-11.36.58:771][370]LogMaterial: Display: Missing cached shader map for material DebugViewMode MaterialTexCoordScale, compiling. 
[2019.10.28-11.36.58:783][370]LogMaterial: Display: Missing cached shader map for material DebugViewMode MaterialTexCoordScale, compiling. 
[2019.10.28-11.36.58:791][370]LogMaterial: Display: Missing cached shader map for material DebugViewMode MaterialTexCoordScale, compiling. 
[2019.10.28-11.36.58:803][370]LogMaterial: Display: Missing cached shader map for material DebugViewMode MaterialTexCoordScale, compiling. 
[2019.10.28-11.36.58:813][370]LogShaderCompilers: Display: Worker (9/13): shaders left to compile 12
[2019.10.28-11.36.58:813][370]LogShaderCompilers: Display: Worker (10/13): shaders left to compile 11
[2019.10.28-11.36.58:814][370]LogShaderCompilers: Display: Worker (11/13): shaders left to compile 10
[2019.10.28-11.36.58:814][370]LogShaderCompilers: Display: Worker (12/13): shaders left to compile 9
[2019.10.28-11.36.58:814][370]LogMaterial: Display: Missing cached shader map for material DebugViewMode MaterialTexCoordScale, compiling. 
[2019.10.28-11.36.58:823][370]LogMaterial: Display: Missing cached shader map for material DebugViewMode MaterialTexCoordScale, compiling. 
[2019.10.28-11.36.59:564][370]LogShaderCompilers: Display: Worker (5/13): shaders left to compile 12
[2019.10.28-11.36.59:564][370]LogShaderCompilers: Display: Worker (7/13): shaders left to compile 11
[2019.10.28-11.36.59:564][370]LogShaderCompilers: Display: Worker (2/13): shaders left to compile 10
[2019.10.28-11.36.59:564][370]LogShaderCompilers: Display: Worker (3/13): shaders left to compile 9
[2019.10.28-11.36.59:564][370]LogShaderCompilers: Display: Worker (9/13): shaders left to compile 8
[2019.10.28-11.36.59:564][370]LogShaderCompilers: Display: Worker (1/13): shaders left to compile 7
[2019.10.28-11.36.59:564][370]LogShaderCompilers: Display: Worker (4/13): shaders left to compile 6
[2019.10.28-11.36.59:564][370]LogShaderCompilers: Display: Worker (6/13): shaders left to compile 5
[2019.10.28-11.36.59:564][370]LogShaderCompilers: Display: Worker (8/13): shaders left to compile 4
[2019.10.28-11.36.59:564][370]LogShaderCompilers: Display: Worker (11/13): shaders left to compile 3
[2019.10.28-11.36.59:564][370]LogShaderCompilers: Display: Worker (10/13): shaders left to compile 2
[2019.10.28-11.36.59:564][370]LogShaderCompilers: Display: Worker (12/13): shaders left to compile 1
[2019.10.28-11.36.59:564][370]TextureStreamingBuild: Display: Compiling optional shaders took 0.850 seconds.
[2019.10.28-11.36.59:586][370]LogLevel: Display: Export Material TexCoord Scales took 0.022 seconds.
[2019.10.28-11.36.59:614][370]TextureStreamingBuild: Display: Build Texture Streaming took 0.027 seconds.
[2019.10.28-11.36.59:651][370]LogUObjectHash: Compacting FUObjectHashTables data took   0.96ms
[2019.10.28-11.36.59:652][370]LightingResults: New page: Lighting Build - 29 Oct 2019 9:36:59 am
[2019.10.28-11.36.59:688][370]LogSwarmInterface: [OpenConnection] Registering TCP channel ...
[2019.10.28-11.36.59:779][370]LogSwarmInterface: [OpenConnection] Connecting to agent ...
[2019.10.28-11.36.59:790][370]LogSwarmInterface: [TryOpenConnection] Testing the Agent
[2019.10.28-11.37.00:297][370]LogSwarmInterface: [TryOpenConnection] Opening Connection to Agent
[2019.10.28-11.37.00:297][370]LogSwarmInterface: [TryOpenConnection] Local Process ID is 1288
[2019.10.28-11.37.02:804][370]LogStaticLightingSystem: Running Lightmass w/ ImmediateImport mode ENABLED
[2019.10.28-11.37.02:804][370]LogStaticLightingSystem: Running Lightmass w/ ImmediateProcess mode ENABLED
[2019.10.28-11.37.02:804][370]LogStaticLightingSystem: Running Lightmass w/ Sorting mode ENABLED
[2019.10.28-11.37.02:804][370]LogStaticLightingSystem: Running Lightmass w/ Mapping paddings ENABLED
[2019.10.28-11.37.02:804][370]LogStaticLightingSystem: Running Lightmass w/ Mapping debug paddings DISABLED
[2019.10.28-11.37.03:058][370]LogUObjectHash: Compacting FUObjectHashTables data took   1.00ms
[2019.10.28-11.37.05:903][370]Job is a success!
[2019.10.28-11.37.05:956][370]LogVolumetricLightmapImport: Imported Volumetric Lightmap in 0.014s
[2019.10.28-11.37.05:957][370]LogVolumetricLightmapImport:      Indirection Texture 16x16x16 = 0.0Mb
[2019.10.28-11.37.05:957][370]LogVolumetricLightmapImport:      BrickData 215x5x5 = 0.2Mb (trimmed 0.0Mb due to 0.010000 MinBrickError)
[2019.10.28-11.37.05:957][370]LogVolumetricLightmapImport:      Bricks at Level
[2019.10.28-11.37.05:957][370]LogVolumetricLightmapImport:          0: 2.3% covering 100.0% of volume
[2019.10.28-11.37.05:957][370]LogVolumetricLightmapImport:          1: 9.3% covering 6.3% of volume
[2019.10.28-11.37.05:957][370]LogVolumetricLightmapImport:          2: 88.4% covering 0.9% of volume
[2019.10.28-11.37.06:461][370]LogTexture: Display: Building textures: SkyOcclusion0_1 (AutoDXT, 1024X512)
[2019.10.28-11.37.06:461][370]LogTexture: Display: Building textures: HQ_Lightmap0_1 (AutoDXT, 1024X1024)
[2019.10.28-11.37.06:461][370]LogTexture: Display: Building textures: LQ_Lightmap_0_1 (DXT1, 1024X1024)
[2019.10.28-11.37.06:461][370]LogTexture: Display: Building textures: SkyOcclusion0_2 (AutoDXT, 512X256)
[2019.10.28-11.37.06:461][370]LogTexture: Display: Building textures: SkyOcclusion0_3 (AutoDXT, 64X32)
[2019.10.28-11.37.06:461][370]LogTexture: Display: Building textures: HQ_Lightmap0_2 (AutoDXT, 512X512)
[2019.10.28-11.37.06:461][370]LogTexture: Display: Building textures: LQ_Lightmap_0_2 (DXT1, 512X512)
[2019.10.28-11.37.06:461][370]LogTexture: Display: Building textures: HQ_Lightmap0_3 (AutoDXT, 64X64)
[2019.10.28-11.37.06:461][370]LogTexture: Display: Building textures: LQ_Lightmap_0_3 (DXT1, 64X64)
[2019.10.28-11.37.06:461][370]LogTexture: Display: Building textures: ShadowMapTexture2D_1 (G8, 32X32)
[2019.10.28-11.37.06:461][370]LogTexture: Display: Building textures: ShadowMapTexture2D_0 (G8, 1024X1024)
[2019.10.28-11.37.06:461][370]Lightmass on DESKTOP-96N3U1H: 3.01 sec total, 87 ms importing, 5 ms setup, 635 ms photons, 2.24 sec processing, 0 ms extra exporting [12/12 mappings]. Threads: 33.6 sec total, 4.79 sec processing.
[2019.10.28-11.37.06:461][370]LogStaticLightingSystem: MapAlpha_BuiltData storing lightmap data for 12 meshes in 3 LightmapResourceClusters (4.0 Meshes per cluster).
[2019.10.28-11.37.06:499][370]LogUObjectHash: Compacting FUObjectHashTables data took   0.98ms
[2019.10.28-11.37.06:502][370]LogStaticLightingSystem: Illumination: 6.84 sec (232 ms encoding lightmaps, 191 ms encoding shadowmaps)
[2019.10.28-11.37.06:502][370]LogStaticLightingSystem: Lightmap texture memory:  3.3 MB (3.3 MB streaming, 0.0 MB non-streaming), 6 textures
[2019.10.28-11.37.06:503][370]LogStaticLightingSystem: Shadowmap texture memory: 1.3 MB (1.3 MB streaming, 0.0 MB non-streaming), 2 textures
[2019.10.28-11.37.11:819][370]DumpUnbuiltLightIteractions
[2019.10.28-11.37.11:819][370]Lights with unbuilt interactions: 0
[2019.10.28-11.37.11:819][370]
[2019.10.28-11.37.11:819][370]Primitives with unbuilt interactions: 0
[2019.10.28-11.37.11:864][370]Cmd: MAP CHECK DONTDISPLAYDIALOG
[2019.10.28-11.37.11:864][370]MapCheck: New page: MapAlpha - 29 Oct 2019 9:37:11 am
[2019.10.28-11.37.11:864][370]MapCheck: Map check complete: 0 Error(s), 0 Warning(s), took 0.561ms to complete.
[2019.10.28-11.37.11:866][370]LogEditorBuildUtils: Build time 0:13
[2019.10.28-11.37.11:909][371]Cmd: MAP CHECK NOTIFYRESULTS
[2019.10.28-11.37.11:909][371]MapCheck: New page: MapAlpha - 29 Oct 2019 9:37:11 am
[2019.10.28-11.37.11:910][371]MapCheck: Map check complete: 0 Error(s), 0 Warning(s), took 0.462ms to complete.
[2019.10.28-11.38.54:058][  8]LogSlate: Took 0.020052 seconds to synchronously load lazily loaded font '../../../Engine/Content/Slate/Fonts/Roboto-BoldCondensedItalic.ttf' (160K)
[2019.10.28-11.40.16:715][471]LogUObjectHash: Compacting FUObjectHashTables data took   4.89ms
[2019.10.28-11.40.16:971][471]LogUObjectHash: Compacting FUObjectHashTables data took   0.89ms
[2019.10.28-11.40.17:350][471]LogSavePackage: Moving 'C:/Users/zacka/Desktop/EasyQuest/RPGGame 4.23/Saved/MapAlphaA706AA2F4147C353CD1925AB39456162.tmp' to 'C:/Users/zacka/Desktop/EasyQuest/RPGGame 4.23/Content/EasyQuest/ThirdPersonBP/Maps/MapAlpha.umap'
[2019.10.28-11.40.17:378][471]LogFileHelpers: Saving map 'MapAlpha' took 0.439
[2019.10.28-11.40.17:482][471]LogSavePackage: Moving 'C:/Users/zacka/Desktop/EasyQuest/RPGGame 4.23/Saved/MapAlpha_BuiltDataAB1B20FD4DF4943F0933AEA286EDB28D.tmp' to 'C:/Users/zacka/Desktop/EasyQuest/RPGGame 4.23/Content/EasyQuest/ThirdPersonBP/Maps/MapAlpha_BuiltData.uasset'
[2019.10.28-11.40.17:898][471]Cmd: OBJ SAVEPACKAGE PACKAGE="/Game/EasyQuest/QuestSystem/Quests/Quest" FILE="C:/Users/zacka/Desktop/EasyQuest/RPGGame 4.23/Content/EasyQuest/QuestSystem/Quests/Quest.uasset" SILENT=true
[2019.10.28-11.40.18:201][471]LogSavePackage: Moving 'C:/Users/zacka/Desktop/EasyQuest/RPGGame 4.23/Saved/Quest74AD502743935F02EE056B8AC83B45D7.tmp' to 'C:/Users/zacka/Desktop/EasyQuest/RPGGame 4.23/Content/EasyQuest/QuestSystem/Quests/Quest.uasset'
[2019.10.28-11.40.25:100][133]LogSlate: Window 'Details' being destroyed
[2019.10.28-11.41.17:436][760]BlueprintLog: New page: Compile Quest
[2019.10.28-11.41.17:700][760]LogUObjectHash: Compacting FUObjectHashTables data took   3.79ms
[2019.10.28-11.44.27:138][730]BlueprintLog: New page: Compile Quest
[2019.10.28-11.44.27:418][730]LogUObjectHash: Compacting FUObjectHashTables data took   3.85ms
[2019.10.28-11.44.51:526][307]BlueprintLog: New page: Compile Quest
[2019.10.28-11.44.51:800][307]LogUObjectHash: Compacting FUObjectHashTables data took   4.19ms
[2019.10.28-11.45.07:478][ 60]LogEditorTransaction: Undo Create Pin Link
[2019.10.28-11.45.07:722][ 78]LogEditorTransaction: Undo Create Pin Link
[2019.10.28-11.45.08:104][108]LogEditorTransaction: Undo Create Pin Link
[2019.10.28-11.45.08:432][143]LogEditorTransaction: Undo Add Node
[2019.10.28-11.45.08:781][180]LogEditorTransaction: Undo Delete current selection
[2019.10.28-11.45.11:576][502]LogEditorTransaction: Redo Delete current selection
[2019.10.28-11.45.11:870][533]LogEditorTransaction: Redo Add Node
[2019.10.28-11.45.12:107][557]LogEditorTransaction: Redo Create Pin Link
[2019.10.28-11.45.12:842][640]LogEditorTransaction: Redo Create Pin Link
[2019.10.28-11.45.13:397][702]LogEditorTransaction: Redo Create Pin Link
[2019.10.28-11.45.22:851][751]BlueprintLog: New page: Compile Quest
[2019.10.28-11.45.23:138][751]LogUObjectHash: Compacting FUObjectHashTables data took   3.91ms
[2019.10.28-11.45.26:461][ 85]LogUObjectHash: Compacting FUObjectHashTables data took   4.82ms
[2019.10.28-11.45.26:671][ 85]LogUObjectHash: Compacting FUObjectHashTables data took   0.90ms
[2019.10.28-11.45.27:053][ 85]LogSavePackage: Moving 'C:/Users/zacka/Desktop/EasyQuest/RPGGame 4.23/Saved/MapAlphaE198F4BE494BA0F5B66A4B85E305ECDD.tmp' to 'C:/Users/zacka/Desktop/EasyQuest/RPGGame 4.23/Content/EasyQuest/ThirdPersonBP/Maps/MapAlpha.umap'
[2019.10.28-11.45.27:081][ 85]LogFileHelpers: Saving map 'MapAlpha' took 0.436
[2019.10.28-11.45.27:083][ 85]Cmd: OBJ SAVEPACKAGE PACKAGE="/Game/EasyQuest/QuestSystem/Quests/Quest" FILE="C:/Users/zacka/Desktop/EasyQuest/RPGGame 4.23/Content/EasyQuest/QuestSystem/Quests/Quest.uasset" SILENT=true
[2019.10.28-11.45.27:389][ 85]LogSavePackage: Moving 'C:/Users/zacka/Desktop/EasyQuest/RPGGame 4.23/Saved/Quest9AF58C56429C00238D5E47A420A2C6E3.tmp' to 'C:/Users/zacka/Desktop/EasyQuest/RPGGame 4.23/Content/EasyQuest/QuestSystem/Quests/Quest.uasset'
[2019.10.28-11.45.27:396][ 85]Cmd: OBJ SAVEPACKAGE PACKAGE="/Game/EasyQuest/QuestSystem/Quests/Quest_001" FILE="C:/Users/zacka/Desktop/EasyQuest/RPGGame 4.23/Content/EasyQuest/QuestSystem/Quests/Quest_001.uasset" SILENT=true
[2019.10.28-11.45.27:446][ 85]LogSavePackage: Moving 'C:/Users/zacka/Desktop/EasyQuest/RPGGame 4.23/Saved/Quest_001C0E9F8184D4EB59FF8EA18A81776D1CA.tmp' to 'C:/Users/zacka/Desktop/EasyQuest/RPGGame 4.23/Content/EasyQuest/QuestSystem/Quests/Quest_001.uasset'
[2019.10.28-11.45.27:452][ 85]Cmd: OBJ SAVEPACKAGE PACKAGE="/Game/EasyQuest/QuestSystem/Quests/Quest_002" FILE="C:/Users/zacka/Desktop/EasyQuest/RPGGame 4.23/Content/EasyQuest/QuestSystem/Quests/Quest_002.uasset" SILENT=true
[2019.10.28-11.45.27:488][ 85]LogSavePackage: Moving 'C:/Users/zacka/Desktop/EasyQuest/RPGGame 4.23/Saved/Quest_00279F576424E5B2226A2FA2E8F6BE14BE2.tmp' to 'C:/Users/zacka/Desktop/EasyQuest/RPGGame 4.23/Content/EasyQuest/QuestSystem/Quests/Quest_002.uasset'
[2019.10.28-11.45.27:534][ 85]LogSavePackage: Moving 'C:/Users/zacka/Desktop/EasyQuest/RPGGame 4.23/Saved/Quest_KillAnNPCAB9D092E4D244B1CA60FB4A4F962D9B9.tmp' to 'C:/Users/zacka/Desktop/EasyQuest/RPGGame 4.23/Content/EasyQuest/QuestSystem/Quests/Quest_KillAnNPC.uasset'
[2019.10.28-11.51.47:836][153]BlueprintLog: New page: Compile Quest
[2019.10.28-11.51.48:116][153]LogUObjectHash: Compacting FUObjectHashTables data took   3.92ms
[2019.10.28-11.52.50:867][992]BlueprintLog: New page: Compile Quest
[2019.10.28-11.52.51:143][992]LogUObjectHash: Compacting FUObjectHashTables data took   3.93ms
[2019.10.28-11.54.30:770][949]BlueprintLog: New page: Compile Quest
[2019.10.28-11.54.31:058][949]LogUObjectHash: Compacting FUObjectHashTables data took   3.89ms
[2019.10.28-11.54.32:978][163]LogUObjectHash: Compacting FUObjectHashTables data took   5.08ms
[2019.10.28-11.54.33:186][163]LogUObjectHash: Compacting FUObjectHashTables data took   2.30ms
[2019.10.28-11.54.33:561][163]LogSavePackage: Moving 'C:/Users/zacka/Desktop/EasyQuest/RPGGame 4.23/Saved/MapAlphaB68B430B410F69732FF13E843EEF143B.tmp' to 'C:/Users/zacka/Desktop/EasyQuest/RPGGame 4.23/Content/EasyQuest/ThirdPersonBP/Maps/MapAlpha.umap'
[2019.10.28-11.54.33:588][163]LogFileHelpers: Saving map 'MapAlpha' took 0.437
[2019.10.28-11.54.33:591][163]Cmd: OBJ SAVEPACKAGE PACKAGE="/Game/EasyQuest/QuestSystem/Quests/Quest" FILE="C:/Users/zacka/Desktop/EasyQuest/RPGGame 4.23/Content/EasyQuest/QuestSystem/Quests/Quest.uasset" SILENT=true
[2019.10.28-11.54.33:886][163]LogSavePackage: Moving 'C:/Users/zacka/Desktop/EasyQuest/RPGGame 4.23/Saved/QuestDD074A2C4695F9A3EE41BFA2BDF446DC.tmp' to 'C:/Users/zacka/Desktop/EasyQuest/RPGGame 4.23/Content/EasyQuest/QuestSystem/Quests/Quest.uasset'
[2019.10.28-11.57.41:702][847]BlueprintLog: New page: Compile Quest
[2019.10.28-11.57.41:983][847]LogUObjectHash: Compacting FUObjectHashTables data took   3.95ms
[2019.10.28-11.57.42:865][926]BlueprintLog: New page: Compile Quest
[2019.10.28-11.57.43:137][926]LogUObjectHash: Compacting FUObjectHashTables data took   3.77ms
[2019.10.28-11.57.58:182][559]LogUObjectHash: Compacting FUObjectHashTables data took   3.66ms
[2019.10.28-11.57.58:448][559]LogUObjectHash: Compacting FUObjectHashTables data took   0.90ms
[2019.10.28-11.57.58:808][559]LogSavePackage: Moving 'C:/Users/zacka/Desktop/EasyQuest/RPGGame 4.23/Saved/MapAlpha3807DFEC4047B232BE978386DD4CA7E3.tmp' to 'C:/Users/zacka/Desktop/EasyQuest/RPGGame 4.23/Content/EasyQuest/ThirdPersonBP/Maps/MapAlpha.umap'
[2019.10.28-11.57.58:836][559]LogFileHelpers: Saving map 'MapAlpha' took 0.425
[2019.10.28-11.57.58:838][559]Cmd: OBJ SAVEPACKAGE PACKAGE="/Game/EasyQuest/QuestSystem/Quests/Quest" FILE="C:/Users/zacka/Desktop/EasyQuest/RPGGame 4.23/Content/EasyQuest/QuestSystem/Quests/Quest.uasset" SILENT=true
[2019.10.28-11.57.59:135][559]LogSavePackage: Moving 'C:/Users/zacka/Desktop/EasyQuest/RPGGame 4.23/Saved/Quest82CF0008495526ED36197198BFCB0363.tmp' to 'C:/Users/zacka/Desktop/EasyQuest/RPGGame 4.23/Content/EasyQuest/QuestSystem/Quests/Quest.uasset'
[2019.10.28-11.58.29:797][671]BlueprintLog: New page: Compile Quest
[2019.10.28-11.58.30:067][671]LogUObjectHash: Compacting FUObjectHashTables data took   3.45ms
[2019.10.28-11.58.46:764][504]LogEditorViewport: Clicking on Actor (context menu): TextRenderActor (TextRenderActor)
[2019.10.28-11.58.47:223][504]LogSlate: FSceneViewport::OnFocusLost() reason 5
[2019.10.28-11.58.52:256][ 33]LogSlate: FSceneViewport::OnFocusLost() reason 0
[2019.10.28-11.58.52:306][ 39]LogTemp: Repeating last play command: Selected Viewport
[2019.10.28-11.58.52:329][ 39]LogBlueprintUserMessages: Early PlayInEditor Detection: Level '/Game/EasyQuest/ThirdPersonBP/Maps/MapAlpha.MapAlpha:PersistentLevel' has LevelScriptBlueprint '/Game/EasyQuest/ThirdPersonBP/Maps/MapAlpha.MapAlpha:PersistentLevel.MapAlpha' with GeneratedClass '/Game/EasyQuest/ThirdPersonBP/Maps/MapAlpha.MapAlpha_C' with ClassGeneratedBy '/Game/EasyQuest/ThirdPersonBP/Maps/MapAlpha.MapAlpha:PersistentLevel.MapAlpha'
[2019.10.28-11.58.52:329][ 39]LogPlayLevel: PlayLevel: No blueprints needed recompiling
[2019.10.28-11.58.52:329][ 39]PIE: New page: PIE session: MapAlpha (29 Oct 2019 9:58:52 am)
[2019.10.28-11.58.52:331][ 39]LogOnline: OSS: Creating online subsystem instance for: NULL
[2019.10.28-11.58.52:331][ 39]LogPlayLevel: Creating play world package: /Game/EasyQuest/ThirdPersonBP/Maps/UEDPIE_0_MapAlpha
[2019.10.28-11.58.52:342][ 39]LogPlayLevel: PIE: StaticDuplicateObject took: (0.010471s)
[2019.10.28-11.58.52:343][ 39]LogAIModule: Creating AISystem for world MapAlpha
[2019.10.28-11.58.52:343][ 39]LogPlayLevel: PIE: World Init took: (0.001098s)
[2019.10.28-11.58.52:343][ 39]LogPlayLevel: PIE: Created PIE world by copying editor world from /Game/EasyQuest/ThirdPersonBP/Maps/MapAlpha.MapAlpha to /Game/EasyQuest/ThirdPersonBP/Maps/UEDPIE_0_MapAlpha.MapAlpha (0.011877s)
[2019.10.28-11.58.52:381][ 39]LogUObjectHash: Compacting FUObjectHashTables data took   3.61ms
[2019.10.28-11.58.52:420][ 39]LogInit: XAudio2 using 'Speakers (2- RIG 800HX)' : 2 channels at 48 kHz using 24 bits per sample (channel mask 0x3)
[2019.10.28-11.58.52:435][ 39]LogInit: FAudioDevice initialized.
[2019.10.28-11.58.52:445][ 39]LogLoad: Game class is 'ThirdPersonGameMode_C'
[2019.10.28-11.58.52:449][ 39]LogWorld: Bringing World /Game/EasyQuest/ThirdPersonBP/Maps/UEDPIE_0_MapAlpha.MapAlpha up for play (max tick rate 0) at 2019.10.28-22.58.52
[2019.10.28-11.58.52:451][ 39]LogWorld: Bringing up level for play took: 0.004986
[2019.10.28-11.58.52:451][ 39]LogOnline: OSS: Creating online subsystem instance for: :Context_7
[2019.10.28-11.58.52:468][ 39]LogContentBrowser: Native class hierarchy updated for 'MovieSceneCapture' in 0.0004 seconds. Added 20 classes and 0 folders.
[2019.10.28-11.58.52:473][ 39]PIE: Play in editor start time for /Game/EasyQuest/ThirdPersonBP/Maps/UEDPIE_0_MapAlpha 0.547
[2019.10.28-11.58.52:473][ 39]LogBlueprintUserMessages: Late PlayInEditor Detection: Level '/Game/EasyQuest/ThirdPersonBP/Maps/MapAlpha.MapAlpha:PersistentLevel' has LevelScriptBlueprint '/Game/EasyQuest/ThirdPersonBP/Maps/MapAlpha.MapAlpha:PersistentLevel.MapAlpha' with GeneratedClass '/Game/EasyQuest/ThirdPersonBP/Maps/MapAlpha.MapAlpha_C' with ClassGeneratedBy '/Game/EasyQuest/ThirdPersonBP/Maps/MapAlpha.MapAlpha:PersistentLevel.MapAlpha'
[2019.10.28-11.58.54:292][208]LogBlueprintUserMessages: Early EndPlayMap Detection: Level '/Game/EasyQuest/ThirdPersonBP/Maps/MapAlpha.MapAlpha:PersistentLevel' has LevelScriptBlueprint '/Game/EasyQuest/ThirdPersonBP/Maps/MapAlpha.MapAlpha:PersistentLevel.MapAlpha' with GeneratedClass '/Game/EasyQuest/ThirdPersonBP/Maps/MapAlpha.MapAlpha_C' with ClassGeneratedBy '/Game/EasyQuest/ThirdPersonBP/Maps/MapAlpha.MapAlpha:PersistentLevel.MapAlpha'
[2019.10.28-11.58.54:293][208]LogSlate: Updating window title bar state: overlay mode, drag disabled, window buttons hidden, title bar hidden
[2019.10.28-11.58.54:293][208]LogWorld: BeginTearingDown for /Game/EasyQuest/ThirdPersonBP/Maps/UEDPIE_0_MapAlpha
[2019.10.28-11.58.54:293][208]LogWorld: UWorld::CleanupWorld for MapAlpha, bSessionEnded=true, bCleanupResources=true
[2019.10.28-11.58.54:302][208]LogPlayLevel: Display: Shutting down PIE online subsystems
[2019.10.28-11.58.54:302][208]LogBlueprintUserMessages: Late EndPlayMap Detection: Level '/Game/EasyQuest/ThirdPersonBP/Maps/MapAlpha.MapAlpha:PersistentLevel' has LevelScriptBlueprint '/Game/EasyQuest/ThirdPersonBP/Maps/MapAlpha.MapAlpha:PersistentLevel.MapAlpha' with GeneratedClass '/Game/EasyQuest/ThirdPersonBP/Maps/MapAlpha.MapAlpha_C' with ClassGeneratedBy '/Game/EasyQuest/ThirdPersonBP/Maps/MapAlpha.MapAlpha:PersistentLevel.MapAlpha'
[2019.10.28-11.58.54:344][208]LogSlate: Updating window title bar state: overlay mode, drag disabled, window buttons hidden, title bar hidden
[2019.10.28-11.58.54:378][208]LogUObjectHash: Compacting FUObjectHashTables data took   3.98ms
[2019.10.28-11.58.54:395][209]LogPlayLevel: Display: Destroying online subsystem :Context_7
[2019.10.28-11.58.55:747][369]LogEditorViewport: Clicking on Actor (LMB): SimpleNpc_C (SimpleNpc4)
[2019.10.28-11.58.58:254][632]LogSlate: FSceneViewport::OnFocusLost() reason 0
[2019.10.28-11.59.04:504][ 79]BlueprintLog: New page: Compile Quest
[2019.10.28-11.59.04:821][ 79]LogUObjectHash: Compacting FUObjectHashTables data took   4.58ms
[2019.10.28-11.59.09:582][565]LogSlate: FSceneViewport::OnFocusLost() reason 0
[2019.10.28-11.59.19:805][681]LogEditorViewport: Clicking on Actor (LMB): SimpleNpc_C (SimpleNpc)
[2019.10.28-11.59.21:584][881]LogSlate: FSceneViewport::OnFocusLost() reason 0
[2019.10.28-11.59.33:812][283]LogEditorViewport: Clicking on Actor (context menu): StaticMeshActor (Floor)
[2019.10.28-11.59.33:856][283]LogSlate: FSceneViewport::OnFocusLost() reason 5
[2019.10.28-11.59.36:001][442]LogEditorViewport: Clicking on Actor (LMB): SimpleNpc_C (SimpleNpc3)
[2019.10.28-11.59.38:045][647]LogSlate: FSceneViewport::OnFocusLost() reason 0
[2019.10.28-11.59.43:721][305]LogUObjectHash: Compacting FUObjectHashTables data took   4.31ms
[2019.10.28-11.59.43:891][305]LogSlate: FSceneViewport::OnFocusLost() reason 5
[2019.10.28-11.59.43:938][305]LogUObjectHash: Compacting FUObjectHashTables data took   1.01ms
[2019.10.28-11.59.44:376][305]LogSavePackage: Moving 'C:/Users/zacka/Desktop/EasyQuest/RPGGame 4.23/Saved/MapAlpha2DBAA596491406B183674E890EBC2CB6.tmp' to 'C:/Users/zacka/Desktop/EasyQuest/RPGGame 4.23/Content/EasyQuest/ThirdPersonBP/Maps/MapAlpha.umap'
[2019.10.28-11.59.44:403][305]LogFileHelpers: Saving map 'MapAlpha' took 0.504
[2019.10.28-11.59.44:405][305]Cmd: OBJ SAVEPACKAGE PACKAGE="/Game/EasyQuest/QuestSystem/Quests/Quest" FILE="C:/Users/zacka/Desktop/EasyQuest/RPGGame 4.23/Content/EasyQuest/QuestSystem/Quests/Quest.uasset" SILENT=true
[2019.10.28-11.59.44:706][305]LogSavePackage: Moving 'C:/Users/zacka/Desktop/EasyQuest/RPGGame 4.23/Saved/QuestD73D1D7345F84AB753779B9C3856E489.tmp' to 'C:/Users/zacka/Desktop/EasyQuest/RPGGame 4.23/Content/EasyQuest/QuestSystem/Quests/Quest.uasset'
[2019.10.28-11.59.46:257][481]LogSlate: FSceneViewport::OnFocusLost() reason 0
[2019.10.28-11.59.46:332][490]LogTemp: Repeating last play command: Selected Viewport
[2019.10.28-11.59.46:352][490]LogBlueprintUserMessages: Early PlayInEditor Detection: Level '/Game/EasyQuest/ThirdPersonBP/Maps/MapAlpha.MapAlpha:PersistentLevel' has LevelScriptBlueprint '/Game/EasyQuest/ThirdPersonBP/Maps/MapAlpha.MapAlpha:PersistentLevel.MapAlpha' with GeneratedClass '/Game/EasyQuest/ThirdPersonBP/Maps/MapAlpha.MapAlpha_C' with ClassGeneratedBy '/Game/EasyQuest/ThirdPersonBP/Maps/MapAlpha.MapAlpha:PersistentLevel.MapAlpha'
[2019.10.28-11.59.46:352][490]LogPlayLevel: PlayLevel: No blueprints needed recompiling
[2019.10.28-11.59.46:352][490]PIE: New page: PIE session: MapAlpha (29 Oct 2019 9:59:46 am)
[2019.10.28-11.59.46:352][490]LogPlayLevel: Creating play world package: /Game/EasyQuest/ThirdPersonBP/Maps/UEDPIE_0_MapAlpha
[2019.10.28-11.59.46:363][490]LogPlayLevel: PIE: StaticDuplicateObject took: (0.010738s)
[2019.10.28-11.59.46:364][490]LogAIModule: Creating AISystem for world MapAlpha
[2019.10.28-11.59.46:364][490]LogPlayLevel: PIE: World Init took: (0.001079s)
[2019.10.28-11.59.46:364][490]LogPlayLevel: PIE: Created PIE world by copying editor world from /Game/EasyQuest/ThirdPersonBP/Maps/MapAlpha.MapAlpha to /Game/EasyQuest/ThirdPersonBP/Maps/UEDPIE_0_MapAlpha.MapAlpha (0.011993s)
[2019.10.28-11.59.46:406][490]LogUObjectHash: Compacting FUObjectHashTables data took   3.21ms
[2019.10.28-11.59.46:444][490]LogInit: XAudio2 using 'Speakers (2- RIG 800HX)' : 2 channels at 48 kHz using 24 bits per sample (channel mask 0x3)
[2019.10.28-11.59.46:457][490]LogInit: FAudioDevice initialized.
[2019.10.28-11.59.46:463][490]LogLoad: Game class is 'ThirdPersonGameMode_C'
[2019.10.28-11.59.46:467][490]LogWorld: Bringing World /Game/EasyQuest/ThirdPersonBP/Maps/UEDPIE_0_MapAlpha.MapAlpha up for play (max tick rate 0) at 2019.10.28-22.59.46
[2019.10.28-11.59.46:468][490]LogWorld: Bringing up level for play took: 0.004705
[2019.10.28-11.59.46:469][490]LogOnline: OSS: Creating online subsystem instance for: :Context_9
[2019.10.28-11.59.46:474][490]PIE: Play in editor start time for /Game/EasyQuest/ThirdPersonBP/Maps/UEDPIE_0_MapAlpha 0.548
[2019.10.28-11.59.46:475][490]LogBlueprintUserMessages: Late PlayInEditor Detection: Level '/Game/EasyQuest/ThirdPersonBP/Maps/MapAlpha.MapAlpha:PersistentLevel' has LevelScriptBlueprint '/Game/EasyQuest/ThirdPersonBP/Maps/MapAlpha.MapAlpha:PersistentLevel.MapAlpha' with GeneratedClass '/Game/EasyQuest/ThirdPersonBP/Maps/MapAlpha.MapAlpha_C' with ClassGeneratedBy '/Game/EasyQuest/ThirdPersonBP/Maps/MapAlpha.MapAlpha:PersistentLevel.MapAlpha'
[2019.10.28-11.59.50:017][912]LogPlayerController: Error: InputMode:UIOnly - Attempting to focus Non-Focusable widget SObjectWidget [Widget.cpp(723)]!
[2019.10.28-11.59.50:960][ 25]LogSlate: FSceneViewport::OnFocusLost() reason 0
[2019.10.28-11.59.53:853][372]LogPlayerController: Error: InputMode:UIOnly - Attempting to focus Non-Focusable widget SObjectWidget [Widget.cpp(723)]!
[2019.10.28-11.59.54:828][489]LogSlate: FSceneViewport::OnFocusLost() reason 0
[2019.10.28-11.59.56:487][688]LogPlayerController: Error: InputMode:UIOnly - Attempting to focus Non-Focusable widget SObjectWidget [Widget.cpp(723)]!
[2019.10.28-11.59.57:528][813]LogSlate: FSceneViewport::OnFocusLost() reason 0
[2019.10.28-11.59.58:892][976]LogSlate: FSceneViewport::OnFocusLost() reason 2
[2019.10.28-12.00.11:356][472]LogBlueprintUserMessages: [TopRight] This is not the magic character.
[2019.10.28-12.00.11:723][516]LogBlueprintUserMessages: [Enemy_2] hit
[2019.10.28-12.00.14:723][876]LogBlueprintUserMessages: [TopRight] This is not the magic character.
[2019.10.28-12.00.15:090][920]LogBlueprintUserMessages: [Enemy_2] hit
[2019.10.28-12.00.18:074][278]LogBlueprintUserMessages: [TopRight] This is not the magic character.
[2019.10.28-12.00.18:440][322]LogBlueprintUserMessages: [Enemy_2] hit
[2019.10.28-12.00.21:558][696]LogBlueprintUserMessages: [TopRight] This is not the magic character.
[2019.10.28-12.00.21:924][740]LogBlueprintUserMessages: [Enemy_2] hit
[2019.10.28-12.00.25:332][149]LogBlueprintUserMessages: [Enemy2] hit
[2019.10.28-12.00.28:757][560]LogBlueprintUserMessages: [Enemy2] hit
[2019.10.28-12.00.32:158][968]LogBlueprintUserMessages: [Enemy2] hit
[2019.10.28-12.00.35:692][392]LogBlueprintUserMessages: [Enemy2] hit
[2019.10.28-12.00.44:209][366]LogPlayerController: Error: InputMode:UIOnly - Attempting to focus Non-Focusable widget SObjectWidget [Widget.cpp(723)]!
[2019.10.28-12.00.46:034][581]LogSlate: FSceneViewport::OnFocusLost() reason 0
[2019.10.28-12.00.47:896][804]LogSlate: FSceneViewport::OnFocusLost() reason 2
[2019.10.28-12.01.05:904][965]LogPlayerController: Error: InputMode:UIOnly - Attempting to focus Non-Focusable widget SObjectWidget [Widget.cpp(723)]!
[2019.10.28-12.01.07:294][132]LogSlate: FSceneViewport::OnFocusLost() reason 0
[2019.10.28-12.01.10:790][551]LogSlate: FSceneViewport::OnFocusLost() reason 2
[2019.10.28-12.01.14:888][ 43]LogPlayerController: Error: InputMode:UIOnly - Attempting to focus Non-Focusable widget SObjectWidget [Widget.cpp(723)]!
[2019.10.28-12.01.16:103][189]LogSlate: FSceneViewport::OnFocusLost() reason 0
[2019.10.28-12.01.21:746][866]LogBlueprintUserMessages: Early EndPlayMap Detection: Level '/Game/EasyQuest/ThirdPersonBP/Maps/MapAlpha.MapAlpha:PersistentLevel' has LevelScriptBlueprint '/Game/EasyQuest/ThirdPersonBP/Maps/MapAlpha.MapAlpha:PersistentLevel.MapAlpha' with GeneratedClass '/Game/EasyQuest/ThirdPersonBP/Maps/MapAlpha.MapAlpha_C' with ClassGeneratedBy '/Game/EasyQuest/ThirdPersonBP/Maps/MapAlpha.MapAlpha:PersistentLevel.MapAlpha'
[2019.10.28-12.01.21:747][866]LogSlate: Updating window title bar state: overlay mode, drag disabled, window buttons hidden, title bar hidden
[2019.10.28-12.01.21:747][866]LogWorld: BeginTearingDown for /Game/EasyQuest/ThirdPersonBP/Maps/UEDPIE_0_MapAlpha
[2019.10.28-12.01.21:747][866]LogWorld: UWorld::CleanupWorld for MapAlpha, bSessionEnded=true, bCleanupResources=true
[2019.10.28-12.01.21:760][866]LogPlayLevel: Display: Shutting down PIE online subsystems
[2019.10.28-12.01.21:760][866]LogBlueprintUserMessages: Late EndPlayMap Detection: Level '/Game/EasyQuest/ThirdPersonBP/Maps/MapAlpha.MapAlpha:PersistentLevel' has LevelScriptBlueprint '/Game/EasyQuest/ThirdPersonBP/Maps/MapAlpha.MapAlpha:PersistentLevel.MapAlpha' with GeneratedClass '/Game/EasyQuest/ThirdPersonBP/Maps/MapAlpha.MapAlpha_C' with ClassGeneratedBy '/Game/EasyQuest/ThirdPersonBP/Maps/MapAlpha.MapAlpha:PersistentLevel.MapAlpha'
[2019.10.28-12.01.21:805][866]LogSlate: Updating window title bar state: overlay mode, drag disabled, window buttons hidden, title bar hidden
[2019.10.28-12.01.21:809][866]LogUObjectHash: Compacting FUObjectHashTables data took   3.21ms
[2019.10.28-12.01.21:866][868]LogPlayLevel: Display: Destroying online subsystem :Context_9
[2019.10.28-12.02.08:771][ 64]LogEditorViewport: Clicking on Actor (context menu): HealthPickup_C (HealthPickup)
[2019.10.28-12.02.08:807][ 64]LogSlate: FSceneViewport::OnFocusLost() reason 5
[2019.10.28-12.02.17:670][  7]LogEditorViewport: Clicking on Actor (LMB): Enemy_C (Enemy)
[2019.10.28-12.02.24:453][745]LogSlate: FSceneViewport::OnFocusLost() reason 0
[2019.10.28-12.02.25:970][913]LogAssetEditorManager: Opening Asset editor for Blueprint /Game/EasyQuest/ThirdPersonBP/Blueprints/Enemy.Enemy
[2019.10.28-12.03.10:799][229]BlueprintLog: New page: Compile Enemy
[2019.10.28-12.03.11:145][229]LogUObjectHash: Compacting FUObjectHashTables data took   4.73ms
[2019.10.28-12.03.19:072][847]BlueprintLog: New page: Compile Enemy
[2019.10.28-12.03.19:083][847]LogClass: Warning: Type mismatch in ExperienceForPlayer of Enemy_C - Previous (BoolProperty) Current(FloatProperty) for package:  FObjectReader
[2019.10.28-12.03.19:424][847]LogUObjectHash: Compacting FUObjectHashTables data took   4.69ms
[2019.10.28-12.06.45:853][351]BlueprintLog: New page: Compile Enemy
[2019.10.28-12.06.46:213][351]LogUObjectHash: Compacting FUObjectHashTables data took   4.87ms
[2019.10.28-12.07.00:973][623]BlueprintLog: New page: Compile Enemy
[2019.10.28-12.07.01:325][623]LogUObjectHash: Compacting FUObjectHashTables data took   4.68ms
[2019.10.28-12.07.25:669][672]BlueprintLog: New page: Compile Enemy
[2019.10.28-12.07.26:031][672]LogUObjectHash: Compacting FUObjectHashTables data took   4.57ms
[2019.10.28-12.09.43:076][ 13]LogOutputDevice: Warning: 

Script Stack (0 frames):

[2019.10.28-12.09.43:076][ 13]LogWindows: Windows GetLastError: The operation completed successfully. (0)
[2019.10.28-12.09.47:159][ 13]LogWindows: Error: === Critical error: ===
[2019.10.28-12.09.47:159][ 13]LogWindows: Error: 
[2019.10.28-12.09.47:159][ 13]LogWindows: Error: Assertion failed: Result [File:D:/Build/++UE4/Sync/Engine/Source/Editor/UnrealEd/Private/Kismet2/BlueprintEditorUtils.cpp] [Line: 2217] 
[2019.10.28-12.09.47:159][ 13]LogWindows: Error: 
[2019.10.28-12.09.47:159][ 13]LogWindows: Error: 
[2019.10.28-12.09.47:159][ 13]LogWindows: Error: 
[2019.10.28-12.09.47:160][ 13]LogWindows: Error: [Callstack] 0x00007fff576ea839 KERNELBASE.dll!UnknownFunction []
[2019.10.28-12.09.47:160][ 13]LogWindows: Error: [Callstack] 0x00007ffedd409ef7 UE4Editor-Core.dll!UnknownFunction []
[2019.10.28-12.09.47:160][ 13]LogWindows: Error: [Callstack] 0x00007ffedd40c754 UE4Editor-Core.dll!UnknownFunction []
[2019.10.28-12.09.47:160][ 13]LogWindows: Error: [Callstack] 0x00007ffedd201afa UE4Editor-Core.dll!UnknownFunction []
[2019.10.28-12.09.47:160][ 13]LogWindows: Error: [Callstack] 0x00007ffedd1567c3 UE4Editor-Core.dll!UnknownFunction []
[2019.10.28-12.09.47:160][ 13]LogWindows: Error: [Callstack] 0x00007ffedd156ed0 UE4Editor-Core.dll!UnknownFunction []
[2019.10.28-12.09.47:160][ 13]LogWindows: Error: [Callstack] 0x00007ffed7ab68e7 UE4Editor-UnrealEd.dll!UnknownFunction []
[2019.10.28-12.09.47:160][ 13]LogWindows: Error: [Callstack] 0x00007ffed547570a UE4Editor-BlueprintGraph.dll!UnknownFunction []
[2019.10.28-12.09.47:160][ 13]LogWindows: Error: [Callstack] 0x00007ffed7ab2db1 UE4Editor-UnrealEd.dll!UnknownFunction []
[2019.10.28-12.09.47:160][ 13]LogWindows: Error: [Callstack] 0x00007ffed7a9dd4b UE4Editor-UnrealEd.dll!UnknownFunction []
[2019.10.28-12.09.47:160][ 13]LogWindows: Error: [Callstack] 0x00007ffed5413f04 UE4Editor-BlueprintGraph.dll!UnknownFunction []
[2019.10.28-12.09.47:160][ 13]LogWindows: Error: [Callstack] 0x00007ffed638859e UE4Editor-Kismet.dll!UnknownFunction []
[2019.10.28-12.09.47:160][ 13]LogWindows: Error: [Callstack] 0x00007ffed6389a56 UE4Editor-Kismet.dll!UnknownFunction []
[2019.10.28-12.09.47:160][ 13]LogWindows: Error: [Callstack] 0x00007ffed63499f8 UE4Editor-Kismet.dll!UnknownFunction []
[2019.10.28-12.09.47:160][ 13]LogWindows: Error: [Callstack] 0x00007ffed48d7b09 UE4Editor-PropertyEditor.dll!UnknownFunction []
[2019.10.28-12.09.47:160][ 13]LogWindows: Error: [Callstack] 0x00007ffed4886a74 UE4Editor-PropertyEditor.dll!UnknownFunction []
[2019.10.28-12.09.47:160][ 13]LogWindows: Error: [Callstack] 0x00007ffedc5758b8 UE4Editor-Slate.dll!UnknownFunction []
[2019.10.28-12.09.47:160][ 13]LogWindows: Error: [Callstack] 0x00007ffedc5914b1 UE4Editor-Slate.dll!UnknownFunction []
[2019.10.28-12.09.47:160][ 13]LogWindows: Error: [Callstack] 0x00007ffedc3d5231 UE4Editor-Slate.dll!UnknownFunction []
[2019.10.28-12.09.47:160][ 13]LogWindows: Error: [Callstack] 0x00007ffedc45b4f1 UE4Editor-Slate.dll!UnknownFunction []
[2019.10.28-12.09.47:160][ 13]LogWindows: Error: [Callstack] 0x00007ffedc4452e8 UE4Editor-Slate.dll!UnknownFunction []
[2019.10.28-12.09.47:160][ 13]LogWindows: Error: [Callstack] 0x00007ffedc439c91 UE4Editor-Slate.dll!UnknownFunction []
[2019.10.28-12.09.47:160][ 13]LogWindows: Error: [Callstack] 0x00007fff2f0b4e02 UE4Editor-ApplicationCore.dll!UnknownFunction []
[2019.10.28-12.09.47:160][ 13]LogWindows: Error: [Callstack] 0x00007fff2f0a26df UE4Editor-ApplicationCore.dll!UnknownFunction []
[2019.10.28-12.09.47:160][ 13]LogWindows: Error: [Callstack] 0x00007fff2f0b7340 UE4Editor-ApplicationCore.dll!UnknownFunction []
[2019.10.28-12.09.47:160][ 13]LogWindows: Error: [Callstack] 0x00007fff2f09edd0 UE4Editor-ApplicationCore.dll!UnknownFunction []
[2019.10.28-12.09.47:160][ 13]LogWindows: Error: [Callstack] 0x00007fff593c63ed USER32.dll!UnknownFunction []
[2019.10.28-12.09.47:160][ 13]LogWindows: Error: [Callstack] 0x00007fff593c5de2 USER32.dll!UnknownFunction []
[2019.10.28-12.09.47:160][ 13]LogWindows: Error: [Callstack] 0x00007fff2f0b88e9 UE4Editor-ApplicationCore.dll!UnknownFunction []
[2019.10.28-12.09.47:160][ 13]LogWindows: Error: [Callstack] 0x00007ff651036980 UE4Editor.exe!UnknownFunction []
[2019.10.28-12.09.47:160][ 13]LogWindows: Error: [Callstack] 0x00007ff65104a91c UE4Editor.exe!UnknownFunction []
[2019.10.28-12.09.47:160][ 13]LogWindows: Error: [Callstack] 0x00007ff65104a9fa UE4Editor.exe!UnknownFunction []
[2019.10.28-12.09.47:160][ 13]LogWindows: Error: [Callstack] 0x00007ff65105b92c UE4Editor.exe!UnknownFunction []
[2019.10.28-12.09.47:160][ 13]LogWindows: Error: [Callstack] 0x00007ff65105e60e UE4Editor.exe!UnknownFunction []
[2019.10.28-12.09.47:160][ 13]LogWindows: Error: [Callstack] 0x00007fff59077bd4 KERNEL32.DLL!UnknownFunction []
[2019.10.28-12.09.47:160][ 13]LogWindows: Error: [Callstack] 0x00007fff59f6ced1 ntdll.dll!UnknownFunction []
[2019.10.28-12.09.47:160][ 13]LogWindows: Error: 
[2019.10.28-12.09.47:167][ 13]LogExit: Executing StaticShutdownAfterError
[2019.10.28-12.09.47:173][ 13]LogWindows: FPlatformMisc::RequestExit(1)
[2019.10.28-12.09.47:185][ 13]Log file closed, 10/28/19 23:09:47
