Log file open, 10/01/19 23:59:10
LogWindows: Failed to load 'aqProf.dll' (GetLastError=126)
LogWindows: File 'aqProf.dll' does not exist
LogWindows: Failed to load 'VtuneApi.dll' (GetLastError=126)
LogWindows: File 'VtuneApi.dll' does not exist
LogWindows: Failed to load 'VtuneApi32e.dll' (GetLastError=126)
LogWindows: File 'VtuneApi32e.dll' does not exist
LogConsoleResponse: Display: Failed to find resolution value strings in scalability ini. Falling back to default.
LogInit: Display: Running engine for game: RPGGame
LogPlatformFile: Not using cached read wrapper
LogTaskGraph: Started task graph with 5 named threads and 47 total threads with 3 sets of task threads.
LogStats: Stats thread started at 0.070172
LogD3D11RHI: Loaded GFSDK_Aftermath_Lib.x64.dll
LogICUInternationalization: ICU TimeZone Detection - Raw Offset: +10:00, Platform Override: ''
LogPluginManager: Mounting plugin Paper2D
LogPluginManager: Mounting plugin AISupport
LogPluginManager: Mounting plugin LightPropagationVolume
LogPluginManager: Mounting plugin ActorLayerUtilities
LogPluginManager: Mounting plugin AnimationSharing
LogPluginManager: Mounting plugin CLionSourceCodeAccess
LogPluginManager: Mounting plugin CodeLiteSourceCodeAccess
LogPluginManager: Mounting plugin GitSourceControl
LogPluginManager: Mounting plugin KDevelopSourceCodeAccess
LogPluginManager: Mounting plugin NullSourceCodeAccess
LogPluginManager: Mounting plugin PerforceSourceControl
LogPluginManager: Mounting plugin SubversionSourceControl
LogPluginManager: Mounting plugin UObjectPlugin
LogPluginManager: Mounting plugin VisualStudioCodeSourceCodeAccess
LogPluginManager: Mounting plugin VisualStudioSourceCodeAccess
LogPluginManager: Mounting plugin XCodeSourceCodeAccess
LogPluginManager: Mounting plugin AssetManagerEditor
LogPluginManager: Mounting plugin CryptoKeys
LogPluginManager: Mounting plugin CurveEditorTools
LogPluginManager: Mounting plugin DataValidation
LogPluginManager: Mounting plugin FacialAnimation
LogPluginManager: Mounting plugin GameplayTagsEditor
LogPluginManager: Mounting plugin MacGraphicsSwitching
LogPluginManager: Mounting plugin MaterialAnalyzer
LogPluginManager: Mounting plugin MobileLauncherProfileWizard
LogPluginManager: Mounting plugin PluginBrowser
LogPluginManager: Mounting plugin SpeedTreeImporter
LogPluginManager: Mounting plugin DatasmithContent
LogPluginManager: Mounting plugin VariantManagerContent
LogPluginManager: Mounting plugin AlembicImporter
LogPluginManager: Mounting plugin AutomationUtils
LogPluginManager: Mounting plugin BackChannel
LogPluginManager: Mounting plugin CharacterAI
LogPluginManager: Mounting plugin GeometryCache
LogPluginManager: Mounting plugin HTML5Networking
LogPluginManager: Mounting plugin PlatformCrypto
LogPluginManager: Mounting plugin ProxyLODPlugin
LogPluginManager: Mounting plugin SkeletalReduction
LogPluginManager: Mounting plugin MagicLeap
LogPluginManager: Mounting plugin MagicLeapMedia
LogPluginManager: Mounting plugin AndroidMedia
LogPluginManager: Mounting plugin AvfMedia
LogPluginManager: Mounting plugin ImgMedia
LogPluginManager: Mounting plugin MediaCompositing
LogPluginManager: Mounting plugin MediaPlayerEditor
LogPluginManager: Mounting plugin WebMMedia
LogPluginManager: Mounting plugin WmfMedia
LogPluginManager: Mounting plugin TcpMessaging
LogPluginManager: Mounting plugin UdpMessaging
LogPluginManager: Mounting plugin ActorSequence
LogPluginManager: Mounting plugin LevelSequenceEditor
LogPluginManager: Mounting plugin MatineeToLevelSequence
LogPluginManager: Mounting plugin NetcodeUnitTest
LogPluginManager: Mounting plugin NUTUnrealEngine4
LogPluginManager: Mounting plugin OnlineSubsystemGooglePlay
LogPluginManager: Mounting plugin OnlineSubsystemIOS
LogPluginManager: Mounting plugin OnlineSubsystem
LogPluginManager: Mounting plugin OnlineSubsystemNull
LogPluginManager: Mounting plugin OnlineSubsystemUtils
LogPluginManager: Mounting plugin LauncherChunkInstaller
LogPluginManager: Mounting plugin AndroidDeviceProfileSelector
LogPluginManager: Mounting plugin AndroidMoviePlayer
LogPluginManager: Mounting plugin AndroidPermission
LogPluginManager: Mounting plugin AppleImageUtils
LogPluginManager: Mounting plugin AppleMoviePlayer
LogPluginManager: Mounting plugin ArchVisCharacter
LogPluginManager: Mounting plugin AudioCapture
LogPluginManager: Mounting plugin CableComponent
LogPluginManager: Mounting plugin CustomMeshComponent
LogPluginManager: Mounting plugin EditableMesh
LogPluginManager: Mounting plugin ExampleDeviceProfileSelector
LogPluginManager: Mounting plugin GoogleCloudMessaging
LogPluginManager: Mounting plugin IOSDeviceProfileSelector
LogPluginManager: Mounting plugin LinuxDeviceProfileSelector
LogPluginManager: Mounting plugin LocationServicesBPLibrary
LogPluginManager: Mounting plugin MobilePatchingUtils
LogPluginManager: Mounting plugin OculusVR
LogPluginManager: Mounting plugin PhysXVehicles
LogPluginManager: Mounting plugin ProceduralMeshComponent
LogPluginManager: Mounting plugin RuntimePhysXCooking
LogPluginManager: Mounting plugin SignificanceManager
LogPluginManager: Mounting plugin SteamVR
LogPluginManager: Mounting plugin WebMMoviePlayer
LogPluginManager: Mounting plugin WindowsMoviePlayer
LogPluginManager: Mounting plugin ScreenshotTools
LogInit: Using libcurl 7.55.1-DEV
LogInit:  - built for x86_64-pc-win32
LogInit:  - supports SSL with OpenSSL/1.1.1
LogInit:  - supports HTTP deflate (compression) using libz 1.2.8
LogInit:  - other features:
LogInit:      CURL_VERSION_SSL
LogInit:      CURL_VERSION_LIBZ
LogInit:      CURL_VERSION_IPV6
LogInit:      CURL_VERSION_ASYNCHDNS
LogInit:      CURL_VERSION_LARGEFILE
LogInit:      CURL_VERSION_IDN
LogInit:  CurlRequestOptions (configurable via config and command line):
LogInit:  - bVerifyPeer = true  - Libcurl will verify peer certificate
LogInit:  - bUseHttpProxy = false  - Libcurl will NOT use HTTP proxy
LogInit:  - bDontReuseConnections = false  - Libcurl will reuse connections
LogInit:  - MaxHostConnections = 16  - Libcurl will limit the number of connections to a host
LogInit:  - LocalHostAddr = Default
LogInit:  - BufferSize = 65536
LogOnline: OSS: Creating online subsystem instance for: NULL
LogInit: WinSock: version 1.1 (2.2), MaxSocks=32767, MaxUdp=65467
LogInit: Build: ++UE4+Release-4.23-CL-8386587
LogInit: Engine Version: 4.23.0-8386587+++UE4+Release-4.23
LogInit: Compatible Engine Version: 4.23.0-8386587+++UE4+Release-4.23
LogInit: Net CL: 8386587
LogInit: OS: Windows 10 (Release 1903) (), CPU: AMD Ryzen 7 2700X Eight-Core Processor         , GPU: NVIDIA GeForce GTX 1070
LogInit: Compiled (64-bit): Aug 31 2019 02:04:44
LogInit: Compiled with Visual C++: 19.16.27030.01
LogInit: Build Configuration: Development
LogInit: Branch Name: ++UE4+Release-4.23
LogInit: Command Line: 
LogInit: Base Directory: D:/UE_4.23/Engine/Binaries/Win64/
LogInit: Installed Engine Build: 1
LogDevObjectVersion: Number of dev versions registered: 23
LogDevObjectVersion:   Dev-Blueprints (B0D832E4-1F89-4F0D-ACCF-7EB736FD4AA2): 10
LogDevObjectVersion:   Dev-Build (E1C64328-A22C-4D53-A36C-8E866417BD8C): 0
LogDevObjectVersion:   Dev-Core (375EC13C-06E4-48FB-B500-84F0262A717E): 3
LogDevObjectVersion:   Dev-Editor (E4B068ED-F494-42E9-A231-DA0B2E46BB41): 34
LogDevObjectVersion:   Dev-Framework (CFFC743F-43B0-4480-9391-14DF171D2073): 35
LogDevObjectVersion:   Dev-Mobile (B02B49B5-BB20-44E9-A304-32B752E40360): 2
LogDevObjectVersion:   Dev-Networking (A4E4105C-59A1-49B5-A7C5-40C4547EDFEE): 0
LogDevObjectVersion:   Dev-Online (39C831C9-5AE6-47DC-9A44-9C173E1C8E7C): 0
LogDevObjectVersion:   Dev-Physics (78F01B33-EBEA-4F98-B9B4-84EACCB95AA2): 0
LogDevObjectVersion:   Dev-Platform (6631380F-2D4D-43E0-8009-CF276956A95A): 0
LogDevObjectVersion:   Dev-Rendering (12F88B9F-8875-4AFC-A67C-D90C383ABD29): 31
LogDevObjectVersion:   Dev-Sequencer (7B5AE74C-D270-4C10-A958-57980B212A5A): 11
LogDevObjectVersion:   Dev-VR (D7296918-1DD6-4BDD-9DE2-64A83CC13884): 2
LogDevObjectVersion:   Dev-LoadTimes (C2A15278-BFE7-4AFE-6C17-90FF531DF755): 1
LogDevObjectVersion:   Private-Geometry (6EACA3D4-40EC-4CC1-B786-8BED09428FC5): 3
LogDevObjectVersion:   Dev-AnimPhys (29E575DD-E0A3-4627-9D10-D276232CDCEA): 17
LogDevObjectVersion:   Dev-Anim (AF43A65D-7FD3-4947-9873-3E8ED9C1BB05): 2
LogDevObjectVersion:   Dev-ReflectionCapture (6B266CEC-1EC7-4B8F-A30B-E4D90942FC07): 1
LogDevObjectVersion:   Dev-Automation (0DF73D61-A23F-47EA-B727-89E90C41499A): 1
LogDevObjectVersion:   FortniteMain (601D1886-AC64-4F84-AA16-D3DE0DEAC7D6): 27
LogDevObjectVersion:   Dev-Enterprise (9DFFBCD6-494F-0158-E221-12823C92A888): 6
LogDevObjectVersion:   Dev-Niagara (F2AED0AC-9AFE-416F-8664-AA7FFA26D6FC): 1
LogDevObjectVersion:   Dev-Destruction (174F1F0B-B4C6-45A5-B13F-2EE8D0FB917D): 9
LogInit: Presizing for max 16777216 objects, including 0 objects not considered by GC, pre-allocating 0 bytes for permanent pool.
LogInit: Object subsystem initialized
LogConfig: Setting CVar [[con.DebugEarlyDefault:1]]
LogConfig: Setting CVar [[r.setres:1280x720]]
[2019.10.01-13.59.10:915][  0]LogConfig: Setting CVar [[r.VSync:0]]
[2019.10.01-13.59.10:915][  0]LogConfig: Setting CVar [[r.RHICmdBypass:0]]
[2019.10.01-13.59.10:915][  0]LogConfig: Applying CVar settings from Section [/Script/Engine.RendererSettings] File [C:/Users/zacka/Desktop/EasyQuest/RPGGame 4.23/Saved/Config/Windows/Engine.ini]
[2019.10.01-13.59.10:915][  0]LogConfig: Setting CVar [[r.GPUCrashDebugging:0]]
[2019.10.01-13.59.10:915][  0]LogConfig: Applying CVar settings from Section [/Script/Engine.RendererOverrideSettings] File [C:/Users/zacka/Desktop/EasyQuest/RPGGame 4.23/Saved/Config/Windows/Engine.ini]
[2019.10.01-13.59.10:915][  0]LogConfig: Applying CVar settings from Section [/Script/Engine.StreamingSettings] File [C:/Users/zacka/Desktop/EasyQuest/RPGGame 4.23/Saved/Config/Windows/Engine.ini]
[2019.10.01-13.59.10:915][  0]LogConfig: Setting CVar [[s.MinBulkDataSizeForAsyncLoading:131072]]
[2019.10.01-13.59.10:915][  0]LogConfig: Setting CVar [[s.AsyncLoadingThreadEnabled:0]]
[2019.10.01-13.59.10:915][  0]LogConfig: Setting CVar [[s.EventDrivenLoaderEnabled:1]]
[2019.10.01-13.59.10:915][  0]LogConfig: Setting CVar [[s.WarnIfTimeLimitExceeded:0]]
[2019.10.01-13.59.10:915][  0]LogConfig: Setting CVar [[s.TimeLimitExceededMultiplier:1.5]]
[2019.10.01-13.59.10:915][  0]LogConfig: Setting CVar [[s.TimeLimitExceededMinTime:0.005]]
[2019.10.01-13.59.10:915][  0]LogConfig: Setting CVar [[s.UseBackgroundLevelStreaming:1]]
[2019.10.01-13.59.10:915][  0]LogConfig: Setting CVar [[s.PriorityAsyncLoadingExtraTime:15.0]]
[2019.10.01-13.59.10:915][  0]LogConfig: Setting CVar [[s.LevelStreamingActorsUpdateTimeLimit:5.0]]
[2019.10.01-13.59.10:915][  0]LogConfig: Setting CVar [[s.PriorityLevelStreamingActorsUpdateExtraTime:5.0]]
[2019.10.01-13.59.10:915][  0]LogConfig: Setting CVar [[s.LevelStreamingComponentsRegistrationGranularity:10]]
[2019.10.01-13.59.10:915][  0]LogConfig: Setting CVar [[s.UnregisterComponentsTimeLimit:1.0]]
[2019.10.01-13.59.10:915][  0]LogConfig: Setting CVar [[s.LevelStreamingComponentsUnregistrationGranularity:5]]
[2019.10.01-13.59.10:915][  0]LogConfig: Applying CVar settings from Section [/Script/Engine.GarbageCollectionSettings] File [C:/Users/zacka/Desktop/EasyQuest/RPGGame 4.23/Saved/Config/Windows/Engine.ini]
[2019.10.01-13.59.10:915][  0]LogConfig: Setting CVar [[gc.MaxObjectsNotConsideredByGC:1]]
[2019.10.01-13.59.10:915][  0]LogConfig: Setting CVar [[gc.SizeOfPermanentObjectPool:0]]
[2019.10.01-13.59.10:915][  0]LogConfig: Setting CVar [[gc.FlushStreamingOnGC:0]]
[2019.10.01-13.59.10:915][  0]LogConfig: Setting CVar [[gc.NumRetriesBeforeForcingGC:10]]
[2019.10.01-13.59.10:915][  0]LogConfig: Setting CVar [[gc.AllowParallelGC:1]]
[2019.10.01-13.59.10:915][  0]LogConfig: Setting CVar [[gc.TimeBetweenPurgingPendingKillObjects:61.1]]
[2019.10.01-13.59.10:915][  0]LogConfig: Setting CVar [[gc.MaxObjectsInEditor:16777216]]
[2019.10.01-13.59.10:915][  0]LogConfig: Setting CVar [[gc.IncrementalBeginDestroyEnabled:1]]
[2019.10.01-13.59.10:915][  0]LogConfig: Setting CVar [[gc.CreateGCClusters:1]]
[2019.10.01-13.59.10:915][  0]LogConfig: Setting CVar [[gc.MinGCClusterSize:5]]
[2019.10.01-13.59.10:915][  0]LogConfig: Setting CVar [[gc.ActorClusteringEnabled:0]]
[2019.10.01-13.59.10:915][  0]LogConfig: Setting CVar [[gc.BlueprintClusteringEnabled:0]]
[2019.10.01-13.59.10:915][  0]LogConfig: Setting CVar [[gc.UseDisregardForGCOnDedicatedServers:0]]
[2019.10.01-13.59.10:915][  0]LogConfig: Applying CVar settings from Section [/Script/Engine.NetworkSettings] File [C:/Users/zacka/Desktop/EasyQuest/RPGGame 4.23/Saved/Config/Windows/Engine.ini]
[2019.10.01-13.59.10:915][  0]LogConfig: Applying CVar settings from Section [/Script/UnrealEd.CookerSettings] File [C:/Users/zacka/Desktop/EasyQuest/RPGGame 4.23/Saved/Config/Windows/Engine.ini]
[2019.10.01-13.59.10:931][  0]LogConfig: Applying CVar settings from Section [ViewDistanceQuality@3] File [C:/Users/zacka/Desktop/EasyQuest/RPGGame 4.23/Saved/Config/Windows/Scalability.ini]
[2019.10.01-13.59.10:931][  0]LogConfig: Setting CVar [[r.SkeletalMeshLODBias:0]]
[2019.10.01-13.59.10:931][  0]LogConfig: Setting CVar [[r.ViewDistanceScale:1.0]]
[2019.10.01-13.59.10:931][  0]LogConfig: Applying CVar settings from Section [AntiAliasingQuality@3] File [C:/Users/zacka/Desktop/EasyQuest/RPGGame 4.23/Saved/Config/Windows/Scalability.ini]
[2019.10.01-13.59.10:932][  0]LogConfig: Setting CVar [[r.PostProcessAAQuality:4]]
[2019.10.01-13.59.10:932][  0]LogConfig: Applying CVar settings from Section [ShadowQuality@3] File [C:/Users/zacka/Desktop/EasyQuest/RPGGame 4.23/Saved/Config/Windows/Scalability.ini]
[2019.10.01-13.59.10:932][  0]LogConfig: Setting CVar [[r.LightFunctionQuality:1]]
[2019.10.01-13.59.10:932][  0]LogConfig: Setting CVar [[r.ShadowQuality:5]]
[2019.10.01-13.59.10:932][  0]LogConfig: Setting CVar [[r.Shadow.CSM.MaxCascades:10]]
[2019.10.01-13.59.10:932][  0]LogConfig: Setting CVar [[r.Shadow.MaxResolution:2048]]
[2019.10.01-13.59.10:932][  0]LogConfig: Setting CVar [[r.Shadow.MaxCSMResolution:2048]]
[2019.10.01-13.59.10:932][  0]LogConfig: Setting CVar [[r.Shadow.RadiusThreshold:0.01]]
[2019.10.01-13.59.10:932][  0]LogConfig: Setting CVar [[r.Shadow.DistanceScale:1.0]]
[2019.10.01-13.59.10:932][  0]LogConfig: Setting CVar [[r.Shadow.CSM.TransitionScale:1.0]]
[2019.10.01-13.59.10:932][  0]LogConfig: Setting CVar [[r.Shadow.PreShadowResolutionFactor:1.0]]
[2019.10.01-13.59.10:932][  0]LogConfig: Setting CVar [[r.DistanceFieldShadowing:1]]
[2019.10.01-13.59.10:932][  0]LogConfig: Setting CVar [[r.DistanceFieldAO:1]]
[2019.10.01-13.59.10:932][  0]LogConfig: Setting CVar [[r.AOQuality:2]]
[2019.10.01-13.59.10:932][  0]LogConfig: Setting CVar [[r.VolumetricFog:1]]
[2019.10.01-13.59.10:932][  0]LogConfig: Setting CVar [[r.VolumetricFog.GridPixelSize:8]]
[2019.10.01-13.59.10:932][  0]LogConfig: Setting CVar [[r.VolumetricFog.GridSizeZ:128]]
[2019.10.01-13.59.10:932][  0]LogConfig: Setting CVar [[r.VolumetricFog.HistoryMissSupersampleCount:4]]
[2019.10.01-13.59.10:932][  0]LogConfig: Setting CVar [[r.LightMaxDrawDistanceScale:1]]
[2019.10.01-13.59.10:932][  0]LogConfig: Setting CVar [[r.CapsuleShadows:1]]
[2019.10.01-13.59.10:932][  0]LogConfig: Applying CVar settings from Section [PostProcessQuality@3] File [C:/Users/zacka/Desktop/EasyQuest/RPGGame 4.23/Saved/Config/Windows/Scalability.ini]
[2019.10.01-13.59.10:932][  0]LogConfig: Setting CVar [[r.MotionBlurQuality:4]]
[2019.10.01-13.59.10:932][  0]LogConfig: Setting CVar [[r.AmbientOcclusionMipLevelFactor:0.4]]
[2019.10.01-13.59.10:932][  0]LogConfig: Setting CVar [[r.AmbientOcclusionMaxQuality:100]]
[2019.10.01-13.59.10:932][  0]LogConfig: Setting CVar [[r.AmbientOcclusionLevels:-1]]
[2019.10.01-13.59.10:932][  0]LogConfig: Setting CVar [[r.AmbientOcclusionRadiusScale:1.0]]
[2019.10.01-13.59.10:932][  0]LogConfig: Setting CVar [[r.DepthOfFieldQuality:2]]
[2019.10.01-13.59.10:932][  0]LogConfig: Setting CVar [[r.RenderTargetPoolMin:400]]
[2019.10.01-13.59.10:932][  0]LogConfig: Setting CVar [[r.LensFlareQuality:2]]
[2019.10.01-13.59.10:932][  0]LogConfig: Setting CVar [[r.SceneColorFringeQuality:1]]
[2019.10.01-13.59.10:932][  0]LogConfig: Setting CVar [[r.EyeAdaptationQuality:2]]
[2019.10.01-13.59.10:932][  0]LogConfig: Setting CVar [[r.BloomQuality:5]]
[2019.10.01-13.59.10:932][  0]LogConfig: Setting CVar [[r.FastBlurThreshold:100]]
[2019.10.01-13.59.10:932][  0]LogConfig: Setting CVar [[r.Upscale.Quality:3]]
[2019.10.01-13.59.10:932][  0]LogConfig: Setting CVar [[r.Tonemapper.GrainQuantization:1]]
[2019.10.01-13.59.10:932][  0]LogConfig: Setting CVar [[r.LightShaftQuality:1]]
[2019.10.01-13.59.10:932][  0]LogConfig: Setting CVar [[r.Filter.SizeScale:1]]
[2019.10.01-13.59.10:932][  0]LogConfig: Setting CVar [[r.Tonemapper.Quality:5]]
[2019.10.01-13.59.10:932][  0]LogConfig: Setting CVar [[r.DOF.Gather.AccumulatorQuality:1        ; higher gathering accumulator quality]]
[2019.10.01-13.59.10:932][  0]LogConfig: Setting CVar [[r.DOF.Gather.PostfilterMethod:1          ; Median3x3 postfilering method]]
[2019.10.01-13.59.10:932][  0]LogConfig: Setting CVar [[r.DOF.Gather.EnableBokehSettings:0       ; no bokeh simulation when gathering]]
[2019.10.01-13.59.10:932][  0]LogConfig: Setting CVar [[r.DOF.Gather.RingCount:4                 ; medium number of samples when gathering]]
[2019.10.01-13.59.10:932][  0]LogConfig: Setting CVar [[r.DOF.Scatter.ForegroundCompositing:1    ; additive foreground scattering]]
[2019.10.01-13.59.10:932][  0]LogConfig: Setting CVar [[r.DOF.Scatter.BackgroundCompositing:2    ; additive background scattering]]
[2019.10.01-13.59.10:932][  0]LogConfig: Setting CVar [[r.DOF.Scatter.EnableBokehSettings:1      ; bokeh simulation when scattering]]
[2019.10.01-13.59.10:932][  0]LogConfig: Setting CVar [[r.DOF.Scatter.MaxSpriteRatio:0.1         ; only a maximum of 10% of scattered bokeh]]
[2019.10.01-13.59.10:932][  0]LogConfig: Setting CVar [[r.DOF.Recombine.Quality:1                ; cheap slight out of focus]]
[2019.10.01-13.59.10:932][  0]LogConfig: Setting CVar [[r.DOF.Recombine.EnableBokehSettings:0    ; no bokeh simulation on slight out of focus]]
[2019.10.01-13.59.10:932][  0]LogConfig: Setting CVar [[r.DOF.TemporalAAQuality:1                ; more stable temporal accumulation]]
[2019.10.01-13.59.10:932][  0]LogConfig: Setting CVar [[r.DOF.Kernel.MaxForegroundRadius:0.025]]
[2019.10.01-13.59.10:932][  0]LogConfig: Setting CVar [[r.DOF.Kernel.MaxBackgroundRadius:0.025]]
[2019.10.01-13.59.10:932][  0]LogConfig: Applying CVar settings from Section [TextureQuality@3] File [C:/Users/zacka/Desktop/EasyQuest/RPGGame 4.23/Saved/Config/Windows/Scalability.ini]
[2019.10.01-13.59.10:932][  0]LogConfig: Setting CVar [[r.Streaming.MipBias:0]]
[2019.10.01-13.59.10:932][  0]LogConfig: Setting CVar [[r.Streaming.AmortizeCPUToGPUCopy:0]]
[2019.10.01-13.59.10:932][  0]LogConfig: Setting CVar [[r.Streaming.MaxNumTexturesToStreamPerFrame:0]]
[2019.10.01-13.59.10:932][  0]LogConfig: Setting CVar [[r.Streaming.Boost:1]]
[2019.10.01-13.59.10:932][  0]LogConfig: Setting CVar [[r.MaxAnisotropy:8]]
[2019.10.01-13.59.10:932][  0]LogConfig: Setting CVar [[r.Streaming.LimitPoolSizeToVRAM:0]]
[2019.10.01-13.59.10:932][  0]LogConfig: Setting CVar [[r.Streaming.PoolSize:1000]]
[2019.10.01-13.59.10:932][  0]LogConfig: Setting CVar [[r.Streaming.MaxEffectiveScreenSize:0]]
[2019.10.01-13.59.10:932][  0]LogConfig: Applying CVar settings from Section [EffectsQuality@3] File [C:/Users/zacka/Desktop/EasyQuest/RPGGame 4.23/Saved/Config/Windows/Scalability.ini]
[2019.10.01-13.59.10:932][  0]LogConfig: Setting CVar [[r.TranslucencyLightingVolumeDim:64]]
[2019.10.01-13.59.10:932][  0]LogConfig: Setting CVar [[r.RefractionQuality:2]]
[2019.10.01-13.59.10:932][  0]LogConfig: Setting CVar [[r.SSR.Quality:3]]
[2019.10.01-13.59.10:932][  0]LogConfig: Setting CVar [[r.SceneColorFormat:4]]
[2019.10.01-13.59.10:932][  0]LogConfig: Setting CVar [[r.DetailMode:2]]
[2019.10.01-13.59.10:932][  0]LogConfig: Setting CVar [[r.TranslucencyVolumeBlur:1]]
[2019.10.01-13.59.10:932][  0]LogConfig: Setting CVar [[r.MaterialQualityLevel:1 ; High quality]]
[2019.10.01-13.59.10:932][  0]LogConfig: Setting CVar [[r.SSS.Scale:1]]
[2019.10.01-13.59.10:932][  0]LogConfig: Setting CVar [[r.SSS.SampleSet:2]]
[2019.10.01-13.59.10:932][  0]LogConfig: Setting CVar [[r.SSS.Quality:1]]
[2019.10.01-13.59.10:932][  0]LogConfig: Setting CVar [[r.SSS.HalfRes:1]]
[2019.10.01-13.59.10:932][  0]LogConfig: Setting CVar [[r.EmitterSpawnRateScale:1.0]]
[2019.10.01-13.59.10:932][  0]LogConfig: Setting CVar [[r.ParticleLightQuality:2]]
[2019.10.01-13.59.10:932][  0]LogConfig: Applying CVar settings from Section [FoliageQuality@3] File [C:/Users/zacka/Desktop/EasyQuest/RPGGame 4.23/Saved/Config/Windows/Scalability.ini]
[2019.10.01-13.59.10:932][  0]LogConfig: Setting CVar [[foliage.DensityScale:1.0]]
[2019.10.01-13.59.10:932][  0]LogConfig: Setting CVar [[grass.DensityScale:1.0]]
[2019.10.01-13.59.10:933][  0]LogInit: Selected Device Profile: [Windows]
[2019.10.01-13.59.10:933][  0]LogInit: Applying CVar settings loaded from the selected device profile: [Windows]
[2019.10.01-13.59.10:935][  0]LogHAL: Display: Platform has ~ 16 GB [17108226048 / 17179869184 / 16], which maps to Larger [LargestMinGB=32, LargerMinGB=12, DefaultMinGB=8, SmallerMinGB=6, SmallestMinGB=0)
[2019.10.01-13.59.10:935][  0]LogInit: Going up to parent DeviceProfile []
[2019.10.01-13.59.10:935][  0]LogConfig: Applying CVar settings from Section [ViewDistanceQuality@3] File [C:/Users/zacka/Desktop/EasyQuest/RPGGame 4.23/Saved/Config/Windows/Scalability.ini]
[2019.10.01-13.59.10:935][  0]LogConfig: Setting CVar [[r.SkeletalMeshLODBias:0]]
[2019.10.01-13.59.10:935][  0]LogConfig: Setting CVar [[r.ViewDistanceScale:1.0]]
[2019.10.01-13.59.10:935][  0]LogConfig: Applying CVar settings from Section [AntiAliasingQuality@3] File [C:/Users/zacka/Desktop/EasyQuest/RPGGame 4.23/Saved/Config/Windows/Scalability.ini]
[2019.10.01-13.59.10:935][  0]LogConfig: Setting CVar [[r.PostProcessAAQuality:4]]
[2019.10.01-13.59.10:935][  0]LogConfig: Applying CVar settings from Section [ShadowQuality@3] File [C:/Users/zacka/Desktop/EasyQuest/RPGGame 4.23/Saved/Config/Windows/Scalability.ini]
[2019.10.01-13.59.10:935][  0]LogConfig: Setting CVar [[r.LightFunctionQuality:1]]
[2019.10.01-13.59.10:935][  0]LogConfig: Setting CVar [[r.ShadowQuality:5]]
[2019.10.01-13.59.10:935][  0]LogConfig: Setting CVar [[r.Shadow.CSM.MaxCascades:10]]
[2019.10.01-13.59.10:935][  0]LogConfig: Setting CVar [[r.Shadow.MaxResolution:2048]]
[2019.10.01-13.59.10:935][  0]LogConfig: Setting CVar [[r.Shadow.MaxCSMResolution:2048]]
[2019.10.01-13.59.10:936][  0]LogConfig: Setting CVar [[r.Shadow.RadiusThreshold:0.01]]
[2019.10.01-13.59.10:936][  0]LogConfig: Setting CVar [[r.Shadow.DistanceScale:1.0]]
[2019.10.01-13.59.10:936][  0]LogConfig: Setting CVar [[r.Shadow.CSM.TransitionScale:1.0]]
[2019.10.01-13.59.10:936][  0]LogConfig: Setting CVar [[r.Shadow.PreShadowResolutionFactor:1.0]]
[2019.10.01-13.59.10:936][  0]LogConfig: Setting CVar [[r.DistanceFieldShadowing:1]]
[2019.10.01-13.59.10:936][  0]LogConfig: Setting CVar [[r.DistanceFieldAO:1]]
[2019.10.01-13.59.10:936][  0]LogConfig: Setting CVar [[r.AOQuality:2]]
[2019.10.01-13.59.10:936][  0]LogConfig: Setting CVar [[r.VolumetricFog:1]]
[2019.10.01-13.59.10:936][  0]LogConfig: Setting CVar [[r.VolumetricFog.GridPixelSize:8]]
[2019.10.01-13.59.10:936][  0]LogConfig: Setting CVar [[r.VolumetricFog.GridSizeZ:128]]
[2019.10.01-13.59.10:936][  0]LogConfig: Setting CVar [[r.VolumetricFog.HistoryMissSupersampleCount:4]]
[2019.10.01-13.59.10:936][  0]LogConfig: Setting CVar [[r.LightMaxDrawDistanceScale:1]]
[2019.10.01-13.59.10:936][  0]LogConfig: Setting CVar [[r.CapsuleShadows:1]]
[2019.10.01-13.59.10:936][  0]LogConfig: Applying CVar settings from Section [PostProcessQuality@3] File [C:/Users/zacka/Desktop/EasyQuest/RPGGame 4.23/Saved/Config/Windows/Scalability.ini]
[2019.10.01-13.59.10:936][  0]LogConfig: Setting CVar [[r.MotionBlurQuality:4]]
[2019.10.01-13.59.10:936][  0]LogConfig: Setting CVar [[r.AmbientOcclusionMipLevelFactor:0.4]]
[2019.10.01-13.59.10:936][  0]LogConfig: Setting CVar [[r.AmbientOcclusionMaxQuality:100]]
[2019.10.01-13.59.10:936][  0]LogConfig: Setting CVar [[r.AmbientOcclusionLevels:-1]]
[2019.10.01-13.59.10:936][  0]LogConfig: Setting CVar [[r.AmbientOcclusionRadiusScale:1.0]]
[2019.10.01-13.59.10:936][  0]LogConfig: Setting CVar [[r.DepthOfFieldQuality:2]]
[2019.10.01-13.59.10:936][  0]LogConfig: Setting CVar [[r.RenderTargetPoolMin:400]]
[2019.10.01-13.59.10:936][  0]LogConfig: Setting CVar [[r.LensFlareQuality:2]]
[2019.10.01-13.59.10:936][  0]LogConfig: Setting CVar [[r.SceneColorFringeQuality:1]]
[2019.10.01-13.59.10:936][  0]LogConfig: Setting CVar [[r.EyeAdaptationQuality:2]]
[2019.10.01-13.59.10:936][  0]LogConfig: Setting CVar [[r.BloomQuality:5]]
[2019.10.01-13.59.10:936][  0]LogConfig: Setting CVar [[r.FastBlurThreshold:100]]
[2019.10.01-13.59.10:936][  0]LogConfig: Setting CVar [[r.Upscale.Quality:3]]
[2019.10.01-13.59.10:936][  0]LogConfig: Setting CVar [[r.Tonemapper.GrainQuantization:1]]
[2019.10.01-13.59.10:936][  0]LogConfig: Setting CVar [[r.LightShaftQuality:1]]
[2019.10.01-13.59.10:936][  0]LogConfig: Setting CVar [[r.Filter.SizeScale:1]]
[2019.10.01-13.59.10:936][  0]LogConfig: Setting CVar [[r.Tonemapper.Quality:5]]
[2019.10.01-13.59.10:936][  0]LogConfig: Setting CVar [[r.DOF.Gather.AccumulatorQuality:1        ; higher gathering accumulator quality]]
[2019.10.01-13.59.10:936][  0]LogConfig: Setting CVar [[r.DOF.Gather.PostfilterMethod:1          ; Median3x3 postfilering method]]
[2019.10.01-13.59.10:936][  0]LogConfig: Setting CVar [[r.DOF.Gather.EnableBokehSettings:0       ; no bokeh simulation when gathering]]
[2019.10.01-13.59.10:936][  0]LogConfig: Setting CVar [[r.DOF.Gather.RingCount:4                 ; medium number of samples when gathering]]
[2019.10.01-13.59.10:936][  0]LogConfig: Setting CVar [[r.DOF.Scatter.ForegroundCompositing:1    ; additive foreground scattering]]
[2019.10.01-13.59.10:936][  0]LogConfig: Setting CVar [[r.DOF.Scatter.BackgroundCompositing:2    ; additive background scattering]]
[2019.10.01-13.59.10:936][  0]LogConfig: Setting CVar [[r.DOF.Scatter.EnableBokehSettings:1      ; bokeh simulation when scattering]]
[2019.10.01-13.59.10:936][  0]LogConfig: Setting CVar [[r.DOF.Scatter.MaxSpriteRatio:0.1         ; only a maximum of 10% of scattered bokeh]]
[2019.10.01-13.59.10:936][  0]LogConfig: Setting CVar [[r.DOF.Recombine.Quality:1                ; cheap slight out of focus]]
[2019.10.01-13.59.10:936][  0]LogConfig: Setting CVar [[r.DOF.Recombine.EnableBokehSettings:0    ; no bokeh simulation on slight out of focus]]
[2019.10.01-13.59.10:936][  0]LogConfig: Setting CVar [[r.DOF.TemporalAAQuality:1                ; more stable temporal accumulation]]
[2019.10.01-13.59.10:936][  0]LogConfig: Setting CVar [[r.DOF.Kernel.MaxForegroundRadius:0.025]]
[2019.10.01-13.59.10:936][  0]LogConfig: Setting CVar [[r.DOF.Kernel.MaxBackgroundRadius:0.025]]
[2019.10.01-13.59.10:936][  0]LogConfig: Applying CVar settings from Section [TextureQuality@3] File [C:/Users/zacka/Desktop/EasyQuest/RPGGame 4.23/Saved/Config/Windows/Scalability.ini]
[2019.10.01-13.59.10:936][  0]LogConfig: Setting CVar [[r.Streaming.MipBias:0]]
[2019.10.01-13.59.10:936][  0]LogConfig: Setting CVar [[r.Streaming.AmortizeCPUToGPUCopy:0]]
[2019.10.01-13.59.10:936][  0]LogConfig: Setting CVar [[r.Streaming.MaxNumTexturesToStreamPerFrame:0]]
[2019.10.01-13.59.10:936][  0]LogConfig: Setting CVar [[r.Streaming.Boost:1]]
[2019.10.01-13.59.10:936][  0]LogConfig: Setting CVar [[r.MaxAnisotropy:8]]
[2019.10.01-13.59.10:936][  0]LogConfig: Setting CVar [[r.Streaming.LimitPoolSizeToVRAM:0]]
[2019.10.01-13.59.10:936][  0]LogConfig: Setting CVar [[r.Streaming.PoolSize:1000]]
[2019.10.01-13.59.10:936][  0]LogConfig: Setting CVar [[r.Streaming.MaxEffectiveScreenSize:0]]
[2019.10.01-13.59.10:936][  0]LogConfig: Applying CVar settings from Section [EffectsQuality@3] File [C:/Users/zacka/Desktop/EasyQuest/RPGGame 4.23/Saved/Config/Windows/Scalability.ini]
[2019.10.01-13.59.10:936][  0]LogConfig: Setting CVar [[r.TranslucencyLightingVolumeDim:64]]
[2019.10.01-13.59.10:936][  0]LogConfig: Setting CVar [[r.RefractionQuality:2]]
[2019.10.01-13.59.10:936][  0]LogConfig: Setting CVar [[r.SSR.Quality:3]]
[2019.10.01-13.59.10:936][  0]LogConfig: Setting CVar [[r.SceneColorFormat:4]]
[2019.10.01-13.59.10:936][  0]LogConfig: Setting CVar [[r.DetailMode:2]]
[2019.10.01-13.59.10:936][  0]LogConfig: Setting CVar [[r.TranslucencyVolumeBlur:1]]
[2019.10.01-13.59.10:936][  0]LogConfig: Setting CVar [[r.MaterialQualityLevel:1 ; High quality]]
[2019.10.01-13.59.10:936][  0]LogConfig: Setting CVar [[r.SSS.Scale:1]]
[2019.10.01-13.59.10:936][  0]LogConfig: Setting CVar [[r.SSS.SampleSet:2]]
[2019.10.01-13.59.10:936][  0]LogConfig: Setting CVar [[r.SSS.Quality:1]]
[2019.10.01-13.59.10:936][  0]LogConfig: Setting CVar [[r.SSS.HalfRes:1]]
[2019.10.01-13.59.10:936][  0]LogConfig: Setting CVar [[r.EmitterSpawnRateScale:1.0]]
[2019.10.01-13.59.10:936][  0]LogConfig: Setting CVar [[r.ParticleLightQuality:2]]
[2019.10.01-13.59.10:936][  0]LogConfig: Applying CVar settings from Section [FoliageQuality@3] File [C:/Users/zacka/Desktop/EasyQuest/RPGGame 4.23/Saved/Config/Windows/Scalability.ini]
[2019.10.01-13.59.10:936][  0]LogConfig: Setting CVar [[foliage.DensityScale:1.0]]
[2019.10.01-13.59.10:936][  0]LogConfig: Setting CVar [[grass.DensityScale:1.0]]
[2019.10.01-13.59.10:936][  0]LogConfig: Applying CVar settings from Section [Startup] File [../../../Engine/Config/ConsoleVariables.ini]
[2019.10.01-13.59.10:937][  0]LogConfig: Setting CVar [[net.UseAdaptiveNetUpdateFrequency:0]]
[2019.10.01-13.59.10:937][  0]LogConfig: Setting CVar [[p.chaos.AllowCreatePhysxBodies:1]]
[2019.10.01-13.59.10:937][  0]LogConfig: Applying CVar settings from Section [ConsoleVariables] File [C:/Users/zacka/Desktop/EasyQuest/RPGGame 4.23/Saved/Config/Windows/Engine.ini]
[2019.10.01-13.59.10:937][  0]LogInit: Computer: DESKTOP-96N3U1H
[2019.10.01-13.59.10:937][  0]LogInit: User: zacka
[2019.10.01-13.59.10:937][  0]LogInit: CPU Page size=4096, Cores=8
[2019.10.01-13.59.10:937][  0]LogInit: High frequency timer resolution =10.000000 MHz
[2019.10.01-13.59.10:937][  0]LogMemory: Memory total: Physical=15.9GB (16GB approx)
[2019.10.01-13.59.10:937][  0]LogMemory: Platform Memory Stats for Windows
[2019.10.01-13.59.10:937][  0]LogMemory: Process Physical Memory: 102.32 MB used, 102.32 MB peak
[2019.10.01-13.59.10:937][  0]LogMemory: Process Virtual Memory: 100.89 MB used, 100.89 MB peak
[2019.10.01-13.59.10:937][  0]LogMemory: Physical Memory: 11636.57 MB used,  4679.10 MB free, 16315.68 MB total
[2019.10.01-13.59.10:937][  0]LogMemory: Virtual Memory: 4687.19 MB used,  134213040.00 MB free, 134217728.00 MB total
[2019.10.01-13.59.10:941][  0]LogWindows: WindowsPlatformFeatures enabled
[2019.10.01-13.59.10:962][  0]LogInit: Using OS detected language (en-US).
[2019.10.01-13.59.10:962][  0]LogInit: Using OS detected locale (en-AU).
[2019.10.01-13.59.10:963][  0]LogTextLocalizationManager: No specific localization for 'en-US' exists, so the 'en' localization will be used.
[2019.10.01-13.59.11:114][  0]LogInit: Setting process to per monitor DPI aware
[2019.10.01-13.59.11:170][  0]LogSlate: New Slate User Created.  User Index 0, Is Virtual User: 0
[2019.10.01-13.59.11:170][  0]LogSlate: Slate User Registered.  User Index 0, Is Virtual User: 0
[2019.10.01-13.59.11:357][  0]LogHMD: Failed to initialize OpenVR with code 110
[2019.10.01-13.59.11:357][  0]LogD3D11RHI: D3D11 adapters:
[2019.10.01-13.59.11:422][  0]LogD3D11RHI:    0. 'NVIDIA GeForce GTX 1070' (Feature Level 11_0)
[2019.10.01-13.59.11:422][  0]LogD3D11RHI:       8088/0/8157 MB DedicatedVideo/DedicatedSystem/SharedSystem, Outputs:3, VendorId:0x10de
[2019.10.01-13.59.11:425][  0]LogD3D11RHI:    1. 'Microsoft Basic Render Driver' (Feature Level 11_0)
[2019.10.01-13.59.11:425][  0]LogD3D11RHI:       0/0/8157 MB DedicatedVideo/DedicatedSystem/SharedSystem, Outputs:0, VendorId:0x1414
[2019.10.01-13.59.11:425][  0]LogD3D11RHI: Chosen D3D11 Adapter: 0
[2019.10.01-13.59.11:435][  0]LogD3D11RHI: Creating new Direct3DDevice
[2019.10.01-13.59.11:435][  0]LogD3D11RHI:     GPU DeviceId: 0x1b81 (for the marketing name, search the web for "GPU Device Id")
[2019.10.01-13.59.11:436][  0]LogWindows: EnumDisplayDevices:
[2019.10.01-13.59.11:436][  0]LogWindows:    0. 'NVIDIA GeForce GTX 1070' (P:1 D:1)
[2019.10.01-13.59.11:436][  0]LogWindows:    1. 'NVIDIA GeForce GTX 1070' (P:0 D:1)
[2019.10.01-13.59.11:436][  0]LogWindows:    2. 'NVIDIA GeForce GTX 1070' (P:0 D:1)
[2019.10.01-13.59.11:437][  0]LogWindows:    3. 'NVIDIA GeForce GTX 1070' (P:0 D:0)
[2019.10.01-13.59.11:437][  0]LogWindows: DebugString: FoundDriverCount:4 
[2019.10.01-13.59.11:437][  0]LogD3D11RHI:     Adapter Name: NVIDIA GeForce GTX 1070
[2019.10.01-13.59.11:437][  0]LogD3D11RHI:   Driver Version: 418.91 (internal:25.21.14.1891, unified:418.91)
[2019.10.01-13.59.11:437][  0]LogD3D11RHI:      Driver Date: 2-6-2019
[2019.10.01-13.59.11:437][  0]LogRHI: Texture pool is 5661 MB (70% of 8088 MB)
[2019.10.01-13.59.11:486][  0]LogD3D11RHI: Async texture creation enabled
[2019.10.01-13.59.11:498][  0]LogD3D11RHI: GPU Timing Frequency: 1000.000000 (Debug: 2 1)
[2019.10.01-13.59.11:943][  0]LogTemp: Display: Module 'AllDesktopTargetPlatform' loaded TargetPlatform 'AllDesktop'
[2019.10.01-13.59.11:952][  0]LogTemp: Display: Module 'MacClientTargetPlatform' loaded TargetPlatform 'MacClient'
[2019.10.01-13.59.11:960][  0]LogTemp: Display: Module 'MacNoEditorTargetPlatform' loaded TargetPlatform 'MacNoEditor'
[2019.10.01-13.59.11:969][  0]LogTemp: Display: Module 'MacServerTargetPlatform' loaded TargetPlatform 'MacServer'
[2019.10.01-13.59.11:977][  0]LogTemp: Display: Module 'MacTargetPlatform' loaded TargetPlatform 'Mac'
[2019.10.01-13.59.11:986][  0]LogTemp: Display: Module 'WindowsClientTargetPlatform' loaded TargetPlatform 'WindowsClient'
[2019.10.01-13.59.11:995][  0]LogTemp: Display: Module 'WindowsNoEditorTargetPlatform' loaded TargetPlatform 'WindowsNoEditor'
[2019.10.01-13.59.12:004][  0]LogTemp: Display: Module 'WindowsServerTargetPlatform' loaded TargetPlatform 'WindowsServer'
[2019.10.01-13.59.12:008][  0]LogTemp: Display: Module 'WindowsTargetPlatform' loaded TargetPlatform 'Windows'
[2019.10.01-13.59.12:039][  0]LogTemp: Display: Module 'AndroidTargetPlatform' loaded TargetPlatform 'Android'
[2019.10.01-13.59.12:039][  0]LogTemp: Display: Module 'AndroidTargetPlatform' loaded TargetPlatform 'Android_ASTC'
[2019.10.01-13.59.12:039][  0]LogTemp: Display: Module 'AndroidTargetPlatform' loaded TargetPlatform 'Android_ATC'
[2019.10.01-13.59.12:039][  0]LogTemp: Display: Module 'AndroidTargetPlatform' loaded TargetPlatform 'Android_DXT'
[2019.10.01-13.59.12:039][  0]LogTemp: Display: Module 'AndroidTargetPlatform' loaded TargetPlatform 'Android_ETC1'
[2019.10.01-13.59.12:039][  0]LogTemp: Display: Module 'AndroidTargetPlatform' loaded TargetPlatform 'Android_ETC1a'
[2019.10.01-13.59.12:039][  0]LogTemp: Display: Module 'AndroidTargetPlatform' loaded TargetPlatform 'Android_ETC2'
[2019.10.01-13.59.12:039][  0]LogTemp: Display: Module 'AndroidTargetPlatform' loaded TargetPlatform 'Android_PVRTC'
[2019.10.01-13.59.12:039][  0]LogTemp: Display: Module 'AndroidTargetPlatform' loaded TargetPlatform 'AndroidClient'
[2019.10.01-13.59.12:039][  0]LogTemp: Display: Module 'AndroidTargetPlatform' loaded TargetPlatform 'Android_ASTCClient'
[2019.10.01-13.59.12:039][  0]LogTemp: Display: Module 'AndroidTargetPlatform' loaded TargetPlatform 'Android_ATCClient'
[2019.10.01-13.59.12:039][  0]LogTemp: Display: Module 'AndroidTargetPlatform' loaded TargetPlatform 'Android_DXTClient'
[2019.10.01-13.59.12:039][  0]LogTemp: Display: Module 'AndroidTargetPlatform' loaded TargetPlatform 'Android_ETC1Client'
[2019.10.01-13.59.12:039][  0]LogTemp: Display: Module 'AndroidTargetPlatform' loaded TargetPlatform 'Android_ETC1aClient'
[2019.10.01-13.59.12:039][  0]LogTemp: Display: Module 'AndroidTargetPlatform' loaded TargetPlatform 'Android_ETC2Client'
[2019.10.01-13.59.12:039][  0]LogTemp: Display: Module 'AndroidTargetPlatform' loaded TargetPlatform 'Android_PVRTCClient'
[2019.10.01-13.59.12:039][  0]LogTemp: Display: Module 'AndroidTargetPlatform' loaded TargetPlatform 'Android_Multi'
[2019.10.01-13.59.12:039][  0]LogTemp: Display: Module 'AndroidTargetPlatform' loaded TargetPlatform 'Android_MultiClient'
[2019.10.01-13.59.12:040][  0]LogTemp: Display: Module 'HTML5TargetPlatform' loaded TargetPlatform 'HTML5'
[2019.10.01-13.59.12:057][  0]LogTemp: Display: Module 'IOSTargetPlatform' loaded TargetPlatform 'IOSClient'
[2019.10.01-13.59.12:057][  0]LogTemp: Display: Module 'IOSTargetPlatform' loaded TargetPlatform 'IOS'
[2019.10.01-13.59.12:071][  0]LogTemp: Display: Module 'TVOSTargetPlatform' loaded TargetPlatform 'TVOSClient'
[2019.10.01-13.59.12:071][  0]LogTemp: Display: Module 'TVOSTargetPlatform' loaded TargetPlatform 'TVOS'
[2019.10.01-13.59.12:078][  0]LogTemp: Display: Module 'LinuxClientTargetPlatform' loaded TargetPlatform 'LinuxClient'
[2019.10.01-13.59.12:086][  0]LogTemp: Display: Module 'LinuxNoEditorTargetPlatform' loaded TargetPlatform 'LinuxNoEditor'
[2019.10.01-13.59.12:093][  0]LogTemp: Display: Module 'LinuxServerTargetPlatform' loaded TargetPlatform 'LinuxServer'
[2019.10.01-13.59.12:101][  0]LogTemp: Display: Module 'LinuxTargetPlatform' loaded TargetPlatform 'Linux'
[2019.10.01-13.59.12:127][  0]LogTemp: Display: Module 'LuminTargetPlatform' loaded TargetPlatform 'Lumin'
[2019.10.01-13.59.12:127][  0]LogTemp: Display: Module 'LuminTargetPlatform' loaded TargetPlatform 'LuminClient'
[2019.10.01-13.59.12:127][  0]LogTargetPlatformManager: Display: Building Assets For Windows
[2019.10.01-13.59.12:135][  0]LogAudioDebug: Display: Lib vorbis DLL was dynamically loaded.
[2019.10.01-13.59.12:180][  0]LogShaderCompilers: Guid format shader working directory is 0 characters bigger than the processId version (C:/Users/zacka/Desktop/EasyQuest/RPGGame 4.23/Intermediate/Shaders/WorkingDirectory/15948/).
[2019.10.01-13.59.12:181][  0]LogShaderCompilers: Cleaned the shader compiler working directory 'C:/Users/zacka/AppData/Local/Temp/UnrealShaderWorkingDir/FDA6C36248CC7142A743EC92138DFD9B/'.
[2019.10.01-13.59.12:183][  0]LogXGEController: Cannot use XGE Controller as Incredibuild is not installed on this machine.
[2019.10.01-13.59.12:183][  0]LogShaderCompilers: Cannot use XGE Shader Compiler as Incredibuild is not installed on this machine.
[2019.10.01-13.59.12:183][  0]LogShaderCompilers: Display: Using Local Shader Compiler.
[2019.10.01-13.59.12:726][  0]LogDerivedDataCache: Display: Max Cache Size: 512 MB
[2019.10.01-13.59.12:772][  0]LogDerivedDataCache: Loaded boot cache 0.05s 73MB C:/Users/zacka/AppData/Local/UnrealEngine/4.23/DerivedDataCache/Boot.ddc.
[2019.10.01-13.59.12:772][  0]LogDerivedDataCache: Display: Loaded Boot cache: C:/Users/zacka/AppData/Local/UnrealEngine/4.23/DerivedDataCache/Boot.ddc
[2019.10.01-13.59.12:772][  0]LogDerivedDataCache: FDerivedDataBackendGraph:  Pak pak cache file C:/Users/zacka/Desktop/EasyQuest/RPGGame 4.23/DerivedDataCache/DDC.ddp not found, will not use a pak cache.
[2019.10.01-13.59.12:772][  0]LogDerivedDataCache: Unable to find inner node Pak for hierarchical cache Hierarchy.
[2019.10.01-13.59.12:772][  0]LogDerivedDataCache: FDerivedDataBackendGraph:  CompressedPak pak cache file C:/Users/zacka/Desktop/EasyQuest/RPGGame 4.23/DerivedDataCache/Compressed.ddp not found, will not use a pak cache.
[2019.10.01-13.59.12:772][  0]LogDerivedDataCache: Unable to find inner node CompressedPak for hierarchical cache Hierarchy.
[2019.10.01-13.59.12:783][  0]LogDerivedDataCache: Display: Pak cache opened for reading ../../../Engine/DerivedDataCache/Compressed.ddp.
[2019.10.01-13.59.12:783][  0]LogDerivedDataCache: FDerivedDataBackendGraph:  EnterprisePak pak cache file ../../../Enterprise/DerivedDataCache/Compressed.ddp not found, will not use a pak cache.
[2019.10.01-13.59.12:783][  0]LogDerivedDataCache: Unable to find inner node EnterprisePak for hierarchical cache Hierarchy.
[2019.10.01-13.59.12:785][  0]LogDerivedDataCache: Using Local data cache path C:/Users/zacka/AppData/Local/UnrealEngine/Common/DerivedDataCache: Writable
[2019.10.01-13.59.12:785][  0]LogDerivedDataCache: Shared data cache path not found in *engine.ini, will not use an Shared cache.
[2019.10.01-13.59.12:785][  0]LogDerivedDataCache: Unable to find inner node Shared for hierarchical cache Hierarchy.
[2019.10.01-13.59.12:804][  0]LogMaterial: Verifying Global Shaders for PCD3D_SM5
[2019.10.01-13.59.12:807][  0]LogSlate: Using FreeType 2.6.0
[2019.10.01-13.59.12:807][  0]LogSlate: SlateFontServices - WITH_FREETYPE: 1, WITH_HARFBUZZ: 1
[2019.10.01-13.59.12:862][  0]LogAssetRegistry: FAssetRegistry took 0.0022 seconds to start up
[2019.10.01-13.59.13:126][  0]LogInit: Selected Device Profile: [Windows]
[2019.10.01-13.59.13:253][  0]LogMeshReduction: Using QuadricMeshReduction for automatic static mesh reduction
[2019.10.01-13.59.13:253][  0]LogMeshReduction: Using SimplygonMeshReduction for automatic skeletal mesh reduction
[2019.10.01-13.59.13:253][  0]LogMeshReduction: Using ProxyLODMeshReduction for automatic mesh merging
[2019.10.01-13.59.13:253][  0]LogMeshReduction: No distributed automatic mesh merging module available
[2019.10.01-13.59.13:253][  0]LogMeshMerging: No distributed automatic mesh merging module available
[2019.10.01-13.59.13:265][  0]LogNetVersion: RPGGame 1.0.0, NetCL: 8386587, EngineNetVer: 11, GameNetVer: 0 (Checksum: 3579892519)
[2019.10.01-13.59.13:683][  0]LogPackageLocalizationCache: Processed 12 localized package path(s) for 1 prioritized culture(s) in 0.043451 seconds
[2019.10.01-13.59.13:692][  0]LogUObjectArray: 43444 objects as part of root set at end of initial load.
[2019.10.01-13.59.13:692][  0]LogUObjectAllocator: 7548648 out of 0 bytes used by permanent object pool.
[2019.10.01-13.59.13:692][  0]LogUObjectArray: CloseDisregardForGC: 0/0 objects in disregard for GC pool
[2019.10.01-13.59.14:513][  0]LogTcpMessaging: Initializing TcpMessaging bridge
[2019.10.01-13.59.14:516][  0]LogUdpMessaging: Initializing bridge on interface 0.0.0.0:0 to multicast group 230.0.0.1:6666.
[2019.10.01-13.59.14:566][  0]SourceControl: Source control is disabled
[2019.10.01-13.59.14:567][  0]LogWindows: Warning: CreateProc failed: The system cannot find the file specified. (0x00000002)
[2019.10.01-13.59.14:567][  0]LogWindows: Warning: URL: C:/Program Files/Git/bin/git.exe version
[2019.10.01-13.59.14:567][  0]LogWindows: Warning: CreateProc failed: The system cannot find the file specified. (0x00000002)
[2019.10.01-13.59.14:567][  0]LogWindows: Warning: URL: C:/Program Files (x86)/Git/bin/git.exe version
[2019.10.01-13.59.14:567][  0]LogWindows: Warning: CreateProc failed: The system cannot find the file specified. (0x00000002)
[2019.10.01-13.59.14:567][  0]LogWindows: Warning: URL: C:\Users\zacka\AppData\Local/Programs/Git/cmd/git.exe version
[2019.10.01-13.59.14:568][  0]LogWindows: Warning: CreateProc failed: The system cannot find the file specified. (0x00000002)
[2019.10.01-13.59.14:568][  0]LogWindows: Warning: URL: C:/Program Files (x86)/SmartGit/git/bin/git.exe version
[2019.10.01-13.59.14:568][  0]LogWindows: Warning: CreateProc failed: The system cannot find the file specified. (0x00000002)
[2019.10.01-13.59.14:568][  0]LogWindows: Warning: URL: C:/Program Files (x86)/SmartGit/bin/git.exe version
[2019.10.01-13.59.15:133][  0]LogAndroidPermission: UAndroidPermissionCallbackProxy::GetInstance
[2019.10.01-13.59.15:294][  0]LogOcInput: OculusInput pre-init called
[2019.10.01-13.59.15:300][  0]LogWindows: Failed to load 'OVRPlugin.dll' (GetLastError=126)
[2019.10.01-13.59.15:300][  0]LogWindows: File 'OVRPlugin.dll' does not exist
[2019.10.01-13.59.15:364][  0]LogEngine: Initializing Engine...
[2019.10.01-13.59.15:365][  0]LogHMD: Failed to initialize OpenVR with code 110
[2019.10.01-13.59.15:366][  0]LogStats: UGameplayTagsManager::InitializeManager -  0.000 s
[2019.10.01-13.59.15:567][  0]LogInit: Initializing FReadOnlyCVARCache
[2019.10.01-13.59.15:581][  0]LogAIModule: Creating AISystem for world Untitled
[2019.10.01-13.59.15:634][  0]LogInit: XAudio2 using 'Speakers (RIG 800HX)' : 2 channels at 48 kHz using 16 bits per sample (channel mask 0x3)
[2019.10.01-13.59.15:668][  0]LogInit: FAudioDevice initialized.
[2019.10.01-13.59.15:668][  0]LogNetVersion: Set ProjectVersion to 1.0.0.0. Version Checksum will be recalculated on next use.
[2019.10.01-13.59.15:722][  0]LogDerivedDataCache: Saved boot cache 0.05s 73MB C:/Users/zacka/AppData/Local/UnrealEngine/4.23/DerivedDataCache/Boot.ddc.
[2019.10.01-13.59.15:722][  0]LogInit: Texture streaming: Enabled
[2019.10.01-13.59.15:741][  0]LogEngineSessionManager: EngineSessionManager initialized
[2019.10.01-13.59.15:790][  0]LogInit: Transaction tracking system initialized
[2019.10.01-13.59.15:819][  0]BlueprintLog: New page: Editor Load
[2019.10.01-13.59.15:889][  0]LocalizationService: Localization service is disabled
[2019.10.01-13.59.16:079][  0]LogCook: Display: Max memory allowance for cook 16384mb min free memory 0mb
[2019.10.01-13.59.16:079][  0]LogCook: Display: Mobile HDR setting 1
[2019.10.01-13.59.16:241][  0]LogFileCache: Scanning file cache for directory 'C:/Users/zacka/Desktop/EasyQuest/RPGGame 4.23/Content/' took 0.06s
[2019.10.01-13.59.16:347][  0]LogSlate: Took 0.000197 seconds to synchronously load lazily loaded font '../../../Engine/Content/Slate/Fonts/Roboto-Regular.ttf' (155K)
[2019.10.01-13.59.20:842][  0]LogSlate: Window 'Restore Packages' being destroyed
[2019.10.01-13.59.20:842][  0]LogWindowsTextInputMethodSystem: Display: IME system now deactivated.
[2019.10.01-13.59.20:845][  0]LogWindowsTextInputMethodSystem: Display: IME system now deactivated.
[2019.10.01-13.59.21:008][  0]LogWindowsTextInputMethodSystem: Display: IME system now deactivated.
[2019.10.01-13.59.21:010][  0]LogWindowsTextInputMethodSystem: Display: IME system now deactivated.
[2019.10.01-13.59.21:019][  0]Cmd: MAP LOAD FILE="C:/Users/zacka/Desktop/EasyQuest/RPGGame 4.23/Content/ThirdPersonBP/Maps/ThirdPersonExampleMap.umap" TEMPLATE=0 SHOWPROGRESS=1 FEATURELEVEL=3
[2019.10.01-13.59.21:020][  0]LightingResults: New page: Lighting Build
[2019.10.01-13.59.21:022][  0]LogWorld: UWorld::CleanupWorld for Untitled, bSessionEnded=true, bCleanupResources=true
[2019.10.01-13.59.21:022][  0]MapCheck: New page: Map Check
[2019.10.01-13.59.21:022][  0]LightingResults: New page: Lighting Build
[2019.10.01-13.59.21:060][  0]LogUObjectHash: Compacting FUObjectHashTables data took   2.08ms
[2019.10.01-13.59.21:582][  0]LogPackageName: Warning: Asset path "FX_Meshes.UI.SM_SelectionMesh_01" is in short form, which is unsupported and -- even if valid -- resolving it will be really slow.
[2019.10.01-13.59.21:582][  0]LogPackageName: Warning: Please consider resaving package in order to speed-up loading.
[2019.10.01-13.59.21:798][  0]LogPackageName: SearchForPackageOnDisk took   0.215s, but failed to resolve FX_Meshes.
[2019.10.01-13.59.21:798][  0]LogPackageName: Warning: Asset path "FX_Meshes.UI.SM_SelectionMesh_01" could not be resolved.
[2019.10.01-13.59.21:983][  0]LogAIModule: Creating AISystem for world ThirdPersonExampleMap
[2019.10.01-13.59.21:992][  0]LogEditorServer: Finished looking for orphan Actors (0.000 secs)
[2019.10.01-13.59.22:031][  0]LogUObjectHash: Compacting FUObjectHashTables data took   2.77ms
[2019.10.01-13.59.22:032][  0]Cmd: MAP CHECKDEP NOCLEARLOG
[2019.10.01-13.59.22:032][  0]MapCheck: Map check complete: 0 Error(s), 0 Warning(s), took 0.222ms to complete.
[2019.10.01-13.59.22:032][  0]LogFileHelpers: Loading map 'ThirdPersonExampleMap' took 1.013
[2019.10.01-13.59.22:122][  0]LogSlate: Updating window title bar state: overlay mode, drag disabled, window buttons hidden, title bar hidden
[2019.10.01-13.59.22:132][  0]LogSlate: Updating window title bar state: overlay mode, drag disabled, window buttons hidden, title bar hidden
[2019.10.01-13.59.22:141][  0]LogSlate: Updating window title bar state: overlay mode, drag disabled, window buttons hidden, title bar hidden
[2019.10.01-13.59.22:150][  0]LogSlate: Updating window title bar state: overlay mode, drag disabled, window buttons hidden, title bar hidden
[2019.10.01-13.59.22:157][  0]LogCollectionManager: Loaded 0 collections in 0.001863 seconds
[2019.10.01-13.59.22:163][  0]LogFileCache: Scanning file cache for directory 'C:/Users/zacka/Desktop/EasyQuest/RPGGame 4.23/Saved/Collections/' took 0.00s
[2019.10.01-13.59.22:163][  0]LogFileCache: Scanning file cache for directory 'C:/Users/zacka/Desktop/EasyQuest/RPGGame 4.23/Content/Developers/zacka/Collections/' took 0.00s
[2019.10.01-13.59.22:163][  0]LogFileCache: Scanning file cache for directory 'C:/Users/zacka/Desktop/EasyQuest/RPGGame 4.23/Content/Collections/' took 0.00s
[2019.10.01-13.59.22:163][  0]LogCollectionManager: Rebuilt the GUID cache for 0 collections in 0.000005 seconds
[2019.10.01-13.59.22:174][  0]LogContentBrowser: Native class hierarchy populated in 0.0107 seconds. Added 2863 classes and 680 folders.
[2019.10.01-13.59.22:180][  0]LogContentBrowser: Native class hierarchy updated for 'WidgetCarousel' in 0.0002 seconds. Added 0 classes and 0 folders.
[2019.10.01-13.59.22:241][  0]LogContentBrowser: Native class hierarchy updated for 'AddContentDialog' in 0.0003 seconds. Added 0 classes and 0 folders.
[2019.10.01-13.59.22:248][  0]LogContentBrowser: Native class hierarchy updated for 'SceneOutliner' in 0.0003 seconds. Added 1 classes and 2 folders.
[2019.10.01-13.59.22:267][  0]LogSlate: Took 0.000200 seconds to synchronously load lazily loaded font '../../../Engine/Content/Slate/Fonts/Roboto-Bold.ttf' (160K)
[2019.10.01-13.59.22:273][  0]LogSlate: Took 0.000205 seconds to synchronously load lazily loaded font '../../../Engine/Content/Editor/Slate/Fonts/FontAwesome.ttf' (139K)
[2019.10.01-13.59.22:315][  0]LogRenderer: Reallocating scene render targets to support 2836x832 Format 10 NumSamples 1 (Frame:1).
[2019.10.01-13.59.22:429][  0]LogContentBrowser: Native class hierarchy updated for 'HierarchicalLODOutliner' in 0.0003 seconds. Added 0 classes and 0 folders.
[2019.10.01-13.59.22:429][  0]LogLoad: (Engine Initialization) Total time: 13.05 seconds
[2019.10.01-13.59.22:429][  0]LogLoad: (Engine Initialization) Total Blueprint compile time: 0.00 seconds
[2019.10.01-13.59.22:485][  0]LogContentStreaming: Texture pool size now 1000 MB
[2019.10.01-13.59.22:544][  1]LogAssetRegistry: Asset discovery search completed in 9.6829 seconds
[2019.10.01-13.59.22:547][  1]LogCollectionManager: Rebuilt the object cache for 0 collections in 0.000004 seconds (found 0 objects)
[2019.10.01-13.59.22:547][  1]LogCollectionManager: Fixed up redirectors for 0 collections in 0.000056 seconds (updated 0 objects)
[2019.10.01-13.59.23:459][100]LogSlate: Took 0.000194 seconds to synchronously load lazily loaded font '../../../Engine/Content/Slate/Fonts/Roboto-Light.ttf' (167K)
[2019.10.01-14.02.22:740][602]LogHttp: Warning: 000001D4A8C70540: invalid HTTP response code received. URL: https://datarouter.ol.epicgames.com/datarouter/api/v1/public/data?SessionID=%7B911E4C0D-4D8B-EAC9-54D0-FD864029D210%7D&AppID=UEEditor.Rocket.Release&AppVersion=4.23.0-8386587%2B%2B%2BUE4%2BRelease-4.23&UserID=6e5cde954b3d281bbec372ac3482018d%7Cd0db6071d39f4b9281dcd45f00ceeda7%7C9dbebf9c-1400-4ab0-b483-d66783a60b8b&AppEnvironment=datacollector-binary&UploadType=eteventstream, HTTP code: 0, content length: -1, actual payload size: 0
[2019.10.01-14.02.22:740][602]LogHttp: Warning: 000001D4A8C70540: request failed, libcurl error: 0 (No error)
[2019.10.01-14.02.22:740][602]LogHttp: Warning: 000001D4A8C70540: libcurl info message cache 0 (Found bundle for host datarouter.ol.epicgames.com: 0x1d4d9a83f70 [can pipeline])
[2019.10.01-14.02.22:740][602]LogHttp: Warning: 000001D4A8C70540: libcurl info message cache 1 (Re-using existing connection! (#0) with host datarouter.ol.epicgames.com)
[2019.10.01-14.02.22:740][602]LogHttp: Warning: 000001D4A8C70540: libcurl info message cache 2 (Connected to datarouter.ol.epicgames.com (52.1.97.25) port 443 (#0))
[2019.10.01-14.02.22:740][602]LogHttp: Warning: 000001D4A8C70540: libcurl info message cache 3 (We are completely uploaded and fine)
[2019.10.01-14.02.22:740][602]LogHttp: Warning: 000001D4A8C70540: libcurl info message cache 4 (TLSv1.2 (IN), TLS alert, Client hello (1):)
[2019.10.01-14.02.22:740][602]LogHttp: Warning: 000001D4A8C70540: libcurl info message cache 5 (Connection died, retrying a fresh connect)
[2019.10.01-14.02.22:740][602]LogHttp: Warning: 000001D4A8C70540: libcurl info message cache 6 (necessary data rewind wasn't possible)
[2019.10.01-14.02.22:741][602]LogHttp: Warning: 000001D4A8C70540: libcurl info message cache 7 (Closing connection 0)
[2019.10.01-14.02.22:741][602]LogHttp: Warning: 000001D4A8C70540: libcurl info message cache 8 (TLSv1.2 (OUT), TLS alert, Client hello (1):)
[2019.10.01-14.02.22:741][602]LogHttp: Warning: Retry exhausted on https://datarouter.ol.epicgames.com/datarouter/api/v1/public/data?SessionID=%7B911E4C0D-4D8B-EAC9-54D0-FD864029D210%7D&AppID=UEEditor.Rocket.Release&AppVersion=4.23.0-8386587%2B%2B%2BUE4%2BRelease-4.23&UserID=6e5cde954b3d281bbec372ac3482018d%7Cd0db6071d39f4b9281dcd45f00ceeda7%7C9dbebf9c-1400-4ab0-b483-d66783a60b8b&AppEnvironment=datacollector-binary&UploadType=eteventstream
[2019.10.01-14.10.22:846][373]LogHttp: Warning: 000001D4A8C71300: invalid HTTP response code received. URL: https://datarouter.ol.epicgames.com/datarouter/api/v1/public/data?SessionID=%7B911E4C0D-4D8B-EAC9-54D0-FD864029D210%7D&AppID=UEEditor.Rocket.Release&AppVersion=4.23.0-8386587%2B%2B%2BUE4%2BRelease-4.23&UserID=6e5cde954b3d281bbec372ac3482018d%7Cd0db6071d39f4b9281dcd45f00ceeda7%7C9dbebf9c-1400-4ab0-b483-d66783a60b8b&AppEnvironment=datacollector-binary&UploadType=eteventstream, HTTP code: 0, content length: -1, actual payload size: 0
[2019.10.01-14.10.22:846][373]LogHttp: Warning: 000001D4A8C71300: request failed, libcurl error: 0 (No error)
[2019.10.01-14.10.22:846][373]LogHttp: Warning: 000001D4A8C71300: libcurl info message cache 0 (Found bundle for host datarouter.ol.epicgames.com: 0x1d4d9a83f70 [can pipeline])
[2019.10.01-14.10.22:846][373]LogHttp: Warning: 000001D4A8C71300: libcurl info message cache 1 (Re-using existing connection! (#3) with host datarouter.ol.epicgames.com)
[2019.10.01-14.10.22:846][373]LogHttp: Warning: 000001D4A8C71300: libcurl info message cache 2 (Connected to datarouter.ol.epicgames.com (54.224.96.69) port 443 (#3))
[2019.10.01-14.10.22:846][373]LogHttp: Warning: 000001D4A8C71300: libcurl info message cache 3 (We are completely uploaded and fine)
[2019.10.01-14.10.22:846][373]LogHttp: Warning: 000001D4A8C71300: libcurl info message cache 4 (TLSv1.2 (IN), TLS alert, Client hello (1):)
[2019.10.01-14.10.22:846][373]LogHttp: Warning: 000001D4A8C71300: libcurl info message cache 5 (Connection died, retrying a fresh connect)
[2019.10.01-14.10.22:846][373]LogHttp: Warning: 000001D4A8C71300: libcurl info message cache 6 (necessary data rewind wasn't possible)
[2019.10.01-14.10.22:846][373]LogHttp: Warning: 000001D4A8C71300: libcurl info message cache 7 (Closing connection 3)
[2019.10.01-14.10.22:846][373]LogHttp: Warning: 000001D4A8C71300: libcurl info message cache 8 (TLSv1.2 (OUT), TLS alert, Client hello (1):)
[2019.10.01-14.10.23:181][374]LogHttp: Warning: Retry exhausted on https://datarouter.ol.epicgames.com/datarouter/api/v1/public/data?SessionID=%7B911E4C0D-4D8B-EAC9-54D0-FD864029D210%7D&AppID=UEEditor.Rocket.Release&AppVersion=4.23.0-8386587%2B%2B%2BUE4%2BRelease-4.23&UserID=6e5cde954b3d281bbec372ac3482018d%7Cd0db6071d39f4b9281dcd45f00ceeda7%7C9dbebf9c-1400-4ab0-b483-d66783a60b8b&AppEnvironment=datacollector-binary&UploadType=eteventstream
[2019.10.01-14.10.42:392][431]LogSlate: FSceneViewport::OnFocusLost() reason 0
[2019.10.01-14.10.45:153][736]LogAssetEditorManager: Opening Asset editor for WidgetBlueprint /Game/QuestSystem/Quest_UI/QuestLog_UI.QuestLog_UI
[2019.10.01-14.10.45:368][736]LogContentBrowser: Native class hierarchy updated for 'BlueprintGraph' in 0.0005 seconds. Added 121 classes and 0 folders.
[2019.10.01-14.10.46:459][736]LogSlate: Took 0.000204 seconds to synchronously load lazily loaded font '../../../Engine/Content/Slate/Fonts/Roboto-BoldCondensed.ttf' (158K)
[2019.10.01-14.10.49:344][ 43]LogSlate: Took 0.001286 seconds to synchronously load lazily loaded font '../../../Engine/Content/Slate/Fonts/DroidSansFallback.ttf' (3848K)
[2019.10.01-14.10.57:366][515]LogSlate: Took 0.000216 seconds to synchronously load lazily loaded font '../../../Engine/Content/Slate/Fonts/Roboto-Italic.ttf' (157K)
[2019.10.01-14.11.23:258][339]LogAssetEditorManager: Opening Asset editor for WidgetBlueprint /Game/QuestSystem/Quest_UI/Quest_UI.Quest_UI
[2019.10.01-14.17.01:776][892]LogUObjectHash: Compacting FUObjectHashTables data took   6.17ms
[2019.10.01-14.17.01:776][892]LogFileHelpers: Editor autosave (incl. sublevels) for '/Game/ThirdPersonBP/Maps/ThirdPersonExampleMap' took 0.073
[2019.10.01-14.17.01:778][892]OBJ SavePackage: Generating thumbnails for [0] asset(s) in package [/Game/QuestSystem/Quest_UI/QuestLog_UI] ([1] browsable assets)...
[2019.10.01-14.17.01:778][892]OBJ SavePackage: Finished generating thumbnails for package [/Game/QuestSystem/Quest_UI/QuestLog_UI]
[2019.10.01-14.17.01:822][892]LogSavePackage: Moving 'C:/Users/zacka/Desktop/EasyQuest/RPGGame 4.23/Saved/QuestLog_UI_Auto16D34F3404303F27E5B7502A32E719B89.tmp' to 'C:/Users/zacka/Desktop/EasyQuest/RPGGame 4.23/Saved/Autosaves/Game/QuestSystem/Quest_UI/QuestLog_UI_Auto1.uasset'
[2019.10.01-14.17.01:824][892]LogFileHelpers: Auto-saving content packages took 0.047
[2019.10.01-14.17.40:358][565]BlueprintLog: New page: Compile QuestLog_UI
[2019.10.01-14.17.40:421][565]LogUObjectHash: Compacting FUObjectHashTables data took   5.64ms
[2019.10.01-14.18.15:528][ 50]BlueprintLog: New page: Compile QuestLog_UI
[2019.10.01-14.18.15:589][ 50]LogUObjectHash: Compacting FUObjectHashTables data took   4.40ms
[2019.10.01-14.19.21:652][ 25]BlueprintLog: New page: Compile QuestLog_UI
[2019.10.01-14.19.21:712][ 25]LogUObjectHash: Compacting FUObjectHashTables data took   4.58ms
[2019.10.01-14.21.06:075][142]BlueprintLog: New page: Compile QuestLog_UI
[2019.10.01-14.21.06:136][142]LogUObjectHash: Compacting FUObjectHashTables data took   5.91ms
[2019.10.01-14.23.40:093][135]LogAssetEditorManager: Opening Asset editor for WidgetBlueprint /Game/QuestSystem/Quest_UI/QuestLogEntry_UI.QuestLogEntry_UI
[2019.10.01-14.24.46:306][501]BlueprintLog: New page: Compile QuestLogEntry_UI
[2019.10.01-14.24.46:804][501]LogBlueprint: Warning: [Compiler QuestLogEntry_UI] Could not find the function 'ActiveQuestChanged' called from  Active Quest Changed
[2019.10.01-14.24.46:859][501]LogUObjectHash: Compacting FUObjectHashTables data took   4.81ms
[2019.10.01-14.25.11:366][306]BlueprintLog: New page: Compile QuestLog_UI
[2019.10.01-14.25.11:424][306]LogUObjectHash: Compacting FUObjectHashTables data took   5.13ms
[2019.10.01-14.25.12:821][438]BlueprintLog: New page: Compile QuestLogEntry_UI
[2019.10.01-14.25.12:875][438]LogUObjectHash: Compacting FUObjectHashTables data took   4.53ms
[2019.10.01-14.25.53:265][268]BlueprintLog: New page: Compile QuestLog_UI
[2019.10.01-14.25.53:330][268]LogUObjectHash: Compacting FUObjectHashTables data took   5.21ms
[2019.10.01-14.25.56:445][564]LogTemp: Repeating last play command: Selected Viewport
[2019.10.01-14.25.56:469][564]LogBlueprintUserMessages: Early PlayInEditor Detection: Level '/Game/ThirdPersonBP/Maps/ThirdPersonExampleMap.ThirdPersonExampleMap:PersistentLevel' has LevelScriptBlueprint '/Game/ThirdPersonBP/Maps/ThirdPersonExampleMap.ThirdPersonExampleMap:PersistentLevel.ThirdPersonExampleMap' with GeneratedClass '/Game/ThirdPersonBP/Maps/ThirdPersonExampleMap.ThirdPersonExampleMap_C' with ClassGeneratedBy '/Game/ThirdPersonBP/Maps/ThirdPersonExampleMap.ThirdPersonExampleMap:PersistentLevel.ThirdPersonExampleMap'
[2019.10.01-14.25.56:469][564]LogPlayLevel: PlayLevel: No blueprints needed recompiling
[2019.10.01-14.25.56:469][564]PIE: New page: PIE session: ThirdPersonExampleMap (2 Oct 2019 10:25:56 am)
[2019.10.01-14.25.56:470][564]LogOnline: OSS: Creating online subsystem instance for: NULL
[2019.10.01-14.25.56:471][564]LogPlayLevel: Creating play world package: /Game/ThirdPersonBP/Maps/UEDPIE_0_ThirdPersonExampleMap
[2019.10.01-14.25.56:485][564]LogPlayLevel: PIE: StaticDuplicateObject took: (0.013376s)
[2019.10.01-14.25.56:485][564]LogAIModule: Creating AISystem for world ThirdPersonExampleMap
[2019.10.01-14.25.56:486][564]LogPlayLevel: PIE: World Init took: (0.000942s)
[2019.10.01-14.25.56:486][564]LogPlayLevel: PIE: Created PIE world by copying editor world from /Game/ThirdPersonBP/Maps/ThirdPersonExampleMap.ThirdPersonExampleMap to /Game/ThirdPersonBP/Maps/UEDPIE_0_ThirdPersonExampleMap.ThirdPersonExampleMap (0.014619s)
[2019.10.01-14.25.56:539][564]LogUObjectHash: Compacting FUObjectHashTables data took   5.42ms
[2019.10.01-14.25.56:580][564]LogInit: XAudio2 using 'Speakers (RIG 800HX)' : 2 channels at 48 kHz using 16 bits per sample (channel mask 0x3)
[2019.10.01-14.25.56:597][564]LogInit: FAudioDevice initialized.
[2019.10.01-14.25.56:609][564]LogLoad: Game class is 'ThirdPersonGameMode_C'
[2019.10.01-14.25.56:612][564]LogWorld: Bringing World /Game/ThirdPersonBP/Maps/UEDPIE_0_ThirdPersonExampleMap.ThirdPersonExampleMap up for play (max tick rate 0) at 2019.10.02-00.25.56
[2019.10.01-14.25.56:613][564]LogWorld: Bringing up level for play took: 0.003033
[2019.10.01-14.25.56:613][564]LogOnline: OSS: Creating online subsystem instance for: :Context_7
[2019.10.01-14.25.56:622][564]LogContentBrowser: Native class hierarchy updated for 'MovieSceneCapture' in 0.0003 seconds. Added 20 classes and 0 folders.
[2019.10.01-14.25.56:626][564]PIE: Play in editor start time for /Game/ThirdPersonBP/Maps/UEDPIE_0_ThirdPersonExampleMap -0.633
[2019.10.01-14.25.56:626][564]LogBlueprintUserMessages: Late PlayInEditor Detection: Level '/Game/ThirdPersonBP/Maps/ThirdPersonExampleMap.ThirdPersonExampleMap:PersistentLevel' has LevelScriptBlueprint '/Game/ThirdPersonBP/Maps/ThirdPersonExampleMap.ThirdPersonExampleMap:PersistentLevel.ThirdPersonExampleMap' with GeneratedClass '/Game/ThirdPersonBP/Maps/ThirdPersonExampleMap.ThirdPersonExampleMap_C' with ClassGeneratedBy '/Game/ThirdPersonBP/Maps/ThirdPersonExampleMap.ThirdPersonExampleMap:PersistentLevel.ThirdPersonExampleMap'
[2019.10.01-14.25.59:483][865]LogPlayerController: Error: InputMode:UIOnly - Attempting to focus Non-Focusable widget SObjectWidget [Widget.cpp(723)]!
[2019.10.01-14.26.00:633][  3]LogSlate: FSceneViewport::OnFocusLost() reason 0
[2019.10.01-14.26.01:351][ 89]LogPlayerController: Error: InputMode:UIOnly - Attempting to focus Non-Focusable widget SObjectWidget [Widget.cpp(723)]!
[2019.10.01-14.26.03:008][239]LogSlate: FSceneViewport::OnFocusLost() reason 0
[2019.10.01-14.26.11:306][998]LogBlueprintUserMessages: Early EndPlayMap Detection: Level '/Game/ThirdPersonBP/Maps/ThirdPersonExampleMap.ThirdPersonExampleMap:PersistentLevel' has LevelScriptBlueprint '/Game/ThirdPersonBP/Maps/ThirdPersonExampleMap.ThirdPersonExampleMap:PersistentLevel.ThirdPersonExampleMap' with GeneratedClass '/Game/ThirdPersonBP/Maps/ThirdPersonExampleMap.ThirdPersonExampleMap_C' with ClassGeneratedBy '/Game/ThirdPersonBP/Maps/ThirdPersonExampleMap.ThirdPersonExampleMap:PersistentLevel.ThirdPersonExampleMap'
[2019.10.01-14.26.11:306][998]LogSlate: Updating window title bar state: overlay mode, drag disabled, window buttons hidden, title bar hidden
[2019.10.01-14.26.11:306][998]LogWorld: BeginTearingDown for /Game/ThirdPersonBP/Maps/UEDPIE_0_ThirdPersonExampleMap
[2019.10.01-14.26.11:306][998]LogWorld: UWorld::CleanupWorld for ThirdPersonExampleMap, bSessionEnded=true, bCleanupResources=true
[2019.10.01-14.26.11:313][998]LogPlayLevel: Display: Shutting down PIE online subsystems
[2019.10.01-14.26.11:313][998]LogBlueprintUserMessages: Late EndPlayMap Detection: Level '/Game/ThirdPersonBP/Maps/ThirdPersonExampleMap.ThirdPersonExampleMap:PersistentLevel' has LevelScriptBlueprint '/Game/ThirdPersonBP/Maps/ThirdPersonExampleMap.ThirdPersonExampleMap:PersistentLevel.ThirdPersonExampleMap' with GeneratedClass '/Game/ThirdPersonBP/Maps/ThirdPersonExampleMap.ThirdPersonExampleMap_C' with ClassGeneratedBy '/Game/ThirdPersonBP/Maps/ThirdPersonExampleMap.ThirdPersonExampleMap:PersistentLevel.ThirdPersonExampleMap'
[2019.10.01-14.26.11:361][998]LogSlate: Updating window title bar state: overlay mode, drag disabled, window buttons hidden, title bar hidden
[2019.10.01-14.26.11:388][998]LogUObjectHash: Compacting FUObjectHashTables data took   5.35ms
[2019.10.01-14.26.11:438][  0]LogPlayLevel: Display: Destroying online subsystem :Context_7
[2019.10.01-14.26.15:318][460]LogSlate: FSceneViewport::OnFocusLost() reason 0
[2019.10.01-14.26.54:934][643]LogTemp: Repeating last play command: Selected Viewport
[2019.10.01-14.26.54:956][643]LogBlueprintUserMessages: Early PlayInEditor Detection: Level '/Game/ThirdPersonBP/Maps/ThirdPersonExampleMap.ThirdPersonExampleMap:PersistentLevel' has LevelScriptBlueprint '/Game/ThirdPersonBP/Maps/ThirdPersonExampleMap.ThirdPersonExampleMap:PersistentLevel.ThirdPersonExampleMap' with GeneratedClass '/Game/ThirdPersonBP/Maps/ThirdPersonExampleMap.ThirdPersonExampleMap_C' with ClassGeneratedBy '/Game/ThirdPersonBP/Maps/ThirdPersonExampleMap.ThirdPersonExampleMap:PersistentLevel.ThirdPersonExampleMap'
[2019.10.01-14.26.54:956][643]BlueprintLog: New page: Pre-Play auto-recompile
[2019.10.01-14.26.54:959][643]LogPlayLevel: [PlayLevel] Compiling QuestLog_UI before play...
[2019.10.01-14.26.55:312][643]LogUObjectHash: Compacting FUObjectHashTables data took   7.20ms
[2019.10.01-14.26.55:313][643]LogPlayLevel: PlayLevel: Blueprint regeneration took 356 ms (1 blueprints)
[2019.10.01-14.26.55:313][643]PIE: New page: PIE session: ThirdPersonExampleMap (2 Oct 2019 10:26:55 am)
[2019.10.01-14.26.55:313][643]LogPlayLevel: Creating play world package: /Game/ThirdPersonBP/Maps/UEDPIE_0_ThirdPersonExampleMap
[2019.10.01-14.26.55:321][643]LogPlayLevel: PIE: StaticDuplicateObject took: (0.008046s)
[2019.10.01-14.26.55:322][643]LogAIModule: Creating AISystem for world ThirdPersonExampleMap
[2019.10.01-14.26.55:322][643]LogPlayLevel: PIE: World Init took: (0.000912s)
[2019.10.01-14.26.55:322][643]LogPlayLevel: PIE: Created PIE world by copying editor world from /Game/ThirdPersonBP/Maps/ThirdPersonExampleMap.ThirdPersonExampleMap to /Game/ThirdPersonBP/Maps/UEDPIE_0_ThirdPersonExampleMap.ThirdPersonExampleMap (0.009094s)
[2019.10.01-14.26.55:365][643]LogUObjectHash: Compacting FUObjectHashTables data took   3.56ms
[2019.10.01-14.26.55:398][643]LogInit: XAudio2 using 'Speakers (RIG 800HX)' : 2 channels at 48 kHz using 16 bits per sample (channel mask 0x3)
[2019.10.01-14.26.55:412][643]LogInit: FAudioDevice initialized.
[2019.10.01-14.26.55:424][643]LogLoad: Game class is 'ThirdPersonGameMode_C'
[2019.10.01-14.26.55:426][643]LogWorld: Bringing World /Game/ThirdPersonBP/Maps/UEDPIE_0_ThirdPersonExampleMap.ThirdPersonExampleMap up for play (max tick rate 0) at 2019.10.02-00.26.55
[2019.10.01-14.26.55:427][643]LogWorld: Bringing up level for play took: 0.002362
[2019.10.01-14.26.55:427][643]LogOnline: OSS: Creating online subsystem instance for: :Context_8
[2019.10.01-14.26.55:431][643]PIE: Play in editor start time for /Game/ThirdPersonBP/Maps/UEDPIE_0_ThirdPersonExampleMap 0.172
[2019.10.01-14.26.55:431][643]LogBlueprintUserMessages: Late PlayInEditor Detection: Level '/Game/ThirdPersonBP/Maps/ThirdPersonExampleMap.ThirdPersonExampleMap:PersistentLevel' has LevelScriptBlueprint '/Game/ThirdPersonBP/Maps/ThirdPersonExampleMap.ThirdPersonExampleMap:PersistentLevel.ThirdPersonExampleMap' with GeneratedClass '/Game/ThirdPersonBP/Maps/ThirdPersonExampleMap.ThirdPersonExampleMap_C' with ClassGeneratedBy '/Game/ThirdPersonBP/Maps/ThirdPersonExampleMap.ThirdPersonExampleMap:PersistentLevel.ThirdPersonExampleMap'
[2019.10.01-14.26.57:968][942]LogPlayerController: Error: InputMode:UIOnly - Attempting to focus Non-Focusable widget SObjectWidget [Widget.cpp(723)]!
[2019.10.01-14.26.59:016][ 68]LogSlate: FSceneViewport::OnFocusLost() reason 0
[2019.10.01-14.26.59:418][116]LogPlayerController: Error: InputMode:UIOnly - Attempting to focus Non-Focusable widget SObjectWidget [Widget.cpp(723)]!
[2019.10.01-14.27.00:891][293]LogSlate: FSceneViewport::OnFocusLost() reason 0
[2019.10.01-14.27.10:650][464]LogBlueprintUserMessages: Early EndPlayMap Detection: Level '/Game/ThirdPersonBP/Maps/ThirdPersonExampleMap.ThirdPersonExampleMap:PersistentLevel' has LevelScriptBlueprint '/Game/ThirdPersonBP/Maps/ThirdPersonExampleMap.ThirdPersonExampleMap:PersistentLevel.ThirdPersonExampleMap' with GeneratedClass '/Game/ThirdPersonBP/Maps/ThirdPersonExampleMap.ThirdPersonExampleMap_C' with ClassGeneratedBy '/Game/ThirdPersonBP/Maps/ThirdPersonExampleMap.ThirdPersonExampleMap:PersistentLevel.ThirdPersonExampleMap'
[2019.10.01-14.27.10:651][464]LogSlate: Updating window title bar state: overlay mode, drag disabled, window buttons hidden, title bar hidden
[2019.10.01-14.27.10:651][464]LogWorld: BeginTearingDown for /Game/ThirdPersonBP/Maps/UEDPIE_0_ThirdPersonExampleMap
[2019.10.01-14.27.10:651][464]LogWorld: UWorld::CleanupWorld for ThirdPersonExampleMap, bSessionEnded=true, bCleanupResources=true
[2019.10.01-14.27.10:658][464]LogPlayLevel: Display: Shutting down PIE online subsystems
[2019.10.01-14.27.10:658][464]LogBlueprintUserMessages: Late EndPlayMap Detection: Level '/Game/ThirdPersonBP/Maps/ThirdPersonExampleMap.ThirdPersonExampleMap:PersistentLevel' has LevelScriptBlueprint '/Game/ThirdPersonBP/Maps/ThirdPersonExampleMap.ThirdPersonExampleMap:PersistentLevel.ThirdPersonExampleMap' with GeneratedClass '/Game/ThirdPersonBP/Maps/ThirdPersonExampleMap.ThirdPersonExampleMap_C' with ClassGeneratedBy '/Game/ThirdPersonBP/Maps/ThirdPersonExampleMap.ThirdPersonExampleMap:PersistentLevel.ThirdPersonExampleMap'
[2019.10.01-14.27.10:703][464]LogSlate: Updating window title bar state: overlay mode, drag disabled, window buttons hidden, title bar hidden
[2019.10.01-14.27.10:708][464]LogUObjectHash: Compacting FUObjectHashTables data took   3.49ms
[2019.10.01-14.27.10:784][466]LogPlayLevel: Display: Destroying online subsystem :Context_8
