Log file open, 10/29/19 15:43:52
LogWindows: Failed to load 'aqProf.dll' (GetLastError=126)
LogWindows: File 'aqProf.dll' does not exist
LogWindows: Failed to load 'VtuneApi.dll' (GetLastError=126)
LogWindows: File 'VtuneApi.dll' does not exist
LogWindows: Failed to load 'VtuneApi32e.dll' (GetLastError=126)
LogWindows: File 'VtuneApi32e.dll' does not exist
LogConsoleResponse: Display: Failed to find resolution value strings in scalability ini. Falling back to default.
LogInit: Display: Running engine for game: RPGGame
LogPlatformFile: Not using cached read wrapper
LogTaskGraph: Started task graph with 5 named threads and 47 total threads with 3 sets of task threads.
LogStats: Stats thread started at 0.077516
LogD3D11RHI: Loaded GFSDK_Aftermath_Lib.x64.dll
LogICUInternationalization: ICU TimeZone Detection - Raw Offset: +10:00, Platform Override: ''
LogPluginManager: Mounting plugin Paper2D
LogPluginManager: Mounting plugin AISupport
LogPluginManager: Mounting plugin LightPropagationVolume
LogPluginManager: Mounting plugin ActorLayerUtilities
LogPluginManager: Mounting plugin AnimationSharing
LogPluginManager: Mounting plugin CLionSourceCodeAccess
LogPluginManager: Mounting plugin CodeLiteSourceCodeAccess
LogPluginManager: Mounting plugin GitSourceControl
LogPluginManager: Mounting plugin KDevelopSourceCodeAccess
LogPluginManager: Mounting plugin NullSourceCodeAccess
LogPluginManager: Mounting plugin PerforceSourceControl
LogPluginManager: Mounting plugin SubversionSourceControl
LogPluginManager: Mounting plugin UObjectPlugin
LogPluginManager: Mounting plugin VisualStudioCodeSourceCodeAccess
LogPluginManager: Mounting plugin VisualStudioSourceCodeAccess
LogPluginManager: Mounting plugin XCodeSourceCodeAccess
LogPluginManager: Mounting plugin AssetManagerEditor
LogPluginManager: Mounting plugin CryptoKeys
LogPluginManager: Mounting plugin CurveEditorTools
LogPluginManager: Mounting plugin DataValidation
LogPluginManager: Mounting plugin FacialAnimation
LogPluginManager: Mounting plugin GameplayTagsEditor
LogPluginManager: Mounting plugin MacGraphicsSwitching
LogPluginManager: Mounting plugin MaterialAnalyzer
LogPluginManager: Mounting plugin MobileLauncherProfileWizard
LogPluginManager: Mounting plugin PluginBrowser
LogPluginManager: Mounting plugin SpeedTreeImporter
LogPluginManager: Mounting plugin DatasmithContent
LogPluginManager: Mounting plugin VariantManagerContent
LogPluginManager: Mounting plugin AlembicImporter
LogPluginManager: Mounting plugin AutomationUtils
LogPluginManager: Mounting plugin BackChannel
LogPluginManager: Mounting plugin CharacterAI
LogPluginManager: Mounting plugin GeometryCache
LogPluginManager: Mounting plugin HTML5Networking
LogPluginManager: Mounting plugin PlatformCrypto
LogPluginManager: Mounting plugin ProxyLODPlugin
LogPluginManager: Mounting plugin SkeletalReduction
LogPluginManager: Mounting plugin MagicLeap
LogPluginManager: Mounting plugin MagicLeapMedia
LogPluginManager: Mounting plugin AndroidMedia
LogPluginManager: Mounting plugin AvfMedia
LogPluginManager: Mounting plugin ImgMedia
LogPluginManager: Mounting plugin MediaCompositing
LogPluginManager: Mounting plugin MediaPlayerEditor
LogPluginManager: Mounting plugin WebMMedia
LogPluginManager: Mounting plugin WmfMedia
LogPluginManager: Mounting plugin TcpMessaging
LogPluginManager: Mounting plugin UdpMessaging
LogPluginManager: Mounting plugin ActorSequence
LogPluginManager: Mounting plugin LevelSequenceEditor
LogPluginManager: Mounting plugin MatineeToLevelSequence
LogPluginManager: Mounting plugin NetcodeUnitTest
LogPluginManager: Mounting plugin NUTUnrealEngine4
LogPluginManager: Mounting plugin OnlineSubsystemGooglePlay
LogPluginManager: Mounting plugin OnlineSubsystemIOS
LogPluginManager: Mounting plugin OnlineSubsystem
LogPluginManager: Mounting plugin OnlineSubsystemNull
LogPluginManager: Mounting plugin OnlineSubsystemUtils
LogPluginManager: Mounting plugin LauncherChunkInstaller
LogPluginManager: Mounting plugin AndroidDeviceProfileSelector
LogPluginManager: Mounting plugin AndroidMoviePlayer
LogPluginManager: Mounting plugin AndroidPermission
LogPluginManager: Mounting plugin AppleImageUtils
LogPluginManager: Mounting plugin AppleMoviePlayer
LogPluginManager: Mounting plugin ArchVisCharacter
LogPluginManager: Mounting plugin AudioCapture
LogPluginManager: Mounting plugin CableComponent
LogPluginManager: Mounting plugin CustomMeshComponent
LogPluginManager: Mounting plugin EditableMesh
LogPluginManager: Mounting plugin ExampleDeviceProfileSelector
LogPluginManager: Mounting plugin GoogleCloudMessaging
LogPluginManager: Mounting plugin IOSDeviceProfileSelector
LogPluginManager: Mounting plugin LinuxDeviceProfileSelector
LogPluginManager: Mounting plugin LocationServicesBPLibrary
LogPluginManager: Mounting plugin MobilePatchingUtils
LogPluginManager: Mounting plugin OculusVR
LogPluginManager: Mounting plugin PhysXVehicles
LogPluginManager: Mounting plugin ProceduralMeshComponent
LogPluginManager: Mounting plugin RuntimePhysXCooking
LogPluginManager: Mounting plugin SignificanceManager
LogPluginManager: Mounting plugin SteamVR
LogPluginManager: Mounting plugin WebMMoviePlayer
LogPluginManager: Mounting plugin WindowsMoviePlayer
LogPluginManager: Mounting plugin ScreenshotTools
LogInit: Using libcurl 7.55.1-DEV
LogInit:  - built for x86_64-pc-win32
LogInit:  - supports SSL with OpenSSL/1.1.1
LogInit:  - supports HTTP deflate (compression) using libz 1.2.8
LogInit:  - other features:
LogInit:      CURL_VERSION_SSL
LogInit:      CURL_VERSION_LIBZ
LogInit:      CURL_VERSION_IPV6
LogInit:      CURL_VERSION_ASYNCHDNS
LogInit:      CURL_VERSION_LARGEFILE
LogInit:      CURL_VERSION_IDN
LogInit:  CurlRequestOptions (configurable via config and command line):
LogInit:  - bVerifyPeer = true  - Libcurl will verify peer certificate
LogInit:  - bUseHttpProxy = false  - Libcurl will NOT use HTTP proxy
LogInit:  - bDontReuseConnections = false  - Libcurl will reuse connections
LogInit:  - MaxHostConnections = 16  - Libcurl will limit the number of connections to a host
LogInit:  - LocalHostAddr = Default
LogInit:  - BufferSize = 65536
LogOnline: OSS: Creating online subsystem instance for: NULL
LogInit: WinSock: version 1.1 (2.2), MaxSocks=32767, MaxUdp=65467
LogInit: Build: ++UE4+Release-4.23-CL-8386587
LogInit: Engine Version: 4.23.0-8386587+++UE4+Release-4.23
LogInit: Compatible Engine Version: 4.23.0-8386587+++UE4+Release-4.23
LogInit: Net CL: 8386587
LogInit: OS: Windows 10 (Release 1903) (), CPU: AMD Ryzen 7 2700X Eight-Core Processor         , GPU: NVIDIA GeForce GTX 1070
LogInit: Compiled (64-bit): Aug 31 2019 02:04:44
LogInit: Compiled with Visual C++: 19.16.27030.01
LogInit: Build Configuration: Development
LogInit: Branch Name: ++UE4+Release-4.23
LogInit: Command Line: 
LogInit: Base Directory: D:/UE_4.23/Engine/Binaries/Win64/
LogInit: Installed Engine Build: 1
LogDevObjectVersion: Number of dev versions registered: 23
LogDevObjectVersion:   Dev-Blueprints (B0D832E4-1F89-4F0D-ACCF-7EB736FD4AA2): 10
LogDevObjectVersion:   Dev-Build (E1C64328-A22C-4D53-A36C-8E866417BD8C): 0
LogDevObjectVersion:   Dev-Core (375EC13C-06E4-48FB-B500-84F0262A717E): 3
LogDevObjectVersion:   Dev-Editor (E4B068ED-F494-42E9-A231-DA0B2E46BB41): 34
LogDevObjectVersion:   Dev-Framework (CFFC743F-43B0-4480-9391-14DF171D2073): 35
LogDevObjectVersion:   Dev-Mobile (B02B49B5-BB20-44E9-A304-32B752E40360): 2
LogDevObjectVersion:   Dev-Networking (A4E4105C-59A1-49B5-A7C5-40C4547EDFEE): 0
LogDevObjectVersion:   Dev-Online (39C831C9-5AE6-47DC-9A44-9C173E1C8E7C): 0
LogDevObjectVersion:   Dev-Physics (78F01B33-EBEA-4F98-B9B4-84EACCB95AA2): 0
LogDevObjectVersion:   Dev-Platform (6631380F-2D4D-43E0-8009-CF276956A95A): 0
LogDevObjectVersion:   Dev-Rendering (12F88B9F-8875-4AFC-A67C-D90C383ABD29): 31
LogDevObjectVersion:   Dev-Sequencer (7B5AE74C-D270-4C10-A958-57980B212A5A): 11
LogDevObjectVersion:   Dev-VR (D7296918-1DD6-4BDD-9DE2-64A83CC13884): 2
LogDevObjectVersion:   Dev-LoadTimes (C2A15278-BFE7-4AFE-6C17-90FF531DF755): 1
LogDevObjectVersion:   Private-Geometry (6EACA3D4-40EC-4CC1-B786-8BED09428FC5): 3
LogDevObjectVersion:   Dev-AnimPhys (29E575DD-E0A3-4627-9D10-D276232CDCEA): 17
LogDevObjectVersion:   Dev-Anim (AF43A65D-7FD3-4947-9873-3E8ED9C1BB05): 2
LogDevObjectVersion:   Dev-ReflectionCapture (6B266CEC-1EC7-4B8F-A30B-E4D90942FC07): 1
LogDevObjectVersion:   Dev-Automation (0DF73D61-A23F-47EA-B727-89E90C41499A): 1
LogDevObjectVersion:   FortniteMain (601D1886-AC64-4F84-AA16-D3DE0DEAC7D6): 27
LogDevObjectVersion:   Dev-Enterprise (9DFFBCD6-494F-0158-E221-12823C92A888): 6
LogDevObjectVersion:   Dev-Niagara (F2AED0AC-9AFE-416F-8664-AA7FFA26D6FC): 1
LogDevObjectVersion:   Dev-Destruction (174F1F0B-B4C6-45A5-B13F-2EE8D0FB917D): 9
LogInit: Presizing for max 16777216 objects, including 0 objects not considered by GC, pre-allocating 0 bytes for permanent pool.
LogInit: Object subsystem initialized
LogConfig: Setting CVar [[con.DebugEarlyDefault:1]]
LogConfig: Setting CVar [[r.setres:1280x720]]
[2019.10.29-04.43.52:405][  0]LogConfig: Setting CVar [[r.VSync:0]]
[2019.10.29-04.43.52:405][  0]LogConfig: Setting CVar [[r.RHICmdBypass:0]]
[2019.10.29-04.43.52:406][  0]LogConfig: Applying CVar settings from Section [/Script/Engine.RendererSettings] File [C:/Users/zacka/Desktop/EasyQuest/RPGGame 4.23/Saved/Config/Windows/Engine.ini]
[2019.10.29-04.43.52:406][  0]LogConfig: Setting CVar [[r.GPUCrashDebugging:0]]
[2019.10.29-04.43.52:406][  0]LogConfig: Applying CVar settings from Section [/Script/Engine.RendererOverrideSettings] File [C:/Users/zacka/Desktop/EasyQuest/RPGGame 4.23/Saved/Config/Windows/Engine.ini]
[2019.10.29-04.43.52:406][  0]LogConfig: Applying CVar settings from Section [/Script/Engine.StreamingSettings] File [C:/Users/zacka/Desktop/EasyQuest/RPGGame 4.23/Saved/Config/Windows/Engine.ini]
[2019.10.29-04.43.52:406][  0]LogConfig: Setting CVar [[s.MinBulkDataSizeForAsyncLoading:131072]]
[2019.10.29-04.43.52:406][  0]LogConfig: Setting CVar [[s.AsyncLoadingThreadEnabled:0]]
[2019.10.29-04.43.52:406][  0]LogConfig: Setting CVar [[s.EventDrivenLoaderEnabled:1]]
[2019.10.29-04.43.52:406][  0]LogConfig: Setting CVar [[s.WarnIfTimeLimitExceeded:0]]
[2019.10.29-04.43.52:406][  0]LogConfig: Setting CVar [[s.TimeLimitExceededMultiplier:1.5]]
[2019.10.29-04.43.52:406][  0]LogConfig: Setting CVar [[s.TimeLimitExceededMinTime:0.005]]
[2019.10.29-04.43.52:406][  0]LogConfig: Setting CVar [[s.UseBackgroundLevelStreaming:1]]
[2019.10.29-04.43.52:406][  0]LogConfig: Setting CVar [[s.PriorityAsyncLoadingExtraTime:15.0]]
[2019.10.29-04.43.52:406][  0]LogConfig: Setting CVar [[s.LevelStreamingActorsUpdateTimeLimit:5.0]]
[2019.10.29-04.43.52:406][  0]LogConfig: Setting CVar [[s.PriorityLevelStreamingActorsUpdateExtraTime:5.0]]
[2019.10.29-04.43.52:406][  0]LogConfig: Setting CVar [[s.LevelStreamingComponentsRegistrationGranularity:10]]
[2019.10.29-04.43.52:406][  0]LogConfig: Setting CVar [[s.UnregisterComponentsTimeLimit:1.0]]
[2019.10.29-04.43.52:406][  0]LogConfig: Setting CVar [[s.LevelStreamingComponentsUnregistrationGranularity:5]]
[2019.10.29-04.43.52:406][  0]LogConfig: Applying CVar settings from Section [/Script/Engine.GarbageCollectionSettings] File [C:/Users/zacka/Desktop/EasyQuest/RPGGame 4.23/Saved/Config/Windows/Engine.ini]
[2019.10.29-04.43.52:406][  0]LogConfig: Setting CVar [[gc.MaxObjectsNotConsideredByGC:1]]
[2019.10.29-04.43.52:406][  0]LogConfig: Setting CVar [[gc.SizeOfPermanentObjectPool:0]]
[2019.10.29-04.43.52:406][  0]LogConfig: Setting CVar [[gc.FlushStreamingOnGC:0]]
[2019.10.29-04.43.52:406][  0]LogConfig: Setting CVar [[gc.NumRetriesBeforeForcingGC:10]]
[2019.10.29-04.43.52:406][  0]LogConfig: Setting CVar [[gc.AllowParallelGC:1]]
[2019.10.29-04.43.52:406][  0]LogConfig: Setting CVar [[gc.TimeBetweenPurgingPendingKillObjects:61.1]]
[2019.10.29-04.43.52:406][  0]LogConfig: Setting CVar [[gc.MaxObjectsInEditor:16777216]]
[2019.10.29-04.43.52:406][  0]LogConfig: Setting CVar [[gc.IncrementalBeginDestroyEnabled:1]]
[2019.10.29-04.43.52:406][  0]LogConfig: Setting CVar [[gc.CreateGCClusters:1]]
[2019.10.29-04.43.52:406][  0]LogConfig: Setting CVar [[gc.MinGCClusterSize:5]]
[2019.10.29-04.43.52:406][  0]LogConfig: Setting CVar [[gc.ActorClusteringEnabled:0]]
[2019.10.29-04.43.52:406][  0]LogConfig: Setting CVar [[gc.BlueprintClusteringEnabled:0]]
[2019.10.29-04.43.52:406][  0]LogConfig: Setting CVar [[gc.UseDisregardForGCOnDedicatedServers:0]]
[2019.10.29-04.43.52:406][  0]LogConfig: Applying CVar settings from Section [/Script/Engine.NetworkSettings] File [C:/Users/zacka/Desktop/EasyQuest/RPGGame 4.23/Saved/Config/Windows/Engine.ini]
[2019.10.29-04.43.52:406][  0]LogConfig: Applying CVar settings from Section [/Script/UnrealEd.CookerSettings] File [C:/Users/zacka/Desktop/EasyQuest/RPGGame 4.23/Saved/Config/Windows/Engine.ini]
[2019.10.29-04.43.52:416][  0]LogConfig: Applying CVar settings from Section [ViewDistanceQuality@3] File [C:/Users/zacka/Desktop/EasyQuest/RPGGame 4.23/Saved/Config/Windows/Scalability.ini]
[2019.10.29-04.43.52:416][  0]LogConfig: Setting CVar [[r.SkeletalMeshLODBias:0]]
[2019.10.29-04.43.52:416][  0]LogConfig: Setting CVar [[r.ViewDistanceScale:1.0]]
[2019.10.29-04.43.52:416][  0]LogConfig: Applying CVar settings from Section [AntiAliasingQuality@3] File [C:/Users/zacka/Desktop/EasyQuest/RPGGame 4.23/Saved/Config/Windows/Scalability.ini]
[2019.10.29-04.43.52:416][  0]LogConfig: Setting CVar [[r.PostProcessAAQuality:4]]
[2019.10.29-04.43.52:416][  0]LogConfig: Applying CVar settings from Section [ShadowQuality@3] File [C:/Users/zacka/Desktop/EasyQuest/RPGGame 4.23/Saved/Config/Windows/Scalability.ini]
[2019.10.29-04.43.52:416][  0]LogConfig: Setting CVar [[r.LightFunctionQuality:1]]
[2019.10.29-04.43.52:416][  0]LogConfig: Setting CVar [[r.ShadowQuality:5]]
[2019.10.29-04.43.52:416][  0]LogConfig: Setting CVar [[r.Shadow.CSM.MaxCascades:10]]
[2019.10.29-04.43.52:416][  0]LogConfig: Setting CVar [[r.Shadow.MaxResolution:2048]]
[2019.10.29-04.43.52:416][  0]LogConfig: Setting CVar [[r.Shadow.MaxCSMResolution:2048]]
[2019.10.29-04.43.52:416][  0]LogConfig: Setting CVar [[r.Shadow.RadiusThreshold:0.01]]
[2019.10.29-04.43.52:416][  0]LogConfig: Setting CVar [[r.Shadow.DistanceScale:1.0]]
[2019.10.29-04.43.52:416][  0]LogConfig: Setting CVar [[r.Shadow.CSM.TransitionScale:1.0]]
[2019.10.29-04.43.52:416][  0]LogConfig: Setting CVar [[r.Shadow.PreShadowResolutionFactor:1.0]]
[2019.10.29-04.43.52:416][  0]LogConfig: Setting CVar [[r.DistanceFieldShadowing:1]]
[2019.10.29-04.43.52:416][  0]LogConfig: Setting CVar [[r.DistanceFieldAO:1]]
[2019.10.29-04.43.52:416][  0]LogConfig: Setting CVar [[r.AOQuality:2]]
[2019.10.29-04.43.52:416][  0]LogConfig: Setting CVar [[r.VolumetricFog:1]]
[2019.10.29-04.43.52:416][  0]LogConfig: Setting CVar [[r.VolumetricFog.GridPixelSize:8]]
[2019.10.29-04.43.52:416][  0]LogConfig: Setting CVar [[r.VolumetricFog.GridSizeZ:128]]
[2019.10.29-04.43.52:416][  0]LogConfig: Setting CVar [[r.VolumetricFog.HistoryMissSupersampleCount:4]]
[2019.10.29-04.43.52:416][  0]LogConfig: Setting CVar [[r.LightMaxDrawDistanceScale:1]]
[2019.10.29-04.43.52:416][  0]LogConfig: Setting CVar [[r.CapsuleShadows:1]]
[2019.10.29-04.43.52:416][  0]LogConfig: Applying CVar settings from Section [PostProcessQuality@3] File [C:/Users/zacka/Desktop/EasyQuest/RPGGame 4.23/Saved/Config/Windows/Scalability.ini]
[2019.10.29-04.43.52:416][  0]LogConfig: Setting CVar [[r.MotionBlurQuality:4]]
[2019.10.29-04.43.52:416][  0]LogConfig: Setting CVar [[r.AmbientOcclusionMipLevelFactor:0.4]]
[2019.10.29-04.43.52:416][  0]LogConfig: Setting CVar [[r.AmbientOcclusionMaxQuality:100]]
[2019.10.29-04.43.52:416][  0]LogConfig: Setting CVar [[r.AmbientOcclusionLevels:-1]]
[2019.10.29-04.43.52:416][  0]LogConfig: Setting CVar [[r.AmbientOcclusionRadiusScale:1.0]]
[2019.10.29-04.43.52:416][  0]LogConfig: Setting CVar [[r.DepthOfFieldQuality:2]]
[2019.10.29-04.43.52:416][  0]LogConfig: Setting CVar [[r.RenderTargetPoolMin:400]]
[2019.10.29-04.43.52:416][  0]LogConfig: Setting CVar [[r.LensFlareQuality:2]]
[2019.10.29-04.43.52:416][  0]LogConfig: Setting CVar [[r.SceneColorFringeQuality:1]]
[2019.10.29-04.43.52:416][  0]LogConfig: Setting CVar [[r.EyeAdaptationQuality:2]]
[2019.10.29-04.43.52:416][  0]LogConfig: Setting CVar [[r.BloomQuality:5]]
[2019.10.29-04.43.52:416][  0]LogConfig: Setting CVar [[r.FastBlurThreshold:100]]
[2019.10.29-04.43.52:416][  0]LogConfig: Setting CVar [[r.Upscale.Quality:3]]
[2019.10.29-04.43.52:416][  0]LogConfig: Setting CVar [[r.Tonemapper.GrainQuantization:1]]
[2019.10.29-04.43.52:416][  0]LogConfig: Setting CVar [[r.LightShaftQuality:1]]
[2019.10.29-04.43.52:416][  0]LogConfig: Setting CVar [[r.Filter.SizeScale:1]]
[2019.10.29-04.43.52:416][  0]LogConfig: Setting CVar [[r.Tonemapper.Quality:5]]
[2019.10.29-04.43.52:416][  0]LogConfig: Setting CVar [[r.DOF.Gather.AccumulatorQuality:1        ; higher gathering accumulator quality]]
[2019.10.29-04.43.52:416][  0]LogConfig: Setting CVar [[r.DOF.Gather.PostfilterMethod:1          ; Median3x3 postfilering method]]
[2019.10.29-04.43.52:416][  0]LogConfig: Setting CVar [[r.DOF.Gather.EnableBokehSettings:0       ; no bokeh simulation when gathering]]
[2019.10.29-04.43.52:416][  0]LogConfig: Setting CVar [[r.DOF.Gather.RingCount:4                 ; medium number of samples when gathering]]
[2019.10.29-04.43.52:416][  0]LogConfig: Setting CVar [[r.DOF.Scatter.ForegroundCompositing:1    ; additive foreground scattering]]
[2019.10.29-04.43.52:416][  0]LogConfig: Setting CVar [[r.DOF.Scatter.BackgroundCompositing:2    ; additive background scattering]]
[2019.10.29-04.43.52:416][  0]LogConfig: Setting CVar [[r.DOF.Scatter.EnableBokehSettings:1      ; bokeh simulation when scattering]]
[2019.10.29-04.43.52:417][  0]LogConfig: Setting CVar [[r.DOF.Scatter.MaxSpriteRatio:0.1         ; only a maximum of 10% of scattered bokeh]]
[2019.10.29-04.43.52:417][  0]LogConfig: Setting CVar [[r.DOF.Recombine.Quality:1                ; cheap slight out of focus]]
[2019.10.29-04.43.52:417][  0]LogConfig: Setting CVar [[r.DOF.Recombine.EnableBokehSettings:0    ; no bokeh simulation on slight out of focus]]
[2019.10.29-04.43.52:417][  0]LogConfig: Setting CVar [[r.DOF.TemporalAAQuality:1                ; more stable temporal accumulation]]
[2019.10.29-04.43.52:417][  0]LogConfig: Setting CVar [[r.DOF.Kernel.MaxForegroundRadius:0.025]]
[2019.10.29-04.43.52:417][  0]LogConfig: Setting CVar [[r.DOF.Kernel.MaxBackgroundRadius:0.025]]
[2019.10.29-04.43.52:417][  0]LogConfig: Applying CVar settings from Section [TextureQuality@3] File [C:/Users/zacka/Desktop/EasyQuest/RPGGame 4.23/Saved/Config/Windows/Scalability.ini]
[2019.10.29-04.43.52:417][  0]LogConfig: Setting CVar [[r.Streaming.MipBias:0]]
[2019.10.29-04.43.52:417][  0]LogConfig: Setting CVar [[r.Streaming.AmortizeCPUToGPUCopy:0]]
[2019.10.29-04.43.52:417][  0]LogConfig: Setting CVar [[r.Streaming.MaxNumTexturesToStreamPerFrame:0]]
[2019.10.29-04.43.52:417][  0]LogConfig: Setting CVar [[r.Streaming.Boost:1]]
[2019.10.29-04.43.52:417][  0]LogConfig: Setting CVar [[r.MaxAnisotropy:8]]
[2019.10.29-04.43.52:417][  0]LogConfig: Setting CVar [[r.Streaming.LimitPoolSizeToVRAM:0]]
[2019.10.29-04.43.52:417][  0]LogConfig: Setting CVar [[r.Streaming.PoolSize:1000]]
[2019.10.29-04.43.52:417][  0]LogConfig: Setting CVar [[r.Streaming.MaxEffectiveScreenSize:0]]
[2019.10.29-04.43.52:417][  0]LogConfig: Applying CVar settings from Section [EffectsQuality@3] File [C:/Users/zacka/Desktop/EasyQuest/RPGGame 4.23/Saved/Config/Windows/Scalability.ini]
[2019.10.29-04.43.52:417][  0]LogConfig: Setting CVar [[r.TranslucencyLightingVolumeDim:64]]
[2019.10.29-04.43.52:417][  0]LogConfig: Setting CVar [[r.RefractionQuality:2]]
[2019.10.29-04.43.52:417][  0]LogConfig: Setting CVar [[r.SSR.Quality:3]]
[2019.10.29-04.43.52:417][  0]LogConfig: Setting CVar [[r.SceneColorFormat:4]]
[2019.10.29-04.43.52:417][  0]LogConfig: Setting CVar [[r.DetailMode:2]]
[2019.10.29-04.43.52:417][  0]LogConfig: Setting CVar [[r.TranslucencyVolumeBlur:1]]
[2019.10.29-04.43.52:417][  0]LogConfig: Setting CVar [[r.MaterialQualityLevel:1 ; High quality]]
[2019.10.29-04.43.52:417][  0]LogConfig: Setting CVar [[r.SSS.Scale:1]]
[2019.10.29-04.43.52:417][  0]LogConfig: Setting CVar [[r.SSS.SampleSet:2]]
[2019.10.29-04.43.52:417][  0]LogConfig: Setting CVar [[r.SSS.Quality:1]]
[2019.10.29-04.43.52:417][  0]LogConfig: Setting CVar [[r.SSS.HalfRes:1]]
[2019.10.29-04.43.52:417][  0]LogConfig: Setting CVar [[r.EmitterSpawnRateScale:1.0]]
[2019.10.29-04.43.52:417][  0]LogConfig: Setting CVar [[r.ParticleLightQuality:2]]
[2019.10.29-04.43.52:417][  0]LogConfig: Applying CVar settings from Section [FoliageQuality@3] File [C:/Users/zacka/Desktop/EasyQuest/RPGGame 4.23/Saved/Config/Windows/Scalability.ini]
[2019.10.29-04.43.52:417][  0]LogConfig: Setting CVar [[foliage.DensityScale:1.0]]
[2019.10.29-04.43.52:417][  0]LogConfig: Setting CVar [[grass.DensityScale:1.0]]
[2019.10.29-04.43.52:417][  0]LogInit: Selected Device Profile: [Windows]
[2019.10.29-04.43.52:417][  0]LogInit: Applying CVar settings loaded from the selected device profile: [Windows]
[2019.10.29-04.43.52:420][  0]LogHAL: Display: Platform has ~ 16 GB [17108226048 / 17179869184 / 16], which maps to Larger [LargestMinGB=32, LargerMinGB=12, DefaultMinGB=8, SmallerMinGB=6, SmallestMinGB=0)
[2019.10.29-04.43.52:420][  0]LogInit: Going up to parent DeviceProfile []
[2019.10.29-04.43.52:420][  0]LogConfig: Applying CVar settings from Section [ViewDistanceQuality@3] File [C:/Users/zacka/Desktop/EasyQuest/RPGGame 4.23/Saved/Config/Windows/Scalability.ini]
[2019.10.29-04.43.52:420][  0]LogConfig: Setting CVar [[r.SkeletalMeshLODBias:0]]
[2019.10.29-04.43.52:420][  0]LogConfig: Setting CVar [[r.ViewDistanceScale:1.0]]
[2019.10.29-04.43.52:420][  0]LogConfig: Applying CVar settings from Section [AntiAliasingQuality@3] File [C:/Users/zacka/Desktop/EasyQuest/RPGGame 4.23/Saved/Config/Windows/Scalability.ini]
[2019.10.29-04.43.52:420][  0]LogConfig: Setting CVar [[r.PostProcessAAQuality:4]]
[2019.10.29-04.43.52:420][  0]LogConfig: Applying CVar settings from Section [ShadowQuality@3] File [C:/Users/zacka/Desktop/EasyQuest/RPGGame 4.23/Saved/Config/Windows/Scalability.ini]
[2019.10.29-04.43.52:420][  0]LogConfig: Setting CVar [[r.LightFunctionQuality:1]]
[2019.10.29-04.43.52:420][  0]LogConfig: Setting CVar [[r.ShadowQuality:5]]
[2019.10.29-04.43.52:420][  0]LogConfig: Setting CVar [[r.Shadow.CSM.MaxCascades:10]]
[2019.10.29-04.43.52:420][  0]LogConfig: Setting CVar [[r.Shadow.MaxResolution:2048]]
[2019.10.29-04.43.52:420][  0]LogConfig: Setting CVar [[r.Shadow.MaxCSMResolution:2048]]
[2019.10.29-04.43.52:420][  0]LogConfig: Setting CVar [[r.Shadow.RadiusThreshold:0.01]]
[2019.10.29-04.43.52:420][  0]LogConfig: Setting CVar [[r.Shadow.DistanceScale:1.0]]
[2019.10.29-04.43.52:420][  0]LogConfig: Setting CVar [[r.Shadow.CSM.TransitionScale:1.0]]
[2019.10.29-04.43.52:420][  0]LogConfig: Setting CVar [[r.Shadow.PreShadowResolutionFactor:1.0]]
[2019.10.29-04.43.52:420][  0]LogConfig: Setting CVar [[r.DistanceFieldShadowing:1]]
[2019.10.29-04.43.52:420][  0]LogConfig: Setting CVar [[r.DistanceFieldAO:1]]
[2019.10.29-04.43.52:420][  0]LogConfig: Setting CVar [[r.AOQuality:2]]
[2019.10.29-04.43.52:420][  0]LogConfig: Setting CVar [[r.VolumetricFog:1]]
[2019.10.29-04.43.52:420][  0]LogConfig: Setting CVar [[r.VolumetricFog.GridPixelSize:8]]
[2019.10.29-04.43.52:420][  0]LogConfig: Setting CVar [[r.VolumetricFog.GridSizeZ:128]]
[2019.10.29-04.43.52:420][  0]LogConfig: Setting CVar [[r.VolumetricFog.HistoryMissSupersampleCount:4]]
[2019.10.29-04.43.52:420][  0]LogConfig: Setting CVar [[r.LightMaxDrawDistanceScale:1]]
[2019.10.29-04.43.52:420][  0]LogConfig: Setting CVar [[r.CapsuleShadows:1]]
[2019.10.29-04.43.52:420][  0]LogConfig: Applying CVar settings from Section [PostProcessQuality@3] File [C:/Users/zacka/Desktop/EasyQuest/RPGGame 4.23/Saved/Config/Windows/Scalability.ini]
[2019.10.29-04.43.52:420][  0]LogConfig: Setting CVar [[r.MotionBlurQuality:4]]
[2019.10.29-04.43.52:420][  0]LogConfig: Setting CVar [[r.AmbientOcclusionMipLevelFactor:0.4]]
[2019.10.29-04.43.52:420][  0]LogConfig: Setting CVar [[r.AmbientOcclusionMaxQuality:100]]
[2019.10.29-04.43.52:420][  0]LogConfig: Setting CVar [[r.AmbientOcclusionLevels:-1]]
[2019.10.29-04.43.52:420][  0]LogConfig: Setting CVar [[r.AmbientOcclusionRadiusScale:1.0]]
[2019.10.29-04.43.52:420][  0]LogConfig: Setting CVar [[r.DepthOfFieldQuality:2]]
[2019.10.29-04.43.52:420][  0]LogConfig: Setting CVar [[r.RenderTargetPoolMin:400]]
[2019.10.29-04.43.52:420][  0]LogConfig: Setting CVar [[r.LensFlareQuality:2]]
[2019.10.29-04.43.52:420][  0]LogConfig: Setting CVar [[r.SceneColorFringeQuality:1]]
[2019.10.29-04.43.52:421][  0]LogConfig: Setting CVar [[r.EyeAdaptationQuality:2]]
[2019.10.29-04.43.52:421][  0]LogConfig: Setting CVar [[r.BloomQuality:5]]
[2019.10.29-04.43.52:421][  0]LogConfig: Setting CVar [[r.FastBlurThreshold:100]]
[2019.10.29-04.43.52:421][  0]LogConfig: Setting CVar [[r.Upscale.Quality:3]]
[2019.10.29-04.43.52:421][  0]LogConfig: Setting CVar [[r.Tonemapper.GrainQuantization:1]]
[2019.10.29-04.43.52:421][  0]LogConfig: Setting CVar [[r.LightShaftQuality:1]]
[2019.10.29-04.43.52:421][  0]LogConfig: Setting CVar [[r.Filter.SizeScale:1]]
[2019.10.29-04.43.52:421][  0]LogConfig: Setting CVar [[r.Tonemapper.Quality:5]]
[2019.10.29-04.43.52:421][  0]LogConfig: Setting CVar [[r.DOF.Gather.AccumulatorQuality:1        ; higher gathering accumulator quality]]
[2019.10.29-04.43.52:421][  0]LogConfig: Setting CVar [[r.DOF.Gather.PostfilterMethod:1          ; Median3x3 postfilering method]]
[2019.10.29-04.43.52:421][  0]LogConfig: Setting CVar [[r.DOF.Gather.EnableBokehSettings:0       ; no bokeh simulation when gathering]]
[2019.10.29-04.43.52:421][  0]LogConfig: Setting CVar [[r.DOF.Gather.RingCount:4                 ; medium number of samples when gathering]]
[2019.10.29-04.43.52:421][  0]LogConfig: Setting CVar [[r.DOF.Scatter.ForegroundCompositing:1    ; additive foreground scattering]]
[2019.10.29-04.43.52:421][  0]LogConfig: Setting CVar [[r.DOF.Scatter.BackgroundCompositing:2    ; additive background scattering]]
[2019.10.29-04.43.52:421][  0]LogConfig: Setting CVar [[r.DOF.Scatter.EnableBokehSettings:1      ; bokeh simulation when scattering]]
[2019.10.29-04.43.52:421][  0]LogConfig: Setting CVar [[r.DOF.Scatter.MaxSpriteRatio:0.1         ; only a maximum of 10% of scattered bokeh]]
[2019.10.29-04.43.52:421][  0]LogConfig: Setting CVar [[r.DOF.Recombine.Quality:1                ; cheap slight out of focus]]
[2019.10.29-04.43.52:421][  0]LogConfig: Setting CVar [[r.DOF.Recombine.EnableBokehSettings:0    ; no bokeh simulation on slight out of focus]]
[2019.10.29-04.43.52:421][  0]LogConfig: Setting CVar [[r.DOF.TemporalAAQuality:1                ; more stable temporal accumulation]]
[2019.10.29-04.43.52:421][  0]LogConfig: Setting CVar [[r.DOF.Kernel.MaxForegroundRadius:0.025]]
[2019.10.29-04.43.52:421][  0]LogConfig: Setting CVar [[r.DOF.Kernel.MaxBackgroundRadius:0.025]]
[2019.10.29-04.43.52:421][  0]LogConfig: Applying CVar settings from Section [TextureQuality@3] File [C:/Users/zacka/Desktop/EasyQuest/RPGGame 4.23/Saved/Config/Windows/Scalability.ini]
[2019.10.29-04.43.52:421][  0]LogConfig: Setting CVar [[r.Streaming.MipBias:0]]
[2019.10.29-04.43.52:421][  0]LogConfig: Setting CVar [[r.Streaming.AmortizeCPUToGPUCopy:0]]
[2019.10.29-04.43.52:421][  0]LogConfig: Setting CVar [[r.Streaming.MaxNumTexturesToStreamPerFrame:0]]
[2019.10.29-04.43.52:421][  0]LogConfig: Setting CVar [[r.Streaming.Boost:1]]
[2019.10.29-04.43.52:421][  0]LogConfig: Setting CVar [[r.MaxAnisotropy:8]]
[2019.10.29-04.43.52:421][  0]LogConfig: Setting CVar [[r.Streaming.LimitPoolSizeToVRAM:0]]
[2019.10.29-04.43.52:421][  0]LogConfig: Setting CVar [[r.Streaming.PoolSize:1000]]
[2019.10.29-04.43.52:421][  0]LogConfig: Setting CVar [[r.Streaming.MaxEffectiveScreenSize:0]]
[2019.10.29-04.43.52:421][  0]LogConfig: Applying CVar settings from Section [EffectsQuality@3] File [C:/Users/zacka/Desktop/EasyQuest/RPGGame 4.23/Saved/Config/Windows/Scalability.ini]
[2019.10.29-04.43.52:421][  0]LogConfig: Setting CVar [[r.TranslucencyLightingVolumeDim:64]]
[2019.10.29-04.43.52:421][  0]LogConfig: Setting CVar [[r.RefractionQuality:2]]
[2019.10.29-04.43.52:421][  0]LogConfig: Setting CVar [[r.SSR.Quality:3]]
[2019.10.29-04.43.52:421][  0]LogConfig: Setting CVar [[r.SceneColorFormat:4]]
[2019.10.29-04.43.52:421][  0]LogConfig: Setting CVar [[r.DetailMode:2]]
[2019.10.29-04.43.52:421][  0]LogConfig: Setting CVar [[r.TranslucencyVolumeBlur:1]]
[2019.10.29-04.43.52:421][  0]LogConfig: Setting CVar [[r.MaterialQualityLevel:1 ; High quality]]
[2019.10.29-04.43.52:421][  0]LogConfig: Setting CVar [[r.SSS.Scale:1]]
[2019.10.29-04.43.52:421][  0]LogConfig: Setting CVar [[r.SSS.SampleSet:2]]
[2019.10.29-04.43.52:421][  0]LogConfig: Setting CVar [[r.SSS.Quality:1]]
[2019.10.29-04.43.52:421][  0]LogConfig: Setting CVar [[r.SSS.HalfRes:1]]
[2019.10.29-04.43.52:421][  0]LogConfig: Setting CVar [[r.EmitterSpawnRateScale:1.0]]
[2019.10.29-04.43.52:421][  0]LogConfig: Setting CVar [[r.ParticleLightQuality:2]]
[2019.10.29-04.43.52:421][  0]LogConfig: Applying CVar settings from Section [FoliageQuality@3] File [C:/Users/zacka/Desktop/EasyQuest/RPGGame 4.23/Saved/Config/Windows/Scalability.ini]
[2019.10.29-04.43.52:421][  0]LogConfig: Setting CVar [[foliage.DensityScale:1.0]]
[2019.10.29-04.43.52:421][  0]LogConfig: Setting CVar [[grass.DensityScale:1.0]]
[2019.10.29-04.43.52:421][  0]LogConfig: Applying CVar settings from Section [Startup] File [../../../Engine/Config/ConsoleVariables.ini]
[2019.10.29-04.43.52:421][  0]LogConfig: Setting CVar [[net.UseAdaptiveNetUpdateFrequency:0]]
[2019.10.29-04.43.52:421][  0]LogConfig: Setting CVar [[p.chaos.AllowCreatePhysxBodies:1]]
[2019.10.29-04.43.52:421][  0]LogConfig: Applying CVar settings from Section [ConsoleVariables] File [C:/Users/zacka/Desktop/EasyQuest/RPGGame 4.23/Saved/Config/Windows/Engine.ini]
[2019.10.29-04.43.52:422][  0]LogInit: Computer: DESKTOP-96N3U1H
[2019.10.29-04.43.52:422][  0]LogInit: User: zacka
[2019.10.29-04.43.52:422][  0]LogInit: CPU Page size=4096, Cores=8
[2019.10.29-04.43.52:422][  0]LogInit: High frequency timer resolution =10.000000 MHz
[2019.10.29-04.43.52:422][  0]LogMemory: Memory total: Physical=15.9GB (16GB approx)
[2019.10.29-04.43.52:422][  0]LogMemory: Platform Memory Stats for Windows
[2019.10.29-04.43.52:422][  0]LogMemory: Process Physical Memory: 103.00 MB used, 103.00 MB peak
[2019.10.29-04.43.52:422][  0]LogMemory: Process Virtual Memory: 100.78 MB used, 100.78 MB peak
[2019.10.29-04.43.52:422][  0]LogMemory: Physical Memory: 7976.78 MB used,  8338.89 MB free, 16315.68 MB total
[2019.10.29-04.43.52:422][  0]LogMemory: Virtual Memory: 4687.20 MB used,  134213040.00 MB free, 134217728.00 MB total
[2019.10.29-04.43.52:426][  0]LogWindows: WindowsPlatformFeatures enabled
[2019.10.29-04.43.52:451][  0]LogInit: Using OS detected language (en-US).
[2019.10.29-04.43.52:451][  0]LogInit: Using OS detected locale (en-AU).
[2019.10.29-04.43.52:453][  0]LogTextLocalizationManager: No specific localization for 'en-US' exists, so the 'en' localization will be used.
[2019.10.29-04.43.52:604][  0]LogInit: Setting process to per monitor DPI aware
[2019.10.29-04.43.52:655][  0]LogSlate: New Slate User Created.  User Index 0, Is Virtual User: 0
[2019.10.29-04.43.52:655][  0]LogSlate: Slate User Registered.  User Index 0, Is Virtual User: 0
[2019.10.29-04.43.52:939][  0]LogHMD: Failed to initialize OpenVR with code 110
[2019.10.29-04.43.52:939][  0]LogD3D11RHI: D3D11 adapters:
[2019.10.29-04.43.53:006][  0]LogD3D11RHI:    0. 'NVIDIA GeForce GTX 1070' (Feature Level 11_0)
[2019.10.29-04.43.53:006][  0]LogD3D11RHI:       8088/0/8157 MB DedicatedVideo/DedicatedSystem/SharedSystem, Outputs:3, VendorId:0x10de
[2019.10.29-04.43.53:009][  0]LogD3D11RHI:    1. 'Microsoft Basic Render Driver' (Feature Level 11_0)
[2019.10.29-04.43.53:009][  0]LogD3D11RHI:       0/0/8157 MB DedicatedVideo/DedicatedSystem/SharedSystem, Outputs:0, VendorId:0x1414
[2019.10.29-04.43.53:009][  0]LogD3D11RHI: Chosen D3D11 Adapter: 0
[2019.10.29-04.43.53:019][  0]LogD3D11RHI: Creating new Direct3DDevice
[2019.10.29-04.43.53:020][  0]LogD3D11RHI:     GPU DeviceId: 0x1b81 (for the marketing name, search the web for "GPU Device Id")
[2019.10.29-04.43.53:020][  0]LogWindows: EnumDisplayDevices:
[2019.10.29-04.43.53:020][  0]LogWindows:    0. 'NVIDIA GeForce GTX 1070' (P:0 D:1)
[2019.10.29-04.43.53:020][  0]LogWindows:    1. 'NVIDIA GeForce GTX 1070' (P:0 D:1)
[2019.10.29-04.43.53:021][  0]LogWindows:    2. 'NVIDIA GeForce GTX 1070' (P:1 D:1)
[2019.10.29-04.43.53:021][  0]LogWindows:    3. 'NVIDIA GeForce GTX 1070' (P:0 D:0)
[2019.10.29-04.43.53:021][  0]LogWindows: DebugString: FoundDriverCount:4 
[2019.10.29-04.43.53:021][  0]LogD3D11RHI:     Adapter Name: NVIDIA GeForce GTX 1070
[2019.10.29-04.43.53:021][  0]LogD3D11RHI:   Driver Version: 440.97 (internal:26.21.14.4097, unified:440.97)
[2019.10.29-04.43.53:021][  0]LogD3D11RHI:      Driver Date: 10-16-2019
[2019.10.29-04.43.53:021][  0]LogRHI: Texture pool is 5661 MB (70% of 8088 MB)
[2019.10.29-04.43.53:068][  0]LogD3D11RHI: Async texture creation enabled
[2019.10.29-04.43.53:079][  0]LogD3D11RHI: GPU Timing Frequency: 1000.000000 (Debug: 2 1)
[2019.10.29-04.43.53:376][  0]LogTemp: Display: Module 'AllDesktopTargetPlatform' loaded TargetPlatform 'AllDesktop'
[2019.10.29-04.43.53:384][  0]LogTemp: Display: Module 'MacClientTargetPlatform' loaded TargetPlatform 'MacClient'
[2019.10.29-04.43.53:393][  0]LogTemp: Display: Module 'MacNoEditorTargetPlatform' loaded TargetPlatform 'MacNoEditor'
[2019.10.29-04.43.53:402][  0]LogTemp: Display: Module 'MacServerTargetPlatform' loaded TargetPlatform 'MacServer'
[2019.10.29-04.43.53:411][  0]LogTemp: Display: Module 'MacTargetPlatform' loaded TargetPlatform 'Mac'
[2019.10.29-04.43.53:419][  0]LogTemp: Display: Module 'WindowsClientTargetPlatform' loaded TargetPlatform 'WindowsClient'
[2019.10.29-04.43.53:428][  0]LogTemp: Display: Module 'WindowsNoEditorTargetPlatform' loaded TargetPlatform 'WindowsNoEditor'
[2019.10.29-04.43.53:437][  0]LogTemp: Display: Module 'WindowsServerTargetPlatform' loaded TargetPlatform 'WindowsServer'
[2019.10.29-04.43.53:441][  0]LogTemp: Display: Module 'WindowsTargetPlatform' loaded TargetPlatform 'Windows'
[2019.10.29-04.43.53:472][  0]LogTemp: Display: Module 'AndroidTargetPlatform' loaded TargetPlatform 'Android'
[2019.10.29-04.43.53:472][  0]LogTemp: Display: Module 'AndroidTargetPlatform' loaded TargetPlatform 'Android_ASTC'
[2019.10.29-04.43.53:472][  0]LogTemp: Display: Module 'AndroidTargetPlatform' loaded TargetPlatform 'Android_ATC'
[2019.10.29-04.43.53:472][  0]LogTemp: Display: Module 'AndroidTargetPlatform' loaded TargetPlatform 'Android_DXT'
[2019.10.29-04.43.53:472][  0]LogTemp: Display: Module 'AndroidTargetPlatform' loaded TargetPlatform 'Android_ETC1'
[2019.10.29-04.43.53:472][  0]LogTemp: Display: Module 'AndroidTargetPlatform' loaded TargetPlatform 'Android_ETC1a'
[2019.10.29-04.43.53:472][  0]LogTemp: Display: Module 'AndroidTargetPlatform' loaded TargetPlatform 'Android_ETC2'
[2019.10.29-04.43.53:472][  0]LogTemp: Display: Module 'AndroidTargetPlatform' loaded TargetPlatform 'Android_PVRTC'
[2019.10.29-04.43.53:472][  0]LogTemp: Display: Module 'AndroidTargetPlatform' loaded TargetPlatform 'AndroidClient'
[2019.10.29-04.43.53:472][  0]LogTemp: Display: Module 'AndroidTargetPlatform' loaded TargetPlatform 'Android_ASTCClient'
[2019.10.29-04.43.53:472][  0]LogTemp: Display: Module 'AndroidTargetPlatform' loaded TargetPlatform 'Android_ATCClient'
[2019.10.29-04.43.53:472][  0]LogTemp: Display: Module 'AndroidTargetPlatform' loaded TargetPlatform 'Android_DXTClient'
[2019.10.29-04.43.53:472][  0]LogTemp: Display: Module 'AndroidTargetPlatform' loaded TargetPlatform 'Android_ETC1Client'
[2019.10.29-04.43.53:472][  0]LogTemp: Display: Module 'AndroidTargetPlatform' loaded TargetPlatform 'Android_ETC1aClient'
[2019.10.29-04.43.53:472][  0]LogTemp: Display: Module 'AndroidTargetPlatform' loaded TargetPlatform 'Android_ETC2Client'
[2019.10.29-04.43.53:472][  0]LogTemp: Display: Module 'AndroidTargetPlatform' loaded TargetPlatform 'Android_PVRTCClient'
[2019.10.29-04.43.53:472][  0]LogTemp: Display: Module 'AndroidTargetPlatform' loaded TargetPlatform 'Android_Multi'
[2019.10.29-04.43.53:472][  0]LogTemp: Display: Module 'AndroidTargetPlatform' loaded TargetPlatform 'Android_MultiClient'
[2019.10.29-04.43.53:474][  0]LogTemp: Display: Module 'HTML5TargetPlatform' loaded TargetPlatform 'HTML5'
[2019.10.29-04.43.53:492][  0]LogTemp: Display: Module 'IOSTargetPlatform' loaded TargetPlatform 'IOSClient'
[2019.10.29-04.43.53:492][  0]LogTemp: Display: Module 'IOSTargetPlatform' loaded TargetPlatform 'IOS'
[2019.10.29-04.43.53:506][  0]LogTemp: Display: Module 'TVOSTargetPlatform' loaded TargetPlatform 'TVOSClient'
[2019.10.29-04.43.53:506][  0]LogTemp: Display: Module 'TVOSTargetPlatform' loaded TargetPlatform 'TVOS'
[2019.10.29-04.43.53:513][  0]LogTemp: Display: Module 'LinuxClientTargetPlatform' loaded TargetPlatform 'LinuxClient'
[2019.10.29-04.43.53:521][  0]LogTemp: Display: Module 'LinuxNoEditorTargetPlatform' loaded TargetPlatform 'LinuxNoEditor'
[2019.10.29-04.43.53:528][  0]LogTemp: Display: Module 'LinuxServerTargetPlatform' loaded TargetPlatform 'LinuxServer'
[2019.10.29-04.43.53:536][  0]LogTemp: Display: Module 'LinuxTargetPlatform' loaded TargetPlatform 'Linux'
[2019.10.29-04.43.53:561][  0]LogTemp: Display: Module 'LuminTargetPlatform' loaded TargetPlatform 'Lumin'
[2019.10.29-04.43.53:561][  0]LogTemp: Display: Module 'LuminTargetPlatform' loaded TargetPlatform 'LuminClient'
[2019.10.29-04.43.53:561][  0]LogTargetPlatformManager: Display: Building Assets For Windows
[2019.10.29-04.43.53:570][  0]LogAudioDebug: Display: Lib vorbis DLL was dynamically loaded.
[2019.10.29-04.43.53:619][  0]LogShaderCompilers: Guid format shader working directory is 1 characters bigger than the processId version (C:/Users/zacka/Desktop/EasyQuest/RPGGame 4.23/Intermediate/Shaders/WorkingDirectory/5384/).
[2019.10.29-04.43.53:619][  0]LogShaderCompilers: Cleaned the shader compiler working directory 'C:/Users/zacka/AppData/Local/Temp/UnrealShaderWorkingDir/3FA3ECDC494F1686CBF88A976E2A9D8C/'.
[2019.10.29-04.43.53:621][  0]LogXGEController: Cannot use XGE Controller as Incredibuild is not installed on this machine.
[2019.10.29-04.43.53:621][  0]LogShaderCompilers: Cannot use XGE Shader Compiler as Incredibuild is not installed on this machine.
[2019.10.29-04.43.53:621][  0]LogShaderCompilers: Display: Using Local Shader Compiler.
[2019.10.29-04.43.54:222][  0]LogDerivedDataCache: Display: Max Cache Size: 512 MB
[2019.10.29-04.43.54:263][  0]LogDerivedDataCache: Loaded boot cache 0.04s 73MB C:/Users/zacka/AppData/Local/UnrealEngine/4.23/DerivedDataCache/Boot.ddc.
[2019.10.29-04.43.54:263][  0]LogDerivedDataCache: Display: Loaded Boot cache: C:/Users/zacka/AppData/Local/UnrealEngine/4.23/DerivedDataCache/Boot.ddc
[2019.10.29-04.43.54:263][  0]LogDerivedDataCache: FDerivedDataBackendGraph:  Pak pak cache file C:/Users/zacka/Desktop/EasyQuest/RPGGame 4.23/DerivedDataCache/DDC.ddp not found, will not use a pak cache.
[2019.10.29-04.43.54:264][  0]LogDerivedDataCache: Unable to find inner node Pak for hierarchical cache Hierarchy.
[2019.10.29-04.43.54:264][  0]LogDerivedDataCache: FDerivedDataBackendGraph:  CompressedPak pak cache file C:/Users/zacka/Desktop/EasyQuest/RPGGame 4.23/DerivedDataCache/Compressed.ddp not found, will not use a pak cache.
[2019.10.29-04.43.54:264][  0]LogDerivedDataCache: Unable to find inner node CompressedPak for hierarchical cache Hierarchy.
[2019.10.29-04.43.54:274][  0]LogDerivedDataCache: Display: Pak cache opened for reading ../../../Engine/DerivedDataCache/Compressed.ddp.
[2019.10.29-04.43.54:274][  0]LogDerivedDataCache: FDerivedDataBackendGraph:  EnterprisePak pak cache file ../../../Enterprise/DerivedDataCache/Compressed.ddp not found, will not use a pak cache.
[2019.10.29-04.43.54:274][  0]LogDerivedDataCache: Unable to find inner node EnterprisePak for hierarchical cache Hierarchy.
[2019.10.29-04.43.54:276][  0]LogDerivedDataCache: Using Local data cache path C:/Users/zacka/AppData/Local/UnrealEngine/Common/DerivedDataCache: Writable
[2019.10.29-04.43.54:276][  0]LogDerivedDataCache: Shared data cache path not found in *engine.ini, will not use an Shared cache.
[2019.10.29-04.43.54:276][  0]LogDerivedDataCache: Unable to find inner node Shared for hierarchical cache Hierarchy.
[2019.10.29-04.43.54:297][  0]LogMaterial: Verifying Global Shaders for PCD3D_SM5
[2019.10.29-04.43.54:300][  0]LogSlate: Using FreeType 2.6.0
[2019.10.29-04.43.54:301][  0]LogSlate: SlateFontServices - WITH_FREETYPE: 1, WITH_HARFBUZZ: 1
[2019.10.29-04.43.54:375][  0]LogAssetRegistry: FAssetRegistry took 0.0022 seconds to start up
[2019.10.29-04.43.54:638][  0]LogInit: Selected Device Profile: [Windows]
[2019.10.29-04.43.54:772][  0]LogMeshReduction: Using QuadricMeshReduction for automatic static mesh reduction
[2019.10.29-04.43.54:772][  0]LogMeshReduction: Using SimplygonMeshReduction for automatic skeletal mesh reduction
[2019.10.29-04.43.54:772][  0]LogMeshReduction: Using ProxyLODMeshReduction for automatic mesh merging
[2019.10.29-04.43.54:772][  0]LogMeshReduction: No distributed automatic mesh merging module available
[2019.10.29-04.43.54:772][  0]LogMeshMerging: No distributed automatic mesh merging module available
[2019.10.29-04.43.54:781][  0]LogNetVersion: RPGGame 1.0.0, NetCL: 8386587, EngineNetVer: 11, GameNetVer: 0 (Checksum: 3579892519)
[2019.10.29-04.43.55:173][  0]LogPackageLocalizationCache: Processed 12 localized package path(s) for 1 prioritized culture(s) in 0.044501 seconds
[2019.10.29-04.43.55:180][  0]LogUObjectArray: 43444 objects as part of root set at end of initial load.
[2019.10.29-04.43.55:180][  0]LogUObjectAllocator: 7548648 out of 0 bytes used by permanent object pool.
[2019.10.29-04.43.55:180][  0]LogUObjectArray: CloseDisregardForGC: 0/0 objects in disregard for GC pool
[2019.10.29-04.43.56:200][  0]LogTcpMessaging: Initializing TcpMessaging bridge
[2019.10.29-04.43.56:203][  0]LogUdpMessaging: Initializing bridge on interface 0.0.0.0:0 to multicast group 230.0.0.1:6666.
[2019.10.29-04.43.56:261][  0]SourceControl: Source control is disabled
[2019.10.29-04.43.56:262][  0]LogWindows: Warning: CreateProc failed: The system cannot find the file specified. (0x00000002)
[2019.10.29-04.43.56:262][  0]LogWindows: Warning: URL: C:/Program Files/Git/bin/git.exe version
[2019.10.29-04.43.56:262][  0]LogWindows: Warning: CreateProc failed: The system cannot find the file specified. (0x00000002)
[2019.10.29-04.43.56:262][  0]LogWindows: Warning: URL: C:/Program Files (x86)/Git/bin/git.exe version
[2019.10.29-04.43.56:262][  0]LogWindows: Warning: CreateProc failed: The system cannot find the file specified. (0x00000002)
[2019.10.29-04.43.56:262][  0]LogWindows: Warning: URL: C:\Users\zacka\AppData\Local/Programs/Git/cmd/git.exe version
[2019.10.29-04.43.56:263][  0]LogWindows: Warning: CreateProc failed: The system cannot find the file specified. (0x00000002)
[2019.10.29-04.43.56:263][  0]LogWindows: Warning: URL: C:/Program Files (x86)/SmartGit/git/bin/git.exe version
[2019.10.29-04.43.56:263][  0]LogWindows: Warning: CreateProc failed: The system cannot find the file specified. (0x00000002)
[2019.10.29-04.43.56:263][  0]LogWindows: Warning: URL: C:/Program Files (x86)/SmartGit/bin/git.exe version
[2019.10.29-04.43.56:857][  0]LogAndroidPermission: UAndroidPermissionCallbackProxy::GetInstance
[2019.10.29-04.43.57:038][  0]LogOcInput: OculusInput pre-init called
[2019.10.29-04.43.57:044][  0]LogWindows: Failed to load 'OVRPlugin.dll' (GetLastError=126)
[2019.10.29-04.43.57:045][  0]LogWindows: File 'OVRPlugin.dll' does not exist
[2019.10.29-04.43.57:115][  0]LogEngine: Initializing Engine...
[2019.10.29-04.43.57:116][  0]LogHMD: Failed to initialize OpenVR with code 110
[2019.10.29-04.43.57:117][  0]LogStats: UGameplayTagsManager::InitializeManager -  0.000 s
[2019.10.29-04.43.57:326][  0]LogInit: Initializing FReadOnlyCVARCache
[2019.10.29-04.43.57:339][  0]LogAIModule: Creating AISystem for world Untitled
[2019.10.29-04.43.57:384][  0]LogInit: XAudio2 using 'Speakers (2- RIG 800HX)' : 2 channels at 48 kHz using 24 bits per sample (channel mask 0x3)
[2019.10.29-04.43.57:418][  0]LogInit: FAudioDevice initialized.
[2019.10.29-04.43.57:418][  0]LogNetVersion: Set ProjectVersion to 1.0.0.0. Version Checksum will be recalculated on next use.
[2019.10.29-04.43.57:472][  0]LogDerivedDataCache: Saved boot cache 0.05s 73MB C:/Users/zacka/AppData/Local/UnrealEngine/4.23/DerivedDataCache/Boot.ddc.
[2019.10.29-04.43.57:475][  0]LogInit: Texture streaming: Enabled
[2019.10.29-04.43.57:496][  0]LogEngineSessionManager: EngineSessionManager initialized
[2019.10.29-04.43.57:542][  0]LogInit: Transaction tracking system initialized
[2019.10.29-04.43.57:572][  0]BlueprintLog: New page: Editor Load
[2019.10.29-04.43.57:648][  0]LocalizationService: Localization service is disabled
[2019.10.29-04.43.57:895][  0]LogCook: Display: Max memory allowance for cook 16384mb min free memory 0mb
[2019.10.29-04.43.57:895][  0]LogCook: Display: Mobile HDR setting 1
[2019.10.29-04.43.58:143][  0]LogFileCache: Scanning file cache for directory 'C:/Users/zacka/Desktop/EasyQuest/RPGGame 4.23/Content/' took 0.07s
[2019.10.29-04.43.58:199][  0]LogSlate: Took 0.000330 seconds to synchronously load lazily loaded font '../../../Engine/Content/Slate/Fonts/Roboto-Regular.ttf' (155K)
[2019.10.29-04.44.06:033][  0]LogSlate: Window 'Restore Packages' being destroyed
[2019.10.29-04.44.06:033][  0]LogWindowsTextInputMethodSystem: Display: IME system now deactivated.
[2019.10.29-04.44.06:036][  0]LogWindowsTextInputMethodSystem: Display: IME system now deactivated.
[2019.10.29-04.44.06:249][  0]LogWindowsTextInputMethodSystem: Display: IME system now deactivated.
[2019.10.29-04.44.06:251][  0]LogWindowsTextInputMethodSystem: Display: IME system now deactivated.
[2019.10.29-04.44.19:932][  0]LogSlate: Window 'Failed to restore packages!' being destroyed
[2019.10.29-04.44.19:932][  0]LogWindowsTextInputMethodSystem: Display: IME system now deactivated.
[2019.10.29-04.44.19:935][  0]LogWindowsTextInputMethodSystem: Display: IME system now deactivated.
[2019.10.29-04.44.19:941][  0]Cmd: MAP LOAD FILE="C:/Users/zacka/Desktop/EasyQuest/RPGGame 4.23/Content/EasyQuest/ThirdPersonBP/Maps/MapAlpha.umap" TEMPLATE=0 SHOWPROGRESS=1 FEATURELEVEL=3
[2019.10.29-04.44.19:942][  0]LightingResults: New page: Lighting Build
[2019.10.29-04.44.19:944][  0]LogWorld: UWorld::CleanupWorld for Untitled, bSessionEnded=true, bCleanupResources=true
[2019.10.29-04.44.19:944][  0]MapCheck: New page: Map Check
[2019.10.29-04.44.19:945][  0]LightingResults: New page: Lighting Build
[2019.10.29-04.44.19:984][  0]LogUObjectHash: Compacting FUObjectHashTables data took   3.56ms
[2019.10.29-04.44.20:823][  0]LogPackageName: Warning: Asset path "FX_Meshes.UI.SM_SelectionMesh_01" is in short form, which is unsupported and -- even if valid -- resolving it will be really slow.
[2019.10.29-04.44.20:823][  0]LogPackageName: Warning: Please consider resaving package in order to speed-up loading.
[2019.10.29-04.44.21:123][  0]LogPackageName: SearchForPackageOnDisk took   0.300s, but failed to resolve FX_Meshes.
[2019.10.29-04.44.21:123][  0]LogPackageName: Warning: Asset path "FX_Meshes.UI.SM_SelectionMesh_01" could not be resolved.
[2019.10.29-04.44.21:302][  0]LogAIModule: Creating AISystem for world MapAlpha
[2019.10.29-04.44.21:318][  0]LogEditorServer: Finished looking for orphan Actors (0.000 secs)
[2019.10.29-04.44.21:359][  0]LogUObjectHash: Compacting FUObjectHashTables data took   2.85ms
[2019.10.29-04.44.21:360][  0]Cmd: MAP CHECKDEP NOCLEARLOG
[2019.10.29-04.44.21:361][  0]MapCheck: Map check complete: 0 Error(s), 0 Warning(s), took 0.392ms to complete.
[2019.10.29-04.44.21:361][  0]LogFileHelpers: Loading map 'MapAlpha' took 1.420
[2019.10.29-04.44.21:433][  0]LogSlate: Updating window title bar state: overlay mode, drag disabled, window buttons hidden, title bar hidden
[2019.10.29-04.44.21:442][  0]LogSlate: Updating window title bar state: overlay mode, drag disabled, window buttons hidden, title bar hidden
[2019.10.29-04.44.21:449][  0]LogSlate: Updating window title bar state: overlay mode, drag disabled, window buttons hidden, title bar hidden
[2019.10.29-04.44.21:456][  0]LogSlate: Updating window title bar state: overlay mode, drag disabled, window buttons hidden, title bar hidden
[2019.10.29-04.44.21:462][  0]LogCollectionManager: Loaded 0 collections in 0.002016 seconds
[2019.10.29-04.44.21:468][  0]LogFileCache: Scanning file cache for directory 'C:/Users/zacka/Desktop/EasyQuest/RPGGame 4.23/Saved/Collections/' took 0.00s
[2019.10.29-04.44.21:468][  0]LogFileCache: Scanning file cache for directory 'C:/Users/zacka/Desktop/EasyQuest/RPGGame 4.23/Content/Developers/zacka/Collections/' took 0.00s
[2019.10.29-04.44.21:468][  0]LogFileCache: Scanning file cache for directory 'C:/Users/zacka/Desktop/EasyQuest/RPGGame 4.23/Content/Collections/' took 0.00s
[2019.10.29-04.44.21:468][  0]LogCollectionManager: Rebuilt the GUID cache for 0 collections in 0.000002 seconds
[2019.10.29-04.44.21:476][  0]LogContentBrowser: Native class hierarchy populated in 0.0086 seconds. Added 2863 classes and 680 folders.
[2019.10.29-04.44.21:483][  0]LogContentBrowser: Native class hierarchy updated for 'WidgetCarousel' in 0.0002 seconds. Added 0 classes and 0 folders.
[2019.10.29-04.44.21:586][  0]LogContentBrowser: Native class hierarchy updated for 'AddContentDialog' in 0.0002 seconds. Added 0 classes and 0 folders.
[2019.10.29-04.44.21:592][  0]LogContentBrowser: Native class hierarchy updated for 'SceneOutliner' in 0.0003 seconds. Added 1 classes and 2 folders.
[2019.10.29-04.44.21:684][  0]LogSlate: Took 0.000280 seconds to synchronously load lazily loaded font '../../../Engine/Content/Slate/Fonts/Roboto-Bold.ttf' (160K)
[2019.10.29-04.44.21:688][  0]LogSlate: Took 0.000282 seconds to synchronously load lazily loaded font '../../../Engine/Content/Editor/Slate/Fonts/FontAwesome.ttf' (139K)
[2019.10.29-04.44.21:726][  0]LogRenderer: Reallocating scene render targets to support 2108x856 Format 10 NumSamples 1 (Frame:1).
[2019.10.29-04.44.21:822][  0]LogContentBrowser: Native class hierarchy updated for 'HierarchicalLODOutliner' in 0.0003 seconds. Added 0 classes and 0 folders.
[2019.10.29-04.44.21:822][  0]LogLoad: (Engine Initialization) Total time: 31.82 seconds
[2019.10.29-04.44.21:822][  0]LogLoad: (Engine Initialization) Total Blueprint compile time: 0.00 seconds
[2019.10.29-04.44.21:881][  0]LogContentStreaming: Texture pool size now 1000 MB
[2019.10.29-04.44.21:957][  1]LogAssetRegistry: Asset discovery search completed in 27.5830 seconds
[2019.10.29-04.44.21:962][  1]LogCollectionManager: Rebuilt the object cache for 0 collections in 0.000005 seconds (found 0 objects)
[2019.10.29-04.44.21:962][  1]LogCollectionManager: Fixed up redirectors for 0 collections in 0.000071 seconds (updated 0 objects)
[2019.10.29-04.44.22:857][102]LogSlate: Took 0.000400 seconds to synchronously load lazily loaded font '../../../Engine/Content/Slate/Fonts/Roboto-Light.ttf' (167K)
[2019.10.29-04.44.31:930][179]LogSlate: FSceneViewport::OnFocusLost() reason 0
[2019.10.29-04.44.45:167][397]LogAssetEditorManager: Opening Asset editor for Blueprint /Game/EasyQuest/ThirdPersonBP/Blueprints/Enemy.Enemy
[2019.10.29-04.44.45:389][397]LogContentBrowser: Native class hierarchy updated for 'BlueprintGraph' in 0.0005 seconds. Added 121 classes and 0 folders.
[2019.10.29-04.44.46:198][397]LogSlate: Took 0.000322 seconds to synchronously load lazily loaded font '../../../Engine/Content/Slate/Fonts/Roboto-BoldCondensed.ttf' (158K)
[2019.10.29-04.44.46:255][398]LogSlate: Took 0.000333 seconds to synchronously load lazily loaded font '../../../Engine/Content/Slate/Fonts/Roboto-Italic.ttf' (157K)
[2019.10.29-04.44.50:765][805]BlueprintLog: New page: Compile Enemy
[2019.10.29-04.44.51:002][805]LogUObjectHash: Compacting FUObjectHashTables data took   3.66ms
[2019.10.29-04.44.58:224][422]LogSlate: FSceneViewport::OnFocusLost() reason 2
[2019.10.29-04.45.21:073][570]Cmd: OBJ SAVEPACKAGE PACKAGE="/Game/EasyQuest/ThirdPersonBP/Blueprints/Enemy" FILE="C:/Users/zacka/Desktop/EasyQuest/RPGGame 4.23/Content/EasyQuest/ThirdPersonBP/Blueprints/Enemy.uasset" SILENT=true
[2019.10.29-04.45.21:127][570]LogSavePackage: Moving 'C:/Users/zacka/Desktop/EasyQuest/RPGGame 4.23/Saved/EnemyCFBBD2F4496D0855CC79D2B4A3A1B5FE.tmp' to 'C:/Users/zacka/Desktop/EasyQuest/RPGGame 4.23/Content/EasyQuest/ThirdPersonBP/Blueprints/Enemy.uasset'
[2019.10.29-04.45.21:127][570]LogFileManager: Warning: DeleteFile was unable to delete 'C:/Users/zacka/Desktop/EasyQuest/RPGGame 4.23/Content/EasyQuest/ThirdPersonBP/Blueprints/Enemy.uasset', retrying in .5s...
[2019.10.29-04.45.21:628][570]LogFileManager: Error: Error deleting file 'C:/Users/zacka/Desktop/EasyQuest/RPGGame 4.23/Content/EasyQuest/ThirdPersonBP/Blueprints/Enemy.uasset'.
[2019.10.29-04.45.21:628][570]LogSavePackage: Error: Error saving 'C:/Users/zacka/Desktop/EasyQuest/RPGGame 4.23/Content/EasyQuest/ThirdPersonBP/Blueprints/Enemy.uasset'
[2019.10.29-04.45.25:436][570]LogSlate: Window 'Message' being destroyed
[2019.10.29-04.45.25:444][570]EditorErrors: New page: Save Output
[2019.10.29-04.45.25:445][570]EditorErrors: Warning: Error saving 'C:/Users/zacka/Desktop/EasyQuest/RPGGame 4.23/Content/EasyQuest/ThirdPersonBP/Blueprints/Enemy.uasset'
[2019.10.29-04.45.26:981][570]LogSlate: Window 'Packages Failed To Save' being destroyed
[2019.10.29-04.45.32:147][711]LogSlate: Window 'Message Log' being destroyed
[2019.10.29-04.45.32:150][711]LogSlate: Window 'Message Log' being destroyed
[2019.10.29-04.45.47:335][762]Cmd: OBJ SAVEPACKAGE PACKAGE="/Game/EasyQuest/ThirdPersonBP/Blueprints/Enemy" FILE="C:/Users/zacka/Desktop/EasyQuest/RPGGame 4.23/Content/EasyQuest/ThirdPersonBP/Blueprints/Enemy.uasset" SILENT=true
[2019.10.29-04.45.47:377][762]LogSavePackage: Moving 'C:/Users/zacka/Desktop/EasyQuest/RPGGame 4.23/Saved/Enemy69984CCE4071FB071542C485D87A352B.tmp' to 'C:/Users/zacka/Desktop/EasyQuest/RPGGame 4.23/Content/EasyQuest/ThirdPersonBP/Blueprints/Enemy.uasset'
[2019.10.29-04.45.48:285][841]Cmd: OBJ SAVEPACKAGE PACKAGE="/Game/EasyQuest/ThirdPersonBP/Blueprints/Enemy" FILE="C:/Users/zacka/Desktop/EasyQuest/RPGGame 4.23/Content/EasyQuest/ThirdPersonBP/Blueprints/Enemy.uasset" SILENT=true
[2019.10.29-04.45.48:327][841]LogSavePackage: Moving 'C:/Users/zacka/Desktop/EasyQuest/RPGGame 4.23/Saved/EnemyBC09415C4DE1A5CBA3FCC396EC530CF8.tmp' to 'C:/Users/zacka/Desktop/EasyQuest/RPGGame 4.23/Content/EasyQuest/ThirdPersonBP/Blueprints/Enemy.uasset'
[2019.10.29-04.45.49:634][960]LogEditorViewport: Clicking on Actor (context menu): Enemy_C (Enemy)
[2019.10.29-04.45.49:689][960]LogSlate: FSceneViewport::OnFocusLost() reason 5
[2019.10.29-04.49.36:408][180]LogEditorViewport: Clicking on Actor (context menu): StaticMeshActor (Linear_Stair_StaticMesh)
[2019.10.29-04.49.36:962][180]LogSlate: FSceneViewport::OnFocusLost() reason 5
[2019.10.29-04.49.37:780][249]LogEditorViewport: Clicking on Actor (LMB): StaticMeshActor (Floor)
[2019.10.29-04.49.42:140][544]LogEditorViewport: Clicking on Actor (LMB): StaticMeshActor (Wall9)
[2019.10.29-04.49.42:860][599]LogEditorViewport: Clicking on Actor (LMB): SimpleNpc_C (SimpleNpc4)
[2019.10.29-04.49.48:132][977]LogSlate: FSceneViewport::OnFocusLost() reason 0
[2019.10.29-04.54.22:196][511]LogUObjectHash: Compacting FUObjectHashTables data took   3.70ms
[2019.10.29-04.54.22:434][511]LogSavePackage: Moving 'C:/Users/zacka/Desktop/EasyQuest/RPGGame 4.23/Saved/MapAlpha_Auto146AFF9364DF1F72272178D87CA45AFA3.tmp' to 'C:/Users/zacka/Desktop/EasyQuest/RPGGame 4.23/Saved/Autosaves/Game/EasyQuest/ThirdPersonBP/Maps/MapAlpha_Auto1.umap'
[2019.10.29-04.54.22:439][511]LogFileHelpers: Editor autosave (incl. sublevels) for '/Game/EasyQuest/ThirdPersonBP/Maps/MapAlpha' took 0.279
[2019.10.29-04.54.22:439][511]LogFileHelpers: Editor autosave (incl. sublevels) for all levels took 0.279
[2019.10.29-04.58.10:670][185]LogSlate: FSceneViewport::OnFocusLost() reason 0
[2019.10.29-06.24.04:557][569]LogSlate: FSceneViewport::OnFocusLost() reason 5
[2019.10.29-06.24.05:053][570]LogSlate: Warning: Slate: Had to block on waiting for a draw buffer
[2019.10.29-06.25.13:113][851]LogSlate: FSceneViewport::OnFocusLost() reason 0
[2019.10.29-06.25.16:754][ 84]LogAssetEditorManager: Opening Asset editor for Blueprint /Game/EasyQuest/QuestSystem/Quests/Quest.Quest
[2019.10.29-06.25.24:846][527]LogRenderer: Reallocating scene render targets to support 2108x1032 Format 10 NumSamples 1 (Frame:5172).
[2019.10.29-06.25.49:391][326]LogSlate: Took 0.017911 seconds to synchronously load lazily loaded font '../../../Engine/Content/Slate/Fonts/Roboto-BoldCondensedItalic.ttf' (160K)
[2019.10.29-06.26.06:448][278]BlueprintLog: New page: Compile Quest
[2019.10.29-06.26.06:815][278]LogUObjectHash: Compacting FUObjectHashTables data took   5.54ms
[2019.10.29-06.26.36:502][504]LogUObjectHash: Compacting FUObjectHashTables data took   4.43ms
[2019.10.29-06.26.36:762][504]LogSavePackage: Moving 'C:/Users/zacka/Desktop/EasyQuest/RPGGame 4.23/Saved/MapAlpha_Auto28F27A39F434AB7B05139AB97228465E8.tmp' to 'C:/Users/zacka/Desktop/EasyQuest/RPGGame 4.23/Saved/Autosaves/Game/EasyQuest/ThirdPersonBP/Maps/MapAlpha_Auto2.umap'
[2019.10.29-06.26.36:766][504]LogFileHelpers: Editor autosave (incl. sublevels) for '/Game/EasyQuest/ThirdPersonBP/Maps/MapAlpha' took 0.310
[2019.10.29-06.26.36:766][504]LogFileHelpers: Editor autosave (incl. sublevels) for all levels took 0.310
[2019.10.29-06.26.36:769][504]OBJ SavePackage: Generating thumbnails for [0] asset(s) in package [/Game/EasyQuest/QuestSystem/Quests/Quest] ([1] browsable assets)...
[2019.10.29-06.26.36:769][504]OBJ SavePackage: Finished generating thumbnails for package [/Game/EasyQuest/QuestSystem/Quests/Quest]
[2019.10.29-06.26.37:323][504]LogSavePackage: Moving 'C:/Users/zacka/Desktop/EasyQuest/RPGGame 4.23/Saved/Quest_Auto209C29BEF403E8281BEAB91BCDD66B571.tmp' to 'C:/Users/zacka/Desktop/EasyQuest/RPGGame 4.23/Saved/Autosaves/Game/EasyQuest/QuestSystem/Quests/Quest_Auto2.uasset'
[2019.10.29-06.26.37:325][504]LogFileHelpers: Auto-saving content packages took 0.557
[2019.10.29-06.26.41:038][777]LogSlate: FSceneViewport::OnFocusLost() reason 0
[2019.10.29-06.26.42:717][964]LogSlate: FSceneViewport::OnFocusLost() reason 0
[2019.10.29-06.27.48:615][306]LogAssetEditorManager: Opening Asset editor for Blueprint /Game/EasyQuest/ThirdPersonBP/Blueprints/MageCharacter/MagicCharacter.MagicCharacter
[2019.10.29-06.28.53:920][486]LogAssetEditorManager: Opening Asset editor for Blueprint /Game/EasyQuest/ThirdPersonBP/Blueprints/QuestMacros.QuestMacros
[2019.10.29-06.33.15:000][584]LogSlate: FSceneViewport::OnFocusLost() reason 5
[2019.10.29-06.33.15:042][584]LogSavePackage: Moving 'C:/Users/zacka/Desktop/EasyQuest/RPGGame 4.23/Saved/QuestMacros1535059C42343D6F86859C8B3FED4EE0.tmp' to 'C:/Users/zacka/Desktop/EasyQuest/RPGGame 4.23/Content/EasyQuest/ThirdPersonBP/Blueprints/QuestMacros.uasset'
[2019.10.29-06.33.18:763][805]LogSlate: FSceneViewport::OnFocusLost() reason 0
[2019.10.29-06.33.18:814][810]LogTemp: Repeating last play command: Selected Viewport
[2019.10.29-06.33.19:337][810]LogBlueprintUserMessages: Early PlayInEditor Detection: Level '/Game/EasyQuest/ThirdPersonBP/Maps/MapAlpha.MapAlpha:PersistentLevel' has LevelScriptBlueprint '/Game/EasyQuest/ThirdPersonBP/Maps/MapAlpha.MapAlpha:PersistentLevel.MapAlpha' with GeneratedClass '/Game/EasyQuest/ThirdPersonBP/Maps/MapAlpha.MapAlpha_C' with ClassGeneratedBy '/Game/EasyQuest/ThirdPersonBP/Maps/MapAlpha.MapAlpha:PersistentLevel.MapAlpha'
[2019.10.29-06.33.19:371][810]BlueprintLog: New page: Pre-Play auto-recompile
[2019.10.29-06.33.19:389][810]LogPlayLevel: [PlayLevel] Compiling QuestMacros before play...
[2019.10.29-06.33.19:408][810]LogPlayLevel: [PlayLevel]   Compiling MagicCharacter as a dependent...
[2019.10.29-06.33.19:732][810]LogUObjectHash: Compacting FUObjectHashTables data took   4.21ms
[2019.10.29-06.33.19:732][810]LogPlayLevel: PlayLevel: Blueprint regeneration took 361 ms (2 blueprints)
[2019.10.29-06.33.19:760][810]PIE: New page: PIE session: MapAlpha (30 Oct 2019 4:33:19 am)
[2019.10.29-06.33.19:769][810]LogOnline: OSS: Creating online subsystem instance for: NULL
[2019.10.29-06.33.19:782][810]LogPlayLevel: Creating play world package: /Game/EasyQuest/ThirdPersonBP/Maps/UEDPIE_0_MapAlpha
[2019.10.29-06.33.19:831][810]LogPlayLevel: PIE: StaticDuplicateObject took: (0.048818s)
[2019.10.29-06.33.19:843][810]LogAIModule: Creating AISystem for world MapAlpha
[2019.10.29-06.33.19:859][810]LogPlayLevel: PIE: World Init took: (0.028108s)
[2019.10.29-06.33.19:859][810]LogPlayLevel: PIE: Created PIE world by copying editor world from /Game/EasyQuest/ThirdPersonBP/Maps/MapAlpha.MapAlpha to /Game/EasyQuest/ThirdPersonBP/Maps/UEDPIE_0_MapAlpha.MapAlpha (0.077333s)
[2019.10.29-06.33.19:901][810]LogUObjectHash: Compacting FUObjectHashTables data took   2.46ms
[2019.10.29-06.33.19:978][810]LogInit: XAudio2 using 'Speakers (2- RIG 800HX)' : 2 channels at 48 kHz using 24 bits per sample (channel mask 0x3)
[2019.10.29-06.33.19:993][810]LogInit: FAudioDevice initialized.
[2019.10.29-06.33.20:042][810]LogLoad: Game class is 'ThirdPersonGameMode_C'
[2019.10.29-06.33.20:129][810]LogWorld: Bringing World /Game/EasyQuest/ThirdPersonBP/Maps/UEDPIE_0_MapAlpha.MapAlpha up for play (max tick rate 0) at 2019.10.29-17.33.20
[2019.10.29-06.33.20:279][810]LogWorld: Bringing up level for play took: 0.154175
[2019.10.29-06.33.20:291][810]LogOnline: OSS: Creating online subsystem instance for: :Context_15
[2019.10.29-06.33.20:356][810]LogContentBrowser: Native class hierarchy updated for 'MovieSceneCapture' in 0.0008 seconds. Added 20 classes and 0 folders.
[2019.10.29-06.33.20:403][810]PIE: Play in editor start time for /Game/EasyQuest/ThirdPersonBP/Maps/UEDPIE_0_MapAlpha 1.335
[2019.10.29-06.33.20:403][810]LogBlueprintUserMessages: Late PlayInEditor Detection: Level '/Game/EasyQuest/ThirdPersonBP/Maps/MapAlpha.MapAlpha:PersistentLevel' has LevelScriptBlueprint '/Game/EasyQuest/ThirdPersonBP/Maps/MapAlpha.MapAlpha:PersistentLevel.MapAlpha' with GeneratedClass '/Game/EasyQuest/ThirdPersonBP/Maps/MapAlpha.MapAlpha_C' with ClassGeneratedBy '/Game/EasyQuest/ThirdPersonBP/Maps/MapAlpha.MapAlpha:PersistentLevel.MapAlpha'
[2019.10.29-06.33.20:969][812]LogBlueprintUserMessages: Early EndPlayMap Detection: Level '/Game/EasyQuest/ThirdPersonBP/Maps/MapAlpha.MapAlpha:PersistentLevel' has LevelScriptBlueprint '/Game/EasyQuest/ThirdPersonBP/Maps/MapAlpha.MapAlpha:PersistentLevel.MapAlpha' with GeneratedClass '/Game/EasyQuest/ThirdPersonBP/Maps/MapAlpha.MapAlpha_C' with ClassGeneratedBy '/Game/EasyQuest/ThirdPersonBP/Maps/MapAlpha.MapAlpha:PersistentLevel.MapAlpha'
[2019.10.29-06.33.20:980][812]LogSlate: Updating window title bar state: overlay mode, drag disabled, window buttons hidden, title bar hidden
[2019.10.29-06.33.20:980][812]LogWorld: BeginTearingDown for /Game/EasyQuest/ThirdPersonBP/Maps/UEDPIE_0_MapAlpha
[2019.10.29-06.33.20:981][812]LogWorld: UWorld::CleanupWorld for MapAlpha, bSessionEnded=true, bCleanupResources=true
[2019.10.29-06.33.20:998][812]LogPlayLevel: Display: Shutting down PIE online subsystems
[2019.10.29-06.33.20:998][812]LogBlueprintUserMessages: Late EndPlayMap Detection: Level '/Game/EasyQuest/ThirdPersonBP/Maps/MapAlpha.MapAlpha:PersistentLevel' has LevelScriptBlueprint '/Game/EasyQuest/ThirdPersonBP/Maps/MapAlpha.MapAlpha:PersistentLevel.MapAlpha' with GeneratedClass '/Game/EasyQuest/ThirdPersonBP/Maps/MapAlpha.MapAlpha_C' with ClassGeneratedBy '/Game/EasyQuest/ThirdPersonBP/Maps/MapAlpha.MapAlpha:PersistentLevel.MapAlpha'
[2019.10.29-06.33.21:051][812]LogSlate: Updating window title bar state: overlay mode, drag disabled, window buttons hidden, title bar hidden
[2019.10.29-06.33.21:092][812]LogUObjectHash: Compacting FUObjectHashTables data took   3.72ms
[2019.10.29-06.33.21:123][813]LogPlayLevel: Display: Destroying online subsystem :Context_15
[2019.10.29-06.33.24:985][186]LogEditorViewport: Clicking on Actor (LMB): SimpleNpc_C (SimpleNpc)
[2019.10.29-06.33.30:112][587]LogSlate: FSceneViewport::OnFocusLost() reason 0
[2019.10.29-06.33.51:679][490]LogTemp: Repeating last play command: Selected Viewport
[2019.10.29-06.33.51:696][490]LogBlueprintUserMessages: Early PlayInEditor Detection: Level '/Game/EasyQuest/ThirdPersonBP/Maps/MapAlpha.MapAlpha:PersistentLevel' has LevelScriptBlueprint '/Game/EasyQuest/ThirdPersonBP/Maps/MapAlpha.MapAlpha:PersistentLevel.MapAlpha' with GeneratedClass '/Game/EasyQuest/ThirdPersonBP/Maps/MapAlpha.MapAlpha_C' with ClassGeneratedBy '/Game/EasyQuest/ThirdPersonBP/Maps/MapAlpha.MapAlpha:PersistentLevel.MapAlpha'
[2019.10.29-06.33.51:696][490]LogPlayLevel: PlayLevel: No blueprints needed recompiling
[2019.10.29-06.33.51:696][490]PIE: New page: PIE session: MapAlpha (30 Oct 2019 4:33:51 am)
[2019.10.29-06.33.51:697][490]LogPlayLevel: Creating play world package: /Game/EasyQuest/ThirdPersonBP/Maps/UEDPIE_0_MapAlpha
[2019.10.29-06.33.51:708][490]LogPlayLevel: PIE: StaticDuplicateObject took: (0.011227s)
[2019.10.29-06.33.51:709][490]LogAIModule: Creating AISystem for world MapAlpha
[2019.10.29-06.33.51:709][490]LogPlayLevel: PIE: World Init took: (0.001215s)
[2019.10.29-06.33.51:709][490]LogPlayLevel: PIE: Created PIE world by copying editor world from /Game/EasyQuest/ThirdPersonBP/Maps/MapAlpha.MapAlpha to /Game/EasyQuest/ThirdPersonBP/Maps/UEDPIE_0_MapAlpha.MapAlpha (0.012634s)
[2019.10.29-06.33.51:763][490]LogUObjectHash: Compacting FUObjectHashTables data took   4.36ms
[2019.10.29-06.33.51:801][490]LogInit: XAudio2 using 'Speakers (2- RIG 800HX)' : 2 channels at 48 kHz using 24 bits per sample (channel mask 0x3)
[2019.10.29-06.33.51:814][490]LogInit: FAudioDevice initialized.
[2019.10.29-06.33.51:820][490]LogLoad: Game class is 'ThirdPersonGameMode_C'
[2019.10.29-06.33.51:824][490]LogWorld: Bringing World /Game/EasyQuest/ThirdPersonBP/Maps/UEDPIE_0_MapAlpha.MapAlpha up for play (max tick rate 0) at 2019.10.29-17.33.51
[2019.10.29-06.33.51:825][490]LogWorld: Bringing up level for play took: 0.004893
[2019.10.29-06.33.51:825][490]LogOnline: OSS: Creating online subsystem instance for: :Context_16
[2019.10.29-06.33.51:831][490]PIE: Play in editor start time for /Game/EasyQuest/ThirdPersonBP/Maps/UEDPIE_0_MapAlpha 0.763
[2019.10.29-06.33.51:831][490]LogBlueprintUserMessages: Late PlayInEditor Detection: Level '/Game/EasyQuest/ThirdPersonBP/Maps/MapAlpha.MapAlpha:PersistentLevel' has LevelScriptBlueprint '/Game/EasyQuest/ThirdPersonBP/Maps/MapAlpha.MapAlpha:PersistentLevel.MapAlpha' with GeneratedClass '/Game/EasyQuest/ThirdPersonBP/Maps/MapAlpha.MapAlpha_C' with ClassGeneratedBy '/Game/EasyQuest/ThirdPersonBP/Maps/MapAlpha.MapAlpha:PersistentLevel.MapAlpha'
[2019.10.29-06.33.54:845][815]LogPlayerController: Error: InputMode:UIOnly - Attempting to focus Non-Focusable widget SObjectWidget [Widget.cpp(723)]!
[2019.10.29-06.33.56:237][972]LogSlate: FSceneViewport::OnFocusLost() reason 0
[2019.10.29-06.33.57:534][122]LogSlate: FSceneViewport::OnFocusLost() reason 2
[2019.10.29-06.34.15:416][151]LogPlayerController: Error: InputMode:UIOnly - Attempting to focus Non-Focusable widget SObjectWidget [Widget.cpp(723)]!
[2019.10.29-06.34.17:450][384]LogSlate: FSceneViewport::OnFocusLost() reason 0
[2019.10.29-06.34.38:291][826]LogBlueprintUserMessages: Early EndPlayMap Detection: Level '/Game/EasyQuest/ThirdPersonBP/Maps/MapAlpha.MapAlpha:PersistentLevel' has LevelScriptBlueprint '/Game/EasyQuest/ThirdPersonBP/Maps/MapAlpha.MapAlpha:PersistentLevel.MapAlpha' with GeneratedClass '/Game/EasyQuest/ThirdPersonBP/Maps/MapAlpha.MapAlpha_C' with ClassGeneratedBy '/Game/EasyQuest/ThirdPersonBP/Maps/MapAlpha.MapAlpha:PersistentLevel.MapAlpha'
[2019.10.29-06.34.38:292][826]LogSlate: Updating window title bar state: overlay mode, drag disabled, window buttons hidden, title bar hidden
[2019.10.29-06.34.38:292][826]LogWorld: BeginTearingDown for /Game/EasyQuest/ThirdPersonBP/Maps/UEDPIE_0_MapAlpha
[2019.10.29-06.34.38:292][826]LogWorld: UWorld::CleanupWorld for MapAlpha, bSessionEnded=true, bCleanupResources=true
[2019.10.29-06.34.38:305][826]LogPlayLevel: Display: Shutting down PIE online subsystems
[2019.10.29-06.34.38:305][826]LogBlueprintUserMessages: Late EndPlayMap Detection: Level '/Game/EasyQuest/ThirdPersonBP/Maps/MapAlpha.MapAlpha:PersistentLevel' has LevelScriptBlueprint '/Game/EasyQuest/ThirdPersonBP/Maps/MapAlpha.MapAlpha:PersistentLevel.MapAlpha' with GeneratedClass '/Game/EasyQuest/ThirdPersonBP/Maps/MapAlpha.MapAlpha_C' with ClassGeneratedBy '/Game/EasyQuest/ThirdPersonBP/Maps/MapAlpha.MapAlpha:PersistentLevel.MapAlpha'
[2019.10.29-06.34.38:354][826]LogSlate: Updating window title bar state: overlay mode, drag disabled, window buttons hidden, title bar hidden
[2019.10.29-06.34.38:359][826]LogUObjectHash: Compacting FUObjectHashTables data took   2.95ms
[2019.10.29-06.34.38:419][828]LogPlayLevel: Display: Destroying online subsystem :Context_16
[2019.10.29-06.34.39:255][927]LogSlate: FSceneViewport::OnFocusLost() reason 0
[2019.10.29-06.34.50:595][219]LogEditorTransaction: Undo Edit Pre Requisite Quest
[2019.10.29-06.34.52:041][338]LogEditorTransaction: Undo Edit Pre Requisite Quest
[2019.10.29-06.34.52:467][388]LogEditorTransaction: Undo Clicking on Actors
[2019.10.29-06.34.52:861][425]LogEditorTransaction: Undo Clicking on Actors
[2019.10.29-06.34.54:947][635]LogEditorTransaction: Undo Clicking on Actors
[2019.10.29-06.34.55:739][704]LogEditorTransaction: Undo Clicking on Actors
[2019.10.29-06.34.56:065][742]LogEditorTransaction: Undo Create Pin Link
[2019.10.29-06.34.56:340][772]LogEditorTransaction: Undo Move Node
[2019.10.29-06.34.57:169][869]LogEditorTransaction: Undo Create Pin Link
[2019.10.29-06.34.57:531][910]LogEditorTransaction: Undo Move Node
[2019.10.29-06.34.57:992][963]LogEditorTransaction: Undo Create Pin Link
[2019.10.29-06.34.58:345][  3]LogEditorTransaction: Undo Move Node
[2019.10.29-06.34.58:766][ 51]LogEditorTransaction: Undo Create Pin Link
[2019.10.29-06.34.59:161][ 96]LogEditorTransaction: Undo Add Node
[2019.10.29-06.34.59:972][191]LogEditorTransaction: Undo Move Node
[2019.10.29-06.35.00:625][267]LogEditorTransaction: Undo Add Node
[2019.10.29-06.37.05:586][554]LogSavePackage: Moving 'C:/Users/zacka/Desktop/EasyQuest/RPGGame 4.23/Saved/QuestMacros5C56FDD04F9B187D2B1F5D9021B5304C.tmp' to 'C:/Users/zacka/Desktop/EasyQuest/RPGGame 4.23/Content/EasyQuest/ThirdPersonBP/Blueprints/QuestMacros.uasset'
[2019.10.29-06.37.13:711][309]LogTemp: Repeating last play command: Selected Viewport
[2019.10.29-06.37.13:727][309]LogBlueprintUserMessages: Early PlayInEditor Detection: Level '/Game/EasyQuest/ThirdPersonBP/Maps/MapAlpha.MapAlpha:PersistentLevel' has LevelScriptBlueprint '/Game/EasyQuest/ThirdPersonBP/Maps/MapAlpha.MapAlpha:PersistentLevel.MapAlpha' with GeneratedClass '/Game/EasyQuest/ThirdPersonBP/Maps/MapAlpha.MapAlpha_C' with ClassGeneratedBy '/Game/EasyQuest/ThirdPersonBP/Maps/MapAlpha.MapAlpha:PersistentLevel.MapAlpha'
[2019.10.29-06.37.13:727][309]BlueprintLog: New page: Pre-Play auto-recompile
[2019.10.29-06.37.13:746][309]LogPlayLevel: [PlayLevel] Compiling QuestMacros before play...
[2019.10.29-06.37.13:758][309]LogPlayLevel: [PlayLevel]   Compiling MagicCharacter as a dependent...
[2019.10.29-06.37.14:108][309]LogUObjectHash: Compacting FUObjectHashTables data took   4.64ms
[2019.10.29-06.37.14:108][309]LogPlayLevel: PlayLevel: Blueprint regeneration took 380 ms (2 blueprints)
[2019.10.29-06.37.14:108][309]PIE: New page: PIE session: MapAlpha (30 Oct 2019 4:37:14 am)
[2019.10.29-06.37.14:110][309]LogPlayLevel: Creating play world package: /Game/EasyQuest/ThirdPersonBP/Maps/UEDPIE_0_MapAlpha
[2019.10.29-06.37.14:122][309]LogPlayLevel: PIE: StaticDuplicateObject took: (0.011749s)
[2019.10.29-06.37.14:123][309]LogAIModule: Creating AISystem for world MapAlpha
[2019.10.29-06.37.14:123][309]LogPlayLevel: PIE: World Init took: (0.001006s)
[2019.10.29-06.37.14:123][309]LogPlayLevel: PIE: Created PIE world by copying editor world from /Game/EasyQuest/ThirdPersonBP/Maps/MapAlpha.MapAlpha to /Game/EasyQuest/ThirdPersonBP/Maps/UEDPIE_0_MapAlpha.MapAlpha (0.012905s)
[2019.10.29-06.37.14:173][309]LogUObjectHash: Compacting FUObjectHashTables data took   3.14ms
[2019.10.29-06.37.14:210][309]LogInit: XAudio2 using 'Speakers (2- RIG 800HX)' : 2 channels at 48 kHz using 24 bits per sample (channel mask 0x3)
[2019.10.29-06.37.14:223][309]LogInit: FAudioDevice initialized.
[2019.10.29-06.37.14:230][309]LogLoad: Game class is 'ThirdPersonGameMode_C'
[2019.10.29-06.37.14:234][309]LogWorld: Bringing World /Game/EasyQuest/ThirdPersonBP/Maps/UEDPIE_0_MapAlpha.MapAlpha up for play (max tick rate 0) at 2019.10.29-17.37.14
[2019.10.29-06.37.14:235][309]LogWorld: Bringing up level for play took: 0.004622
[2019.10.29-06.37.14:235][309]LogOnline: OSS: Creating online subsystem instance for: :Context_17
[2019.10.29-06.37.14:241][309]PIE: Play in editor start time for /Game/EasyQuest/ThirdPersonBP/Maps/UEDPIE_0_MapAlpha 1.173
[2019.10.29-06.37.14:241][309]LogBlueprintUserMessages: Late PlayInEditor Detection: Level '/Game/EasyQuest/ThirdPersonBP/Maps/MapAlpha.MapAlpha:PersistentLevel' has LevelScriptBlueprint '/Game/EasyQuest/ThirdPersonBP/Maps/MapAlpha.MapAlpha:PersistentLevel.MapAlpha' with GeneratedClass '/Game/EasyQuest/ThirdPersonBP/Maps/MapAlpha.MapAlpha_C' with ClassGeneratedBy '/Game/EasyQuest/ThirdPersonBP/Maps/MapAlpha.MapAlpha:PersistentLevel.MapAlpha'
[2019.10.29-06.37.17:987][681]LogBlueprintUserMessages: Early EndPlayMap Detection: Level '/Game/EasyQuest/ThirdPersonBP/Maps/MapAlpha.MapAlpha:PersistentLevel' has LevelScriptBlueprint '/Game/EasyQuest/ThirdPersonBP/Maps/MapAlpha.MapAlpha:PersistentLevel.MapAlpha' with GeneratedClass '/Game/EasyQuest/ThirdPersonBP/Maps/MapAlpha.MapAlpha_C' with ClassGeneratedBy '/Game/EasyQuest/ThirdPersonBP/Maps/MapAlpha.MapAlpha:PersistentLevel.MapAlpha'
[2019.10.29-06.37.17:988][681]LogSlate: Updating window title bar state: overlay mode, drag disabled, window buttons hidden, title bar hidden
[2019.10.29-06.37.17:988][681]LogWorld: BeginTearingDown for /Game/EasyQuest/ThirdPersonBP/Maps/UEDPIE_0_MapAlpha
[2019.10.29-06.37.17:988][681]LogWorld: UWorld::CleanupWorld for MapAlpha, bSessionEnded=true, bCleanupResources=true
[2019.10.29-06.37.18:007][681]LogPlayLevel: Display: Shutting down PIE online subsystems
[2019.10.29-06.37.18:007][681]LogBlueprintUserMessages: Late EndPlayMap Detection: Level '/Game/EasyQuest/ThirdPersonBP/Maps/MapAlpha.MapAlpha:PersistentLevel' has LevelScriptBlueprint '/Game/EasyQuest/ThirdPersonBP/Maps/MapAlpha.MapAlpha:PersistentLevel.MapAlpha' with GeneratedClass '/Game/EasyQuest/ThirdPersonBP/Maps/MapAlpha.MapAlpha_C' with ClassGeneratedBy '/Game/EasyQuest/ThirdPersonBP/Maps/MapAlpha.MapAlpha:PersistentLevel.MapAlpha'
[2019.10.29-06.37.18:057][681]LogSlate: Updating window title bar state: overlay mode, drag disabled, window buttons hidden, title bar hidden
[2019.10.29-06.37.18:062][681]LogUObjectHash: Compacting FUObjectHashTables data took   2.97ms
[2019.10.29-06.37.18:091][682]LogPlayLevel: Display: Destroying online subsystem :Context_17
[2019.10.29-06.37.19:112][798]LogEditorViewport: Clicking on Actor (LMB): SimpleNpc_C (SimpleNpc3)
[2019.10.29-06.37.23:587][171]LogSlate: FSceneViewport::OnFocusLost() reason 0
[2019.10.29-06.37.29:834][742]LogTemp: Repeating last play command: Selected Viewport
[2019.10.29-06.37.29:850][742]LogBlueprintUserMessages: Early PlayInEditor Detection: Level '/Game/EasyQuest/ThirdPersonBP/Maps/MapAlpha.MapAlpha:PersistentLevel' has LevelScriptBlueprint '/Game/EasyQuest/ThirdPersonBP/Maps/MapAlpha.MapAlpha:PersistentLevel.MapAlpha' with GeneratedClass '/Game/EasyQuest/ThirdPersonBP/Maps/MapAlpha.MapAlpha_C' with ClassGeneratedBy '/Game/EasyQuest/ThirdPersonBP/Maps/MapAlpha.MapAlpha:PersistentLevel.MapAlpha'
[2019.10.29-06.37.29:850][742]LogPlayLevel: PlayLevel: No blueprints needed recompiling
[2019.10.29-06.37.29:850][742]PIE: New page: PIE session: MapAlpha (30 Oct 2019 4:37:29 am)
[2019.10.29-06.37.29:850][742]LogPlayLevel: Creating play world package: /Game/EasyQuest/ThirdPersonBP/Maps/UEDPIE_0_MapAlpha
[2019.10.29-06.37.29:860][742]LogPlayLevel: PIE: StaticDuplicateObject took: (0.009534s)
[2019.10.29-06.37.29:861][742]LogAIModule: Creating AISystem for world MapAlpha
[2019.10.29-06.37.29:861][742]LogPlayLevel: PIE: World Init took: (0.001090s)
[2019.10.29-06.37.29:861][742]LogPlayLevel: PIE: Created PIE world by copying editor world from /Game/EasyQuest/ThirdPersonBP/Maps/MapAlpha.MapAlpha to /Game/EasyQuest/ThirdPersonBP/Maps/UEDPIE_0_MapAlpha.MapAlpha (0.010805s)
[2019.10.29-06.37.29:906][742]LogUObjectHash: Compacting FUObjectHashTables data took   3.04ms
[2019.10.29-06.37.29:943][742]LogInit: XAudio2 using 'Speakers (2- RIG 800HX)' : 2 channels at 48 kHz using 24 bits per sample (channel mask 0x3)
[2019.10.29-06.37.29:957][742]LogInit: FAudioDevice initialized.
[2019.10.29-06.37.29:965][742]LogLoad: Game class is 'ThirdPersonGameMode_C'
[2019.10.29-06.37.29:969][742]LogWorld: Bringing World /Game/EasyQuest/ThirdPersonBP/Maps/UEDPIE_0_MapAlpha.MapAlpha up for play (max tick rate 0) at 2019.10.29-17.37.29
[2019.10.29-06.37.29:970][742]LogWorld: Bringing up level for play took: 0.004906
[2019.10.29-06.37.29:971][742]LogOnline: OSS: Creating online subsystem instance for: :Context_18
[2019.10.29-06.37.29:976][742]PIE: Play in editor start time for /Game/EasyQuest/ThirdPersonBP/Maps/UEDPIE_0_MapAlpha 0.908
[2019.10.29-06.37.29:977][742]LogBlueprintUserMessages: Late PlayInEditor Detection: Level '/Game/EasyQuest/ThirdPersonBP/Maps/MapAlpha.MapAlpha:PersistentLevel' has LevelScriptBlueprint '/Game/EasyQuest/ThirdPersonBP/Maps/MapAlpha.MapAlpha:PersistentLevel.MapAlpha' with GeneratedClass '/Game/EasyQuest/ThirdPersonBP/Maps/MapAlpha.MapAlpha_C' with ClassGeneratedBy '/Game/EasyQuest/ThirdPersonBP/Maps/MapAlpha.MapAlpha:PersistentLevel.MapAlpha'
[2019.10.29-06.37.33:829][153]LogPlayerController: Error: InputMode:UIOnly - Attempting to focus Non-Focusable widget SObjectWidget [Widget.cpp(723)]!
[2019.10.29-06.37.35:265][309]LogSlate: FSceneViewport::OnFocusLost() reason 0
[2019.10.29-06.37.41:722][ 31]LogPlayerController: Error: InputMode:UIOnly - Attempting to focus Non-Focusable widget SObjectWidget [Widget.cpp(723)]!
[2019.10.29-06.37.42:492][115]LogSlate: FSceneViewport::OnFocusLost() reason 0
[2019.10.29-06.37.46:569][565]LogSlate: FSceneViewport::OnFocusLost() reason 2
[2019.10.29-06.38.00:196][ 69]LogPlayerController: Error: InputMode:UIOnly - Attempting to focus Non-Focusable widget SObjectWidget [Widget.cpp(723)]!
[2019.10.29-06.38.01:496][212]LogSlate: FSceneViewport::OnFocusLost() reason 0
[2019.10.29-06.38.03:067][386]LogPlayerController: Error: InputMode:UIOnly - Attempting to focus Non-Focusable widget SObjectWidget [Widget.cpp(723)]!
[2019.10.29-06.38.04:590][554]LogSlate: FSceneViewport::OnFocusLost() reason 0
[2019.10.29-06.38.09:779][123]LogPlayerController: Error: InputMode:UIOnly - Attempting to focus Non-Focusable widget SObjectWidget [Widget.cpp(723)]!
[2019.10.29-06.38.11:551][315]LogSlate: FSceneViewport::OnFocusLost() reason 0
[2019.10.29-06.38.13:370][517]LogBlueprintUserMessages: Early EndPlayMap Detection: Level '/Game/EasyQuest/ThirdPersonBP/Maps/MapAlpha.MapAlpha:PersistentLevel' has LevelScriptBlueprint '/Game/EasyQuest/ThirdPersonBP/Maps/MapAlpha.MapAlpha:PersistentLevel.MapAlpha' with GeneratedClass '/Game/EasyQuest/ThirdPersonBP/Maps/MapAlpha.MapAlpha_C' with ClassGeneratedBy '/Game/EasyQuest/ThirdPersonBP/Maps/MapAlpha.MapAlpha:PersistentLevel.MapAlpha'
[2019.10.29-06.38.13:370][517]LogSlate: Updating window title bar state: overlay mode, drag disabled, window buttons hidden, title bar hidden
[2019.10.29-06.38.13:370][517]LogWorld: BeginTearingDown for /Game/EasyQuest/ThirdPersonBP/Maps/UEDPIE_0_MapAlpha
[2019.10.29-06.38.13:370][517]LogWorld: UWorld::CleanupWorld for MapAlpha, bSessionEnded=true, bCleanupResources=true
[2019.10.29-06.38.13:386][517]LogPlayLevel: Display: Shutting down PIE online subsystems
[2019.10.29-06.38.13:386][517]LogBlueprintUserMessages: Late EndPlayMap Detection: Level '/Game/EasyQuest/ThirdPersonBP/Maps/MapAlpha.MapAlpha:PersistentLevel' has LevelScriptBlueprint '/Game/EasyQuest/ThirdPersonBP/Maps/MapAlpha.MapAlpha:PersistentLevel.MapAlpha' with GeneratedClass '/Game/EasyQuest/ThirdPersonBP/Maps/MapAlpha.MapAlpha_C' with ClassGeneratedBy '/Game/EasyQuest/ThirdPersonBP/Maps/MapAlpha.MapAlpha:PersistentLevel.MapAlpha'
[2019.10.29-06.38.13:435][517]LogSlate: Updating window title bar state: overlay mode, drag disabled, window buttons hidden, title bar hidden
[2019.10.29-06.38.13:440][517]LogUObjectHash: Compacting FUObjectHashTables data took   2.96ms
[2019.10.29-06.38.13:470][518]LogPlayLevel: Display: Destroying online subsystem :Context_18
[2019.10.29-06.38.16:230][831]LogSlate: FSceneViewport::OnFocusLost() reason 0
[2019.10.29-06.38.40:688][977]LogUObjectHash: Compacting FUObjectHashTables data took   1.09ms
[2019.10.29-06.38.40:983][977]LogSavePackage: Moving 'C:/Users/zacka/Desktop/EasyQuest/RPGGame 4.23/Saved/MapAlpha_Auto38073B51E4BB60A412BD47F9048E09645.tmp' to 'C:/Users/zacka/Desktop/EasyQuest/RPGGame 4.23/Saved/Autosaves/Game/EasyQuest/ThirdPersonBP/Maps/MapAlpha_Auto3.umap'
[2019.10.29-06.38.40:986][977]LogFileHelpers: Editor autosave (incl. sublevels) for '/Game/EasyQuest/ThirdPersonBP/Maps/MapAlpha' took 0.340
[2019.10.29-06.38.40:986][977]LogFileHelpers: Editor autosave (incl. sublevels) for all levels took 0.340
[2019.10.29-06.38.40:988][977]OBJ SavePackage: Generating thumbnails for [0] asset(s) in package [/Game/EasyQuest/QuestSystem/Quests/Quest] ([1] browsable assets)...
[2019.10.29-06.38.40:988][977]OBJ SavePackage: Finished generating thumbnails for package [/Game/EasyQuest/QuestSystem/Quests/Quest]
[2019.10.29-06.38.41:099][977]LogSavePackage: Moving 'C:/Users/zacka/Desktop/EasyQuest/RPGGame 4.23/Saved/Quest_Auto3E6256BE845B9895DBA90F89F35A39C69.tmp' to 'C:/Users/zacka/Desktop/EasyQuest/RPGGame 4.23/Saved/Autosaves/Game/EasyQuest/QuestSystem/Quests/Quest_Auto3.uasset'
[2019.10.29-06.38.41:102][977]LogFileHelpers: Auto-saving content packages took 0.114
[2019.10.29-07.14.46:660][459]LogEditorViewport: Clicking on Actor (context menu): StaticMeshActor (Wall11)
[2019.10.29-07.14.54:174][459]LogSlate: FSceneViewport::OnFocusLost() reason 5
[2019.10.29-07.15.38:942][225]LogEditorViewport: Clicking on Actor (LMB): SimpleNpc_C (SimpleNpc3)
[2019.10.29-07.15.39:531][285]LogEditorViewport: Clicking on Actor (LMB): Quest_002_C (Quest_002)
[2019.10.29-07.15.42:766][663]LogSlate: FSceneViewport::OnFocusLost() reason 0
[2019.10.29-07.15.45:532][991]LogTemp: Repeating last play command: Selected Viewport
[2019.10.29-07.15.45:562][991]LogBlueprintUserMessages: Early PlayInEditor Detection: Level '/Game/EasyQuest/ThirdPersonBP/Maps/MapAlpha.MapAlpha:PersistentLevel' has LevelScriptBlueprint '/Game/EasyQuest/ThirdPersonBP/Maps/MapAlpha.MapAlpha:PersistentLevel.MapAlpha' with GeneratedClass '/Game/EasyQuest/ThirdPersonBP/Maps/MapAlpha.MapAlpha_C' with ClassGeneratedBy '/Game/EasyQuest/ThirdPersonBP/Maps/MapAlpha.MapAlpha:PersistentLevel.MapAlpha'
[2019.10.29-07.15.45:563][991]LogPlayLevel: PlayLevel: No blueprints needed recompiling
[2019.10.29-07.15.45:563][991]PIE: New page: PIE session: MapAlpha (30 Oct 2019 5:15:45 am)
[2019.10.29-07.15.45:563][991]LogPlayLevel: Creating play world package: /Game/EasyQuest/ThirdPersonBP/Maps/UEDPIE_0_MapAlpha
[2019.10.29-07.15.45:582][991]LogPlayLevel: PIE: StaticDuplicateObject took: (0.019143s)
[2019.10.29-07.15.45:583][991]LogAIModule: Creating AISystem for world MapAlpha
[2019.10.29-07.15.45:584][991]LogPlayLevel: PIE: World Init took: (0.001489s)
[2019.10.29-07.15.45:584][991]LogPlayLevel: PIE: Created PIE world by copying editor world from /Game/EasyQuest/ThirdPersonBP/Maps/MapAlpha.MapAlpha to /Game/EasyQuest/ThirdPersonBP/Maps/UEDPIE_0_MapAlpha.MapAlpha (0.020854s)
[2019.10.29-07.15.45:650][991]LogUObjectHash: Compacting FUObjectHashTables data took   5.55ms
[2019.10.29-07.15.45:690][991]LogInit: XAudio2 using 'Speakers (2- RIG 800HX)' : 2 channels at 48 kHz using 24 bits per sample (channel mask 0x3)
[2019.10.29-07.15.45:704][991]LogInit: FAudioDevice initialized.
[2019.10.29-07.15.45:718][991]LogLoad: Game class is 'ThirdPersonGameMode_C'
[2019.10.29-07.15.45:723][991]LogWorld: Bringing World /Game/EasyQuest/ThirdPersonBP/Maps/UEDPIE_0_MapAlpha.MapAlpha up for play (max tick rate 0) at 2019.10.29-18.15.45
[2019.10.29-07.15.45:724][991]LogWorld: Bringing up level for play took: 0.005172
[2019.10.29-07.15.45:724][991]LogOnline: OSS: Creating online subsystem instance for: :Context_19
[2019.10.29-07.15.45:731][991]PIE: Play in editor start time for /Game/EasyQuest/ThirdPersonBP/Maps/UEDPIE_0_MapAlpha 0.663
[2019.10.29-07.15.45:731][991]LogBlueprintUserMessages: Late PlayInEditor Detection: Level '/Game/EasyQuest/ThirdPersonBP/Maps/MapAlpha.MapAlpha:PersistentLevel' has LevelScriptBlueprint '/Game/EasyQuest/ThirdPersonBP/Maps/MapAlpha.MapAlpha:PersistentLevel.MapAlpha' with GeneratedClass '/Game/EasyQuest/ThirdPersonBP/Maps/MapAlpha.MapAlpha_C' with ClassGeneratedBy '/Game/EasyQuest/ThirdPersonBP/Maps/MapAlpha.MapAlpha:PersistentLevel.MapAlpha'
[2019.10.29-07.15.52:129][755]LogPlayerController: Error: InputMode:UIOnly - Attempting to focus Non-Focusable widget SObjectWidget [Widget.cpp(723)]!
[2019.10.29-07.15.53:328][899]LogSlate: FSceneViewport::OnFocusLost() reason 0
[2019.10.29-07.15.59:737][668]LogBlueprintUserMessages: Early EndPlayMap Detection: Level '/Game/EasyQuest/ThirdPersonBP/Maps/MapAlpha.MapAlpha:PersistentLevel' has LevelScriptBlueprint '/Game/EasyQuest/ThirdPersonBP/Maps/MapAlpha.MapAlpha:PersistentLevel.MapAlpha' with GeneratedClass '/Game/EasyQuest/ThirdPersonBP/Maps/MapAlpha.MapAlpha_C' with ClassGeneratedBy '/Game/EasyQuest/ThirdPersonBP/Maps/MapAlpha.MapAlpha:PersistentLevel.MapAlpha'
[2019.10.29-07.15.59:738][668]LogSlate: Updating window title bar state: overlay mode, drag disabled, window buttons hidden, title bar hidden
[2019.10.29-07.15.59:738][668]LogWorld: BeginTearingDown for /Game/EasyQuest/ThirdPersonBP/Maps/UEDPIE_0_MapAlpha
[2019.10.29-07.15.59:738][668]LogWorld: UWorld::CleanupWorld for MapAlpha, bSessionEnded=true, bCleanupResources=true
[2019.10.29-07.15.59:758][668]LogPlayLevel: Display: Shutting down PIE online subsystems
[2019.10.29-07.15.59:758][668]LogBlueprintUserMessages: Late EndPlayMap Detection: Level '/Game/EasyQuest/ThirdPersonBP/Maps/MapAlpha.MapAlpha:PersistentLevel' has LevelScriptBlueprint '/Game/EasyQuest/ThirdPersonBP/Maps/MapAlpha.MapAlpha:PersistentLevel.MapAlpha' with GeneratedClass '/Game/EasyQuest/ThirdPersonBP/Maps/MapAlpha.MapAlpha_C' with ClassGeneratedBy '/Game/EasyQuest/ThirdPersonBP/Maps/MapAlpha.MapAlpha:PersistentLevel.MapAlpha'
[2019.10.29-07.15.59:812][668]LogSlate: Updating window title bar state: overlay mode, drag disabled, window buttons hidden, title bar hidden
[2019.10.29-07.15.59:817][668]LogUObjectHash: Compacting FUObjectHashTables data took   3.15ms
[2019.10.29-07.15.59:845][669]LogPlayLevel: Display: Destroying online subsystem :Context_19
[2019.10.29-07.16.07:717][836]LogSlate: FSceneViewport::OnFocusLost() reason 0
[2019.10.29-07.16.07:794][838]LogTemp: Repeating last play command: Selected Viewport
[2019.10.29-07.16.07:813][838]LogBlueprintUserMessages: Early PlayInEditor Detection: Level '/Game/EasyQuest/ThirdPersonBP/Maps/MapAlpha.MapAlpha:PersistentLevel' has LevelScriptBlueprint '/Game/EasyQuest/ThirdPersonBP/Maps/MapAlpha.MapAlpha:PersistentLevel.MapAlpha' with GeneratedClass '/Game/EasyQuest/ThirdPersonBP/Maps/MapAlpha.MapAlpha_C' with ClassGeneratedBy '/Game/EasyQuest/ThirdPersonBP/Maps/MapAlpha.MapAlpha:PersistentLevel.MapAlpha'
[2019.10.29-07.16.07:813][838]LogPlayLevel: PlayLevel: No blueprints needed recompiling
[2019.10.29-07.16.07:813][838]PIE: New page: PIE session: MapAlpha (30 Oct 2019 5:16:07 am)
[2019.10.29-07.16.07:813][838]LogPlayLevel: Creating play world package: /Game/EasyQuest/ThirdPersonBP/Maps/UEDPIE_0_MapAlpha
[2019.10.29-07.16.07:823][838]LogPlayLevel: PIE: StaticDuplicateObject took: (0.010484s)
[2019.10.29-07.16.07:825][838]LogAIModule: Creating AISystem for world MapAlpha
[2019.10.29-07.16.07:825][838]LogPlayLevel: PIE: World Init took: (0.001538s)
[2019.10.29-07.16.07:825][838]LogPlayLevel: PIE: Created PIE world by copying editor world from /Game/EasyQuest/ThirdPersonBP/Maps/MapAlpha.MapAlpha to /Game/EasyQuest/ThirdPersonBP/Maps/UEDPIE_0_MapAlpha.MapAlpha (0.012230s)
[2019.10.29-07.16.07:870][838]LogUObjectHash: Compacting FUObjectHashTables data took   2.94ms
[2019.10.29-07.16.07:907][838]LogInit: XAudio2 using 'Speakers (2- RIG 800HX)' : 2 channels at 48 kHz using 24 bits per sample (channel mask 0x3)
[2019.10.29-07.16.07:920][838]LogInit: FAudioDevice initialized.
[2019.10.29-07.16.07:931][838]LogLoad: Game class is 'ThirdPersonGameMode_C'
[2019.10.29-07.16.07:935][838]LogWorld: Bringing World /Game/EasyQuest/ThirdPersonBP/Maps/UEDPIE_0_MapAlpha.MapAlpha up for play (max tick rate 0) at 2019.10.29-18.16.07
[2019.10.29-07.16.07:937][838]LogWorld: Bringing up level for play took: 0.004744
[2019.10.29-07.16.07:937][838]LogOnline: OSS: Creating online subsystem instance for: :Context_20
[2019.10.29-07.16.07:943][838]PIE: Play in editor start time for /Game/EasyQuest/ThirdPersonBP/Maps/UEDPIE_0_MapAlpha 0.874
[2019.10.29-07.16.07:943][838]LogBlueprintUserMessages: Late PlayInEditor Detection: Level '/Game/EasyQuest/ThirdPersonBP/Maps/MapAlpha.MapAlpha:PersistentLevel' has LevelScriptBlueprint '/Game/EasyQuest/ThirdPersonBP/Maps/MapAlpha.MapAlpha:PersistentLevel.MapAlpha' with GeneratedClass '/Game/EasyQuest/ThirdPersonBP/Maps/MapAlpha.MapAlpha_C' with ClassGeneratedBy '/Game/EasyQuest/ThirdPersonBP/Maps/MapAlpha.MapAlpha:PersistentLevel.MapAlpha'
[2019.10.29-07.16.11:790][246]LogPlayerController: Error: InputMode:UIOnly - Attempting to focus Non-Focusable widget SObjectWidget [Widget.cpp(723)]!
[2019.10.29-07.16.13:023][394]LogSlate: FSceneViewport::OnFocusLost() reason 0
[2019.10.29-07.16.18:368][ 35]LogSlate: FSceneViewport::OnFocusLost() reason 2
[2019.10.29-07.16.28:450][240]LogPlayerController: Error: InputMode:UIOnly - Attempting to focus Non-Focusable widget SObjectWidget [Widget.cpp(723)]!
[2019.10.29-07.16.29:499][366]LogSlate: FSceneViewport::OnFocusLost() reason 0
[2019.10.29-07.16.31:092][557]LogPlayerController: Error: InputMode:UIOnly - Attempting to focus Non-Focusable widget SObjectWidget [Widget.cpp(723)]!
[2019.10.29-07.16.32:400][714]LogSlate: FSceneViewport::OnFocusLost() reason 0
[2019.10.29-07.16.32:836][766]LogSlate: FSceneViewport::OnFocusLost() reason 2
[2019.10.29-07.16.46:848][446]LogBlueprintUserMessages: Early EndPlayMap Detection: Level '/Game/EasyQuest/ThirdPersonBP/Maps/MapAlpha.MapAlpha:PersistentLevel' has LevelScriptBlueprint '/Game/EasyQuest/ThirdPersonBP/Maps/MapAlpha.MapAlpha:PersistentLevel.MapAlpha' with GeneratedClass '/Game/EasyQuest/ThirdPersonBP/Maps/MapAlpha.MapAlpha_C' with ClassGeneratedBy '/Game/EasyQuest/ThirdPersonBP/Maps/MapAlpha.MapAlpha:PersistentLevel.MapAlpha'
[2019.10.29-07.16.46:848][446]LogSlate: Updating window title bar state: overlay mode, drag disabled, window buttons hidden, title bar hidden
[2019.10.29-07.16.46:848][446]LogWorld: BeginTearingDown for /Game/EasyQuest/ThirdPersonBP/Maps/UEDPIE_0_MapAlpha
[2019.10.29-07.16.46:848][446]LogWorld: UWorld::CleanupWorld for MapAlpha, bSessionEnded=true, bCleanupResources=true
[2019.10.29-07.16.46:865][446]LogPlayLevel: Display: Shutting down PIE online subsystems
[2019.10.29-07.16.46:865][446]LogBlueprintUserMessages: Late EndPlayMap Detection: Level '/Game/EasyQuest/ThirdPersonBP/Maps/MapAlpha.MapAlpha:PersistentLevel' has LevelScriptBlueprint '/Game/EasyQuest/ThirdPersonBP/Maps/MapAlpha.MapAlpha:PersistentLevel.MapAlpha' with GeneratedClass '/Game/EasyQuest/ThirdPersonBP/Maps/MapAlpha.MapAlpha_C' with ClassGeneratedBy '/Game/EasyQuest/ThirdPersonBP/Maps/MapAlpha.MapAlpha:PersistentLevel.MapAlpha'
[2019.10.29-07.16.46:916][446]LogSlate: Updating window title bar state: overlay mode, drag disabled, window buttons hidden, title bar hidden
[2019.10.29-07.16.46:921][446]LogUObjectHash: Compacting FUObjectHashTables data took   3.06ms
[2019.10.29-07.16.46:947][447]LogPlayLevel: Display: Destroying online subsystem :Context_20
[2019.10.29-07.17.12:214][746]LogUObjectHash: Compacting FUObjectHashTables data took   1.44ms
[2019.10.29-07.17.12:529][746]LogSavePackage: Moving 'C:/Users/zacka/Desktop/EasyQuest/RPGGame 4.23/Saved/MapAlpha_Auto420B0CDB0411F8482B4D80FB25F127C2E.tmp' to 'C:/Users/zacka/Desktop/EasyQuest/RPGGame 4.23/Saved/Autosaves/Game/EasyQuest/ThirdPersonBP/Maps/MapAlpha_Auto4.umap'
[2019.10.29-07.17.12:533][746]LogFileHelpers: Editor autosave (incl. sublevels) for '/Game/EasyQuest/ThirdPersonBP/Maps/MapAlpha' took 0.370
[2019.10.29-07.17.12:533][746]LogFileHelpers: Editor autosave (incl. sublevels) for all levels took 0.370
[2019.10.29-07.23.19:150][844]LogSlate: FSceneViewport::OnFocusLost() reason 0
[2019.10.29-13.29.49:641][532]LogSlate: FSceneViewport::OnFocusLost() reason 5
[2019.10.29-13.29.52:377][534]LogUObjectHash: Compacting FUObjectHashTables data took  30.46ms
[2019.10.29-13.29.53:025][534]LogSlate: FSceneViewport::OnFocusLost() reason 5
[2019.10.29-13.29.53:135][534]LogUObjectHash: Compacting FUObjectHashTables data took   1.06ms
[2019.10.29-13.29.53:389][534]LogSlate: FSceneViewport::OnFocusLost() reason 5
[2019.10.29-13.29.53:935][534]LogUObjectHash: Compacting FUObjectHashTables data took   1.03ms
[2019.10.29-13.29.58:529][534]LogSavePackage: Moving 'C:/Users/zacka/Desktop/EasyQuest/RPGGame 4.23/Saved/MapAlpha02E6B77B429016B046E672926B57AAF4.tmp' to 'C:/Users/zacka/Desktop/EasyQuest/RPGGame 4.23/Content/EasyQuest/ThirdPersonBP/Maps/MapAlpha.umap'
[2019.10.29-13.29.58:819][534]LogFileHelpers: Saving map 'MapAlpha' took 5.388
[2019.10.29-13.29.58:826][534]Cmd: OBJ SAVEPACKAGE PACKAGE="/Game/EasyQuest/QuestSystem/Quests/Quest" FILE="C:/Users/zacka/Desktop/EasyQuest/RPGGame 4.23/Content/EasyQuest/QuestSystem/Quests/Quest.uasset" SILENT=true
[2019.10.29-13.29.59:257][534]LogSavePackage: Moving 'C:/Users/zacka/Desktop/EasyQuest/RPGGame 4.23/Saved/Quest01EB708646ED065EB9EFC0AB6985E3C7.tmp' to 'C:/Users/zacka/Desktop/EasyQuest/RPGGame 4.23/Content/EasyQuest/QuestSystem/Quests/Quest.uasset'
[2019.10.29-13.30.00:965][682]LogSlate: FSceneViewport::OnFocusLost() reason 0
