Log file open, 10/26/19 21:32:56
LogWindows: Failed to load 'aqProf.dll' (GetLastError=126)
LogWindows: File 'aqProf.dll' does not exist
LogWindows: Failed to load 'VtuneApi.dll' (GetLastError=126)
LogWindows: File 'VtuneApi.dll' does not exist
LogWindows: Failed to load 'VtuneApi32e.dll' (GetLastError=126)
LogWindows: File 'VtuneApi32e.dll' does not exist
LogConsoleResponse: Display: Failed to find resolution value strings in scalability ini. Falling back to default.
LogInit: Display: Running engine for game: RPGGame
LogPlatformFile: Not using cached read wrapper
LogTaskGraph: Started task graph with 5 named threads and 47 total threads with 3 sets of task threads.
LogStats: Stats thread started at 0.074805
LogD3D11RHI: Loaded GFSDK_Aftermath_Lib.x64.dll
LogICUInternationalization: ICU TimeZone Detection - Raw Offset: +10:00, Platform Override: ''
LogPluginManager: Mounting plugin Paper2D
LogPluginManager: Mounting plugin AISupport
LogPluginManager: Mounting plugin LightPropagationVolume
LogPluginManager: Mounting plugin ActorLayerUtilities
LogPluginManager: Mounting plugin AnimationSharing
LogPluginManager: Mounting plugin CLionSourceCodeAccess
LogPluginManager: Mounting plugin CodeLiteSourceCodeAccess
LogPluginManager: Mounting plugin GitSourceControl
LogPluginManager: Mounting plugin KDevelopSourceCodeAccess
LogPluginManager: Mounting plugin NullSourceCodeAccess
LogPluginManager: Mounting plugin PerforceSourceControl
LogPluginManager: Mounting plugin SubversionSourceControl
LogPluginManager: Mounting plugin UObjectPlugin
LogPluginManager: Mounting plugin VisualStudioCodeSourceCodeAccess
LogPluginManager: Mounting plugin VisualStudioSourceCodeAccess
LogPluginManager: Mounting plugin XCodeSourceCodeAccess
LogPluginManager: Mounting plugin AssetManagerEditor
LogPluginManager: Mounting plugin CryptoKeys
LogPluginManager: Mounting plugin CurveEditorTools
LogPluginManager: Mounting plugin DataValidation
LogPluginManager: Mounting plugin FacialAnimation
LogPluginManager: Mounting plugin GameplayTagsEditor
LogPluginManager: Mounting plugin MacGraphicsSwitching
LogPluginManager: Mounting plugin MaterialAnalyzer
LogPluginManager: Mounting plugin MobileLauncherProfileWizard
LogPluginManager: Mounting plugin PluginBrowser
LogPluginManager: Mounting plugin SpeedTreeImporter
LogPluginManager: Mounting plugin DatasmithContent
LogPluginManager: Mounting plugin VariantManagerContent
LogPluginManager: Mounting plugin AlembicImporter
LogPluginManager: Mounting plugin AutomationUtils
LogPluginManager: Mounting plugin BackChannel
LogPluginManager: Mounting plugin CharacterAI
LogPluginManager: Mounting plugin GeometryCache
LogPluginManager: Mounting plugin HTML5Networking
LogPluginManager: Mounting plugin PlatformCrypto
LogPluginManager: Mounting plugin ProxyLODPlugin
LogPluginManager: Mounting plugin SkeletalReduction
LogPluginManager: Mounting plugin MagicLeap
LogPluginManager: Mounting plugin MagicLeapMedia
LogPluginManager: Mounting plugin AndroidMedia
LogPluginManager: Mounting plugin AvfMedia
LogPluginManager: Mounting plugin ImgMedia
LogPluginManager: Mounting plugin MediaCompositing
LogPluginManager: Mounting plugin MediaPlayerEditor
LogPluginManager: Mounting plugin WebMMedia
LogPluginManager: Mounting plugin WmfMedia
LogPluginManager: Mounting plugin TcpMessaging
LogPluginManager: Mounting plugin UdpMessaging
LogPluginManager: Mounting plugin ActorSequence
LogPluginManager: Mounting plugin LevelSequenceEditor
LogPluginManager: Mounting plugin MatineeToLevelSequence
LogPluginManager: Mounting plugin NetcodeUnitTest
LogPluginManager: Mounting plugin NUTUnrealEngine4
LogPluginManager: Mounting plugin OnlineSubsystemGooglePlay
LogPluginManager: Mounting plugin OnlineSubsystemIOS
LogPluginManager: Mounting plugin OnlineSubsystem
LogPluginManager: Mounting plugin OnlineSubsystemNull
LogPluginManager: Mounting plugin OnlineSubsystemUtils
LogPluginManager: Mounting plugin LauncherChunkInstaller
LogPluginManager: Mounting plugin AndroidDeviceProfileSelector
LogPluginManager: Mounting plugin AndroidMoviePlayer
LogPluginManager: Mounting plugin AndroidPermission
LogPluginManager: Mounting plugin AppleImageUtils
LogPluginManager: Mounting plugin AppleMoviePlayer
LogPluginManager: Mounting plugin ArchVisCharacter
LogPluginManager: Mounting plugin AudioCapture
LogPluginManager: Mounting plugin CableComponent
LogPluginManager: Mounting plugin CustomMeshComponent
LogPluginManager: Mounting plugin EditableMesh
LogPluginManager: Mounting plugin ExampleDeviceProfileSelector
LogPluginManager: Mounting plugin GoogleCloudMessaging
LogPluginManager: Mounting plugin IOSDeviceProfileSelector
LogPluginManager: Mounting plugin LinuxDeviceProfileSelector
LogPluginManager: Mounting plugin LocationServicesBPLibrary
LogPluginManager: Mounting plugin MobilePatchingUtils
LogPluginManager: Mounting plugin OculusVR
LogPluginManager: Mounting plugin PhysXVehicles
LogPluginManager: Mounting plugin ProceduralMeshComponent
LogPluginManager: Mounting plugin RuntimePhysXCooking
LogPluginManager: Mounting plugin SignificanceManager
LogPluginManager: Mounting plugin SteamVR
LogPluginManager: Mounting plugin WebMMoviePlayer
LogPluginManager: Mounting plugin WindowsMoviePlayer
LogPluginManager: Mounting plugin ScreenshotTools
LogInit: Using libcurl 7.55.1-DEV
LogInit:  - built for x86_64-pc-win32
LogInit:  - supports SSL with OpenSSL/1.1.1
LogInit:  - supports HTTP deflate (compression) using libz 1.2.8
LogInit:  - other features:
LogInit:      CURL_VERSION_SSL
LogInit:      CURL_VERSION_LIBZ
LogInit:      CURL_VERSION_IPV6
LogInit:      CURL_VERSION_ASYNCHDNS
LogInit:      CURL_VERSION_LARGEFILE
LogInit:      CURL_VERSION_IDN
LogInit:  CurlRequestOptions (configurable via config and command line):
LogInit:  - bVerifyPeer = true  - Libcurl will verify peer certificate
LogInit:  - bUseHttpProxy = false  - Libcurl will NOT use HTTP proxy
LogInit:  - bDontReuseConnections = false  - Libcurl will reuse connections
LogInit:  - MaxHostConnections = 16  - Libcurl will limit the number of connections to a host
LogInit:  - LocalHostAddr = Default
LogInit:  - BufferSize = 65536
LogOnline: OSS: Creating online subsystem instance for: NULL
LogInit: WinSock: version 1.1 (2.2), MaxSocks=32767, MaxUdp=65467
LogInit: Build: ++UE4+Release-4.23-CL-8386587
LogInit: Engine Version: 4.23.0-8386587+++UE4+Release-4.23
LogInit: Compatible Engine Version: 4.23.0-8386587+++UE4+Release-4.23
LogInit: Net CL: 8386587
LogInit: OS: Windows 10 (Release 1903) (), CPU: AMD Ryzen 7 2700X Eight-Core Processor         , GPU: NVIDIA GeForce GTX 1070
LogInit: Compiled (64-bit): Aug 31 2019 02:04:44
LogInit: Compiled with Visual C++: 19.16.27030.01
LogInit: Build Configuration: Development
LogInit: Branch Name: ++UE4+Release-4.23
LogInit: Command Line: 
LogInit: Base Directory: D:/UE_4.23/Engine/Binaries/Win64/
LogInit: Installed Engine Build: 1
LogDevObjectVersion: Number of dev versions registered: 23
LogDevObjectVersion:   Dev-Blueprints (B0D832E4-1F89-4F0D-ACCF-7EB736FD4AA2): 10
LogDevObjectVersion:   Dev-Build (E1C64328-A22C-4D53-A36C-8E866417BD8C): 0
LogDevObjectVersion:   Dev-Core (375EC13C-06E4-48FB-B500-84F0262A717E): 3
LogDevObjectVersion:   Dev-Editor (E4B068ED-F494-42E9-A231-DA0B2E46BB41): 34
LogDevObjectVersion:   Dev-Framework (CFFC743F-43B0-4480-9391-14DF171D2073): 35
LogDevObjectVersion:   Dev-Mobile (B02B49B5-BB20-44E9-A304-32B752E40360): 2
LogDevObjectVersion:   Dev-Networking (A4E4105C-59A1-49B5-A7C5-40C4547EDFEE): 0
LogDevObjectVersion:   Dev-Online (39C831C9-5AE6-47DC-9A44-9C173E1C8E7C): 0
LogDevObjectVersion:   Dev-Physics (78F01B33-EBEA-4F98-B9B4-84EACCB95AA2): 0
LogDevObjectVersion:   Dev-Platform (6631380F-2D4D-43E0-8009-CF276956A95A): 0
LogDevObjectVersion:   Dev-Rendering (12F88B9F-8875-4AFC-A67C-D90C383ABD29): 31
LogDevObjectVersion:   Dev-Sequencer (7B5AE74C-D270-4C10-A958-57980B212A5A): 11
LogDevObjectVersion:   Dev-VR (D7296918-1DD6-4BDD-9DE2-64A83CC13884): 2
LogDevObjectVersion:   Dev-LoadTimes (C2A15278-BFE7-4AFE-6C17-90FF531DF755): 1
LogDevObjectVersion:   Private-Geometry (6EACA3D4-40EC-4CC1-B786-8BED09428FC5): 3
LogDevObjectVersion:   Dev-AnimPhys (29E575DD-E0A3-4627-9D10-D276232CDCEA): 17
LogDevObjectVersion:   Dev-Anim (AF43A65D-7FD3-4947-9873-3E8ED9C1BB05): 2
LogDevObjectVersion:   Dev-ReflectionCapture (6B266CEC-1EC7-4B8F-A30B-E4D90942FC07): 1
LogDevObjectVersion:   Dev-Automation (0DF73D61-A23F-47EA-B727-89E90C41499A): 1
LogDevObjectVersion:   FortniteMain (601D1886-AC64-4F84-AA16-D3DE0DEAC7D6): 27
LogDevObjectVersion:   Dev-Enterprise (9DFFBCD6-494F-0158-E221-12823C92A888): 6
LogDevObjectVersion:   Dev-Niagara (F2AED0AC-9AFE-416F-8664-AA7FFA26D6FC): 1
LogDevObjectVersion:   Dev-Destruction (174F1F0B-B4C6-45A5-B13F-2EE8D0FB917D): 9
LogInit: Presizing for max 16777216 objects, including 0 objects not considered by GC, pre-allocating 0 bytes for permanent pool.
LogInit: Object subsystem initialized
LogConfig: Setting CVar [[con.DebugEarlyDefault:1]]
LogConfig: Setting CVar [[r.setres:1280x720]]
[2019.10.26-10.32.56:786][  0]LogConfig: Setting CVar [[r.VSync:0]]
[2019.10.26-10.32.56:786][  0]LogConfig: Setting CVar [[r.RHICmdBypass:0]]
[2019.10.26-10.32.56:787][  0]LogConfig: Applying CVar settings from Section [/Script/Engine.RendererSettings] File [C:/Users/zacka/Desktop/EasyQuest/RPGGame 4.23/Saved/Config/Windows/Engine.ini]
[2019.10.26-10.32.56:787][  0]LogConfig: Setting CVar [[r.GPUCrashDebugging:0]]
[2019.10.26-10.32.56:787][  0]LogConfig: Applying CVar settings from Section [/Script/Engine.RendererOverrideSettings] File [C:/Users/zacka/Desktop/EasyQuest/RPGGame 4.23/Saved/Config/Windows/Engine.ini]
[2019.10.26-10.32.56:787][  0]LogConfig: Applying CVar settings from Section [/Script/Engine.StreamingSettings] File [C:/Users/zacka/Desktop/EasyQuest/RPGGame 4.23/Saved/Config/Windows/Engine.ini]
[2019.10.26-10.32.56:787][  0]LogConfig: Setting CVar [[s.MinBulkDataSizeForAsyncLoading:131072]]
[2019.10.26-10.32.56:787][  0]LogConfig: Setting CVar [[s.AsyncLoadingThreadEnabled:0]]
[2019.10.26-10.32.56:787][  0]LogConfig: Setting CVar [[s.EventDrivenLoaderEnabled:1]]
[2019.10.26-10.32.56:787][  0]LogConfig: Setting CVar [[s.WarnIfTimeLimitExceeded:0]]
[2019.10.26-10.32.56:787][  0]LogConfig: Setting CVar [[s.TimeLimitExceededMultiplier:1.5]]
[2019.10.26-10.32.56:787][  0]LogConfig: Setting CVar [[s.TimeLimitExceededMinTime:0.005]]
[2019.10.26-10.32.56:787][  0]LogConfig: Setting CVar [[s.UseBackgroundLevelStreaming:1]]
[2019.10.26-10.32.56:787][  0]LogConfig: Setting CVar [[s.PriorityAsyncLoadingExtraTime:15.0]]
[2019.10.26-10.32.56:787][  0]LogConfig: Setting CVar [[s.LevelStreamingActorsUpdateTimeLimit:5.0]]
[2019.10.26-10.32.56:787][  0]LogConfig: Setting CVar [[s.PriorityLevelStreamingActorsUpdateExtraTime:5.0]]
[2019.10.26-10.32.56:787][  0]LogConfig: Setting CVar [[s.LevelStreamingComponentsRegistrationGranularity:10]]
[2019.10.26-10.32.56:787][  0]LogConfig: Setting CVar [[s.UnregisterComponentsTimeLimit:1.0]]
[2019.10.26-10.32.56:787][  0]LogConfig: Setting CVar [[s.LevelStreamingComponentsUnregistrationGranularity:5]]
[2019.10.26-10.32.56:787][  0]LogConfig: Applying CVar settings from Section [/Script/Engine.GarbageCollectionSettings] File [C:/Users/zacka/Desktop/EasyQuest/RPGGame 4.23/Saved/Config/Windows/Engine.ini]
[2019.10.26-10.32.56:787][  0]LogConfig: Setting CVar [[gc.MaxObjectsNotConsideredByGC:1]]
[2019.10.26-10.32.56:787][  0]LogConfig: Setting CVar [[gc.SizeOfPermanentObjectPool:0]]
[2019.10.26-10.32.56:787][  0]LogConfig: Setting CVar [[gc.FlushStreamingOnGC:0]]
[2019.10.26-10.32.56:787][  0]LogConfig: Setting CVar [[gc.NumRetriesBeforeForcingGC:10]]
[2019.10.26-10.32.56:787][  0]LogConfig: Setting CVar [[gc.AllowParallelGC:1]]
[2019.10.26-10.32.56:787][  0]LogConfig: Setting CVar [[gc.TimeBetweenPurgingPendingKillObjects:61.1]]
[2019.10.26-10.32.56:787][  0]LogConfig: Setting CVar [[gc.MaxObjectsInEditor:16777216]]
[2019.10.26-10.32.56:787][  0]LogConfig: Setting CVar [[gc.IncrementalBeginDestroyEnabled:1]]
[2019.10.26-10.32.56:787][  0]LogConfig: Setting CVar [[gc.CreateGCClusters:1]]
[2019.10.26-10.32.56:787][  0]LogConfig: Setting CVar [[gc.MinGCClusterSize:5]]
[2019.10.26-10.32.56:787][  0]LogConfig: Setting CVar [[gc.ActorClusteringEnabled:0]]
[2019.10.26-10.32.56:787][  0]LogConfig: Setting CVar [[gc.BlueprintClusteringEnabled:0]]
[2019.10.26-10.32.56:787][  0]LogConfig: Setting CVar [[gc.UseDisregardForGCOnDedicatedServers:0]]
[2019.10.26-10.32.56:787][  0]LogConfig: Applying CVar settings from Section [/Script/Engine.NetworkSettings] File [C:/Users/zacka/Desktop/EasyQuest/RPGGame 4.23/Saved/Config/Windows/Engine.ini]
[2019.10.26-10.32.56:787][  0]LogConfig: Applying CVar settings from Section [/Script/UnrealEd.CookerSettings] File [C:/Users/zacka/Desktop/EasyQuest/RPGGame 4.23/Saved/Config/Windows/Engine.ini]
[2019.10.26-10.32.56:798][  0]LogConfig: Applying CVar settings from Section [ViewDistanceQuality@3] File [C:/Users/zacka/Desktop/EasyQuest/RPGGame 4.23/Saved/Config/Windows/Scalability.ini]
[2019.10.26-10.32.56:798][  0]LogConfig: Setting CVar [[r.SkeletalMeshLODBias:0]]
[2019.10.26-10.32.56:799][  0]LogConfig: Setting CVar [[r.ViewDistanceScale:1.0]]
[2019.10.26-10.32.56:799][  0]LogConfig: Applying CVar settings from Section [AntiAliasingQuality@3] File [C:/Users/zacka/Desktop/EasyQuest/RPGGame 4.23/Saved/Config/Windows/Scalability.ini]
[2019.10.26-10.32.56:799][  0]LogConfig: Setting CVar [[r.PostProcessAAQuality:4]]
[2019.10.26-10.32.56:799][  0]LogConfig: Applying CVar settings from Section [ShadowQuality@3] File [C:/Users/zacka/Desktop/EasyQuest/RPGGame 4.23/Saved/Config/Windows/Scalability.ini]
[2019.10.26-10.32.56:799][  0]LogConfig: Setting CVar [[r.LightFunctionQuality:1]]
[2019.10.26-10.32.56:799][  0]LogConfig: Setting CVar [[r.ShadowQuality:5]]
[2019.10.26-10.32.56:799][  0]LogConfig: Setting CVar [[r.Shadow.CSM.MaxCascades:10]]
[2019.10.26-10.32.56:799][  0]LogConfig: Setting CVar [[r.Shadow.MaxResolution:2048]]
[2019.10.26-10.32.56:799][  0]LogConfig: Setting CVar [[r.Shadow.MaxCSMResolution:2048]]
[2019.10.26-10.32.56:799][  0]LogConfig: Setting CVar [[r.Shadow.RadiusThreshold:0.01]]
[2019.10.26-10.32.56:799][  0]LogConfig: Setting CVar [[r.Shadow.DistanceScale:1.0]]
[2019.10.26-10.32.56:799][  0]LogConfig: Setting CVar [[r.Shadow.CSM.TransitionScale:1.0]]
[2019.10.26-10.32.56:799][  0]LogConfig: Setting CVar [[r.Shadow.PreShadowResolutionFactor:1.0]]
[2019.10.26-10.32.56:799][  0]LogConfig: Setting CVar [[r.DistanceFieldShadowing:1]]
[2019.10.26-10.32.56:799][  0]LogConfig: Setting CVar [[r.DistanceFieldAO:1]]
[2019.10.26-10.32.56:799][  0]LogConfig: Setting CVar [[r.AOQuality:2]]
[2019.10.26-10.32.56:799][  0]LogConfig: Setting CVar [[r.VolumetricFog:1]]
[2019.10.26-10.32.56:799][  0]LogConfig: Setting CVar [[r.VolumetricFog.GridPixelSize:8]]
[2019.10.26-10.32.56:799][  0]LogConfig: Setting CVar [[r.VolumetricFog.GridSizeZ:128]]
[2019.10.26-10.32.56:799][  0]LogConfig: Setting CVar [[r.VolumetricFog.HistoryMissSupersampleCount:4]]
[2019.10.26-10.32.56:799][  0]LogConfig: Setting CVar [[r.LightMaxDrawDistanceScale:1]]
[2019.10.26-10.32.56:799][  0]LogConfig: Setting CVar [[r.CapsuleShadows:1]]
[2019.10.26-10.32.56:799][  0]LogConfig: Applying CVar settings from Section [PostProcessQuality@3] File [C:/Users/zacka/Desktop/EasyQuest/RPGGame 4.23/Saved/Config/Windows/Scalability.ini]
[2019.10.26-10.32.56:799][  0]LogConfig: Setting CVar [[r.MotionBlurQuality:4]]
[2019.10.26-10.32.56:799][  0]LogConfig: Setting CVar [[r.AmbientOcclusionMipLevelFactor:0.4]]
[2019.10.26-10.32.56:799][  0]LogConfig: Setting CVar [[r.AmbientOcclusionMaxQuality:100]]
[2019.10.26-10.32.56:799][  0]LogConfig: Setting CVar [[r.AmbientOcclusionLevels:-1]]
[2019.10.26-10.32.56:799][  0]LogConfig: Setting CVar [[r.AmbientOcclusionRadiusScale:1.0]]
[2019.10.26-10.32.56:799][  0]LogConfig: Setting CVar [[r.DepthOfFieldQuality:2]]
[2019.10.26-10.32.56:799][  0]LogConfig: Setting CVar [[r.RenderTargetPoolMin:400]]
[2019.10.26-10.32.56:799][  0]LogConfig: Setting CVar [[r.LensFlareQuality:2]]
[2019.10.26-10.32.56:799][  0]LogConfig: Setting CVar [[r.SceneColorFringeQuality:1]]
[2019.10.26-10.32.56:799][  0]LogConfig: Setting CVar [[r.EyeAdaptationQuality:2]]
[2019.10.26-10.32.56:799][  0]LogConfig: Setting CVar [[r.BloomQuality:5]]
[2019.10.26-10.32.56:799][  0]LogConfig: Setting CVar [[r.FastBlurThreshold:100]]
[2019.10.26-10.32.56:799][  0]LogConfig: Setting CVar [[r.Upscale.Quality:3]]
[2019.10.26-10.32.56:799][  0]LogConfig: Setting CVar [[r.Tonemapper.GrainQuantization:1]]
[2019.10.26-10.32.56:799][  0]LogConfig: Setting CVar [[r.LightShaftQuality:1]]
[2019.10.26-10.32.56:799][  0]LogConfig: Setting CVar [[r.Filter.SizeScale:1]]
[2019.10.26-10.32.56:799][  0]LogConfig: Setting CVar [[r.Tonemapper.Quality:5]]
[2019.10.26-10.32.56:799][  0]LogConfig: Setting CVar [[r.DOF.Gather.AccumulatorQuality:1        ; higher gathering accumulator quality]]
[2019.10.26-10.32.56:799][  0]LogConfig: Setting CVar [[r.DOF.Gather.PostfilterMethod:1          ; Median3x3 postfilering method]]
[2019.10.26-10.32.56:799][  0]LogConfig: Setting CVar [[r.DOF.Gather.EnableBokehSettings:0       ; no bokeh simulation when gathering]]
[2019.10.26-10.32.56:799][  0]LogConfig: Setting CVar [[r.DOF.Gather.RingCount:4                 ; medium number of samples when gathering]]
[2019.10.26-10.32.56:799][  0]LogConfig: Setting CVar [[r.DOF.Scatter.ForegroundCompositing:1    ; additive foreground scattering]]
[2019.10.26-10.32.56:799][  0]LogConfig: Setting CVar [[r.DOF.Scatter.BackgroundCompositing:2    ; additive background scattering]]
[2019.10.26-10.32.56:799][  0]LogConfig: Setting CVar [[r.DOF.Scatter.EnableBokehSettings:1      ; bokeh simulation when scattering]]
[2019.10.26-10.32.56:799][  0]LogConfig: Setting CVar [[r.DOF.Scatter.MaxSpriteRatio:0.1         ; only a maximum of 10% of scattered bokeh]]
[2019.10.26-10.32.56:799][  0]LogConfig: Setting CVar [[r.DOF.Recombine.Quality:1                ; cheap slight out of focus]]
[2019.10.26-10.32.56:799][  0]LogConfig: Setting CVar [[r.DOF.Recombine.EnableBokehSettings:0    ; no bokeh simulation on slight out of focus]]
[2019.10.26-10.32.56:799][  0]LogConfig: Setting CVar [[r.DOF.TemporalAAQuality:1                ; more stable temporal accumulation]]
[2019.10.26-10.32.56:799][  0]LogConfig: Setting CVar [[r.DOF.Kernel.MaxForegroundRadius:0.025]]
[2019.10.26-10.32.56:799][  0]LogConfig: Setting CVar [[r.DOF.Kernel.MaxBackgroundRadius:0.025]]
[2019.10.26-10.32.56:799][  0]LogConfig: Applying CVar settings from Section [TextureQuality@3] File [C:/Users/zacka/Desktop/EasyQuest/RPGGame 4.23/Saved/Config/Windows/Scalability.ini]
[2019.10.26-10.32.56:799][  0]LogConfig: Setting CVar [[r.Streaming.MipBias:0]]
[2019.10.26-10.32.56:799][  0]LogConfig: Setting CVar [[r.Streaming.AmortizeCPUToGPUCopy:0]]
[2019.10.26-10.32.56:799][  0]LogConfig: Setting CVar [[r.Streaming.MaxNumTexturesToStreamPerFrame:0]]
[2019.10.26-10.32.56:799][  0]LogConfig: Setting CVar [[r.Streaming.Boost:1]]
[2019.10.26-10.32.56:799][  0]LogConfig: Setting CVar [[r.MaxAnisotropy:8]]
[2019.10.26-10.32.56:799][  0]LogConfig: Setting CVar [[r.Streaming.LimitPoolSizeToVRAM:0]]
[2019.10.26-10.32.56:799][  0]LogConfig: Setting CVar [[r.Streaming.PoolSize:1000]]
[2019.10.26-10.32.56:799][  0]LogConfig: Setting CVar [[r.Streaming.MaxEffectiveScreenSize:0]]
[2019.10.26-10.32.56:799][  0]LogConfig: Applying CVar settings from Section [EffectsQuality@3] File [C:/Users/zacka/Desktop/EasyQuest/RPGGame 4.23/Saved/Config/Windows/Scalability.ini]
[2019.10.26-10.32.56:799][  0]LogConfig: Setting CVar [[r.TranslucencyLightingVolumeDim:64]]
[2019.10.26-10.32.56:799][  0]LogConfig: Setting CVar [[r.RefractionQuality:2]]
[2019.10.26-10.32.56:799][  0]LogConfig: Setting CVar [[r.SSR.Quality:3]]
[2019.10.26-10.32.56:799][  0]LogConfig: Setting CVar [[r.SceneColorFormat:4]]
[2019.10.26-10.32.56:799][  0]LogConfig: Setting CVar [[r.DetailMode:2]]
[2019.10.26-10.32.56:799][  0]LogConfig: Setting CVar [[r.TranslucencyVolumeBlur:1]]
[2019.10.26-10.32.56:799][  0]LogConfig: Setting CVar [[r.MaterialQualityLevel:1 ; High quality]]
[2019.10.26-10.32.56:799][  0]LogConfig: Setting CVar [[r.SSS.Scale:1]]
[2019.10.26-10.32.56:800][  0]LogConfig: Setting CVar [[r.SSS.SampleSet:2]]
[2019.10.26-10.32.56:800][  0]LogConfig: Setting CVar [[r.SSS.Quality:1]]
[2019.10.26-10.32.56:800][  0]LogConfig: Setting CVar [[r.SSS.HalfRes:1]]
[2019.10.26-10.32.56:800][  0]LogConfig: Setting CVar [[r.EmitterSpawnRateScale:1.0]]
[2019.10.26-10.32.56:800][  0]LogConfig: Setting CVar [[r.ParticleLightQuality:2]]
[2019.10.26-10.32.56:800][  0]LogConfig: Applying CVar settings from Section [FoliageQuality@3] File [C:/Users/zacka/Desktop/EasyQuest/RPGGame 4.23/Saved/Config/Windows/Scalability.ini]
[2019.10.26-10.32.56:800][  0]LogConfig: Setting CVar [[foliage.DensityScale:1.0]]
[2019.10.26-10.32.56:800][  0]LogConfig: Setting CVar [[grass.DensityScale:1.0]]
[2019.10.26-10.32.56:800][  0]LogInit: Selected Device Profile: [Windows]
[2019.10.26-10.32.56:800][  0]LogInit: Applying CVar settings loaded from the selected device profile: [Windows]
[2019.10.26-10.32.56:803][  0]LogHAL: Display: Platform has ~ 16 GB [17108226048 / 17179869184 / 16], which maps to Larger [LargestMinGB=32, LargerMinGB=12, DefaultMinGB=8, SmallerMinGB=6, SmallestMinGB=0)
[2019.10.26-10.32.56:803][  0]LogInit: Going up to parent DeviceProfile []
[2019.10.26-10.32.56:803][  0]LogConfig: Applying CVar settings from Section [ViewDistanceQuality@3] File [C:/Users/zacka/Desktop/EasyQuest/RPGGame 4.23/Saved/Config/Windows/Scalability.ini]
[2019.10.26-10.32.56:803][  0]LogConfig: Setting CVar [[r.SkeletalMeshLODBias:0]]
[2019.10.26-10.32.56:803][  0]LogConfig: Setting CVar [[r.ViewDistanceScale:1.0]]
[2019.10.26-10.32.56:803][  0]LogConfig: Applying CVar settings from Section [AntiAliasingQuality@3] File [C:/Users/zacka/Desktop/EasyQuest/RPGGame 4.23/Saved/Config/Windows/Scalability.ini]
[2019.10.26-10.32.56:803][  0]LogConfig: Setting CVar [[r.PostProcessAAQuality:4]]
[2019.10.26-10.32.56:803][  0]LogConfig: Applying CVar settings from Section [ShadowQuality@3] File [C:/Users/zacka/Desktop/EasyQuest/RPGGame 4.23/Saved/Config/Windows/Scalability.ini]
[2019.10.26-10.32.56:803][  0]LogConfig: Setting CVar [[r.LightFunctionQuality:1]]
[2019.10.26-10.32.56:803][  0]LogConfig: Setting CVar [[r.ShadowQuality:5]]
[2019.10.26-10.32.56:803][  0]LogConfig: Setting CVar [[r.Shadow.CSM.MaxCascades:10]]
[2019.10.26-10.32.56:803][  0]LogConfig: Setting CVar [[r.Shadow.MaxResolution:2048]]
[2019.10.26-10.32.56:803][  0]LogConfig: Setting CVar [[r.Shadow.MaxCSMResolution:2048]]
[2019.10.26-10.32.56:803][  0]LogConfig: Setting CVar [[r.Shadow.RadiusThreshold:0.01]]
[2019.10.26-10.32.56:803][  0]LogConfig: Setting CVar [[r.Shadow.DistanceScale:1.0]]
[2019.10.26-10.32.56:803][  0]LogConfig: Setting CVar [[r.Shadow.CSM.TransitionScale:1.0]]
[2019.10.26-10.32.56:803][  0]LogConfig: Setting CVar [[r.Shadow.PreShadowResolutionFactor:1.0]]
[2019.10.26-10.32.56:803][  0]LogConfig: Setting CVar [[r.DistanceFieldShadowing:1]]
[2019.10.26-10.32.56:803][  0]LogConfig: Setting CVar [[r.DistanceFieldAO:1]]
[2019.10.26-10.32.56:803][  0]LogConfig: Setting CVar [[r.AOQuality:2]]
[2019.10.26-10.32.56:803][  0]LogConfig: Setting CVar [[r.VolumetricFog:1]]
[2019.10.26-10.32.56:803][  0]LogConfig: Setting CVar [[r.VolumetricFog.GridPixelSize:8]]
[2019.10.26-10.32.56:803][  0]LogConfig: Setting CVar [[r.VolumetricFog.GridSizeZ:128]]
[2019.10.26-10.32.56:803][  0]LogConfig: Setting CVar [[r.VolumetricFog.HistoryMissSupersampleCount:4]]
[2019.10.26-10.32.56:803][  0]LogConfig: Setting CVar [[r.LightMaxDrawDistanceScale:1]]
[2019.10.26-10.32.56:803][  0]LogConfig: Setting CVar [[r.CapsuleShadows:1]]
[2019.10.26-10.32.56:803][  0]LogConfig: Applying CVar settings from Section [PostProcessQuality@3] File [C:/Users/zacka/Desktop/EasyQuest/RPGGame 4.23/Saved/Config/Windows/Scalability.ini]
[2019.10.26-10.32.56:803][  0]LogConfig: Setting CVar [[r.MotionBlurQuality:4]]
[2019.10.26-10.32.56:803][  0]LogConfig: Setting CVar [[r.AmbientOcclusionMipLevelFactor:0.4]]
[2019.10.26-10.32.56:803][  0]LogConfig: Setting CVar [[r.AmbientOcclusionMaxQuality:100]]
[2019.10.26-10.32.56:803][  0]LogConfig: Setting CVar [[r.AmbientOcclusionLevels:-1]]
[2019.10.26-10.32.56:803][  0]LogConfig: Setting CVar [[r.AmbientOcclusionRadiusScale:1.0]]
[2019.10.26-10.32.56:803][  0]LogConfig: Setting CVar [[r.DepthOfFieldQuality:2]]
[2019.10.26-10.32.56:803][  0]LogConfig: Setting CVar [[r.RenderTargetPoolMin:400]]
[2019.10.26-10.32.56:803][  0]LogConfig: Setting CVar [[r.LensFlareQuality:2]]
[2019.10.26-10.32.56:803][  0]LogConfig: Setting CVar [[r.SceneColorFringeQuality:1]]
[2019.10.26-10.32.56:803][  0]LogConfig: Setting CVar [[r.EyeAdaptationQuality:2]]
[2019.10.26-10.32.56:803][  0]LogConfig: Setting CVar [[r.BloomQuality:5]]
[2019.10.26-10.32.56:803][  0]LogConfig: Setting CVar [[r.FastBlurThreshold:100]]
[2019.10.26-10.32.56:803][  0]LogConfig: Setting CVar [[r.Upscale.Quality:3]]
[2019.10.26-10.32.56:803][  0]LogConfig: Setting CVar [[r.Tonemapper.GrainQuantization:1]]
[2019.10.26-10.32.56:803][  0]LogConfig: Setting CVar [[r.LightShaftQuality:1]]
[2019.10.26-10.32.56:803][  0]LogConfig: Setting CVar [[r.Filter.SizeScale:1]]
[2019.10.26-10.32.56:803][  0]LogConfig: Setting CVar [[r.Tonemapper.Quality:5]]
[2019.10.26-10.32.56:803][  0]LogConfig: Setting CVar [[r.DOF.Gather.AccumulatorQuality:1        ; higher gathering accumulator quality]]
[2019.10.26-10.32.56:803][  0]LogConfig: Setting CVar [[r.DOF.Gather.PostfilterMethod:1          ; Median3x3 postfilering method]]
[2019.10.26-10.32.56:803][  0]LogConfig: Setting CVar [[r.DOF.Gather.EnableBokehSettings:0       ; no bokeh simulation when gathering]]
[2019.10.26-10.32.56:803][  0]LogConfig: Setting CVar [[r.DOF.Gather.RingCount:4                 ; medium number of samples when gathering]]
[2019.10.26-10.32.56:803][  0]LogConfig: Setting CVar [[r.DOF.Scatter.ForegroundCompositing:1    ; additive foreground scattering]]
[2019.10.26-10.32.56:803][  0]LogConfig: Setting CVar [[r.DOF.Scatter.BackgroundCompositing:2    ; additive background scattering]]
[2019.10.26-10.32.56:803][  0]LogConfig: Setting CVar [[r.DOF.Scatter.EnableBokehSettings:1      ; bokeh simulation when scattering]]
[2019.10.26-10.32.56:803][  0]LogConfig: Setting CVar [[r.DOF.Scatter.MaxSpriteRatio:0.1         ; only a maximum of 10% of scattered bokeh]]
[2019.10.26-10.32.56:803][  0]LogConfig: Setting CVar [[r.DOF.Recombine.Quality:1                ; cheap slight out of focus]]
[2019.10.26-10.32.56:803][  0]LogConfig: Setting CVar [[r.DOF.Recombine.EnableBokehSettings:0    ; no bokeh simulation on slight out of focus]]
[2019.10.26-10.32.56:803][  0]LogConfig: Setting CVar [[r.DOF.TemporalAAQuality:1                ; more stable temporal accumulation]]
[2019.10.26-10.32.56:804][  0]LogConfig: Setting CVar [[r.DOF.Kernel.MaxForegroundRadius:0.025]]
[2019.10.26-10.32.56:804][  0]LogConfig: Setting CVar [[r.DOF.Kernel.MaxBackgroundRadius:0.025]]
[2019.10.26-10.32.56:804][  0]LogConfig: Applying CVar settings from Section [TextureQuality@3] File [C:/Users/zacka/Desktop/EasyQuest/RPGGame 4.23/Saved/Config/Windows/Scalability.ini]
[2019.10.26-10.32.56:804][  0]LogConfig: Setting CVar [[r.Streaming.MipBias:0]]
[2019.10.26-10.32.56:804][  0]LogConfig: Setting CVar [[r.Streaming.AmortizeCPUToGPUCopy:0]]
[2019.10.26-10.32.56:804][  0]LogConfig: Setting CVar [[r.Streaming.MaxNumTexturesToStreamPerFrame:0]]
[2019.10.26-10.32.56:804][  0]LogConfig: Setting CVar [[r.Streaming.Boost:1]]
[2019.10.26-10.32.56:804][  0]LogConfig: Setting CVar [[r.MaxAnisotropy:8]]
[2019.10.26-10.32.56:804][  0]LogConfig: Setting CVar [[r.Streaming.LimitPoolSizeToVRAM:0]]
[2019.10.26-10.32.56:804][  0]LogConfig: Setting CVar [[r.Streaming.PoolSize:1000]]
[2019.10.26-10.32.56:804][  0]LogConfig: Setting CVar [[r.Streaming.MaxEffectiveScreenSize:0]]
[2019.10.26-10.32.56:804][  0]LogConfig: Applying CVar settings from Section [EffectsQuality@3] File [C:/Users/zacka/Desktop/EasyQuest/RPGGame 4.23/Saved/Config/Windows/Scalability.ini]
[2019.10.26-10.32.56:804][  0]LogConfig: Setting CVar [[r.TranslucencyLightingVolumeDim:64]]
[2019.10.26-10.32.56:804][  0]LogConfig: Setting CVar [[r.RefractionQuality:2]]
[2019.10.26-10.32.56:804][  0]LogConfig: Setting CVar [[r.SSR.Quality:3]]
[2019.10.26-10.32.56:804][  0]LogConfig: Setting CVar [[r.SceneColorFormat:4]]
[2019.10.26-10.32.56:804][  0]LogConfig: Setting CVar [[r.DetailMode:2]]
[2019.10.26-10.32.56:804][  0]LogConfig: Setting CVar [[r.TranslucencyVolumeBlur:1]]
[2019.10.26-10.32.56:804][  0]LogConfig: Setting CVar [[r.MaterialQualityLevel:1 ; High quality]]
[2019.10.26-10.32.56:804][  0]LogConfig: Setting CVar [[r.SSS.Scale:1]]
[2019.10.26-10.32.56:804][  0]LogConfig: Setting CVar [[r.SSS.SampleSet:2]]
[2019.10.26-10.32.56:804][  0]LogConfig: Setting CVar [[r.SSS.Quality:1]]
[2019.10.26-10.32.56:804][  0]LogConfig: Setting CVar [[r.SSS.HalfRes:1]]
[2019.10.26-10.32.56:804][  0]LogConfig: Setting CVar [[r.EmitterSpawnRateScale:1.0]]
[2019.10.26-10.32.56:804][  0]LogConfig: Setting CVar [[r.ParticleLightQuality:2]]
[2019.10.26-10.32.56:804][  0]LogConfig: Applying CVar settings from Section [FoliageQuality@3] File [C:/Users/zacka/Desktop/EasyQuest/RPGGame 4.23/Saved/Config/Windows/Scalability.ini]
[2019.10.26-10.32.56:804][  0]LogConfig: Setting CVar [[foliage.DensityScale:1.0]]
[2019.10.26-10.32.56:804][  0]LogConfig: Setting CVar [[grass.DensityScale:1.0]]
[2019.10.26-10.32.56:804][  0]LogConfig: Applying CVar settings from Section [Startup] File [../../../Engine/Config/ConsoleVariables.ini]
[2019.10.26-10.32.56:804][  0]LogConfig: Setting CVar [[net.UseAdaptiveNetUpdateFrequency:0]]
[2019.10.26-10.32.56:804][  0]LogConfig: Setting CVar [[p.chaos.AllowCreatePhysxBodies:1]]
[2019.10.26-10.32.56:804][  0]LogConfig: Applying CVar settings from Section [ConsoleVariables] File [C:/Users/zacka/Desktop/EasyQuest/RPGGame 4.23/Saved/Config/Windows/Engine.ini]
[2019.10.26-10.32.56:804][  0]LogInit: Computer: DESKTOP-96N3U1H
[2019.10.26-10.32.56:804][  0]LogInit: User: zacka
[2019.10.26-10.32.56:804][  0]LogInit: CPU Page size=4096, Cores=8
[2019.10.26-10.32.56:804][  0]LogInit: High frequency timer resolution =10.000000 MHz
[2019.10.26-10.32.56:805][  0]LogMemory: Memory total: Physical=15.9GB (16GB approx)
[2019.10.26-10.32.56:805][  0]LogMemory: Platform Memory Stats for Windows
[2019.10.26-10.32.56:805][  0]LogMemory: Process Physical Memory: 103.25 MB used, 103.25 MB peak
[2019.10.26-10.32.56:805][  0]LogMemory: Process Virtual Memory: 100.55 MB used, 100.55 MB peak
[2019.10.26-10.32.56:805][  0]LogMemory: Physical Memory: 7988.01 MB used,  8327.66 MB free, 16315.68 MB total
[2019.10.26-10.32.56:805][  0]LogMemory: Virtual Memory: 4687.20 MB used,  134213040.00 MB free, 134217728.00 MB total
[2019.10.26-10.32.56:810][  0]LogWindows: WindowsPlatformFeatures enabled
[2019.10.26-10.32.56:839][  0]LogInit: Using OS detected language (en-US).
[2019.10.26-10.32.56:839][  0]LogInit: Using OS detected locale (en-AU).
[2019.10.26-10.32.56:840][  0]LogTextLocalizationManager: No specific localization for 'en-US' exists, so the 'en' localization will be used.
[2019.10.26-10.32.57:000][  0]LogInit: Setting process to per monitor DPI aware
[2019.10.26-10.32.57:064][  0]LogSlate: New Slate User Created.  User Index 0, Is Virtual User: 0
[2019.10.26-10.32.57:064][  0]LogSlate: Slate User Registered.  User Index 0, Is Virtual User: 0
[2019.10.26-10.32.57:400][  0]LogHMD: Failed to initialize OpenVR with code 110
[2019.10.26-10.32.57:400][  0]LogD3D11RHI: D3D11 adapters:
[2019.10.26-10.32.57:479][  0]LogD3D11RHI:    0. 'NVIDIA GeForce GTX 1070' (Feature Level 11_0)
[2019.10.26-10.32.57:479][  0]LogD3D11RHI:       8088/0/8157 MB DedicatedVideo/DedicatedSystem/SharedSystem, Outputs:3, VendorId:0x10de
[2019.10.26-10.32.57:482][  0]LogD3D11RHI:    1. 'Microsoft Basic Render Driver' (Feature Level 11_0)
[2019.10.26-10.32.57:482][  0]LogD3D11RHI:       0/0/8157 MB DedicatedVideo/DedicatedSystem/SharedSystem, Outputs:0, VendorId:0x1414
[2019.10.26-10.32.57:482][  0]LogD3D11RHI: Chosen D3D11 Adapter: 0
[2019.10.26-10.32.57:494][  0]LogD3D11RHI: Creating new Direct3DDevice
[2019.10.26-10.32.57:494][  0]LogD3D11RHI:     GPU DeviceId: 0x1b81 (for the marketing name, search the web for "GPU Device Id")
[2019.10.26-10.32.57:494][  0]LogWindows: EnumDisplayDevices:
[2019.10.26-10.32.57:494][  0]LogWindows:    0. 'NVIDIA GeForce GTX 1070' (P:0 D:1)
[2019.10.26-10.32.57:495][  0]LogWindows:    1. 'NVIDIA GeForce GTX 1070' (P:0 D:1)
[2019.10.26-10.32.57:495][  0]LogWindows:    2. 'NVIDIA GeForce GTX 1070' (P:1 D:1)
[2019.10.26-10.32.57:495][  0]LogWindows:    3. 'NVIDIA GeForce GTX 1070' (P:0 D:0)
[2019.10.26-10.32.57:495][  0]LogWindows: DebugString: FoundDriverCount:4 
[2019.10.26-10.32.57:496][  0]LogD3D11RHI:     Adapter Name: NVIDIA GeForce GTX 1070
[2019.10.26-10.32.57:496][  0]LogD3D11RHI:   Driver Version: 440.97 (internal:26.21.14.4097, unified:440.97)
[2019.10.26-10.32.57:496][  0]LogD3D11RHI:      Driver Date: 10-16-2019
[2019.10.26-10.32.57:496][  0]LogRHI: Texture pool is 5661 MB (70% of 8088 MB)
[2019.10.26-10.32.57:545][  0]LogD3D11RHI: Async texture creation enabled
[2019.10.26-10.32.57:557][  0]LogD3D11RHI: GPU Timing Frequency: 1000.000000 (Debug: 2 1)
[2019.10.26-10.32.57:922][  0]LogTemp: Display: Module 'AllDesktopTargetPlatform' loaded TargetPlatform 'AllDesktop'
[2019.10.26-10.32.57:932][  0]LogTemp: Display: Module 'MacClientTargetPlatform' loaded TargetPlatform 'MacClient'
[2019.10.26-10.32.57:941][  0]LogTemp: Display: Module 'MacNoEditorTargetPlatform' loaded TargetPlatform 'MacNoEditor'
[2019.10.26-10.32.57:951][  0]LogTemp: Display: Module 'MacServerTargetPlatform' loaded TargetPlatform 'MacServer'
[2019.10.26-10.32.57:961][  0]LogTemp: Display: Module 'MacTargetPlatform' loaded TargetPlatform 'Mac'
[2019.10.26-10.32.57:971][  0]LogTemp: Display: Module 'WindowsClientTargetPlatform' loaded TargetPlatform 'WindowsClient'
[2019.10.26-10.32.57:981][  0]LogTemp: Display: Module 'WindowsNoEditorTargetPlatform' loaded TargetPlatform 'WindowsNoEditor'
[2019.10.26-10.32.57:991][  0]LogTemp: Display: Module 'WindowsServerTargetPlatform' loaded TargetPlatform 'WindowsServer'
[2019.10.26-10.32.57:995][  0]LogTemp: Display: Module 'WindowsTargetPlatform' loaded TargetPlatform 'Windows'
[2019.10.26-10.32.58:026][  0]LogTemp: Display: Module 'AndroidTargetPlatform' loaded TargetPlatform 'Android'
[2019.10.26-10.32.58:026][  0]LogTemp: Display: Module 'AndroidTargetPlatform' loaded TargetPlatform 'Android_ASTC'
[2019.10.26-10.32.58:026][  0]LogTemp: Display: Module 'AndroidTargetPlatform' loaded TargetPlatform 'Android_ATC'
[2019.10.26-10.32.58:027][  0]LogTemp: Display: Module 'AndroidTargetPlatform' loaded TargetPlatform 'Android_DXT'
[2019.10.26-10.32.58:027][  0]LogTemp: Display: Module 'AndroidTargetPlatform' loaded TargetPlatform 'Android_ETC1'
[2019.10.26-10.32.58:027][  0]LogTemp: Display: Module 'AndroidTargetPlatform' loaded TargetPlatform 'Android_ETC1a'
[2019.10.26-10.32.58:027][  0]LogTemp: Display: Module 'AndroidTargetPlatform' loaded TargetPlatform 'Android_ETC2'
[2019.10.26-10.32.58:027][  0]LogTemp: Display: Module 'AndroidTargetPlatform' loaded TargetPlatform 'Android_PVRTC'
[2019.10.26-10.32.58:027][  0]LogTemp: Display: Module 'AndroidTargetPlatform' loaded TargetPlatform 'AndroidClient'
[2019.10.26-10.32.58:027][  0]LogTemp: Display: Module 'AndroidTargetPlatform' loaded TargetPlatform 'Android_ASTCClient'
[2019.10.26-10.32.58:027][  0]LogTemp: Display: Module 'AndroidTargetPlatform' loaded TargetPlatform 'Android_ATCClient'
[2019.10.26-10.32.58:027][  0]LogTemp: Display: Module 'AndroidTargetPlatform' loaded TargetPlatform 'Android_DXTClient'
[2019.10.26-10.32.58:027][  0]LogTemp: Display: Module 'AndroidTargetPlatform' loaded TargetPlatform 'Android_ETC1Client'
[2019.10.26-10.32.58:027][  0]LogTemp: Display: Module 'AndroidTargetPlatform' loaded TargetPlatform 'Android_ETC1aClient'
[2019.10.26-10.32.58:027][  0]LogTemp: Display: Module 'AndroidTargetPlatform' loaded TargetPlatform 'Android_ETC2Client'
[2019.10.26-10.32.58:027][  0]LogTemp: Display: Module 'AndroidTargetPlatform' loaded TargetPlatform 'Android_PVRTCClient'
[2019.10.26-10.32.58:027][  0]LogTemp: Display: Module 'AndroidTargetPlatform' loaded TargetPlatform 'Android_Multi'
[2019.10.26-10.32.58:027][  0]LogTemp: Display: Module 'AndroidTargetPlatform' loaded TargetPlatform 'Android_MultiClient'
[2019.10.26-10.32.58:029][  0]LogTemp: Display: Module 'HTML5TargetPlatform' loaded TargetPlatform 'HTML5'
[2019.10.26-10.32.58:046][  0]LogTemp: Display: Module 'IOSTargetPlatform' loaded TargetPlatform 'IOSClient'
[2019.10.26-10.32.58:046][  0]LogTemp: Display: Module 'IOSTargetPlatform' loaded TargetPlatform 'IOS'
[2019.10.26-10.32.58:061][  0]LogTemp: Display: Module 'TVOSTargetPlatform' loaded TargetPlatform 'TVOSClient'
[2019.10.26-10.32.58:061][  0]LogTemp: Display: Module 'TVOSTargetPlatform' loaded TargetPlatform 'TVOS'
[2019.10.26-10.32.58:068][  0]LogTemp: Display: Module 'LinuxClientTargetPlatform' loaded TargetPlatform 'LinuxClient'
[2019.10.26-10.32.58:076][  0]LogTemp: Display: Module 'LinuxNoEditorTargetPlatform' loaded TargetPlatform 'LinuxNoEditor'
[2019.10.26-10.32.58:083][  0]LogTemp: Display: Module 'LinuxServerTargetPlatform' loaded TargetPlatform 'LinuxServer'
[2019.10.26-10.32.58:091][  0]LogTemp: Display: Module 'LinuxTargetPlatform' loaded TargetPlatform 'Linux'
[2019.10.26-10.32.58:116][  0]LogTemp: Display: Module 'LuminTargetPlatform' loaded TargetPlatform 'Lumin'
[2019.10.26-10.32.58:116][  0]LogTemp: Display: Module 'LuminTargetPlatform' loaded TargetPlatform 'LuminClient'
[2019.10.26-10.32.58:116][  0]LogTargetPlatformManager: Display: Building Assets For Windows
[2019.10.26-10.32.58:126][  0]LogAudioDebug: Display: Lib vorbis DLL was dynamically loaded.
[2019.10.26-10.32.58:179][  0]LogShaderCompilers: Guid format shader working directory is 0 characters bigger than the processId version (C:/Users/zacka/Desktop/EasyQuest/RPGGame 4.23/Intermediate/Shaders/WorkingDirectory/18820/).
[2019.10.26-10.32.58:179][  0]LogShaderCompilers: Cleaned the shader compiler working directory 'C:/Users/zacka/AppData/Local/Temp/UnrealShaderWorkingDir/D731FA7C4D117F7D6E11E7AADED817A6/'.
[2019.10.26-10.32.58:181][  0]LogXGEController: Cleaning working directory: C:/Users/zacka/AppData/Local/Temp/UnrealXGEWorkingDir/
[2019.10.26-10.32.58:181][  0]LogXGEController: Cannot use XGE Controller as Incredibuild is not installed on this machine.
[2019.10.26-10.32.58:182][  0]LogShaderCompilers: Cannot use XGE Shader Compiler as Incredibuild is not installed on this machine.
[2019.10.26-10.32.58:182][  0]LogShaderCompilers: Display: Using Local Shader Compiler.
[2019.10.26-10.32.58:810][  0]LogDerivedDataCache: Display: Max Cache Size: 512 MB
[2019.10.26-10.32.58:854][  0]LogDerivedDataCache: Loaded boot cache 0.04s 73MB C:/Users/zacka/AppData/Local/UnrealEngine/4.23/DerivedDataCache/Boot.ddc.
[2019.10.26-10.32.58:855][  0]LogDerivedDataCache: Display: Loaded Boot cache: C:/Users/zacka/AppData/Local/UnrealEngine/4.23/DerivedDataCache/Boot.ddc
[2019.10.26-10.32.58:855][  0]LogDerivedDataCache: FDerivedDataBackendGraph:  Pak pak cache file C:/Users/zacka/Desktop/EasyQuest/RPGGame 4.23/DerivedDataCache/DDC.ddp not found, will not use a pak cache.
[2019.10.26-10.32.58:855][  0]LogDerivedDataCache: Unable to find inner node Pak for hierarchical cache Hierarchy.
[2019.10.26-10.32.58:855][  0]LogDerivedDataCache: FDerivedDataBackendGraph:  CompressedPak pak cache file C:/Users/zacka/Desktop/EasyQuest/RPGGame 4.23/DerivedDataCache/Compressed.ddp not found, will not use a pak cache.
[2019.10.26-10.32.58:855][  0]LogDerivedDataCache: Unable to find inner node CompressedPak for hierarchical cache Hierarchy.
[2019.10.26-10.32.58:866][  0]LogDerivedDataCache: Display: Pak cache opened for reading ../../../Engine/DerivedDataCache/Compressed.ddp.
[2019.10.26-10.32.58:866][  0]LogDerivedDataCache: FDerivedDataBackendGraph:  EnterprisePak pak cache file ../../../Enterprise/DerivedDataCache/Compressed.ddp not found, will not use a pak cache.
[2019.10.26-10.32.58:866][  0]LogDerivedDataCache: Unable to find inner node EnterprisePak for hierarchical cache Hierarchy.
[2019.10.26-10.32.58:867][  0]LogDerivedDataCache: Using Local data cache path C:/Users/zacka/AppData/Local/UnrealEngine/Common/DerivedDataCache: Writable
[2019.10.26-10.32.58:867][  0]LogDerivedDataCache: Shared data cache path not found in *engine.ini, will not use an Shared cache.
[2019.10.26-10.32.58:867][  0]LogDerivedDataCache: Unable to find inner node Shared for hierarchical cache Hierarchy.
[2019.10.26-10.32.58:887][  0]LogMaterial: Verifying Global Shaders for PCD3D_SM5
[2019.10.26-10.32.58:890][  0]LogSlate: Using FreeType 2.6.0
[2019.10.26-10.32.58:891][  0]LogSlate: SlateFontServices - WITH_FREETYPE: 1, WITH_HARFBUZZ: 1
[2019.10.26-10.32.58:963][  0]LogAssetRegistry: FAssetRegistry took 0.0025 seconds to start up
[2019.10.26-10.32.59:240][  0]LogInit: Selected Device Profile: [Windows]
[2019.10.26-10.32.59:296][  0]LogMeshReduction: Using QuadricMeshReduction for automatic static mesh reduction
[2019.10.26-10.32.59:296][  0]LogMeshReduction: Using SimplygonMeshReduction for automatic skeletal mesh reduction
[2019.10.26-10.32.59:296][  0]LogMeshReduction: Using ProxyLODMeshReduction for automatic mesh merging
[2019.10.26-10.32.59:296][  0]LogMeshReduction: No distributed automatic mesh merging module available
[2019.10.26-10.32.59:296][  0]LogMeshMerging: No distributed automatic mesh merging module available
[2019.10.26-10.32.59:389][  0]LogNetVersion: RPGGame 1.0.0, NetCL: 8386587, EngineNetVer: 11, GameNetVer: 0 (Checksum: 3579892519)
[2019.10.26-10.32.59:786][  0]LogPackageLocalizationCache: Processed 12 localized package path(s) for 1 prioritized culture(s) in 0.044141 seconds
[2019.10.26-10.32.59:794][  0]LogUObjectArray: 43444 objects as part of root set at end of initial load.
[2019.10.26-10.32.59:794][  0]LogUObjectAllocator: 7548648 out of 0 bytes used by permanent object pool.
[2019.10.26-10.32.59:794][  0]LogUObjectArray: CloseDisregardForGC: 0/0 objects in disregard for GC pool
[2019.10.26-10.33.00:886][  0]LogTcpMessaging: Initializing TcpMessaging bridge
[2019.10.26-10.33.00:890][  0]LogUdpMessaging: Initializing bridge on interface 0.0.0.0:0 to multicast group 230.0.0.1:6666.
[2019.10.26-10.33.00:948][  0]SourceControl: Source control is disabled
[2019.10.26-10.33.00:949][  0]LogWindows: Warning: CreateProc failed: The system cannot find the file specified. (0x00000002)
[2019.10.26-10.33.00:949][  0]LogWindows: Warning: URL: C:/Program Files/Git/bin/git.exe version
[2019.10.26-10.33.00:949][  0]LogWindows: Warning: CreateProc failed: The system cannot find the file specified. (0x00000002)
[2019.10.26-10.33.00:949][  0]LogWindows: Warning: URL: C:/Program Files (x86)/Git/bin/git.exe version
[2019.10.26-10.33.00:950][  0]LogWindows: Warning: CreateProc failed: The system cannot find the file specified. (0x00000002)
[2019.10.26-10.33.00:950][  0]LogWindows: Warning: URL: C:\Users\zacka\AppData\Local/Programs/Git/cmd/git.exe version
[2019.10.26-10.33.00:950][  0]LogWindows: Warning: CreateProc failed: The system cannot find the file specified. (0x00000002)
[2019.10.26-10.33.00:950][  0]LogWindows: Warning: URL: C:/Program Files (x86)/SmartGit/git/bin/git.exe version
[2019.10.26-10.33.00:950][  0]LogWindows: Warning: CreateProc failed: The system cannot find the file specified. (0x00000002)
[2019.10.26-10.33.00:950][  0]LogWindows: Warning: URL: C:/Program Files (x86)/SmartGit/bin/git.exe version
[2019.10.26-10.33.01:565][  0]LogAndroidPermission: UAndroidPermissionCallbackProxy::GetInstance
[2019.10.26-10.33.01:753][  0]LogOcInput: OculusInput pre-init called
[2019.10.26-10.33.01:759][  0]LogWindows: Failed to load 'OVRPlugin.dll' (GetLastError=126)
[2019.10.26-10.33.01:759][  0]LogWindows: File 'OVRPlugin.dll' does not exist
[2019.10.26-10.33.01:832][  0]LogEngine: Initializing Engine...
[2019.10.26-10.33.01:833][  0]LogHMD: Failed to initialize OpenVR with code 110
[2019.10.26-10.33.01:834][  0]LogStats: UGameplayTagsManager::InitializeManager -  0.000 s
[2019.10.26-10.33.02:048][  0]LogInit: Initializing FReadOnlyCVARCache
[2019.10.26-10.33.02:062][  0]LogAIModule: Creating AISystem for world Untitled
[2019.10.26-10.33.02:105][  0]LogInit: XAudio2 using 'Speakers (2- RIG 800HX)' : 2 channels at 48 kHz using 24 bits per sample (channel mask 0x3)
[2019.10.26-10.33.02:128][  0]LogInit: FAudioDevice initialized.
[2019.10.26-10.33.02:128][  0]LogNetVersion: Set ProjectVersion to 1.0.0.0. Version Checksum will be recalculated on next use.
[2019.10.26-10.33.02:182][  0]LogDerivedDataCache: Saved boot cache 0.05s 73MB C:/Users/zacka/AppData/Local/UnrealEngine/4.23/DerivedDataCache/Boot.ddc.
[2019.10.26-10.33.02:185][  0]LogInit: Texture streaming: Enabled
[2019.10.26-10.33.02:205][  0]LogEngineSessionManager: EngineSessionManager initialized
[2019.10.26-10.33.02:252][  0]LogInit: Transaction tracking system initialized
[2019.10.26-10.33.02:282][  0]BlueprintLog: New page: Editor Load
[2019.10.26-10.33.02:357][  0]LocalizationService: Localization service is disabled
[2019.10.26-10.33.02:585][  0]LogCook: Display: Max memory allowance for cook 16384mb min free memory 0mb
[2019.10.26-10.33.02:585][  0]LogCook: Display: Mobile HDR setting 1
[2019.10.26-10.33.02:732][  0]LogFileCache: Scanning file cache for directory 'C:/Users/zacka/Desktop/EasyQuest/RPGGame 4.23/Content/' took 0.06s
[2019.10.26-10.33.02:790][  0]Cmd: MAP LOAD FILE="C:/Users/zacka/Desktop/EasyQuest/RPGGame 4.23/Content/ThirdPersonBP/Maps/ThirdPersonExampleMap.umap" TEMPLATE=0 SHOWPROGRESS=1 FEATURELEVEL=3
[2019.10.26-10.33.02:814][  0]LogSlate: Took 0.000351 seconds to synchronously load lazily loaded font '../../../Engine/Content/Slate/Fonts/Roboto-Regular.ttf' (155K)
[2019.10.26-10.33.07:294][  0]LogSlate: Window 'Message' being destroyed
[2019.10.26-10.33.07:294][  0]LogWindowsTextInputMethodSystem: Display: IME system now deactivated.
[2019.10.26-10.33.07:308][  0]LightingResults: New page: Lighting Build
[2019.10.26-10.33.07:311][  0]LogWorld: UWorld::CleanupWorld for Untitled, bSessionEnded=true, bCleanupResources=true
[2019.10.26-10.33.07:311][  0]MapCheck: New page: Map Check
[2019.10.26-10.33.07:311][  0]LightingResults: New page: Lighting Build
[2019.10.26-10.33.07:347][  0]LogUObjectHash: Compacting FUObjectHashTables data took   1.66ms
[2019.10.26-10.33.07:349][  0]LogAIModule: Creating AISystem for world Untitled
[2019.10.26-10.33.07:352][  0]LoadErrors: New page: New Map
[2019.10.26-10.33.07:412][  0]LogWindowsTextInputMethodSystem: Display: IME system now deactivated.
[2019.10.26-10.33.07:454][  0]LogSlate: Updating window title bar state: overlay mode, drag disabled, window buttons hidden, title bar hidden
[2019.10.26-10.33.07:464][  0]LogSlate: Updating window title bar state: overlay mode, drag disabled, window buttons hidden, title bar hidden
[2019.10.26-10.33.07:473][  0]LogSlate: Updating window title bar state: overlay mode, drag disabled, window buttons hidden, title bar hidden
[2019.10.26-10.33.07:481][  0]LogSlate: Updating window title bar state: overlay mode, drag disabled, window buttons hidden, title bar hidden
[2019.10.26-10.33.07:490][  0]LogCollectionManager: Loaded 0 collections in 0.001960 seconds
[2019.10.26-10.33.07:495][  0]LogFileCache: Scanning file cache for directory 'C:/Users/zacka/Desktop/EasyQuest/RPGGame 4.23/Saved/Collections/' took 0.00s
[2019.10.26-10.33.07:495][  0]LogFileCache: Scanning file cache for directory 'C:/Users/zacka/Desktop/EasyQuest/RPGGame 4.23/Content/Developers/zacka/Collections/' took 0.00s
[2019.10.26-10.33.07:495][  0]LogFileCache: Scanning file cache for directory 'C:/Users/zacka/Desktop/EasyQuest/RPGGame 4.23/Content/Collections/' took 0.00s
[2019.10.26-10.33.07:495][  0]LogCollectionManager: Rebuilt the GUID cache for 0 collections in 0.000002 seconds
[2019.10.26-10.33.07:504][  0]LogContentBrowser: Native class hierarchy populated in 0.0087 seconds. Added 2863 classes and 680 folders.
[2019.10.26-10.33.07:510][  0]LogContentBrowser: Native class hierarchy updated for 'WidgetCarousel' in 0.0002 seconds. Added 0 classes and 0 folders.
[2019.10.26-10.33.07:613][  0]LogContentBrowser: Native class hierarchy updated for 'AddContentDialog' in 0.0002 seconds. Added 0 classes and 0 folders.
[2019.10.26-10.33.07:619][  0]LogContentBrowser: Native class hierarchy updated for 'SceneOutliner' in 0.0003 seconds. Added 1 classes and 2 folders.
[2019.10.26-10.33.07:675][  0]LogSlate: Took 0.000244 seconds to synchronously load lazily loaded font '../../../Engine/Content/Slate/Fonts/Roboto-Bold.ttf' (160K)
[2019.10.26-10.33.07:680][  0]LogSlate: Took 0.000361 seconds to synchronously load lazily loaded font '../../../Engine/Content/Editor/Slate/Fonts/FontAwesome.ttf' (139K)
[2019.10.26-10.33.07:723][  0]LogRenderer: Reallocating scene render targets to support 2108x856 Format 10 NumSamples 1 (Frame:1).
[2019.10.26-10.33.07:807][  0]LogContentBrowser: Native class hierarchy updated for 'HierarchicalLODOutliner' in 0.0002 seconds. Added 0 classes and 0 folders.
[2019.10.26-10.33.07:808][  0]LogLoad: (Engine Initialization) Total time: 13.50 seconds
[2019.10.26-10.33.07:808][  0]LogLoad: (Engine Initialization) Total Blueprint compile time: 0.00 seconds
[2019.10.26-10.33.07:863][  0]LogContentStreaming: Texture pool size now 1000 MB
[2019.10.26-10.33.07:932][  1]LogAssetRegistry: Asset discovery search completed in 8.9687 seconds
[2019.10.26-10.33.07:935][  1]LogCollectionManager: Rebuilt the object cache for 0 collections in 0.000004 seconds (found 0 objects)
[2019.10.26-10.33.07:935][  1]LogCollectionManager: Fixed up redirectors for 0 collections in 0.000062 seconds (updated 0 objects)
[2019.10.26-10.33.08:838][104]LogSlate: Took 0.000362 seconds to synchronously load lazily loaded font '../../../Engine/Content/Slate/Fonts/Roboto-Light.ttf' (167K)
[2019.10.26-10.33.09:216][148]LogSlate: FSceneViewport::OnFocusLost() reason 0
[2019.10.26-10.33.19:835][379]LogSlate: Took 0.000339 seconds to synchronously load lazily loaded font '../../../Engine/Content/Slate/Fonts/Roboto-Light.ttf' (167K)
[2019.10.26-10.33.25:209][ 23]LogSlate: Window 'Open Level' being destroyed
[2019.10.26-10.34.07:811][680]LogStaticMesh: Building static mesh Floor_400x400...
[2019.10.26-10.34.07:811][680]LogSlate: Prevented a slow task dialog from being summoned while a context menu was open
[2019.10.26-10.34.07:852][680]LogStaticMesh: Built static mesh [0.04s] /Game/StarterContent/Architecture/Floor_400x400.Floor_400x400
[2019.10.26-10.34.08:771][680]LogAIModule: Creating AISystem for world StarterMap
[2019.10.26-10.34.09:250][680]LogSlate: Prevented a slow task dialog from being summoned while a context menu was open
[2019.10.26-10.34.09:250][680]LogAssetEditorManager: Opening Asset editor for World /Game/StarterContent/Maps/StarterMap.StarterMap
[2019.10.26-10.34.09:294][680]LogUObjectHash: Compacting FUObjectHashTables data took   3.11ms
[2019.10.26-10.34.09:300][680]Cmd: MAP LOAD FILE="C:/Users/zacka/Desktop/EasyQuest/RPGGame 4.23/Content/StarterContent/Maps/StarterMap.umap" TEMPLATE=0 SHOWPROGRESS=1 FEATURELEVEL=3
[2019.10.26-10.34.09:312][680]LightingResults: New page: Lighting Build
[2019.10.26-10.34.09:313][680]LoadErrors: New page: Loading map: StarterMap.umap
[2019.10.26-10.34.09:313][680]LogWorld: UWorld::CleanupWorld for Untitled, bSessionEnded=true, bCleanupResources=true
[2019.10.26-10.34.09:313][680]MapCheck: New page: Map Check
[2019.10.26-10.34.09:313][680]LightingResults: New page: Lighting Build
[2019.10.26-10.34.09:349][680]LogUObjectHash: Compacting FUObjectHashTables data took   1.91ms
[2019.10.26-10.34.09:723][680]LogEditorServer: Finished looking for orphan Actors (0.000 secs)
[2019.10.26-10.34.09:770][680]LogUObjectHash: Compacting FUObjectHashTables data took   1.57ms
[2019.10.26-10.34.09:791][680]Cmd: MAP CHECKDEP NOCLEARLOG
[2019.10.26-10.34.09:792][680]MapCheck: Map check complete: 0 Error(s), 0 Warning(s), took 0.59ms to complete.
[2019.10.26-10.34.09:792][680]LogFileHelpers: Loading map 'StarterMap' took 0.496
[2019.10.26-10.34.14:005][ 45]LogPackageName: Warning: Asset path "FX_Meshes.UI.SM_SelectionMesh_01" is in short form, which is unsupported and -- even if valid -- resolving it will be really slow.
[2019.10.26-10.34.14:005][ 45]LogPackageName: Warning: Please consider resaving package in order to speed-up loading.
[2019.10.26-10.34.14:294][ 45]LogPackageName: SearchForPackageOnDisk took   0.289s, but failed to resolve FX_Meshes.
[2019.10.26-10.34.14:294][ 45]LogPackageName: Warning: Asset path "FX_Meshes.UI.SM_SelectionMesh_01" could not be resolved.
[2019.10.26-10.34.14:531][ 45]LogAIModule: Creating AISystem for world ThirdPersonExampleMap
[2019.10.26-10.34.14:669][ 45]LogSlate: Prevented a slow task dialog from being summoned while a context menu was open
[2019.10.26-10.34.14:669][ 45]LogAssetEditorManager: Opening Asset editor for World /Game/EasyQuest/ThirdPersonBP/Maps/ThirdPersonExampleMap.ThirdPersonExampleMap
[2019.10.26-10.34.14:710][ 45]LogUObjectHash: Compacting FUObjectHashTables data took   2.61ms
[2019.10.26-10.34.14:711][ 45]Cmd: MAP LOAD FILE="C:/Users/zacka/Desktop/EasyQuest/RPGGame 4.23/Content/EasyQuest/ThirdPersonBP/Maps/ThirdPersonExampleMap.umap" TEMPLATE=0 SHOWPROGRESS=1 FEATURELEVEL=3
[2019.10.26-10.34.14:711][ 45]LightingResults: New page: Lighting Build
[2019.10.26-10.34.14:711][ 45]LoadErrors: New page: Loading map: ThirdPersonExampleMap.umap
[2019.10.26-10.34.14:713][ 45]LogWorld: UWorld::CleanupWorld for StarterMap, bSessionEnded=true, bCleanupResources=true
[2019.10.26-10.34.14:713][ 45]MapCheck: New page: Map Check
[2019.10.26-10.34.14:713][ 45]LightingResults: New page: Lighting Build
[2019.10.26-10.34.14:752][ 45]LogUObjectHash: Compacting FUObjectHashTables data took   2.37ms
[2019.10.26-10.34.14:899][ 45]LogEditorServer: Finished looking for orphan Actors (0.000 secs)
[2019.10.26-10.34.14:934][ 45]LogUObjectHash: Compacting FUObjectHashTables data took   1.68ms
[2019.10.26-10.34.14:955][ 45]Cmd: MAP CHECKDEP NOCLEARLOG
[2019.10.26-10.34.14:955][ 45]MapCheck: Map check complete: 0 Error(s), 0 Warning(s), took 0.141ms to complete.
[2019.10.26-10.34.14:955][ 45]LogFileHelpers: Loading map 'ThirdPersonExampleMap' took 0.244
[2019.10.26-10.34.38:017][621]LogTemp: Repeating last play command: Selected Viewport
[2019.10.26-10.34.38:409][621]LogBlueprintUserMessages: Early PlayInEditor Detection: Level '/Game/EasyQuest/ThirdPersonBP/Maps/ThirdPersonExampleMap.ThirdPersonExampleMap:PersistentLevel' has LevelScriptBlueprint '/Game/EasyQuest/ThirdPersonBP/Maps/ThirdPersonExampleMap.ThirdPersonExampleMap:PersistentLevel.ThirdPersonExampleMap' with GeneratedClass '/Game/EasyQuest/ThirdPersonBP/Maps/ThirdPersonExampleMap.ThirdPersonExampleMap_C' with ClassGeneratedBy '/Game/EasyQuest/ThirdPersonBP/Maps/ThirdPersonExampleMap.ThirdPersonExampleMap:PersistentLevel.ThirdPersonExampleMap'
[2019.10.26-10.34.38:443][621]LogPlayLevel: PlayLevel: No blueprints needed recompiling
[2019.10.26-10.34.38:465][621]PIE: New page: PIE session: ThirdPersonExampleMap (27 Oct 2019 8:34:38 am)
[2019.10.26-10.34.38:485][621]LogOnline: OSS: Creating online subsystem instance for: NULL
[2019.10.26-10.34.38:497][621]LogPlayLevel: Creating play world package: /Game/EasyQuest/ThirdPersonBP/Maps/UEDPIE_0_ThirdPersonExampleMap
[2019.10.26-10.34.38:532][621]LogPlayLevel: PIE: StaticDuplicateObject took: (0.034743s)
[2019.10.26-10.34.38:537][621]LogAIModule: Creating AISystem for world ThirdPersonExampleMap
[2019.10.26-10.34.38:553][621]LogPlayLevel: PIE: World Init took: (0.021141s)
[2019.10.26-10.34.38:553][621]LogPlayLevel: PIE: Created PIE world by copying editor world from /Game/EasyQuest/ThirdPersonBP/Maps/ThirdPersonExampleMap.ThirdPersonExampleMap to /Game/EasyQuest/ThirdPersonBP/Maps/UEDPIE_0_ThirdPersonExampleMap.ThirdPersonExampleMap (0.056250s)
[2019.10.26-10.34.38:586][621]LogUObjectHash: Compacting FUObjectHashTables data took   1.50ms
[2019.10.26-10.34.38:656][621]LogInit: XAudio2 using 'Speakers (2- RIG 800HX)' : 2 channels at 48 kHz using 24 bits per sample (channel mask 0x3)
[2019.10.26-10.34.38:669][621]LogInit: FAudioDevice initialized.
[2019.10.26-10.34.38:710][621]LogLoad: Game class is 'ThirdPersonGameMode_C'
[2019.10.26-10.34.38:785][621]LogWorld: Bringing World /Game/EasyQuest/ThirdPersonBP/Maps/UEDPIE_0_ThirdPersonExampleMap.ThirdPersonExampleMap up for play (max tick rate 0) at 2019.10.26-21.34.38
[2019.10.26-10.34.38:907][621]LogWorld: Bringing up level for play took: 0.124828
[2019.10.26-10.34.38:925][621]LogOnline: OSS: Creating online subsystem instance for: :Context_6
[2019.10.26-10.34.39:005][621]LogContentBrowser: Native class hierarchy updated for 'MovieSceneCapture' in 0.0003 seconds. Added 20 classes and 0 folders.
[2019.10.26-10.34.39:045][621]PIE: Play in editor start time for /Game/EasyQuest/ThirdPersonBP/Maps/UEDPIE_0_ThirdPersonExampleMap 0.796
[2019.10.26-10.34.39:045][621]LogBlueprintUserMessages: Late PlayInEditor Detection: Level '/Game/EasyQuest/ThirdPersonBP/Maps/ThirdPersonExampleMap.ThirdPersonExampleMap:PersistentLevel' has LevelScriptBlueprint '/Game/EasyQuest/ThirdPersonBP/Maps/ThirdPersonExampleMap.ThirdPersonExampleMap:PersistentLevel.ThirdPersonExampleMap' with GeneratedClass '/Game/EasyQuest/ThirdPersonBP/Maps/ThirdPersonExampleMap.ThirdPersonExampleMap_C' with ClassGeneratedBy '/Game/EasyQuest/ThirdPersonBP/Maps/ThirdPersonExampleMap.ThirdPersonExampleMap:PersistentLevel.ThirdPersonExampleMap'
[2019.10.26-10.34.53:274][260]LogBlueprintUserMessages: Early EndPlayMap Detection: Level '/Game/EasyQuest/ThirdPersonBP/Maps/ThirdPersonExampleMap.ThirdPersonExampleMap:PersistentLevel' has LevelScriptBlueprint '/Game/EasyQuest/ThirdPersonBP/Maps/ThirdPersonExampleMap.ThirdPersonExampleMap:PersistentLevel.ThirdPersonExampleMap' with GeneratedClass '/Game/EasyQuest/ThirdPersonBP/Maps/ThirdPersonExampleMap.ThirdPersonExampleMap_C' with ClassGeneratedBy '/Game/EasyQuest/ThirdPersonBP/Maps/ThirdPersonExampleMap.ThirdPersonExampleMap:PersistentLevel.ThirdPersonExampleMap'
[2019.10.26-10.34.53:315][260]LogSlate: Updating window title bar state: overlay mode, drag disabled, window buttons hidden, title bar hidden
[2019.10.26-10.34.53:316][260]LogWorld: BeginTearingDown for /Game/EasyQuest/ThirdPersonBP/Maps/UEDPIE_0_ThirdPersonExampleMap
[2019.10.26-10.34.53:316][260]LogWorld: UWorld::CleanupWorld for ThirdPersonExampleMap, bSessionEnded=true, bCleanupResources=true
[2019.10.26-10.34.53:326][260]LogPlayLevel: Display: Shutting down PIE online subsystems
[2019.10.26-10.34.53:327][260]LogBlueprintUserMessages: Late EndPlayMap Detection: Level '/Game/EasyQuest/ThirdPersonBP/Maps/ThirdPersonExampleMap.ThirdPersonExampleMap:PersistentLevel' has LevelScriptBlueprint '/Game/EasyQuest/ThirdPersonBP/Maps/ThirdPersonExampleMap.ThirdPersonExampleMap:PersistentLevel.ThirdPersonExampleMap' with GeneratedClass '/Game/EasyQuest/ThirdPersonBP/Maps/ThirdPersonExampleMap.ThirdPersonExampleMap_C' with ClassGeneratedBy '/Game/EasyQuest/ThirdPersonBP/Maps/ThirdPersonExampleMap.ThirdPersonExampleMap:PersistentLevel.ThirdPersonExampleMap'
[2019.10.26-10.34.53:378][260]LogSlate: Updating window title bar state: overlay mode, drag disabled, window buttons hidden, title bar hidden
[2019.10.26-10.34.53:393][260]LogUObjectHash: Compacting FUObjectHashTables data took   1.77ms
[2019.10.26-10.34.53:416][261]LogPlayLevel: Display: Destroying online subsystem :Context_6
[2019.10.26-10.37.29:304][ 33]LogSlate: FSceneViewport::OnFocusLost() reason 0
[2019.10.26-10.37.45:665][821]LogSlate: Window 'Color Picker' being destroyed
[2019.10.26-10.38.11:907][  0]LogSlate: Window 'Pick Parent Class' being destroyed
[2019.10.26-10.38.22:240][145]LogAssetEditorManager: Opening Asset editor for Blueprint /Game/EasyQuest/LevelingSystem/LevelingComponent.LevelingComponent
[2019.10.26-10.38.22:872][145]LogContentBrowser: Native class hierarchy updated for 'BlueprintGraph' in 0.0006 seconds. Added 121 classes and 0 folders.
[2019.10.26-10.38.24:187][145]LogSlate: Took 0.010435 seconds to synchronously load lazily loaded font '../../../Engine/Content/Slate/Fonts/Roboto-BoldCondensed.ttf' (158K)
[2019.10.26-10.38.43:543][187]LogSlate: Took 0.375002 seconds to synchronously load lazily loaded font '../../../Engine/Content/Slate/Fonts/Roboto-BoldCondensedItalic.ttf' (160K)
[2019.10.26-10.38.59:207][879]BlueprintLog: New page: Compile LevelingComponent
[2019.10.26-10.38.59:255][879]LogUObjectHash: Compacting FUObjectHashTables data took   3.88ms
[2019.10.26-10.40.46:022][179]BlueprintLog: New page: Compile LevelingComponent
[2019.10.26-10.40.46:024][179]LogClass: Warning: Type mismatch in CurrentExperience of LevelingComponent_C - Previous (BoolProperty) Current(FloatProperty) for package:  FObjectReader
[2019.10.26-10.40.46:024][179]LogBlueprint: Warning: [Compiler LevelingComponent] Can't parse default value 'False' for  Current Experience . Property: CurrentExperience.
[2019.10.26-10.40.46:071][179]LogUObjectHash: Compacting FUObjectHashTables data took   3.43ms
[2019.10.26-10.40.58:115][274]BlueprintLog: New page: Compile LevelingComponent
[2019.10.26-10.40.58:158][274]LogUObjectHash: Compacting FUObjectHashTables data took   3.61ms
[2019.10.26-10.41.13:112][ 93]LogHttp: Warning: 00000135848FD580: invalid HTTP response code received. URL: https://datarouter.ol.epicgames.com/datarouter/api/v1/public/data?SessionID=%7B6289FCAA-463E-3CBB-C78C-2FB81DCEBBA1%7D&AppID=UEEditor.Rocket.Release&AppVersion=4.23.0-8386587%2B%2B%2BUE4%2BRelease-4.23&UserID=6e5cde954b3d281bbec372ac3482018d%7Cd0db6071d39f4b9281dcd45f00ceeda7%7C9dbebf9c-1400-4ab0-b483-d66783a60b8b&AppEnvironment=datacollector-binary&UploadType=eteventstream, HTTP code: 0, content length: -1, actual payload size: 0
[2019.10.26-10.41.13:113][ 93]LogHttp: Warning: 00000135848FD580: request failed, libcurl error: 0 (No error)
[2019.10.26-10.41.13:113][ 93]LogHttp: Warning: 00000135848FD580: libcurl info message cache 0 (Found bundle for host datarouter.ol.epicgames.com: 0x1358930ff70 [can pipeline])
[2019.10.26-10.41.13:113][ 93]LogHttp: Warning: 00000135848FD580: libcurl info message cache 1 (Re-using existing connection! (#3) with host datarouter.ol.epicgames.com)
[2019.10.26-10.41.13:113][ 93]LogHttp: Warning: 00000135848FD580: libcurl info message cache 2 (Connected to datarouter.ol.epicgames.com (18.235.42.24) port 443 (#3))
[2019.10.26-10.41.13:113][ 93]LogHttp: Warning: 00000135848FD580: libcurl info message cache 3 (We are completely uploaded and fine)
[2019.10.26-10.41.13:113][ 93]LogHttp: Warning: 00000135848FD580: libcurl info message cache 4 (TLSv1.2 (IN), TLS alert, Client hello (1):)
[2019.10.26-10.41.13:113][ 93]LogHttp: Warning: 00000135848FD580: libcurl info message cache 5 (Connection died, retrying a fresh connect)
[2019.10.26-10.41.13:113][ 93]LogHttp: Warning: 00000135848FD580: libcurl info message cache 6 (necessary data rewind wasn't possible)
[2019.10.26-10.41.13:113][ 93]LogHttp: Warning: 00000135848FD580: libcurl info message cache 7 (Closing connection 3)
[2019.10.26-10.41.13:113][ 93]LogHttp: Warning: 00000135848FD580: libcurl info message cache 8 (TLSv1.2 (OUT), TLS alert, Client hello (1):)
[2019.10.26-10.41.13:121][ 94]LogHttp: Warning: Retry exhausted on https://datarouter.ol.epicgames.com/datarouter/api/v1/public/data?SessionID=%7B6289FCAA-463E-3CBB-C78C-2FB81DCEBBA1%7D&AppID=UEEditor.Rocket.Release&AppVersion=4.23.0-8386587%2B%2B%2BUE4%2BRelease-4.23&UserID=6e5cde954b3d281bbec372ac3482018d%7Cd0db6071d39f4b9281dcd45f00ceeda7%7C9dbebf9c-1400-4ab0-b483-d66783a60b8b&AppEnvironment=datacollector-binary&UploadType=eteventstream
[2019.10.26-10.42.29:239][223]BlueprintLog: New page: Compile LevelingComponent
[2019.10.26-10.42.29:283][223]LogUObjectHash: Compacting FUObjectHashTables data took   3.53ms
[2019.10.26-10.46.21:507][621]LogSlate: Took 0.409769 seconds to synchronously load lazily loaded font '../../../Engine/Content/Slate/Fonts/Roboto-Italic.ttf' (157K)
[2019.10.26-10.46.38:827][262]BlueprintLog: New page: Compile LevelingComponent
[2019.10.26-10.46.38:878][262]LogUObjectHash: Compacting FUObjectHashTables data took   3.77ms
[2019.10.26-10.46.38:885][262]BlueprintLog: New page: Compile LevelingComponent
[2019.10.26-10.46.38:931][262]LogUObjectHash: Compacting FUObjectHashTables data took   3.25ms
[2019.10.26-10.46.56:078][907]BlueprintLog: New page: Compile LevelingComponent
[2019.10.26-10.46.56:126][907]LogUObjectHash: Compacting FUObjectHashTables data took   3.37ms
[2019.10.26-10.47.30:929][899]LogUObjectHash: Compacting FUObjectHashTables data took   3.42ms
[2019.10.26-10.47.30:929][899]LogFileHelpers: Editor autosave (incl. sublevels) for '/Game/EasyQuest/ThirdPersonBP/Maps/ThirdPersonExampleMap' took 0.039
[2019.10.26-10.47.31:298][899]OBJ SavePackage: Generating thumbnails for [0] asset(s) in package [/Game/EasyQuest/LevelingSystem/LevelingComponent] ([1] browsable assets)...
[2019.10.26-10.47.31:303][899]OBJ SavePackage: Finished generating thumbnails for package [/Game/EasyQuest/LevelingSystem/LevelingComponent]
[2019.10.26-10.47.31:412][899]LogSavePackage: Moving 'C:/Users/zacka/Desktop/EasyQuest/RPGGame 4.23/Saved/LevelingComponent_Auto155CF2F894DED08343849A5A41D04C243.tmp' to 'C:/Users/zacka/Desktop/EasyQuest/RPGGame 4.23/Saved/Autosaves/Game/EasyQuest/LevelingSystem/LevelingComponent_Auto1.uasset'
[2019.10.26-10.47.31:460][899]LogFileHelpers: Auto-saving content packages took 0.529
[2019.10.26-10.49.52:076][596]BlueprintLog: New page: Compile LevelingComponent
[2019.10.26-10.49.52:123][596]LogUObjectHash: Compacting FUObjectHashTables data took   3.74ms
[2019.10.26-10.50.38:234][261]LogAssetEditorManager: Opening Asset editor for Blueprint /Game/EasyQuest/ThirdPersonBP/Blueprints/MageCharacter/MagicCharacter.MagicCharacter
[2019.10.26-10.50.46:113][784]BlueprintLog: New page: Compile MagicCharacter
[2019.10.26-10.50.46:719][784]LogUObjectHash: Compacting FUObjectHashTables data took   3.92ms
[2019.10.26-10.52.12:260][845]LogAssetEditorManager: Opening Asset editor for WidgetBlueprint /Game/EasyQuest/QuestSystem/Quest_UI/RPGHUD.RPGHUD
[2019.10.26-10.52.39:437][369]LogAssetEditorManager: Opening Asset editor for WidgetBlueprint /Game/EasyQuest/QuestSystem/Quest_UI/XPBar_UI.XPBar_UI
[2019.10.26-10.53.34:751][698]LogSlate: Window 'Color Picker' being destroyed
[2019.10.26-10.54.21:263][798]BlueprintLog: New page: Compile XPBar_UI
[2019.10.26-10.54.22:012][798]LogUObjectHash: Compacting FUObjectHashTables data took   6.31ms
[2019.10.26-10.55.48:151][211]LogSlate: Took 0.439119 seconds to synchronously load lazily loaded font '../../../Engine/Content/Slate/Fonts/DroidSansFallback.ttf' (3848K)
[2019.10.26-10.57.10:644][556]BlueprintLog: New page: Compile XPBar_UI
[2019.10.26-10.57.10:701][556]LogUObjectHash: Compacting FUObjectHashTables data took   5.86ms
[2019.10.26-10.58.02:395][290]BlueprintLog: New page: Compile XPBar_UI
[2019.10.26-10.58.02:445][290]LogUObjectHash: Compacting FUObjectHashTables data took   4.26ms
[2019.10.26-10.58.58:876][364]BlueprintLog: New page: Compile XPBar_UI
[2019.10.26-10.58.58:927][364]LogUObjectHash: Compacting FUObjectHashTables data took   4.38ms
[2019.10.26-10.59.03:506][750]LogUObjectHash: Compacting FUObjectHashTables data took   4.37ms
[2019.10.26-10.59.04:236][750]LogSavePackage: Moving 'C:/Users/zacka/Desktop/EasyQuest/RPGGame 4.23/Saved/ThirdPersonExampleMap_Auto2B1E61EE749EACF36DB5E4790AEA749C1.tmp' to 'C:/Users/zacka/Desktop/EasyQuest/RPGGame 4.23/Saved/Autosaves/Game/EasyQuest/ThirdPersonBP/Maps/ThirdPersonExampleMap_Auto2.umap'
[2019.10.26-10.59.04:240][750]LogFileHelpers: Editor autosave (incl. sublevels) for '/Game/EasyQuest/ThirdPersonBP/Maps/ThirdPersonExampleMap' took 0.782
[2019.10.26-10.59.04:240][750]LogFileHelpers: Editor autosave (incl. sublevels) for all levels took 0.782
[2019.10.26-10.59.04:243][750]OBJ SavePackage: Generating thumbnails for [1] asset(s) in package [/Game/EasyQuest/ThirdPersonBP/Blueprints/MageCharacter/MagicCharacter] ([1] browsable assets)...
[2019.10.26-10.59.04:269][750]OBJ SavePackage:     Rendered thumbnail for [Blueprint /Game/EasyQuest/ThirdPersonBP/Blueprints/MageCharacter/MagicCharacter.MagicCharacter]
[2019.10.26-10.59.04:269][750]OBJ SavePackage: Finished generating thumbnails for package [/Game/EasyQuest/ThirdPersonBP/Blueprints/MageCharacter/MagicCharacter]
[2019.10.26-10.59.04:414][750]LogSavePackage: Moving 'C:/Users/zacka/Desktop/EasyQuest/RPGGame 4.23/Saved/MagicCharacter_Auto223F9364840BCE6216FED08BA944FAD70.tmp' to 'C:/Users/zacka/Desktop/EasyQuest/RPGGame 4.23/Saved/Autosaves/Game/EasyQuest/ThirdPersonBP/Blueprints/MageCharacter/MagicCharacter_Auto2.uasset'
[2019.10.26-10.59.04:416][750]OBJ SavePackage: Generating thumbnails for [0] asset(s) in package [/Game/EasyQuest/LevelingSystem/LevelingComponent] ([1] browsable assets)...
[2019.10.26-10.59.04:416][750]OBJ SavePackage: Finished generating thumbnails for package [/Game/EasyQuest/LevelingSystem/LevelingComponent]
[2019.10.26-10.59.04:453][750]LogSavePackage: Moving 'C:/Users/zacka/Desktop/EasyQuest/RPGGame 4.23/Saved/LevelingComponent_Auto23904E12B49DA7867210B7E9F13B18EC6.tmp' to 'C:/Users/zacka/Desktop/EasyQuest/RPGGame 4.23/Saved/Autosaves/Game/EasyQuest/LevelingSystem/LevelingComponent_Auto2.uasset'
[2019.10.26-10.59.04:457][750]OBJ SavePackage: Generating thumbnails for [0] asset(s) in package [/Game/EasyQuest/QuestSystem/Quest_UI/XPBar_UI] ([1] browsable assets)...
[2019.10.26-10.59.04:457][750]OBJ SavePackage: Finished generating thumbnails for package [/Game/EasyQuest/QuestSystem/Quest_UI/XPBar_UI]
[2019.10.26-10.59.04:472][750]LogSavePackage: Moving 'C:/Users/zacka/Desktop/EasyQuest/RPGGame 4.23/Saved/XPBar_UI_Auto2FEDCE6C344E64170D4587184C17C8509.tmp' to 'C:/Users/zacka/Desktop/EasyQuest/RPGGame 4.23/Saved/Autosaves/Game/EasyQuest/QuestSystem/Quest_UI/XPBar_UI_Auto2.uasset'
[2019.10.26-10.59.04:474][750]LogFileHelpers: Auto-saving content packages took 0.233
[2019.10.26-11.00.08:063][ 37]BlueprintLog: New page: Compile XPBar_UI
[2019.10.26-11.00.08:119][ 37]LogUObjectHash: Compacting FUObjectHashTables data took   4.45ms
[2019.10.26-11.00.53:855][668]BlueprintLog: New page: Compile XPBar_UI
[2019.10.26-11.00.53:910][668]LogUObjectHash: Compacting FUObjectHashTables data took   4.93ms
[2019.10.26-11.01.23:244][137]BlueprintLog: New page: Compile XPBar_UI
[2019.10.26-11.01.23:295][137]LogUObjectHash: Compacting FUObjectHashTables data took   4.63ms
[2019.10.26-11.01.40:177][525]BlueprintLog: New page: Compile XPBar_UI
[2019.10.26-11.01.40:233][525]LogUObjectHash: Compacting FUObjectHashTables data took   4.71ms
[2019.10.26-11.01.40:421][539]BlueprintLog: New page: Compile XPBar_UI
[2019.10.26-11.01.40:473][539]LogUObjectHash: Compacting FUObjectHashTables data took   4.53ms
[2019.10.26-11.01.43:506][827]LogHttp: Warning: 000001360D126480: invalid HTTP response code received. URL: https://datarouter.ol.epicgames.com/datarouter/api/v1/public/data?SessionID=%7B6289FCAA-463E-3CBB-C78C-2FB81DCEBBA1%7D&AppID=UEEditor.Rocket.Release&AppVersion=4.23.0-8386587%2B%2B%2BUE4%2BRelease-4.23&UserID=6e5cde954b3d281bbec372ac3482018d%7Cd0db6071d39f4b9281dcd45f00ceeda7%7C9dbebf9c-1400-4ab0-b483-d66783a60b8b&AppEnvironment=datacollector-binary&UploadType=eteventstream, HTTP code: 0, content length: -1, actual payload size: 0
[2019.10.26-11.01.43:506][827]LogHttp: Warning: 000001360D126480: request failed, libcurl error: 0 (No error)
[2019.10.26-11.01.43:506][827]LogHttp: Warning: 000001360D126480: libcurl info message cache 0 (Found bundle for host datarouter.ol.epicgames.com: 0x1358930ff70 [can pipeline])
[2019.10.26-11.01.43:506][827]LogHttp: Warning: 000001360D126480: libcurl info message cache 1 (Re-using existing connection! (#12) with host datarouter.ol.epicgames.com)
[2019.10.26-11.01.43:506][827]LogHttp: Warning: 000001360D126480: libcurl info message cache 2 (Connected to datarouter.ol.epicgames.com (34.235.212.28) port 443 (#12))
[2019.10.26-11.01.43:506][827]LogHttp: Warning: 000001360D126480: libcurl info message cache 3 (We are completely uploaded and fine)
[2019.10.26-11.01.43:506][827]LogHttp: Warning: 000001360D126480: libcurl info message cache 4 (TLSv1.2 (IN), TLS alert, Client hello (1):)
[2019.10.26-11.01.43:507][827]LogHttp: Warning: 000001360D126480: libcurl info message cache 5 (Connection died, retrying a fresh connect)
[2019.10.26-11.01.43:507][827]LogHttp: Warning: 000001360D126480: libcurl info message cache 6 (necessary data rewind wasn't possible)
[2019.10.26-11.01.43:507][827]LogHttp: Warning: 000001360D126480: libcurl info message cache 7 (Closing connection 12)
[2019.10.26-11.01.43:507][827]LogHttp: Warning: 000001360D126480: libcurl info message cache 8 (TLSv1.2 (OUT), TLS alert, Client hello (1):)
[2019.10.26-11.01.43:516][828]LogHttp: Warning: Retry exhausted on https://datarouter.ol.epicgames.com/datarouter/api/v1/public/data?SessionID=%7B6289FCAA-463E-3CBB-C78C-2FB81DCEBBA1%7D&AppID=UEEditor.Rocket.Release&AppVersion=4.23.0-8386587%2B%2B%2BUE4%2BRelease-4.23&UserID=6e5cde954b3d281bbec372ac3482018d%7Cd0db6071d39f4b9281dcd45f00ceeda7%7C9dbebf9c-1400-4ab0-b483-d66783a60b8b&AppEnvironment=datacollector-binary&UploadType=eteventstream
[2019.10.26-11.01.49:449][196]BlueprintLog: New page: Compile XPBar_UI
[2019.10.26-11.01.49:504][196]LogUObjectHash: Compacting FUObjectHashTables data took   4.59ms
[2019.10.26-11.02.28:573][424]BlueprintLog: New page: Compile MagicCharacter
[2019.10.26-11.02.28:953][424]LogUObjectHash: Compacting FUObjectHashTables data took   5.42ms
[2019.10.26-11.02.49:713][722]LogSlate: Prevented a slow task dialog from being summoned while a context menu was open
[2019.10.26-11.03.18:287][621]BlueprintLog: New page: Compile MagicCharacter
[2019.10.26-11.03.18:655][621]LogUObjectHash: Compacting FUObjectHashTables data took   5.14ms
[2019.10.26-11.04.13:042][538]BlueprintLog: New page: Compile LevelingComponent
[2019.10.26-11.04.13:776][538]LogUObjectHash: Compacting FUObjectHashTables data took   5.21ms
[2019.10.26-11.04.27:666][835]LogTemp: Repeating last play command: Selected Viewport
[2019.10.26-11.04.27:694][835]LogBlueprintUserMessages: Early PlayInEditor Detection: Level '/Game/EasyQuest/ThirdPersonBP/Maps/ThirdPersonExampleMap.ThirdPersonExampleMap:PersistentLevel' has LevelScriptBlueprint '/Game/EasyQuest/ThirdPersonBP/Maps/ThirdPersonExampleMap.ThirdPersonExampleMap:PersistentLevel.ThirdPersonExampleMap' with GeneratedClass '/Game/EasyQuest/ThirdPersonBP/Maps/ThirdPersonExampleMap.ThirdPersonExampleMap_C' with ClassGeneratedBy '/Game/EasyQuest/ThirdPersonBP/Maps/ThirdPersonExampleMap.ThirdPersonExampleMap:PersistentLevel.ThirdPersonExampleMap'
[2019.10.26-11.04.27:694][835]BlueprintLog: New page: Pre-Play auto-recompile
[2019.10.26-11.04.27:704][835]LogPlayLevel: [PlayLevel] Compiling RPGHUD before play...
[2019.10.26-11.04.28:080][835]LogUObjectHash: Compacting FUObjectHashTables data took   4.91ms
[2019.10.26-11.04.28:080][835]LogPlayLevel: PlayLevel: Blueprint regeneration took 386 ms (1 blueprints)
[2019.10.26-11.04.28:080][835]PIE: New page: PIE session: ThirdPersonExampleMap (27 Oct 2019 9:04:28 am)
[2019.10.26-11.04.28:080][835]LogPlayLevel: Creating play world package: /Game/EasyQuest/ThirdPersonBP/Maps/UEDPIE_0_ThirdPersonExampleMap
[2019.10.26-11.04.28:091][835]LogPlayLevel: PIE: StaticDuplicateObject took: (0.010985s)
[2019.10.26-11.04.28:092][835]LogAIModule: Creating AISystem for world ThirdPersonExampleMap
[2019.10.26-11.04.28:092][835]LogPlayLevel: PIE: World Init took: (0.001131s)
[2019.10.26-11.04.28:092][835]LogPlayLevel: PIE: Created PIE world by copying editor world from /Game/EasyQuest/ThirdPersonBP/Maps/ThirdPersonExampleMap.ThirdPersonExampleMap to /Game/EasyQuest/ThirdPersonBP/Maps/UEDPIE_0_ThirdPersonExampleMap.ThirdPersonExampleMap (0.012293s)
[2019.10.26-11.04.28:139][835]LogUObjectHash: Compacting FUObjectHashTables data took   3.33ms
[2019.10.26-11.04.28:567][835]LogInit: XAudio2 using 'Speakers (2- RIG 800HX)' : 2 channels at 48 kHz using 24 bits per sample (channel mask 0x3)
[2019.10.26-11.04.28:581][835]LogInit: FAudioDevice initialized.
[2019.10.26-11.04.28:593][835]LogLoad: Game class is 'ThirdPersonGameMode_C'
[2019.10.26-11.04.28:597][835]LogWorld: Bringing World /Game/EasyQuest/ThirdPersonBP/Maps/UEDPIE_0_ThirdPersonExampleMap.ThirdPersonExampleMap up for play (max tick rate 0) at 2019.10.26-22.04.28
[2019.10.26-11.04.28:598][835]LogWorld: Bringing up level for play took: 0.004714
[2019.10.26-11.04.28:598][835]LogOnline: OSS: Creating online subsystem instance for: :Context_20
[2019.10.26-11.04.28:637][835]PIE: Play in editor start time for /Game/EasyQuest/ThirdPersonBP/Maps/UEDPIE_0_ThirdPersonExampleMap 0.388
[2019.10.26-11.04.28:638][835]LogBlueprintUserMessages: Late PlayInEditor Detection: Level '/Game/EasyQuest/ThirdPersonBP/Maps/ThirdPersonExampleMap.ThirdPersonExampleMap:PersistentLevel' has LevelScriptBlueprint '/Game/EasyQuest/ThirdPersonBP/Maps/ThirdPersonExampleMap.ThirdPersonExampleMap:PersistentLevel.ThirdPersonExampleMap' with GeneratedClass '/Game/EasyQuest/ThirdPersonBP/Maps/ThirdPersonExampleMap.ThirdPersonExampleMap_C' with ClassGeneratedBy '/Game/EasyQuest/ThirdPersonBP/Maps/ThirdPersonExampleMap.ThirdPersonExampleMap:PersistentLevel.ThirdPersonExampleMap'
[2019.10.26-11.04.31:705][192]LogBlueprintUserMessages: Early EndPlayMap Detection: Level '/Game/EasyQuest/ThirdPersonBP/Maps/ThirdPersonExampleMap.ThirdPersonExampleMap:PersistentLevel' has LevelScriptBlueprint '/Game/EasyQuest/ThirdPersonBP/Maps/ThirdPersonExampleMap.ThirdPersonExampleMap:PersistentLevel.ThirdPersonExampleMap' with GeneratedClass '/Game/EasyQuest/ThirdPersonBP/Maps/ThirdPersonExampleMap.ThirdPersonExampleMap_C' with ClassGeneratedBy '/Game/EasyQuest/ThirdPersonBP/Maps/ThirdPersonExampleMap.ThirdPersonExampleMap:PersistentLevel.ThirdPersonExampleMap'
[2019.10.26-11.04.31:705][192]LogSlate: Updating window title bar state: overlay mode, drag disabled, window buttons hidden, title bar hidden
[2019.10.26-11.04.31:705][192]LogWorld: BeginTearingDown for /Game/EasyQuest/ThirdPersonBP/Maps/UEDPIE_0_ThirdPersonExampleMap
[2019.10.26-11.04.31:706][192]LogWorld: UWorld::CleanupWorld for ThirdPersonExampleMap, bSessionEnded=true, bCleanupResources=true
[2019.10.26-11.04.31:715][192]LogPlayLevel: Display: Shutting down PIE online subsystems
[2019.10.26-11.04.31:715][192]LogBlueprintUserMessages: Late EndPlayMap Detection: Level '/Game/EasyQuest/ThirdPersonBP/Maps/ThirdPersonExampleMap.ThirdPersonExampleMap:PersistentLevel' has LevelScriptBlueprint '/Game/EasyQuest/ThirdPersonBP/Maps/ThirdPersonExampleMap.ThirdPersonExampleMap:PersistentLevel.ThirdPersonExampleMap' with GeneratedClass '/Game/EasyQuest/ThirdPersonBP/Maps/ThirdPersonExampleMap.ThirdPersonExampleMap_C' with ClassGeneratedBy '/Game/EasyQuest/ThirdPersonBP/Maps/ThirdPersonExampleMap.ThirdPersonExampleMap:PersistentLevel.ThirdPersonExampleMap'
[2019.10.26-11.04.31:762][192]LogSlate: Updating window title bar state: overlay mode, drag disabled, window buttons hidden, title bar hidden
[2019.10.26-11.04.31:768][192]LogUObjectHash: Compacting FUObjectHashTables data took   3.19ms
[2019.10.26-11.04.31:848][194]LogPlayLevel: Display: Destroying online subsystem :Context_20
[2019.10.26-11.04.36:003][541]LogSlate: FSceneViewport::OnFocusLost() reason 0
[2019.10.26-11.05.44:156][244]LogTemp: Repeating last play command: Selected Viewport
[2019.10.26-11.05.44:185][244]LogBlueprintUserMessages: Early PlayInEditor Detection: Level '/Game/EasyQuest/ThirdPersonBP/Maps/ThirdPersonExampleMap.ThirdPersonExampleMap:PersistentLevel' has LevelScriptBlueprint '/Game/EasyQuest/ThirdPersonBP/Maps/ThirdPersonExampleMap.ThirdPersonExampleMap:PersistentLevel.ThirdPersonExampleMap' with GeneratedClass '/Game/EasyQuest/ThirdPersonBP/Maps/ThirdPersonExampleMap.ThirdPersonExampleMap_C' with ClassGeneratedBy '/Game/EasyQuest/ThirdPersonBP/Maps/ThirdPersonExampleMap.ThirdPersonExampleMap:PersistentLevel.ThirdPersonExampleMap'
[2019.10.26-11.05.44:185][244]LogPlayLevel: PlayLevel: No blueprints needed recompiling
[2019.10.26-11.05.44:185][244]PIE: New page: PIE session: ThirdPersonExampleMap (27 Oct 2019 9:05:44 am)
[2019.10.26-11.05.44:185][244]LogPlayLevel: Creating play world package: /Game/EasyQuest/ThirdPersonBP/Maps/UEDPIE_0_ThirdPersonExampleMap
[2019.10.26-11.05.44:195][244]LogPlayLevel: PIE: StaticDuplicateObject took: (0.010257s)
[2019.10.26-11.05.44:196][244]LogAIModule: Creating AISystem for world ThirdPersonExampleMap
[2019.10.26-11.05.44:197][244]LogPlayLevel: PIE: World Init took: (0.001127s)
[2019.10.26-11.05.44:197][244]LogPlayLevel: PIE: Created PIE world by copying editor world from /Game/EasyQuest/ThirdPersonBP/Maps/ThirdPersonExampleMap.ThirdPersonExampleMap to /Game/EasyQuest/ThirdPersonBP/Maps/UEDPIE_0_ThirdPersonExampleMap.ThirdPersonExampleMap (0.011574s)
[2019.10.26-11.05.44:247][244]LogUObjectHash: Compacting FUObjectHashTables data took   3.53ms
[2019.10.26-11.05.44:286][244]LogInit: XAudio2 using 'Speakers (2- RIG 800HX)' : 2 channels at 48 kHz using 24 bits per sample (channel mask 0x3)
[2019.10.26-11.05.44:300][244]LogInit: FAudioDevice initialized.
[2019.10.26-11.05.44:308][244]LogLoad: Game class is 'ThirdPersonGameMode_C'
[2019.10.26-11.05.44:311][244]LogWorld: Bringing World /Game/EasyQuest/ThirdPersonBP/Maps/UEDPIE_0_ThirdPersonExampleMap.ThirdPersonExampleMap up for play (max tick rate 0) at 2019.10.26-22.05.44
[2019.10.26-11.05.44:313][244]LogWorld: Bringing up level for play took: 0.004691
[2019.10.26-11.05.44:313][244]LogOnline: OSS: Creating online subsystem instance for: :Context_21
[2019.10.26-11.05.44:320][244]PIE: Play in editor start time for /Game/EasyQuest/ThirdPersonBP/Maps/UEDPIE_0_ThirdPersonExampleMap 0.071
[2019.10.26-11.05.44:321][244]LogBlueprintUserMessages: Late PlayInEditor Detection: Level '/Game/EasyQuest/ThirdPersonBP/Maps/ThirdPersonExampleMap.ThirdPersonExampleMap:PersistentLevel' has LevelScriptBlueprint '/Game/EasyQuest/ThirdPersonBP/Maps/ThirdPersonExampleMap.ThirdPersonExampleMap:PersistentLevel.ThirdPersonExampleMap' with GeneratedClass '/Game/EasyQuest/ThirdPersonBP/Maps/ThirdPersonExampleMap.ThirdPersonExampleMap_C' with ClassGeneratedBy '/Game/EasyQuest/ThirdPersonBP/Maps/ThirdPersonExampleMap.ThirdPersonExampleMap:PersistentLevel.ThirdPersonExampleMap'
[2019.10.26-11.05.47:529][623]LogBlueprintUserMessages: Early EndPlayMap Detection: Level '/Game/EasyQuest/ThirdPersonBP/Maps/ThirdPersonExampleMap.ThirdPersonExampleMap:PersistentLevel' has LevelScriptBlueprint '/Game/EasyQuest/ThirdPersonBP/Maps/ThirdPersonExampleMap.ThirdPersonExampleMap:PersistentLevel.ThirdPersonExampleMap' with GeneratedClass '/Game/EasyQuest/ThirdPersonBP/Maps/ThirdPersonExampleMap.ThirdPersonExampleMap_C' with ClassGeneratedBy '/Game/EasyQuest/ThirdPersonBP/Maps/ThirdPersonExampleMap.ThirdPersonExampleMap:PersistentLevel.ThirdPersonExampleMap'
[2019.10.26-11.05.47:529][623]LogSlate: Updating window title bar state: overlay mode, drag disabled, window buttons hidden, title bar hidden
[2019.10.26-11.05.47:529][623]LogWorld: BeginTearingDown for /Game/EasyQuest/ThirdPersonBP/Maps/UEDPIE_0_ThirdPersonExampleMap
[2019.10.26-11.05.47:529][623]LogWorld: UWorld::CleanupWorld for ThirdPersonExampleMap, bSessionEnded=true, bCleanupResources=true
[2019.10.26-11.05.47:540][623]LogPlayLevel: Display: Shutting down PIE online subsystems
[2019.10.26-11.05.47:540][623]LogBlueprintUserMessages: Late EndPlayMap Detection: Level '/Game/EasyQuest/ThirdPersonBP/Maps/ThirdPersonExampleMap.ThirdPersonExampleMap:PersistentLevel' has LevelScriptBlueprint '/Game/EasyQuest/ThirdPersonBP/Maps/ThirdPersonExampleMap.ThirdPersonExampleMap:PersistentLevel.ThirdPersonExampleMap' with GeneratedClass '/Game/EasyQuest/ThirdPersonBP/Maps/ThirdPersonExampleMap.ThirdPersonExampleMap_C' with ClassGeneratedBy '/Game/EasyQuest/ThirdPersonBP/Maps/ThirdPersonExampleMap.ThirdPersonExampleMap:PersistentLevel.ThirdPersonExampleMap'
[2019.10.26-11.05.47:593][623]LogSlate: Updating window title bar state: overlay mode, drag disabled, window buttons hidden, title bar hidden
[2019.10.26-11.05.47:597][623]LogUObjectHash: Compacting FUObjectHashTables data took   3.31ms
[2019.10.26-11.05.47:654][625]LogPlayLevel: Display: Destroying online subsystem :Context_21
[2019.10.26-11.05.50:303][927]LogSlate: FSceneViewport::OnFocusLost() reason 0
[2019.10.26-11.05.52:452][ 47]Cmd: OBJ SAVEPACKAGE PACKAGE="/Game/EasyQuest/QuestSystem/Quest_UI/RPGHUD" FILE="C:/Users/zacka/Desktop/EasyQuest/RPGGame 4.23/Content/EasyQuest/QuestSystem/Quest_UI/RPGHUD.uasset" SILENT=true
[2019.10.26-11.05.52:504][ 47]LogSavePackage: Moving 'C:/Users/zacka/Desktop/EasyQuest/RPGGame 4.23/Saved/RPGHUDC89E2F2E4513E8441E87D498772C8A13.tmp' to 'C:/Users/zacka/Desktop/EasyQuest/RPGGame 4.23/Content/EasyQuest/QuestSystem/Quest_UI/RPGHUD.uasset'
[2019.10.26-11.05.53:482][110]Cmd: OBJ SAVEPACKAGE PACKAGE="/Game/EasyQuest/QuestSystem/Quest_UI/XPBar_UI" FILE="C:/Users/zacka/Desktop/EasyQuest/RPGGame 4.23/Content/EasyQuest/QuestSystem/Quest_UI/XPBar_UI.uasset" SILENT=true
[2019.10.26-11.05.53:515][110]LogSavePackage: Moving 'C:/Users/zacka/Desktop/EasyQuest/RPGGame 4.23/Saved/XPBar_UIBFB9ACA24D358430348EDEB86BA8876F.tmp' to 'C:/Users/zacka/Desktop/EasyQuest/RPGGame 4.23/Content/EasyQuest/QuestSystem/Quest_UI/XPBar_UI.uasset'
[2019.10.26-11.06.02:676][717]LogEditorTransaction: Undo Resize Widget
[2019.10.26-11.06.30:488][539]BlueprintLog: New page: Compile RPGHUD
[2019.10.26-11.06.30:556][539]LogUObjectHash: Compacting FUObjectHashTables data took   4.65ms
[2019.10.26-11.06.33:771][699]LogTemp: Repeating last play command: Selected Viewport
[2019.10.26-11.06.33:796][699]LogBlueprintUserMessages: Early PlayInEditor Detection: Level '/Game/EasyQuest/ThirdPersonBP/Maps/ThirdPersonExampleMap.ThirdPersonExampleMap:PersistentLevel' has LevelScriptBlueprint '/Game/EasyQuest/ThirdPersonBP/Maps/ThirdPersonExampleMap.ThirdPersonExampleMap:PersistentLevel.ThirdPersonExampleMap' with GeneratedClass '/Game/EasyQuest/ThirdPersonBP/Maps/ThirdPersonExampleMap.ThirdPersonExampleMap_C' with ClassGeneratedBy '/Game/EasyQuest/ThirdPersonBP/Maps/ThirdPersonExampleMap.ThirdPersonExampleMap:PersistentLevel.ThirdPersonExampleMap'
[2019.10.26-11.06.33:796][699]LogPlayLevel: PlayLevel: No blueprints needed recompiling
[2019.10.26-11.06.33:797][699]PIE: New page: PIE session: ThirdPersonExampleMap (27 Oct 2019 9:06:33 am)
[2019.10.26-11.06.33:797][699]LogPlayLevel: Creating play world package: /Game/EasyQuest/ThirdPersonBP/Maps/UEDPIE_0_ThirdPersonExampleMap
[2019.10.26-11.06.33:807][699]LogPlayLevel: PIE: StaticDuplicateObject took: (0.010720s)
[2019.10.26-11.06.33:808][699]LogAIModule: Creating AISystem for world ThirdPersonExampleMap
[2019.10.26-11.06.33:809][699]LogPlayLevel: PIE: World Init took: (0.001078s)
[2019.10.26-11.06.33:809][699]LogPlayLevel: PIE: Created PIE world by copying editor world from /Game/EasyQuest/ThirdPersonBP/Maps/ThirdPersonExampleMap.ThirdPersonExampleMap to /Game/EasyQuest/ThirdPersonBP/Maps/UEDPIE_0_ThirdPersonExampleMap.ThirdPersonExampleMap (0.012047s)
[2019.10.26-11.06.33:855][699]LogUObjectHash: Compacting FUObjectHashTables data took   4.76ms
[2019.10.26-11.06.33:890][699]LogInit: XAudio2 using 'Speakers (2- RIG 800HX)' : 2 channels at 48 kHz using 24 bits per sample (channel mask 0x3)
[2019.10.26-11.06.33:903][699]LogInit: FAudioDevice initialized.
[2019.10.26-11.06.33:908][699]LogLoad: Game class is 'ThirdPersonGameMode_C'
[2019.10.26-11.06.33:912][699]LogWorld: Bringing World /Game/EasyQuest/ThirdPersonBP/Maps/UEDPIE_0_ThirdPersonExampleMap.ThirdPersonExampleMap up for play (max tick rate 0) at 2019.10.26-22.06.33
[2019.10.26-11.06.33:913][699]LogWorld: Bringing up level for play took: 0.004886
[2019.10.26-11.06.33:913][699]LogOnline: OSS: Creating online subsystem instance for: :Context_22
[2019.10.26-11.06.33:920][699]PIE: Play in editor start time for /Game/EasyQuest/ThirdPersonBP/Maps/UEDPIE_0_ThirdPersonExampleMap -0.329
[2019.10.26-11.06.33:920][699]LogBlueprintUserMessages: Late PlayInEditor Detection: Level '/Game/EasyQuest/ThirdPersonBP/Maps/ThirdPersonExampleMap.ThirdPersonExampleMap:PersistentLevel' has LevelScriptBlueprint '/Game/EasyQuest/ThirdPersonBP/Maps/ThirdPersonExampleMap.ThirdPersonExampleMap:PersistentLevel.ThirdPersonExampleMap' with GeneratedClass '/Game/EasyQuest/ThirdPersonBP/Maps/ThirdPersonExampleMap.ThirdPersonExampleMap_C' with ClassGeneratedBy '/Game/EasyQuest/ThirdPersonBP/Maps/ThirdPersonExampleMap.ThirdPersonExampleMap:PersistentLevel.ThirdPersonExampleMap'
[2019.10.26-11.06.35:913][841]LogBlueprintUserMessages: Early EndPlayMap Detection: Level '/Game/EasyQuest/ThirdPersonBP/Maps/ThirdPersonExampleMap.ThirdPersonExampleMap:PersistentLevel' has LevelScriptBlueprint '/Game/EasyQuest/ThirdPersonBP/Maps/ThirdPersonExampleMap.ThirdPersonExampleMap:PersistentLevel.ThirdPersonExampleMap' with GeneratedClass '/Game/EasyQuest/ThirdPersonBP/Maps/ThirdPersonExampleMap.ThirdPersonExampleMap_C' with ClassGeneratedBy '/Game/EasyQuest/ThirdPersonBP/Maps/ThirdPersonExampleMap.ThirdPersonExampleMap:PersistentLevel.ThirdPersonExampleMap'
[2019.10.26-11.06.35:914][841]LogSlate: Updating window title bar state: overlay mode, drag disabled, window buttons hidden, title bar hidden
[2019.10.26-11.06.35:914][841]LogWorld: BeginTearingDown for /Game/EasyQuest/ThirdPersonBP/Maps/UEDPIE_0_ThirdPersonExampleMap
[2019.10.26-11.06.35:914][841]LogWorld: UWorld::CleanupWorld for ThirdPersonExampleMap, bSessionEnded=true, bCleanupResources=true
[2019.10.26-11.06.35:923][841]LogPlayLevel: Display: Shutting down PIE online subsystems
[2019.10.26-11.06.35:923][841]LogBlueprintUserMessages: Late EndPlayMap Detection: Level '/Game/EasyQuest/ThirdPersonBP/Maps/ThirdPersonExampleMap.ThirdPersonExampleMap:PersistentLevel' has LevelScriptBlueprint '/Game/EasyQuest/ThirdPersonBP/Maps/ThirdPersonExampleMap.ThirdPersonExampleMap:PersistentLevel.ThirdPersonExampleMap' with GeneratedClass '/Game/EasyQuest/ThirdPersonBP/Maps/ThirdPersonExampleMap.ThirdPersonExampleMap_C' with ClassGeneratedBy '/Game/EasyQuest/ThirdPersonBP/Maps/ThirdPersonExampleMap.ThirdPersonExampleMap:PersistentLevel.ThirdPersonExampleMap'
[2019.10.26-11.06.35:976][841]LogSlate: Updating window title bar state: overlay mode, drag disabled, window buttons hidden, title bar hidden
[2019.10.26-11.06.35:981][841]LogUObjectHash: Compacting FUObjectHashTables data took   3.49ms
[2019.10.26-11.06.36:037][843]LogPlayLevel: Display: Destroying online subsystem :Context_22
[2019.10.26-11.07.56:138][ 91]LogSlate: Prevented a slow task dialog from being summoned while a context menu was open
[2019.10.26-11.08.11:615][306]BlueprintLog: New page: Compile MagicCharacter
[2019.10.26-11.08.11:982][306]LogUObjectHash: Compacting FUObjectHashTables data took   4.32ms
[2019.10.26-11.08.12:664][343]LogTemp: Repeating last play command: Selected Viewport
[2019.10.26-11.08.12:692][343]LogBlueprintUserMessages: Early PlayInEditor Detection: Level '/Game/EasyQuest/ThirdPersonBP/Maps/ThirdPersonExampleMap.ThirdPersonExampleMap:PersistentLevel' has LevelScriptBlueprint '/Game/EasyQuest/ThirdPersonBP/Maps/ThirdPersonExampleMap.ThirdPersonExampleMap:PersistentLevel.ThirdPersonExampleMap' with GeneratedClass '/Game/EasyQuest/ThirdPersonBP/Maps/ThirdPersonExampleMap.ThirdPersonExampleMap_C' with ClassGeneratedBy '/Game/EasyQuest/ThirdPersonBP/Maps/ThirdPersonExampleMap.ThirdPersonExampleMap:PersistentLevel.ThirdPersonExampleMap'
[2019.10.26-11.08.12:692][343]BlueprintLog: New page: Pre-Play auto-recompile
[2019.10.26-11.08.12:727][343]LogPlayLevel: [PlayLevel] Compiling RPGHUD before play...
[2019.10.26-11.08.13:078][343]LogUObjectHash: Compacting FUObjectHashTables data took   4.95ms
[2019.10.26-11.08.13:078][343]LogPlayLevel: PlayLevel: Blueprint regeneration took 385 ms (1 blueprints)
[2019.10.26-11.08.13:078][343]PIE: New page: PIE session: ThirdPersonExampleMap (27 Oct 2019 9:08:13 am)
[2019.10.26-11.08.13:078][343]LogPlayLevel: Creating play world package: /Game/EasyQuest/ThirdPersonBP/Maps/UEDPIE_0_ThirdPersonExampleMap
[2019.10.26-11.08.13:092][343]LogPlayLevel: PIE: StaticDuplicateObject took: (0.013266s)
[2019.10.26-11.08.13:093][343]LogAIModule: Creating AISystem for world ThirdPersonExampleMap
[2019.10.26-11.08.13:093][343]LogPlayLevel: PIE: World Init took: (0.001208s)
[2019.10.26-11.08.13:093][343]LogPlayLevel: PIE: Created PIE world by copying editor world from /Game/EasyQuest/ThirdPersonBP/Maps/ThirdPersonExampleMap.ThirdPersonExampleMap to /Game/EasyQuest/ThirdPersonBP/Maps/UEDPIE_0_ThirdPersonExampleMap.ThirdPersonExampleMap (0.014675s)
[2019.10.26-11.08.13:140][343]LogUObjectHash: Compacting FUObjectHashTables data took   3.46ms
[2019.10.26-11.08.13:182][343]LogInit: XAudio2 using 'Speakers (2- RIG 800HX)' : 2 channels at 48 kHz using 24 bits per sample (channel mask 0x3)
[2019.10.26-11.08.13:195][343]LogInit: FAudioDevice initialized.
[2019.10.26-11.08.13:204][343]LogLoad: Game class is 'ThirdPersonGameMode_C'
[2019.10.26-11.08.13:208][343]LogWorld: Bringing World /Game/EasyQuest/ThirdPersonBP/Maps/UEDPIE_0_ThirdPersonExampleMap.ThirdPersonExampleMap up for play (max tick rate 0) at 2019.10.26-22.08.13
[2019.10.26-11.08.13:209][343]LogWorld: Bringing up level for play took: 0.004621
[2019.10.26-11.08.13:209][343]LogOnline: OSS: Creating online subsystem instance for: :Context_23
[2019.10.26-11.08.13:216][343]PIE: Play in editor start time for /Game/EasyQuest/ThirdPersonBP/Maps/UEDPIE_0_ThirdPersonExampleMap 0.966
[2019.10.26-11.08.13:216][343]LogBlueprintUserMessages: Late PlayInEditor Detection: Level '/Game/EasyQuest/ThirdPersonBP/Maps/ThirdPersonExampleMap.ThirdPersonExampleMap:PersistentLevel' has LevelScriptBlueprint '/Game/EasyQuest/ThirdPersonBP/Maps/ThirdPersonExampleMap.ThirdPersonExampleMap:PersistentLevel.ThirdPersonExampleMap' with GeneratedClass '/Game/EasyQuest/ThirdPersonBP/Maps/ThirdPersonExampleMap.ThirdPersonExampleMap_C' with ClassGeneratedBy '/Game/EasyQuest/ThirdPersonBP/Maps/ThirdPersonExampleMap.ThirdPersonExampleMap:PersistentLevel.ThirdPersonExampleMap'
[2019.10.26-11.09.59:382][150]LogBlueprintUserMessages: Early EndPlayMap Detection: Level '/Game/EasyQuest/ThirdPersonBP/Maps/ThirdPersonExampleMap.ThirdPersonExampleMap:PersistentLevel' has LevelScriptBlueprint '/Game/EasyQuest/ThirdPersonBP/Maps/ThirdPersonExampleMap.ThirdPersonExampleMap:PersistentLevel.ThirdPersonExampleMap' with GeneratedClass '/Game/EasyQuest/ThirdPersonBP/Maps/ThirdPersonExampleMap.ThirdPersonExampleMap_C' with ClassGeneratedBy '/Game/EasyQuest/ThirdPersonBP/Maps/ThirdPersonExampleMap.ThirdPersonExampleMap:PersistentLevel.ThirdPersonExampleMap'
[2019.10.26-11.09.59:382][150]LogSlate: Updating window title bar state: overlay mode, drag disabled, window buttons hidden, title bar hidden
[2019.10.26-11.09.59:383][150]LogWorld: BeginTearingDown for /Game/EasyQuest/ThirdPersonBP/Maps/UEDPIE_0_ThirdPersonExampleMap
[2019.10.26-11.09.59:383][150]LogWorld: UWorld::CleanupWorld for ThirdPersonExampleMap, bSessionEnded=true, bCleanupResources=true
[2019.10.26-11.09.59:413][150]LogPlayLevel: Display: Shutting down PIE online subsystems
[2019.10.26-11.09.59:413][150]LogBlueprintUserMessages: Late EndPlayMap Detection: Level '/Game/EasyQuest/ThirdPersonBP/Maps/ThirdPersonExampleMap.ThirdPersonExampleMap:PersistentLevel' has LevelScriptBlueprint '/Game/EasyQuest/ThirdPersonBP/Maps/ThirdPersonExampleMap.ThirdPersonExampleMap:PersistentLevel.ThirdPersonExampleMap' with GeneratedClass '/Game/EasyQuest/ThirdPersonBP/Maps/ThirdPersonExampleMap.ThirdPersonExampleMap_C' with ClassGeneratedBy '/Game/EasyQuest/ThirdPersonBP/Maps/ThirdPersonExampleMap.ThirdPersonExampleMap:PersistentLevel.ThirdPersonExampleMap'
[2019.10.26-11.09.59:463][150]LogSlate: Updating window title bar state: overlay mode, drag disabled, window buttons hidden, title bar hidden
[2019.10.26-11.09.59:467][150]LogUObjectHash: Compacting FUObjectHashTables data took   3.29ms
[2019.10.26-11.09.59:574][151]LogPlayLevel: Display: Destroying online subsystem :Context_23
[2019.10.26-11.11.01:047][490]LogUObjectHash: Compacting FUObjectHashTables data took   2.23ms
[2019.10.26-11.11.01:426][490]LogSavePackage: Moving 'C:/Users/zacka/Desktop/EasyQuest/RPGGame 4.23/Saved/ThirdPersonExampleMap_Auto3664F185D4599F0AD03C9F28D7C851250.tmp' to 'C:/Users/zacka/Desktop/EasyQuest/RPGGame 4.23/Saved/Autosaves/Game/EasyQuest/ThirdPersonBP/Maps/ThirdPersonExampleMap_Auto3.umap'
[2019.10.26-11.11.01:430][490]LogFileHelpers: Editor autosave (incl. sublevels) for '/Game/EasyQuest/ThirdPersonBP/Maps/ThirdPersonExampleMap' took 0.433
[2019.10.26-11.11.01:430][490]LogFileHelpers: Editor autosave (incl. sublevels) for all levels took 0.433
[2019.10.26-11.11.01:432][490]OBJ SavePackage: Generating thumbnails for [1] asset(s) in package [/Game/EasyQuest/ThirdPersonBP/Blueprints/MageCharacter/MagicCharacter] ([1] browsable assets)...
[2019.10.26-11.11.01:452][490]OBJ SavePackage:     Rendered thumbnail for [Blueprint /Game/EasyQuest/ThirdPersonBP/Blueprints/MageCharacter/MagicCharacter.MagicCharacter]
[2019.10.26-11.11.01:452][490]OBJ SavePackage: Finished generating thumbnails for package [/Game/EasyQuest/ThirdPersonBP/Blueprints/MageCharacter/MagicCharacter]
[2019.10.26-11.11.01:610][490]LogSavePackage: Moving 'C:/Users/zacka/Desktop/EasyQuest/RPGGame 4.23/Saved/MagicCharacter_Auto3FF27B56B480D34328A4453B5D8841B6F.tmp' to 'C:/Users/zacka/Desktop/EasyQuest/RPGGame 4.23/Saved/Autosaves/Game/EasyQuest/ThirdPersonBP/Blueprints/MageCharacter/MagicCharacter_Auto3.uasset'
[2019.10.26-11.11.01:613][490]OBJ SavePackage: Generating thumbnails for [0] asset(s) in package [/Game/EasyQuest/QuestSystem/Quest_UI/RPGHUD] ([1] browsable assets)...
[2019.10.26-11.11.01:613][490]OBJ SavePackage: Finished generating thumbnails for package [/Game/EasyQuest/QuestSystem/Quest_UI/RPGHUD]
[2019.10.26-11.11.01:667][490]LogSavePackage: Moving 'C:/Users/zacka/Desktop/EasyQuest/RPGGame 4.23/Saved/RPGHUD_Auto3BB0E0DE54F357F695FA6D9B2E6ABEC79.tmp' to 'C:/Users/zacka/Desktop/EasyQuest/RPGGame 4.23/Saved/Autosaves/Game/EasyQuest/QuestSystem/Quest_UI/RPGHUD_Auto3.uasset'
[2019.10.26-11.11.01:669][490]OBJ SavePackage: Generating thumbnails for [0] asset(s) in package [/Game/EasyQuest/LevelingSystem/LevelingComponent] ([1] browsable assets)...
[2019.10.26-11.11.01:669][490]OBJ SavePackage: Finished generating thumbnails for package [/Game/EasyQuest/LevelingSystem/LevelingComponent]
[2019.10.26-11.11.01:706][490]LogSavePackage: Moving 'C:/Users/zacka/Desktop/EasyQuest/RPGGame 4.23/Saved/LevelingComponent_Auto3DC3CB07C47515946E2D243BACBA57B3D.tmp' to 'C:/Users/zacka/Desktop/EasyQuest/RPGGame 4.23/Saved/Autosaves/Game/EasyQuest/LevelingSystem/LevelingComponent_Auto3.uasset'
[2019.10.26-11.11.01:709][490]LogFileHelpers: Auto-saving content packages took 0.277
